info|2024-03-13 21:26:12.858339|[SDK][WS][SERVICE],[NEWOBJ][WsService]=0000027BBB397E70
info|2024-03-13 21:26:12.858339|[RPCWS][SERVICE]init the local protocol,minVersion=1,maxVersion=1,module=2
info|2024-03-13 21:26:12.858339|[startThread]start the timer thread
info|2024-03-13 21:26:12.858339|[startThread]the timer thread start,threadName=timerFactory
info|2024-03-13 21:26:12.860343|[DEFAULT][WS][INITIALIZER][initWsService]start websocket service as client,connected endpoints size=1
info|2024-03-13 21:26:12.860343|[DEFAULT][WS][INITIALIZER][initWsService]initializer for websocket service,listenIP=,listenPort=0,disableSsl=false,server=false,client=true,threadPoolSize=12,maxMsgSize=33554432,msgTimeOut=-1,connected peers=1
info|2024-03-13 21:26:12.860343|[buildJsonRpc]build json rpc,sendRequestToHighestBlockNode=true
info|2024-03-13 21:26:12.860343|[bcos_sdk_create][NEWOBJ],sdk=0000027BBB1B6B50,version=FISCO BCOS C SDK Version : 3.4.0
Build Time         : 20230612 08:01:53
Build Type         : Windows/unknown/Release
Git Branch         : HEAD
Git Commit         : 8829d018c34fe8f5c8db7422aa44144d0e2b6cf8
,peers_count=1,disable_ssl=0,message_timeout_ms=-1,reconnect_period_ms=20000,heartbeat_period_ms=20000,send_rpc_request_to_highest_block_node=1
info|2024-03-13 21:26:13.415004|[DEFAULT][WS][CONNECTOR][connectToWsServer]async_connect success,endpoint=10.21.32.192:20200
info|2024-03-13 21:26:13.415004|[DEFAULT][WS][STREAM],[NEWOBJ][WsStream]=0000027BB8351FD0
info|2024-03-13 21:26:13.425005|[DEFAULT][BOOSTSSL][NODEINFO][NEW]SSLContext pubHex: 3082010a0282010100d62f5d0f383e2bb3a8444b58b0f0487cebaf6380048261442fb09169c29bd199f35a18ea7bca1b55969d73155b37c7949109dce129bd7ff4701356d3d89ab041fa109eb1bfa80fda18c4f49a1cb01c65aecc9bd7cb0708ecf299fd30751d122089a6dd77429ed9f2fb0205c99293ad43c0a367d71c937574efba25ce91eb149a785a3030c5cfdced543921ad0100bb6f3784d5889d329e420b473d049c8c86d278a49f764d07a97154cb35ac52c47c9c9c4352397863b2f7d222f7bb43df5717308bb4e1fc45175efa32002b2e6178903f312a90ab1c3849bdc1db68466e26b50685490b4092b16793f099f841eedfdbc5445c1d2990d039dc0621e42a2654650203010001
warning|2024-03-13 21:26:13.425005|[DEFAULT][BOOSTSSL][NODEINFO]Get ca basic failed
info|2024-03-13 21:26:13.425005|[DEFAULT][BOOSTSSL][NODEINFO][NEW]SSLContext pubHex: 3082010a0282010100d3db6eb1c285ddcf25ab4adceaa0fc145546f98eb23921a1a1bf80ad526b9f85c4536da970ef687603ce712ef78c109741d53123df3e9d0089396188af93b0d736cc2805b974d81cbba6ce5261526f3a6f098f8333bce2643d3c79786d36148fb05ebb1ef0d62ec7ea2b5e4c69a1493f2874c9b6a8d2eb05fafcae2a75ea6fde46c6abefcd9286b367f4976907868e8a9e24e36fab68191c17bafdb77e3af4dfed29589941965d50ee8247974c48a6e06f87bb01690985174096c34369c8be87180754103d2d727f1db88f10dc7cdc8a66452fb0e9799dd21092da65e9f68ef11afd5c63f0dde493233f3327509d9cc04b4152d233516b10386441b5ae770fa30203010001
info|2024-03-13 21:26:13.435006|[DEFAULT][WS][CONNECTOR][connectToWsServer]ssl async_handshake success,host=10.21.32.192,port=20200
info|2024-03-13 21:26:13.439003|[DEFAULT][WS][CONNECTOR][connectToWsServer]websocket handshake successfully,host=10.21.32.192,port=20200
info|2024-03-13 21:26:13.440003|[SDK][WS][SESSION],[NEWOBJ][WSSESSION]=0000027BB82BC220
info|2024-03-13 21:26:13.440003|[SDK][WS][SERVICE][newSession]start the session,endPoint=10.21.32.192:20200
info|2024-03-13 21:26:13.440003|[SDK][WS][SERVICE][addSession]map the session,endPoint=10.21.32.192:20200,result=true
info|2024-03-13 21:26:13.440003|[SDK][WS][SERVICE][onConnect],endpoint=10.21.32.192:20200,refCount=6
info|2024-03-13 21:26:13.440003|[RPCWS][SERVICE][startHandshake],endpoint=10.21.32.192:20200
info|2024-03-13 21:26:13.440003|[SDK][WS][SERVICE][start]start websocket service successfully,model=1,max msg size=33554432
info|2024-03-13 21:26:13.440003|[SDK][WS][SESSION][startAsClient]websocket handshake successfully,endPoint=10.21.32.192:20200,session=0000027BB82BC220
info|2024-03-13 21:26:13.444027|[RPCWS][SERVICE][fromJson] new group info,groupInfo=,group=group0,chain=chain0,nodeSize=1
info|2024-03-13 21:26:13.444027|[RPCWS][SERVICE][fromJson]parser protocol version,protocolVersion=1,groupInfoList size=1,groupBlockNumber size=1
info|2024-03-13 21:26:13.444027|[RPCWS][SERVICE][updateGroupInfoByEp],endPoint=10.21.32.192:20200,group=group0,chainID=chain0,genesisConfig={"blockTxCountLimit":1000,"consensusLeaderPeriod":1,"consensusType":"pbft","sealerList":[{"nodeID":"70483ec6dbcad6ad7226cb77a208f51a97986ad5a8195492f726e8707604076487450244be6158375d20fb575d0cb62a214a227e81e7f40191c217014cc4ec38","weight":1},{"nodeID":"d29f77478637b5d19d56d5e5a1f2bf8ba373692298cd062e7c1fcdb51de5830fb1b7453d07f1068ab6ba64c40b65c7461d75b41c641e71c64df71fd5f03bd257","weight":1}],"txGasLimit":3000000000}
,iniConfig=,nodesNum=1
info|2024-03-13 21:26:13.444027|[RPCWS][SERVICE][updateGroupInfo],endPoint=10.21.32.192:20200,group=group0,chainID=chain0,nodesNum=1
info|2024-03-13 21:26:13.444027|[RPCWS][SERVICE][clearGroupInfoByEp],endPoint=10.21.32.192:20200,group=group0
info|2024-03-13 21:26:13.444027|[RPCWS][SERVICE][printGroupInfo],total count=1
info|2024-03-13 21:26:13.444027|[RPCWS][SERVICE][printGroupInfo]group list,group=group0,count=1
info|2024-03-13 21:26:13.444027|[RPCWS][SERVICE][printGroupInfo]node list,group=group0,node=70483ec6dbcad6ad7226cb77a208f51a97986ad5a8195492f726e8707604076487450244be6158375d20fb575d0cb62a214a227e81e7f40191c217014cc4ec38,count=1
info|2024-03-13 21:26:13.444027|[RPCWS][SERVICE][updateGroupBlockNumber],groupID=group0,_blockNumber=392
info|2024-03-13 21:26:13.444027|[AMOP][CLIENT][updateTopicsToRemote]send subscribe message to server,endpoint=10.21.32.192:20200,topics={"topics":[]}
info|2024-03-13 21:26:13.444027|[RPCWS][SERVICE][startHandshake]handshake successfully,endPoint=10.21.32.192:20200,handshake version=1,groupInfoList size=1,groupBlockNumber size=1,handshake string={"groupBlockNumber":[{"group0":392}],"groupInfoList":[{"chainID":"chain0","genesisConfig":"{\"blockTxCountLimit\":1000,\"consensusLeaderPeriod\":1,\"consensusType\":\"pbft\",\"sealerList\":[{\"nodeID\":\"70483ec6dbcad6ad7226cb77a208f51a97986ad5a8195492f726e8707604076487450244be6158375d20fb575d0cb62a214a227e81e7f40191c217014cc4ec38\",\"weight\":1},{\"nodeID\":\"d29f77478637b5d19d56d5e5a1f2bf8ba373692298cd062e7c1fcdb51de5830fb1b7453d07f1068ab6ba64c40b65c7461d75b41c641e71c64df71fd5f03bd257\",\"weight\":1}],\"txGasLimit\":3000000000}\n","groupID":"group0","iniConfig":"","nodeList":[{"iniConfig":"{\"binaryInfo\":{\"buildTime\":\"20230616 16:54:30\",\"gitCommitHash\":\"e7fb7bb46343ebb563dfc937a2fb68e07e463c10\",\"platform\":\"Linux/g++\",\"version\":\"3.4.0\"},\"chainID\":\"chain0\",\"gatewayServiceName\":\"\",\"groupID\":\"group0\",\"isAuthCheck\":false,\"isSerialExecute\":true,\"isWasm\":false,\"nodeID\":\"70483ec6dbcad6ad7226cb77a208f51a97986ad5a8195492f726e8707604076487450244be6158375d20fb575d0cb62a214a227e81e7f40191c217014cc4ec38\",\"nodeName\":\"70483ec6dbcad6ad7226cb77a208f51a97986ad5a8195492f726e8707604076487450244be6158375d20fb575d0cb62a214a227e81e7f40191c217014cc4ec38\",\"rpcServiceName\":\"\",\"smCryptoType\":false}\n","microService":false,"name":"70483ec6dbcad6ad7226cb77a208f51a97986ad5a8195492f726e8707604076487450244be6158375d20fb575d0cb62a214a227e81e7f40191c217014cc4ec38","nodeID":"70483ec6dbcad6ad7226cb77a208f51a97986ad5a8195492f726e8707604076487450244be6158375d20fb575d0cb62a214a227e81e7f40191c217014cc4ec38","protocol":{"compatibilityVersion":50593792,"maxSupportedVersion":1,"minSupportedVersion":0},"serviceInfo":[{"serviceName":"LedgerServiceObj","type":2},{"serviceName":"SchedulerServiceObj","type":3},{"serviceName":"FrontServiceObj","type":4},{"serviceName":"","type":6},{"serviceName":"","type":7},{"serviceName":"TxPoolServiceObj","type":8}],"type":0}]}],"protocolVersion":1}
info|2024-03-13 21:26:13.541083|[RPCWS][SERVICE][waitForConnectionEstablish]wait for websocket connection handshake success,suc count=1
info|2024-03-13 21:26:13.541083|[RPC][IMPL][start]start rpc
info|2024-03-13 21:26:13.541083|[SDK][WS][SERVICE][start]websocket service is running
info|2024-03-13 21:26:13.650120|[RPCWS][SERVICE][waitForConnectionEstablish]wait for websocket connection handshake success,suc count=1
info|2024-03-13 21:26:13.650120|[AMOP][CLIENT][start]start amop
info|2024-03-13 21:26:13.650120|[SDK][WS][SERVICE][start]websocket service is running
info|2024-03-13 21:26:13.757438|[RPCWS][SERVICE][waitForConnectionEstablish]wait for websocket connection handshake success,suc count=1
info|2024-03-13 21:26:13.757438|[EVENT][SUB][start]start event sub successfully,sendMsgTimeout=-1,reconnectPeriod=20000
info|2024-03-13 21:26:13.757438|[SDK][WS][SERVICE][start]websocket service is running
info|2024-03-13 21:26:13.865014|[RPCWS][SERVICE][waitForConnectionEstablish]wait for websocket connection handshake success,suc count=1
info|2024-03-13 21:26:13.868015|[RPC][IMPL][getGroupInfo][get group info from cache],hitCache=true,response={"id":1,"jsonrpc":"2.0","result":{"chainID":"chain0","genesisConfig":"{\"blockTxCountLimit\":1000,\"consensusLeaderPeriod\":1,\"consensusType\":\"pbft\",\"sealerList\":[{\"nodeID\":\"70483ec6dbcad6ad7226cb77a208f51a97986ad5a8195492f726e8707604076487450244be6158375d20fb575d0cb62a214a227e81e7f40191c217014cc4ec38\",\"weight\":1},{\"nodeID\":\"d29f77478637b5d19d56d5e5a1f2bf8ba373692298cd062e7c1fcdb51de5830fb1b7453d07f1068ab6ba64c40b65c7461d75b41c641e71c64df71fd5f03bd257\",\"weight\":1}],\"txGasLimit\":3000000000}\n","groupID":"group0","iniConfig":"","nodeList":[{"iniConfig":"{\"binaryInfo\":{\"buildTime\":\"20230616 16:54:30\",\"gitCommitHash\":\"e7fb7bb46343ebb563dfc937a2fb68e07e463c10\",\"platform\":\"Linux/g++\",\"version\":\"3.4.0\"},\"chainID\":\"chain0\",\"gatewayServiceName\":\"\",\"groupID\":\"group0\",\"isAuthCheck\":false,\"isSerialExecute\":true,\"isWasm\":false,\"nodeID\":\"70483ec6dbcad6ad7226cb77a208f51a97986ad5a8195492f726e8707604076487450244be6158375d20fb575d0cb62a214a227e81e7f40191c217014cc4ec38\",\"nodeName\":\"70483ec6dbcad6ad7226cb77a208f51a97986ad5a8195492f726e8707604076487450244be6158375d20fb575d0cb62a214a227e81e7f40191c217014cc4ec38\",\"rpcServiceName\":\"\",\"smCryptoType\":false}\n","name":"70483ec6dbcad6ad7226cb77a208f51a97986ad5a8195492f726e8707604076487450244be6158375d20fb575d0cb62a214a227e81e7f40191c217014cc4ec38","protocol":{"compatibilityVersion":50593792,"maxSupportedVersion":1,"minSupportedVersion":0},"serviceInfo":[{"serviceName":"LedgerServiceObj","type":2},{"serviceName":"SchedulerServiceObj","type":3},{"serviceName":"FrontServiceObj","type":4},{"serviceName":"","type":6},{"serviceName":"","type":7},{"serviceName":"TxPoolServiceObj","type":8}],"type":0}],"smCryptoType":false,"wasm":false}}
info|2024-03-13 21:26:14.082854|[SDK][WS][SERVICE][start]websocket service is running
info|2024-03-13 21:26:14.191849|[RPCWS][SERVICE][waitForConnectionEstablish]wait for websocket connection handshake success,suc count=1
info|2024-03-13 21:26:14.191849|[RPC][IMPL][start]start rpc
info|2024-03-13 21:26:14.191849|[SDK][WS][SERVICE][start]websocket service is running
info|2024-03-13 21:26:14.301855|[RPCWS][SERVICE][waitForConnectionEstablish]wait for websocket connection handshake success,suc count=1
info|2024-03-13 21:26:14.301855|[AMOP][CLIENT][start]start amop
info|2024-03-13 21:26:14.301855|[EVENT][SUB][start]event sub is running
info|2024-03-13 21:26:14.301855|[SDK][WS][SERVICE][start]websocket service is running
info|2024-03-13 21:26:14.410848|[RPCWS][SERVICE][waitForConnectionEstablish]wait for websocket connection handshake success,suc count=1
info|2024-03-13 21:26:14.417848|[EVENT][PARAMS][fromJsonString],jsonString={"fromBlock":-1,"toBlock":-1,"addresses":[],"topics":[["LogCreateActivity(uint256,address, DataStructs.Activity,uint256)"],null,null,null]},params={fromBlock: -1toBlock: -1addresses: topics: index: 0LogCreateActivity(uint256,address, DataStructs.Activity,uint256) 0,}
info|2024-03-13 21:26:14.417848|[EVENT][SUB][subscribeEvent]subscribe event,id=7020c8fccffb4d93a924a2b5162043a3,group=group0,request={"group":"group0","id":"7020c8fccffb4d93a924a2b5162043a3","params":{"addresses":[],"fromBlock":-1,"toBlock":-1,"topics":[["LogCreateActivity(uint256,address, DataStructs.Activity,uint256)"]]}}
info|2024-03-13 21:26:14.430840|[EVENT][SUB][subscribeEvent]callback response success,id=7020c8fccffb4d93a924a2b5162043a3,response={"id":"7020c8fccffb4d93a924a2b5162043a3","status":0}
info|2024-03-13 21:26:33.768484|[EVENT][SUB][doLoop]event sub tasks report,working event sub count=1,suspend event sub count=0
info|2024-03-13 21:26:41.862587|[RPC][BLOCK][NUMBER][fromJson],group=group0,node=70483ec6dbcad6ad7226cb77a208f51a97986ad5a8195492f726e8707604076487450244be6158375d20fb575d0cb62a214a227e81e7f40191c217014cc4ec38,blockNumber=393
info|2024-03-13 21:26:41.862587|[RPCWS][SERVICE][onRecvBlockNotifier]receive block number notifier,group=group0,node=70483ec6dbcad6ad7226cb77a208f51a97986ad5a8195492f726e8707604076487450244be6158375d20fb575d0cb62a214a227e81e7f40191c217014cc4ec38,blockNumber=393
info|2024-03-13 21:26:41.862587|[RPCWS][SERVICE][updateGroupBlockNumber],groupID=group0,_blockNumber=393
info|2024-03-13 21:26:41.862587|[RPCWS][SERVICE][onRecvBlockNotifier]block notifier callback,group=group0,node=70483ec6dbcad6ad7226cb77a208f51a97986ad5a8195492f726e8707604076487450244be6158375d20fb575d0cb62a214a227e81e7f40191c217014cc4ec38,blockNumber=393
info|2024-03-13 21:26:41.862587|[WS]receive block notify,endpoint=10.21.32.192:20200,blk={
	"blockNumber" : 393,
	"group" : "group0",
	"nodeName" : "70483ec6dbcad6ad7226cb77a208f51a97986ad5a8195492f726e8707604076487450244be6158375d20fb575d0cb62a214a227e81e7f40191c217014cc4ec38"
}
info|2024-03-13 21:26:53.453746|[SDK][WS][STAT]connected nodes,count=1
info|2024-03-13 21:26:53.780692|[EVENT][SUB][doLoop]event sub tasks report,working event sub count=1,suspend event sub count=0
info|2024-03-13 21:27:13.468332|[SDK][WS][STAT]connected nodes,count=1
info|2024-03-13 21:27:13.795829|[EVENT][SUB][doLoop]event sub tasks report,working event sub count=1,suspend event sub count=0
info|2024-03-13 21:27:33.474768|[SDK][WS][STAT]connected nodes,count=1
info|2024-03-13 21:27:33.800837|[EVENT][SUB][doLoop]event sub tasks report,working event sub count=1,suspend event sub count=0
info|2024-03-13 21:27:53.480174|[SDK][WS][STAT]connected nodes,count=1
info|2024-03-13 21:27:53.805583|[EVENT][SUB][doLoop]event sub tasks report,working event sub count=1,suspend event sub count=0
info|2024-03-13 21:28:13.495010|[SDK][WS][STAT]connected nodes,count=1
info|2024-03-13 21:28:13.806564|[EVENT][SUB][doLoop]event sub tasks report,working event sub count=1,suspend event sub count=0
info|2024-03-13 21:28:33.503999|[SDK][WS][STAT]connected nodes,count=1
info|2024-03-13 21:28:33.813031|[EVENT][SUB][doLoop]event sub tasks report,working event sub count=1,suspend event sub count=0
info|2024-03-13 21:28:53.512522|[SDK][WS][STAT]connected nodes,count=1
info|2024-03-13 21:28:53.822710|[EVENT][SUB][doLoop]event sub tasks report,working event sub count=1,suspend event sub count=0
info|2024-03-13 21:29:13.518902|[SDK][WS][STAT]connected nodes,count=1
info|2024-03-13 21:29:13.830686|[EVENT][SUB][doLoop]event sub tasks report,working event sub count=1,suspend event sub count=0
info|2024-03-13 21:29:33.532291|[SDK][WS][STAT]connected nodes,count=1
info|2024-03-13 21:29:33.841002|[EVENT][SUB][doLoop]event sub tasks report,working event sub count=1,suspend event sub count=0
info|2024-03-13 21:29:53.545380|[SDK][WS][STAT]connected nodes,count=1
info|2024-03-13 21:29:53.854758|[EVENT][SUB][doLoop]event sub tasks report,working event sub count=1,suspend event sub count=0
info|2024-03-13 21:30:13.548371|[SDK][WS][STAT]connected nodes,count=1
info|2024-03-13 21:30:13.858151|[EVENT][SUB][doLoop]event sub tasks report,working event sub count=1,suspend event sub count=0
info|2024-03-13 21:30:33.549324|[SDK][WS][STAT]connected nodes,count=1
info|2024-03-13 21:30:33.858829|[EVENT][SUB][doLoop]event sub tasks report,working event sub count=1,suspend event sub count=0
info|2024-03-13 21:30:53.560645|[SDK][WS][STAT]connected nodes,count=1
info|2024-03-13 21:30:53.869001|[EVENT][SUB][doLoop]event sub tasks report,working event sub count=1,suspend event sub count=0
info|2024-03-13 21:31:13.561723|[SDK][WS][STAT]connected nodes,count=1
info|2024-03-13 21:31:13.872148|[EVENT][SUB][doLoop]event sub tasks report,working event sub count=1,suspend event sub count=0
info|2024-03-13 21:31:33.567021|[SDK][WS][STAT]connected nodes,count=1
info|2024-03-13 21:31:33.876888|[EVENT][SUB][doLoop]event sub tasks report,working event sub count=1,suspend event sub count=0
info|2024-03-13 21:31:53.577309|[SDK][WS][STAT]connected nodes,count=1
info|2024-03-13 21:31:53.887733|[EVENT][SUB][doLoop]event sub tasks report,working event sub count=1,suspend event sub count=0
info|2024-03-13 21:32:13.585765|[SDK][WS][STAT]connected nodes,count=1
info|2024-03-13 21:32:13.896385|[EVENT][SUB][doLoop]event sub tasks report,working event sub count=1,suspend event sub count=0
info|2024-03-13 21:32:33.599945|[SDK][WS][STAT]connected nodes,count=1
info|2024-03-13 21:32:33.909874|[EVENT][SUB][doLoop]event sub tasks report,working event sub count=1,suspend event sub count=0
info|2024-03-13 21:32:53.601575|[SDK][WS][STAT]connected nodes,count=1
info|2024-03-13 21:32:53.911957|[EVENT][SUB][doLoop]event sub tasks report,working event sub count=1,suspend event sub count=0
info|2024-03-13 21:33:13.605141|[SDK][WS][STAT]connected nodes,count=1
info|2024-03-13 21:33:13.917015|[EVENT][SUB][doLoop]event sub tasks report,working event sub count=1,suspend event sub count=0
info|2024-03-13 21:33:33.617415|[SDK][WS][STAT]connected nodes,count=1
info|2024-03-13 21:33:33.927681|[EVENT][SUB][doLoop]event sub tasks report,working event sub count=1,suspend event sub count=0
info|2024-03-13 21:33:53.623704|[SDK][WS][STAT]connected nodes,count=1
info|2024-03-13 21:33:53.933454|[EVENT][SUB][doLoop]event sub tasks report,working event sub count=1,suspend event sub count=0
info|2024-03-13 21:34:13.639200|[SDK][WS][STAT]connected nodes,count=1
info|2024-03-13 21:34:13.947988|[EVENT][SUB][doLoop]event sub tasks report,working event sub count=1,suspend event sub count=0
info|2024-03-13 21:34:33.654203|[SDK][WS][STAT]connected nodes,count=1
info|2024-03-13 21:34:33.951980|[EVENT][SUB][doLoop]event sub tasks report,working event sub count=1,suspend event sub count=0
info|2024-03-13 21:34:53.659472|[SDK][WS][STAT]connected nodes,count=1
info|2024-03-13 21:34:53.954019|[EVENT][SUB][doLoop]event sub tasks report,working event sub count=1,suspend event sub count=0
