info|2024-03-22 21:21:25.383054|[SDK][WS][SERVICE],[NEWOBJ][WsService]=00000144808DACF0
info|2024-03-22 21:21:25.383054|[RPCWS][SERVICE]init the local protocol,minVersion=1,maxVersion=1,module=2
info|2024-03-22 21:21:25.384055|[startThread]start the timer thread
info|2024-03-22 21:21:25.384055|[startThread]the timer thread start,threadName=timerFactory
info|2024-03-22 21:21:25.387057|[DEFAULT][WS][INITIALIZER][initWsService]start websocket service as client,connected endpoints size=1
info|2024-03-22 21:21:25.387057|[DEFAULT][WS][INITIALIZER][initWsService]initializer for websocket service,listenIP=,listenPort=0,disableSsl=false,server=false,client=true,threadPoolSize=12,maxMsgSize=33554432,msgTimeOut=-1,connected peers=1
info|2024-03-22 21:21:25.387057|[buildJsonRpc]build json rpc,sendRequestToHighestBlockNode=true
info|2024-03-22 21:21:25.387057|[bcos_sdk_create][NEWOBJ],sdk=0000014480B10EE0,version=FISCO BCOS C SDK Version : 3.4.0
Build Time         : 20230926 11:50:00
Build Type         : Windows/unknown/Release
Git Branch         : HEAD
Git Commit         : c9770330e9e12f8636e3b31e914cf1604fa62772
,peers_count=1,disable_ssl=0,message_timeout_ms=-1,reconnect_period_ms=20000,heartbeat_period_ms=20000,send_rpc_request_to_highest_block_node=1
info|2024-03-22 21:21:25.974198|[DEFAULT][WS][CONNECTOR][connectToWsServer]async_connect success,endpoint=10.21.32.192:20200
info|2024-03-22 21:21:25.974198|[DEFAULT][WS][STREAM],[NEWOBJ][WsStream]=0000014480A558E0
info|2024-03-22 21:21:26.115262|[DEFAULT][BOOSTSSL][NODEINFO][NEW]SSLContext pubHex: 3082010a0282010100d62f5d0f383e2bb3a8444b58b0f0487cebaf6380048261442fb09169c29bd199f35a18ea7bca1b55969d73155b37c7949109dce129bd7ff4701356d3d89ab041fa109eb1bfa80fda18c4f49a1cb01c65aecc9bd7cb0708ecf299fd30751d122089a6dd77429ed9f2fb0205c99293ad43c0a367d71c937574efba25ce91eb149a785a3030c5cfdced543921ad0100bb6f3784d5889d329e420b473d049c8c86d278a49f764d07a97154cb35ac52c47c9c9c4352397863b2f7d222f7bb43df5717308bb4e1fc45175efa32002b2e6178903f312a90ab1c3849bdc1db68466e26b50685490b4092b16793f099f841eedfdbc5445c1d2990d039dc0621e42a2654650203010001
warning|2024-03-22 21:21:26.115262|[DEFAULT][BOOSTSSL][NODEINFO]Get ca basic failed
info|2024-03-22 21:21:26.115262|[DEFAULT][BOOSTSSL][NODEINFO][NEW]SSLContext pubHex: 3082010a0282010100d3db6eb1c285ddcf25ab4adceaa0fc145546f98eb23921a1a1bf80ad526b9f85c4536da970ef687603ce712ef78c109741d53123df3e9d0089396188af93b0d736cc2805b974d81cbba6ce5261526f3a6f098f8333bce2643d3c79786d36148fb05ebb1ef0d62ec7ea2b5e4c69a1493f2874c9b6a8d2eb05fafcae2a75ea6fde46c6abefcd9286b367f4976907868e8a9e24e36fab68191c17bafdb77e3af4dfed29589941965d50ee8247974c48a6e06f87bb01690985174096c34369c8be87180754103d2d727f1db88f10dc7cdc8a66452fb0e9799dd21092da65e9f68ef11afd5c63f0dde493233f3327509d9cc04b4152d233516b10386441b5ae770fa30203010001
info|2024-03-22 21:21:26.221409|[DEFAULT][WS][CONNECTOR][connectToWsServer]ssl async_handshake success,host=10.21.32.192,port=20200
info|2024-03-22 21:21:26.279716|[DEFAULT][WS][CONNECTOR][connectToWsServer]websocket handshake successfully,host=10.21.32.192,port=20200
info|2024-03-22 21:21:26.279716|[SDK][WS][SESSION],[NEWOBJ][WSSESSION]=00000144808BD340
info|2024-03-22 21:21:26.279716|[SDK][WS][SERVICE][newSession]start the session,endPoint=10.21.32.192:20200
info|2024-03-22 21:21:26.279716|[SDK][WS][SERVICE][addSession]map the session,endPoint=10.21.32.192:20200,result=true
info|2024-03-22 21:21:26.279716|[SDK][WS][SERVICE][onConnect],endpoint=10.21.32.192:20200,refCount=6
info|2024-03-22 21:21:26.279716|[RPCWS][SERVICE][startHandshake],endpoint=10.21.32.192:20200
info|2024-03-22 21:21:26.279716|[SDK][WS][SERVICE][start]start websocket service successfully,model=1,max msg size=33554432
info|2024-03-22 21:21:26.279716|[SDK][WS][SESSION][startAsClient]websocket handshake successfully,endPoint=10.21.32.192:20200,session=00000144808BD340
info|2024-03-22 21:21:26.453053|[RPCWS][SERVICE][fromJson] new group info,groupInfo=,group=group0,chain=chain0,nodeSize=1
info|2024-03-22 21:21:26.453053|[RPCWS][SERVICE][fromJson]parser protocol version,protocolVersion=1,groupInfoList size=1,groupBlockNumber size=1
info|2024-03-22 21:21:26.453053|[RPCWS][SERVICE][updateGroupInfoByEp],endPoint=10.21.32.192:20200,group=group0,chainID=chain0,genesisConfig={"blockTxCountLimit":1000,"consensusLeaderPeriod":1,"consensusType":"pbft","sealerList":[{"nodeID":"70483ec6dbcad6ad7226cb77a208f51a97986ad5a8195492f726e8707604076487450244be6158375d20fb575d0cb62a214a227e81e7f40191c217014cc4ec38","weight":1},{"nodeID":"d29f77478637b5d19d56d5e5a1f2bf8ba373692298cd062e7c1fcdb51de5830fb1b7453d07f1068ab6ba64c40b65c7461d75b41c641e71c64df71fd5f03bd257","weight":1}],"txGasLimit":3000000000}
,iniConfig=,nodesNum=1
info|2024-03-22 21:21:26.453053|[RPCWS][SERVICE][updateGroupInfo],endPoint=10.21.32.192:20200,group=group0,chainID=chain0,nodesNum=1
info|2024-03-22 21:21:26.453053|[RPCWS][SERVICE][clearGroupInfoByEp],endPoint=10.21.32.192:20200,group=group0
info|2024-03-22 21:21:26.453053|[RPCWS][SERVICE][printGroupInfo],total count=1
info|2024-03-22 21:21:26.453053|[RPCWS][SERVICE][printGroupInfo]group list,group=group0,count=1
info|2024-03-22 21:21:26.453053|[RPCWS][SERVICE][printGroupInfo]node list,group=group0,node=70483ec6dbcad6ad7226cb77a208f51a97986ad5a8195492f726e8707604076487450244be6158375d20fb575d0cb62a214a227e81e7f40191c217014cc4ec38,count=1
info|2024-03-22 21:21:26.453053|[RPCWS][SERVICE][updateGroupBlockNumber],groupID=group0,_blockNumber=427
info|2024-03-22 21:21:26.453053|[AMOP][CLIENT][updateTopicsToRemote]send subscribe message to server,endpoint=10.21.32.192:20200,topics={"topics":[]}
info|2024-03-22 21:21:26.453053|[RPCWS][SERVICE][startHandshake]handshake successfully,endPoint=10.21.32.192:20200,handshake version=1,groupInfoList size=1,groupBlockNumber size=1,handshake string={"groupBlockNumber":[{"group0":427}],"groupInfoList":[{"chainID":"chain0","genesisConfig":"{\"blockTxCountLimit\":1000,\"consensusLeaderPeriod\":1,\"consensusType\":\"pbft\",\"sealerList\":[{\"nodeID\":\"70483ec6dbcad6ad7226cb77a208f51a97986ad5a8195492f726e8707604076487450244be6158375d20fb575d0cb62a214a227e81e7f40191c217014cc4ec38\",\"weight\":1},{\"nodeID\":\"d29f77478637b5d19d56d5e5a1f2bf8ba373692298cd062e7c1fcdb51de5830fb1b7453d07f1068ab6ba64c40b65c7461d75b41c641e71c64df71fd5f03bd257\",\"weight\":1}],\"txGasLimit\":3000000000}\n","groupID":"group0","iniConfig":"","nodeList":[{"iniConfig":"{\"binaryInfo\":{\"buildTime\":\"20230616 16:54:30\",\"gitCommitHash\":\"e7fb7bb46343ebb563dfc937a2fb68e07e463c10\",\"platform\":\"Linux/g++\",\"version\":\"3.4.0\"},\"chainID\":\"chain0\",\"gatewayServiceName\":\"\",\"groupID\":\"group0\",\"isAuthCheck\":false,\"isSerialExecute\":true,\"isWasm\":false,\"nodeID\":\"70483ec6dbcad6ad7226cb77a208f51a97986ad5a8195492f726e8707604076487450244be6158375d20fb575d0cb62a214a227e81e7f40191c217014cc4ec38\",\"nodeName\":\"70483ec6dbcad6ad7226cb77a208f51a97986ad5a8195492f726e8707604076487450244be6158375d20fb575d0cb62a214a227e81e7f40191c217014cc4ec38\",\"rpcServiceName\":\"\",\"smCryptoType\":false}\n","microService":false,"name":"70483ec6dbcad6ad7226cb77a208f51a97986ad5a8195492f726e8707604076487450244be6158375d20fb575d0cb62a214a227e81e7f40191c217014cc4ec38","nodeID":"70483ec6dbcad6ad7226cb77a208f51a97986ad5a8195492f726e8707604076487450244be6158375d20fb575d0cb62a214a227e81e7f40191c217014cc4ec38","protocol":{"compatibilityVersion":50593792,"maxSupportedVersion":1,"minSupportedVersion":0},"serviceInfo":[{"serviceName":"LedgerServiceObj","type":2},{"serviceName":"SchedulerServiceObj","type":3},{"serviceName":"FrontServiceObj","type":4},{"serviceName":"","type":6},{"serviceName":"","type":7},{"serviceName":"TxPoolServiceObj","type":8}],"type":0}]}],"protocolVersion":1}
info|2024-03-22 21:21:26.500198|[RPCWS][SERVICE][waitForConnectionEstablish]wait for websocket connection handshake success,suc count=1
info|2024-03-22 21:21:26.500198|[RPC][IMPL][start]start rpc
info|2024-03-22 21:21:26.500198|[SDK][WS][SERVICE][start]websocket service is running
info|2024-03-22 21:21:26.608789|[RPCWS][SERVICE][waitForConnectionEstablish]wait for websocket connection handshake success,suc count=1
info|2024-03-22 21:21:26.608789|[AMOP][CLIENT][start]start amop
info|2024-03-22 21:21:26.608789|[SDK][WS][SERVICE][start]websocket service is running
info|2024-03-22 21:21:26.717349|[RPCWS][SERVICE][waitForConnectionEstablish]wait for websocket connection handshake success,suc count=1
info|2024-03-22 21:21:26.717349|[EVENT][SUB][start]start event sub successfully,sendMsgTimeout=-1,reconnectPeriod=20000
info|2024-03-22 21:21:26.717349|[SDK][WS][SERVICE][start]websocket service is running
info|2024-03-22 21:21:26.826371|[RPCWS][SERVICE][waitForConnectionEstablish]wait for websocket connection handshake success,suc count=1
info|2024-03-22 21:21:26.829371|[RPC][IMPL][getGroupInfo][get group info from cache],hitCache=true,response={"id":1,"jsonrpc":"2.0","result":{"chainID":"chain0","genesisConfig":"{\"blockTxCountLimit\":1000,\"consensusLeaderPeriod\":1,\"consensusType\":\"pbft\",\"sealerList\":[{\"nodeID\":\"70483ec6dbcad6ad7226cb77a208f51a97986ad5a8195492f726e8707604076487450244be6158375d20fb575d0cb62a214a227e81e7f40191c217014cc4ec38\",\"weight\":1},{\"nodeID\":\"d29f77478637b5d19d56d5e5a1f2bf8ba373692298cd062e7c1fcdb51de5830fb1b7453d07f1068ab6ba64c40b65c7461d75b41c641e71c64df71fd5f03bd257\",\"weight\":1}],\"txGasLimit\":3000000000}\n","groupID":"group0","iniConfig":"","nodeList":[{"iniConfig":"{\"binaryInfo\":{\"buildTime\":\"20230616 16:54:30\",\"gitCommitHash\":\"e7fb7bb46343ebb563dfc937a2fb68e07e463c10\",\"platform\":\"Linux/g++\",\"version\":\"3.4.0\"},\"chainID\":\"chain0\",\"gatewayServiceName\":\"\",\"groupID\":\"group0\",\"isAuthCheck\":false,\"isSerialExecute\":true,\"isWasm\":false,\"nodeID\":\"70483ec6dbcad6ad7226cb77a208f51a97986ad5a8195492f726e8707604076487450244be6158375d20fb575d0cb62a214a227e81e7f40191c217014cc4ec38\",\"nodeName\":\"70483ec6dbcad6ad7226cb77a208f51a97986ad5a8195492f726e8707604076487450244be6158375d20fb575d0cb62a214a227e81e7f40191c217014cc4ec38\",\"rpcServiceName\":\"\",\"smCryptoType\":false}\n","name":"70483ec6dbcad6ad7226cb77a208f51a97986ad5a8195492f726e8707604076487450244be6158375d20fb575d0cb62a214a227e81e7f40191c217014cc4ec38","protocol":{"compatibilityVersion":50593792,"maxSupportedVersion":1,"minSupportedVersion":0},"serviceInfo":[{"serviceName":"LedgerServiceObj","type":2},{"serviceName":"SchedulerServiceObj","type":3},{"serviceName":"FrontServiceObj","type":4},{"serviceName":"","type":6},{"serviceName":"","type":7},{"serviceName":"TxPoolServiceObj","type":8}],"type":0}],"smCryptoType":false,"wasm":false}}
info|2024-03-22 21:21:27.379261|[SDK][WS][SERVICE][start]websocket service is running
info|2024-03-22 21:21:27.493926|[RPCWS][SERVICE][waitForConnectionEstablish]wait for websocket connection handshake success,suc count=1
info|2024-03-22 21:21:27.493926|[RPC][IMPL][start]start rpc
info|2024-03-22 21:21:27.493926|[SDK][WS][SERVICE][start]websocket service is running
info|2024-03-22 21:21:27.602315|[RPCWS][SERVICE][waitForConnectionEstablish]wait for websocket connection handshake success,suc count=1
info|2024-03-22 21:21:27.602315|[AMOP][CLIENT][start]start amop
info|2024-03-22 21:21:27.602315|[EVENT][SUB][start]event sub is running
info|2024-03-22 21:21:27.602315|[SDK][WS][SERVICE][start]websocket service is running
info|2024-03-22 21:21:27.712421|[RPCWS][SERVICE][waitForConnectionEstablish]wait for websocket connection handshake success,suc count=1
info|2024-03-22 21:21:27.719437|[EVENT][PARAMS][fromJsonString],jsonString={"fromBlock":-1,"toBlock":-1,"addresses":[],"topics":[["LogCreateActivity(uint256,address, DataStructs.Activity,uint256)"],null,null,null]},params={fromBlock: -1toBlock: -1addresses: topics: index: 0LogCreateActivity(uint256,address, DataStructs.Activity,uint256) 0,}
info|2024-03-22 21:21:27.719437|[EVENT][SUB][subscribeEvent]subscribe event,id=f8fd7f04c0f7406fa5baed71ae14044c,group=group0,request={"group":"group0","id":"f8fd7f04c0f7406fa5baed71ae14044c","params":{"addresses":[],"fromBlock":-1,"toBlock":-1,"topics":[["LogCreateActivity(uint256,address, DataStructs.Activity,uint256)"]]}}
info|2024-03-22 21:21:27.810126|[EVENT][SUB][subscribeEvent]callback response success,id=f8fd7f04c0f7406fa5baed71ae14044c,response={"id":"f8fd7f04c0f7406fa5baed71ae14044c","status":0}
info|2024-03-22 21:21:46.721390|[EVENT][SUB][doLoop]event sub tasks report,working event sub count=1,suspend event sub count=0
info|2024-03-22 21:22:06.285394|[SDK][WS][STAT]connected nodes,count=1
info|2024-03-22 21:22:06.736452|[EVENT][SUB][doLoop]event sub tasks report,working event sub count=1,suspend event sub count=0
info|2024-03-22 21:22:26.295716|[SDK][WS][STAT]connected nodes,count=1
info|2024-03-22 21:22:26.745840|[EVENT][SUB][doLoop]event sub tasks report,working event sub count=1,suspend event sub count=0
info|2024-03-22 21:22:46.302779|[SDK][WS][STAT]connected nodes,count=1
info|2024-03-22 21:22:46.755222|[EVENT][SUB][doLoop]event sub tasks report,working event sub count=1,suspend event sub count=0
info|2024-03-22 21:23:06.313398|[SDK][WS][STAT]connected nodes,count=1
info|2024-03-22 21:23:06.768315|[EVENT][SUB][doLoop]event sub tasks report,working event sub count=1,suspend event sub count=0
info|2024-03-22 21:23:26.318364|[SDK][WS][STAT]connected nodes,count=1
info|2024-03-22 21:23:26.769474|[EVENT][SUB][doLoop]event sub tasks report,working event sub count=1,suspend event sub count=0
info|2024-03-22 21:23:46.331595|[SDK][WS][STAT]connected nodes,count=1
info|2024-03-22 21:23:46.783347|[EVENT][SUB][doLoop]event sub tasks report,working event sub count=1,suspend event sub count=0
info|2024-03-22 21:24:06.340678|[SDK][WS][STAT]connected nodes,count=1
info|2024-03-22 21:24:06.791435|[EVENT][SUB][doLoop]event sub tasks report,working event sub count=1,suspend event sub count=0
info|2024-03-22 21:24:26.349783|[SDK][WS][STAT]connected nodes,count=1
info|2024-03-22 21:24:26.797883|[EVENT][SUB][doLoop]event sub tasks report,working event sub count=1,suspend event sub count=0
info|2024-03-22 21:24:46.350263|[SDK][WS][STAT]connected nodes,count=1
info|2024-03-22 21:24:46.800271|[EVENT][SUB][doLoop]event sub tasks report,working event sub count=1,suspend event sub count=0
info|2024-03-22 21:25:06.353493|[SDK][WS][STAT]connected nodes,count=1
info|2024-03-22 21:25:06.807167|[EVENT][SUB][doLoop]event sub tasks report,working event sub count=1,suspend event sub count=0
info|2024-03-22 21:25:26.358112|[SDK][WS][STAT]connected nodes,count=1
info|2024-03-22 21:25:26.808226|[EVENT][SUB][doLoop]event sub tasks report,working event sub count=1,suspend event sub count=0
info|2024-03-22 21:25:46.359156|[SDK][WS][STAT]connected nodes,count=1
info|2024-03-22 21:25:46.822675|[EVENT][SUB][doLoop]event sub tasks report,working event sub count=1,suspend event sub count=0
info|2024-03-22 21:26:06.372868|[SDK][WS][STAT]connected nodes,count=1
info|2024-03-22 21:26:06.372868|[SDK][WS][STAT][stat],endpoint=10.21.32.192:20200,writeQueueSize=0,callbackQueueSize=1
info|2024-03-22 21:26:06.458371|[RPC][BLOCK][NUMBER][fromJson],group=group0,node=70483ec6dbcad6ad7226cb77a208f51a97986ad5a8195492f726e8707604076487450244be6158375d20fb575d0cb62a214a227e81e7f40191c217014cc4ec38,blockNumber=428
info|2024-03-22 21:26:06.458371|[RPCWS][SERVICE][onRecvBlockNotifier]receive block number notifier,group=group0,node=70483ec6dbcad6ad7226cb77a208f51a97986ad5a8195492f726e8707604076487450244be6158375d20fb575d0cb62a214a227e81e7f40191c217014cc4ec38,blockNumber=428
info|2024-03-22 21:26:06.458371|[RPCWS][SERVICE][updateGroupBlockNumber],groupID=group0,_blockNumber=428
info|2024-03-22 21:26:06.458371|[RPCWS][SERVICE][onRecvBlockNotifier]block notifier callback,group=group0,node=70483ec6dbcad6ad7226cb77a208f51a97986ad5a8195492f726e8707604076487450244be6158375d20fb575d0cb62a214a227e81e7f40191c217014cc4ec38,blockNumber=428
info|2024-03-22 21:26:06.458371|[WS]receive block notify,endpoint=10.21.32.192:20200,blk={
	"blockNumber" : 428,
	"group" : "group0",
	"nodeName" : "70483ec6dbcad6ad7226cb77a208f51a97986ad5a8195492f726e8707604076487450244be6158375d20fb575d0cb62a214a227e81e7f40191c217014cc4ec38"
}
info|2024-03-22 21:26:06.837525|[EVENT][SUB][doLoop]event sub tasks report,working event sub count=1,suspend event sub count=0
info|2024-03-22 21:26:26.374696|[SDK][WS][STAT]connected nodes,count=1
info|2024-03-22 21:26:26.844487|[EVENT][SUB][doLoop]event sub tasks report,working event sub count=1,suspend event sub count=0
info|2024-03-22 21:26:46.377217|[SDK][WS][STAT]connected nodes,count=1
info|2024-03-22 21:26:46.858881|[EVENT][SUB][doLoop]event sub tasks report,working event sub count=1,suspend event sub count=0
info|2024-03-22 21:27:06.382174|[SDK][WS][STAT]connected nodes,count=1
info|2024-03-22 21:27:06.859598|[EVENT][SUB][doLoop]event sub tasks report,working event sub count=1,suspend event sub count=0
info|2024-03-22 21:27:26.387467|[SDK][WS][STAT]connected nodes,count=1
info|2024-03-22 21:27:26.866573|[EVENT][SUB][doLoop]event sub tasks report,working event sub count=1,suspend event sub count=0
info|2024-03-22 21:27:46.396938|[SDK][WS][STAT]connected nodes,count=1
info|2024-03-22 21:27:46.875276|[EVENT][SUB][doLoop]event sub tasks report,working event sub count=1,suspend event sub count=0
info|2024-03-22 21:28:06.403219|[SDK][WS][STAT]connected nodes,count=1
info|2024-03-22 21:28:06.886374|[EVENT][SUB][doLoop]event sub tasks report,working event sub count=1,suspend event sub count=0
info|2024-03-22 21:28:26.416172|[SDK][WS][STAT]connected nodes,count=1
info|2024-03-22 21:28:26.898976|[EVENT][SUB][doLoop]event sub tasks report,working event sub count=1,suspend event sub count=0
info|2024-03-22 21:28:46.424473|[SDK][WS][STAT]connected nodes,count=1
info|2024-03-22 21:28:46.903587|[EVENT][SUB][doLoop]event sub tasks report,working event sub count=1,suspend event sub count=0
info|2024-03-22 21:29:06.426773|[SDK][WS][STAT]connected nodes,count=1
info|2024-03-22 21:29:06.906502|[EVENT][SUB][doLoop]event sub tasks report,working event sub count=1,suspend event sub count=0
info|2024-03-22 21:29:26.433291|[SDK][WS][STAT]connected nodes,count=1
info|2024-03-22 21:29:26.912023|[EVENT][SUB][doLoop]event sub tasks report,working event sub count=1,suspend event sub count=0
info|2024-03-22 21:29:46.446478|[SDK][WS][STAT]connected nodes,count=1
info|2024-03-22 21:29:46.925918|[EVENT][SUB][doLoop]event sub tasks report,working event sub count=1,suspend event sub count=0
info|2024-03-22 21:30:06.451883|[SDK][WS][STAT]connected nodes,count=1
info|2024-03-22 21:30:06.931913|[EVENT][SUB][doLoop]event sub tasks report,working event sub count=1,suspend event sub count=0
info|2024-03-22 21:30:26.456561|[SDK][WS][STAT]connected nodes,count=1
info|2024-03-22 21:30:26.933316|[EVENT][SUB][doLoop]event sub tasks report,working event sub count=1,suspend event sub count=0
info|2024-03-22 21:30:46.456797|[SDK][WS][STAT]connected nodes,count=1
info|2024-03-22 21:30:46.937525|[EVENT][SUB][doLoop]event sub tasks report,working event sub count=1,suspend event sub count=0
info|2024-03-22 21:31:06.464253|[SDK][WS][STAT]connected nodes,count=1
info|2024-03-22 21:31:06.948163|[EVENT][SUB][doLoop]event sub tasks report,working event sub count=1,suspend event sub count=0
info|2024-03-22 21:31:26.467664|[SDK][WS][STAT]connected nodes,count=1
info|2024-03-22 21:31:26.949799|[EVENT][SUB][doLoop]event sub tasks report,working event sub count=1,suspend event sub count=0
info|2024-03-22 21:31:46.476438|[SDK][WS][STAT]connected nodes,count=1
info|2024-03-22 21:31:46.958508|[EVENT][SUB][doLoop]event sub tasks report,working event sub count=1,suspend event sub count=0
info|2024-03-22 21:32:06.485572|[SDK][WS][STAT]connected nodes,count=1
info|2024-03-22 21:32:06.965313|[EVENT][SUB][doLoop]event sub tasks report,working event sub count=1,suspend event sub count=0
info|2024-03-22 21:32:26.489662|[SDK][WS][STAT]connected nodes,count=1
info|2024-03-22 21:32:26.971363|[EVENT][SUB][doLoop]event sub tasks report,working event sub count=1,suspend event sub count=0
info|2024-03-22 21:32:46.496100|[SDK][WS][STAT]connected nodes,count=1
info|2024-03-22 21:32:46.978910|[EVENT][SUB][doLoop]event sub tasks report,working event sub count=1,suspend event sub count=0
info|2024-03-22 21:33:06.500996|[SDK][WS][STAT]connected nodes,count=1
info|2024-03-22 21:33:06.986686|[EVENT][SUB][doLoop]event sub tasks report,working event sub count=1,suspend event sub count=0
info|2024-03-22 21:33:26.508809|[SDK][WS][STAT]connected nodes,count=1
info|2024-03-22 21:33:26.989205|[EVENT][SUB][doLoop]event sub tasks report,working event sub count=1,suspend event sub count=0
info|2024-03-22 21:33:46.516263|[SDK][WS][STAT]connected nodes,count=1
info|2024-03-22 21:33:46.995871|[EVENT][SUB][doLoop]event sub tasks report,working event sub count=1,suspend event sub count=0
info|2024-03-22 21:34:06.525314|[SDK][WS][STAT]connected nodes,count=1
info|2024-03-22 21:34:07.005187|[EVENT][SUB][doLoop]event sub tasks report,working event sub count=1,suspend event sub count=0
info|2024-03-22 21:34:26.540160|[SDK][WS][STAT]connected nodes,count=1
info|2024-03-22 21:34:27.016268|[EVENT][SUB][doLoop]event sub tasks report,working event sub count=1,suspend event sub count=0
info|2024-03-22 21:34:46.551044|[SDK][WS][STAT]connected nodes,count=1
info|2024-03-22 21:34:47.016889|[EVENT][SUB][doLoop]event sub tasks report,working event sub count=1,suspend event sub count=0
info|2024-03-22 21:35:06.558342|[SDK][WS][STAT]connected nodes,count=1
info|2024-03-22 21:35:07.019959|[EVENT][SUB][doLoop]event sub tasks report,working event sub count=1,suspend event sub count=0
info|2024-03-22 21:35:26.567562|[SDK][WS][STAT]connected nodes,count=1
info|2024-03-22 21:35:27.033776|[EVENT][SUB][doLoop]event sub tasks report,working event sub count=1,suspend event sub count=0
info|2024-03-22 21:35:46.583079|[SDK][WS][STAT]connected nodes,count=1
info|2024-03-22 21:35:47.047975|[EVENT][SUB][doLoop]event sub tasks report,working event sub count=1,suspend event sub count=0
info|2024-03-22 21:36:06.591007|[SDK][WS][STAT]connected nodes,count=1
info|2024-03-22 21:36:07.055489|[EVENT][SUB][doLoop]event sub tasks report,working event sub count=1,suspend event sub count=0
info|2024-03-22 21:36:26.601345|[SDK][WS][STAT]connected nodes,count=1
info|2024-03-22 21:36:27.069036|[EVENT][SUB][doLoop]event sub tasks report,working event sub count=1,suspend event sub count=0
info|2024-03-22 21:36:46.604989|[SDK][WS][STAT]connected nodes,count=1
info|2024-03-22 21:36:47.081957|[EVENT][SUB][doLoop]event sub tasks report,working event sub count=1,suspend event sub count=0
info|2024-03-22 21:37:06.614133|[SDK][WS][STAT]connected nodes,count=1
info|2024-03-22 21:37:07.094298|[EVENT][SUB][doLoop]event sub tasks report,working event sub count=1,suspend event sub count=0
info|2024-03-22 21:37:26.615708|[SDK][WS][STAT]connected nodes,count=1
info|2024-03-22 21:37:27.098542|[EVENT][SUB][doLoop]event sub tasks report,working event sub count=1,suspend event sub count=0
info|2024-03-22 21:37:46.624674|[SDK][WS][STAT]connected nodes,count=1
info|2024-03-22 21:37:47.105650|[EVENT][SUB][doLoop]event sub tasks report,working event sub count=1,suspend event sub count=0
info|2024-03-22 21:38:06.627679|[SDK][WS][STAT]connected nodes,count=1
info|2024-03-22 21:38:07.109906|[EVENT][SUB][doLoop]event sub tasks report,working event sub count=1,suspend event sub count=0
info|2024-03-22 21:38:26.636647|[SDK][WS][STAT]connected nodes,count=1
info|2024-03-22 21:38:27.114651|[EVENT][SUB][doLoop]event sub tasks report,working event sub count=1,suspend event sub count=0
info|2024-03-22 21:38:46.647470|[SDK][WS][STAT]connected nodes,count=1
info|2024-03-22 21:38:47.129811|[EVENT][SUB][doLoop]event sub tasks report,working event sub count=1,suspend event sub count=0
info|2024-03-22 21:39:06.654995|[SDK][WS][STAT]connected nodes,count=1
info|2024-03-22 21:39:07.135820|[EVENT][SUB][doLoop]event sub tasks report,working event sub count=1,suspend event sub count=0
info|2024-03-22 21:39:26.656632|[SDK][WS][STAT]connected nodes,count=1
info|2024-03-22 21:39:27.136967|[EVENT][SUB][doLoop]event sub tasks report,working event sub count=1,suspend event sub count=0
info|2024-03-22 21:39:46.662161|[SDK][WS][STAT]connected nodes,count=1
info|2024-03-22 21:39:47.141922|[EVENT][SUB][doLoop]event sub tasks report,working event sub count=1,suspend event sub count=0
info|2024-03-22 21:40:06.671675|[SDK][WS][STAT]connected nodes,count=1
info|2024-03-22 21:40:07.153215|[EVENT][SUB][doLoop]event sub tasks report,working event sub count=1,suspend event sub count=0
info|2024-03-22 21:40:26.678862|[SDK][WS][STAT]connected nodes,count=1
info|2024-03-22 21:40:27.160468|[EVENT][SUB][doLoop]event sub tasks report,working event sub count=1,suspend event sub count=0
info|2024-03-22 21:40:46.691520|[SDK][WS][STAT]connected nodes,count=1
info|2024-03-22 21:40:47.174670|[EVENT][SUB][doLoop]event sub tasks report,working event sub count=1,suspend event sub count=0
info|2024-03-22 21:41:06.699072|[SDK][WS][STAT]connected nodes,count=1
info|2024-03-22 21:41:07.176550|[EVENT][SUB][doLoop]event sub tasks report,working event sub count=1,suspend event sub count=0
info|2024-03-22 21:41:26.702104|[SDK][WS][STAT]connected nodes,count=1
info|2024-03-22 21:41:27.186662|[EVENT][SUB][doLoop]event sub tasks report,working event sub count=1,suspend event sub count=0
info|2024-03-22 21:41:46.707668|[SDK][WS][STAT]connected nodes,count=1
info|2024-03-22 21:41:47.188352|[EVENT][SUB][doLoop]event sub tasks report,working event sub count=1,suspend event sub count=0
info|2024-03-22 21:42:06.708383|[SDK][WS][STAT]connected nodes,count=1
info|2024-03-22 21:42:07.193644|[EVENT][SUB][doLoop]event sub tasks report,working event sub count=1,suspend event sub count=0
info|2024-03-22 21:42:26.711309|[SDK][WS][STAT]connected nodes,count=1
info|2024-03-22 21:42:27.197116|[EVENT][SUB][doLoop]event sub tasks report,working event sub count=1,suspend event sub count=0
info|2024-03-22 21:42:46.724410|[SDK][WS][STAT]connected nodes,count=1
info|2024-03-22 21:42:47.205297|[EVENT][SUB][doLoop]event sub tasks report,working event sub count=1,suspend event sub count=0
info|2024-03-22 21:43:06.728130|[SDK][WS][STAT]connected nodes,count=1
info|2024-03-22 21:43:07.207837|[EVENT][SUB][doLoop]event sub tasks report,working event sub count=1,suspend event sub count=0
info|2024-03-22 21:43:26.741989|[SDK][WS][STAT]connected nodes,count=1
info|2024-03-22 21:43:27.220552|[EVENT][SUB][doLoop]event sub tasks report,working event sub count=1,suspend event sub count=0
info|2024-03-22 21:43:46.746349|[SDK][WS][STAT]connected nodes,count=1
info|2024-03-22 21:43:47.226291|[EVENT][SUB][doLoop]event sub tasks report,working event sub count=1,suspend event sub count=0
info|2024-03-22 21:44:06.750327|[SDK][WS][STAT]connected nodes,count=1
info|2024-03-22 21:44:07.227859|[EVENT][SUB][doLoop]event sub tasks report,working event sub count=1,suspend event sub count=0
info|2024-03-22 21:44:26.754392|[SDK][WS][STAT]connected nodes,count=1
info|2024-03-22 21:44:27.232297|[EVENT][SUB][doLoop]event sub tasks report,working event sub count=1,suspend event sub count=0
info|2024-03-22 21:44:46.766648|[SDK][WS][STAT]connected nodes,count=1
info|2024-03-22 21:44:47.245673|[EVENT][SUB][doLoop]event sub tasks report,working event sub count=1,suspend event sub count=0
info|2024-03-22 21:45:06.767678|[SDK][WS][STAT]connected nodes,count=1
info|2024-03-22 21:45:07.248503|[EVENT][SUB][doLoop]event sub tasks report,working event sub count=1,suspend event sub count=0
info|2024-03-22 21:45:26.770129|[SDK][WS][STAT]connected nodes,count=1
info|2024-03-22 21:45:27.250129|[EVENT][SUB][doLoop]event sub tasks report,working event sub count=1,suspend event sub count=0
info|2024-03-22 21:45:46.770816|[SDK][WS][STAT]connected nodes,count=1
info|2024-03-22 21:45:47.264643|[EVENT][SUB][doLoop]event sub tasks report,working event sub count=1,suspend event sub count=0
info|2024-03-22 21:46:06.784750|[SDK][WS][STAT]connected nodes,count=1
info|2024-03-22 21:46:07.266463|[EVENT][SUB][doLoop]event sub tasks report,working event sub count=1,suspend event sub count=0
info|2024-03-22 21:46:26.795694|[SDK][WS][STAT]connected nodes,count=1
info|2024-03-22 21:46:27.277229|[EVENT][SUB][doLoop]event sub tasks report,working event sub count=1,suspend event sub count=0
info|2024-03-22 21:46:46.798764|[SDK][WS][STAT]connected nodes,count=1
info|2024-03-22 21:46:47.280233|[EVENT][SUB][doLoop]event sub tasks report,working event sub count=1,suspend event sub count=0
info|2024-03-22 21:47:06.809434|[SDK][WS][STAT]connected nodes,count=1
info|2024-03-22 21:47:07.292118|[EVENT][SUB][doLoop]event sub tasks report,working event sub count=1,suspend event sub count=0
info|2024-03-22 21:47:26.822636|[SDK][WS][STAT]connected nodes,count=1
info|2024-03-22 21:47:27.299087|[EVENT][SUB][doLoop]event sub tasks report,working event sub count=1,suspend event sub count=0
info|2024-03-22 21:47:46.834885|[SDK][WS][STAT]connected nodes,count=1
info|2024-03-22 21:47:47.304353|[EVENT][SUB][doLoop]event sub tasks report,working event sub count=1,suspend event sub count=0
info|2024-03-22 21:48:06.837590|[SDK][WS][STAT]connected nodes,count=1
info|2024-03-22 21:48:07.318597|[EVENT][SUB][doLoop]event sub tasks report,working event sub count=1,suspend event sub count=0
info|2024-03-22 21:48:26.849660|[SDK][WS][STAT]connected nodes,count=1
info|2024-03-22 21:48:27.327387|[EVENT][SUB][doLoop]event sub tasks report,working event sub count=1,suspend event sub count=0
info|2024-03-22 21:48:46.851595|[SDK][WS][STAT]connected nodes,count=1
info|2024-03-22 21:48:47.332335|[EVENT][SUB][doLoop]event sub tasks report,working event sub count=1,suspend event sub count=0
info|2024-03-22 21:49:06.856120|[SDK][WS][STAT]connected nodes,count=1
info|2024-03-22 21:49:07.337805|[EVENT][SUB][doLoop]event sub tasks report,working event sub count=1,suspend event sub count=0
info|2024-03-22 21:49:26.861597|[SDK][WS][STAT]connected nodes,count=1
info|2024-03-22 21:49:27.346268|[EVENT][SUB][doLoop]event sub tasks report,working event sub count=1,suspend event sub count=0
info|2024-03-22 21:49:46.866186|[SDK][WS][STAT]connected nodes,count=1
info|2024-03-22 21:49:47.347836|[EVENT][SUB][doLoop]event sub tasks report,working event sub count=1,suspend event sub count=0
info|2024-03-22 21:50:06.872620|[SDK][WS][STAT]connected nodes,count=1
info|2024-03-22 21:50:07.353531|[EVENT][SUB][doLoop]event sub tasks report,working event sub count=1,suspend event sub count=0
info|2024-03-22 21:50:26.886917|[SDK][WS][STAT]connected nodes,count=1
info|2024-03-22 21:50:27.354915|[EVENT][SUB][doLoop]event sub tasks report,working event sub count=1,suspend event sub count=0
info|2024-03-22 21:50:46.900483|[SDK][WS][STAT]connected nodes,count=1
info|2024-03-22 21:50:47.369107|[EVENT][SUB][doLoop]event sub tasks report,working event sub count=1,suspend event sub count=0
info|2024-03-22 21:51:06.905571|[SDK][WS][STAT]connected nodes,count=1
info|2024-03-22 21:51:07.370420|[EVENT][SUB][doLoop]event sub tasks report,working event sub count=1,suspend event sub count=0
info|2024-03-22 21:51:26.908534|[SDK][WS][STAT]connected nodes,count=1
info|2024-03-22 21:51:27.372475|[EVENT][SUB][doLoop]event sub tasks report,working event sub count=1,suspend event sub count=0
info|2024-03-22 21:51:46.915811|[SDK][WS][STAT]connected nodes,count=1
info|2024-03-22 21:51:47.384282|[EVENT][SUB][doLoop]event sub tasks report,working event sub count=1,suspend event sub count=0
info|2024-03-22 21:52:06.929457|[SDK][WS][STAT]connected nodes,count=1
info|2024-03-22 21:52:07.390500|[EVENT][SUB][doLoop]event sub tasks report,working event sub count=1,suspend event sub count=0
info|2024-03-22 21:52:26.939382|[SDK][WS][STAT]connected nodes,count=1
info|2024-03-22 21:52:27.404654|[EVENT][SUB][doLoop]event sub tasks report,working event sub count=1,suspend event sub count=0
info|2024-03-22 21:52:46.949784|[SDK][WS][STAT]connected nodes,count=1
info|2024-03-22 21:52:47.414516|[EVENT][SUB][doLoop]event sub tasks report,working event sub count=1,suspend event sub count=0
info|2024-03-22 21:53:06.952614|[SDK][WS][STAT]connected nodes,count=1
info|2024-03-22 21:53:07.418216|[EVENT][SUB][doLoop]event sub tasks report,working event sub count=1,suspend event sub count=0
info|2024-03-22 21:53:26.966868|[SDK][WS][STAT]connected nodes,count=1
info|2024-03-22 21:53:27.432768|[EVENT][SUB][doLoop]event sub tasks report,working event sub count=1,suspend event sub count=0
info|2024-03-22 21:53:46.982786|[SDK][WS][STAT]connected nodes,count=1
info|2024-03-22 21:53:47.448181|[EVENT][SUB][doLoop]event sub tasks report,working event sub count=1,suspend event sub count=0
info|2024-03-22 21:54:06.984189|[SDK][WS][STAT]connected nodes,count=1
info|2024-03-22 21:54:07.449792|[EVENT][SUB][doLoop]event sub tasks report,working event sub count=1,suspend event sub count=0
info|2024-03-22 21:54:26.987460|[SDK][WS][STAT]connected nodes,count=1
info|2024-03-22 21:54:27.452877|[EVENT][SUB][doLoop]event sub tasks report,working event sub count=1,suspend event sub count=0
info|2024-03-22 21:54:47.002755|[SDK][WS][STAT]connected nodes,count=1
info|2024-03-22 21:54:47.453820|[EVENT][SUB][doLoop]event sub tasks report,working event sub count=1,suspend event sub count=0
info|2024-03-22 21:55:07.011133|[SDK][WS][STAT]connected nodes,count=1
info|2024-03-22 21:55:07.459224|[EVENT][SUB][doLoop]event sub tasks report,working event sub count=1,suspend event sub count=0
info|2024-03-22 21:55:27.025654|[SDK][WS][STAT]connected nodes,count=1
info|2024-03-22 21:55:27.464523|[EVENT][SUB][doLoop]event sub tasks report,working event sub count=1,suspend event sub count=0
info|2024-03-22 21:55:47.036419|[SDK][WS][STAT]connected nodes,count=1
info|2024-03-22 21:55:47.474443|[EVENT][SUB][doLoop]event sub tasks report,working event sub count=1,suspend event sub count=0
info|2024-03-22 21:56:07.045683|[SDK][WS][STAT]connected nodes,count=1
info|2024-03-22 21:56:07.479043|[EVENT][SUB][doLoop]event sub tasks report,working event sub count=1,suspend event sub count=0
info|2024-03-22 21:56:27.060907|[SDK][WS][STAT]connected nodes,count=1
info|2024-03-22 21:56:27.480772|[EVENT][SUB][doLoop]event sub tasks report,working event sub count=1,suspend event sub count=0
info|2024-03-22 21:56:47.063848|[SDK][WS][STAT]connected nodes,count=1
info|2024-03-22 21:56:47.481588|[EVENT][SUB][doLoop]event sub tasks report,working event sub count=1,suspend event sub count=0
info|2024-03-22 21:57:07.071441|[SDK][WS][STAT]connected nodes,count=1
info|2024-03-22 21:57:07.490953|[EVENT][SUB][doLoop]event sub tasks report,working event sub count=1,suspend event sub count=0
info|2024-03-22 21:57:27.084301|[SDK][WS][STAT]connected nodes,count=1
info|2024-03-22 21:57:27.501562|[EVENT][SUB][doLoop]event sub tasks report,working event sub count=1,suspend event sub count=0
info|2024-03-22 21:57:47.087378|[SDK][WS][STAT]connected nodes,count=1
info|2024-03-22 21:57:47.504093|[EVENT][SUB][doLoop]event sub tasks report,working event sub count=1,suspend event sub count=0
info|2024-03-22 21:58:07.095319|[SDK][WS][STAT]connected nodes,count=1
info|2024-03-22 21:58:07.512525|[EVENT][SUB][doLoop]event sub tasks report,working event sub count=1,suspend event sub count=0
info|2024-03-22 21:58:27.097467|[SDK][WS][STAT]connected nodes,count=1
info|2024-03-22 21:58:27.515713|[EVENT][SUB][doLoop]event sub tasks report,working event sub count=1,suspend event sub count=0
info|2024-03-22 21:58:47.110793|[SDK][WS][STAT]connected nodes,count=1
info|2024-03-22 21:58:47.528575|[EVENT][SUB][doLoop]event sub tasks report,working event sub count=1,suspend event sub count=0
info|2024-03-22 21:59:07.119096|[SDK][WS][STAT]connected nodes,count=1
info|2024-03-22 21:59:07.537190|[EVENT][SUB][doLoop]event sub tasks report,working event sub count=1,suspend event sub count=0
info|2024-03-22 21:59:27.121786|[SDK][WS][STAT]connected nodes,count=1
info|2024-03-22 21:59:27.551667|[EVENT][SUB][doLoop]event sub tasks report,working event sub count=1,suspend event sub count=0
info|2024-03-22 21:59:47.124897|[SDK][WS][STAT]connected nodes,count=1
info|2024-03-22 21:59:47.561289|[EVENT][SUB][doLoop]event sub tasks report,working event sub count=1,suspend event sub count=0
