info|2024-03-20 12:48:02.952633|[SDK][WS][SERVICE],[NEWOBJ][WsService]=0000024D4E7C5020
info|2024-03-20 12:48:02.952633|[RPCWS][SERVICE]init the local protocol,minVersion=1,maxVersion=1,module=2
info|2024-03-20 12:48:02.952633|[startThread]start the timer thread
info|2024-03-20 12:48:02.953633|[startThread]the timer thread start,threadName=timerFactory
info|2024-03-20 12:48:02.956170|[DEFAULT][WS][INITIALIZER][initWsService]start websocket service as client,connected endpoints size=1
info|2024-03-20 12:48:02.956170|[DEFAULT][WS][INITIALIZER][initWsService]initializer for websocket service,listenIP=,listenPort=0,disableSsl=false,server=false,client=true,threadPoolSize=12,maxMsgSize=33554432,msgTimeOut=-1,connected peers=1
info|2024-03-20 12:48:02.956170|[buildJsonRpc]build json rpc,sendRequestToHighestBlockNode=true
info|2024-03-20 12:48:02.956170|[bcos_sdk_create][NEWOBJ],sdk=0000024D4E098250,version=FISCO BCOS C SDK Version : 3.4.0
Build Time         : 20230926 11:50:00
Build Type         : Windows/unknown/Release
Git Branch         : HEAD
Git Commit         : c9770330e9e12f8636e3b31e914cf1604fa62772
,peers_count=1,disable_ssl=0,message_timeout_ms=-1,reconnect_period_ms=20000,heartbeat_period_ms=20000,send_rpc_request_to_highest_block_node=1
info|2024-03-20 12:48:03.496158|[DEFAULT][WS][CONNECTOR][connectToWsServer]async_connect success,endpoint=10.21.32.192:20200
info|2024-03-20 12:48:03.497155|[DEFAULT][WS][STREAM],[NEWOBJ][WsStream]=0000024D4EA34FE0
info|2024-03-20 12:48:03.535783|[DEFAULT][BOOSTSSL][NODEINFO][NEW]SSLContext pubHex: 3082010a0282010100d62f5d0f383e2bb3a8444b58b0f0487cebaf6380048261442fb09169c29bd199f35a18ea7bca1b55969d73155b37c7949109dce129bd7ff4701356d3d89ab041fa109eb1bfa80fda18c4f49a1cb01c65aecc9bd7cb0708ecf299fd30751d122089a6dd77429ed9f2fb0205c99293ad43c0a367d71c937574efba25ce91eb149a785a3030c5cfdced543921ad0100bb6f3784d5889d329e420b473d049c8c86d278a49f764d07a97154cb35ac52c47c9c9c4352397863b2f7d222f7bb43df5717308bb4e1fc45175efa32002b2e6178903f312a90ab1c3849bdc1db68466e26b50685490b4092b16793f099f841eedfdbc5445c1d2990d039dc0621e42a2654650203010001
warning|2024-03-20 12:48:03.535783|[DEFAULT][BOOSTSSL][NODEINFO]Get ca basic failed
info|2024-03-20 12:48:03.535783|[DEFAULT][BOOSTSSL][NODEINFO][NEW]SSLContext pubHex: 3082010a0282010100d3db6eb1c285ddcf25ab4adceaa0fc145546f98eb23921a1a1bf80ad526b9f85c4536da970ef687603ce712ef78c109741d53123df3e9d0089396188af93b0d736cc2805b974d81cbba6ce5261526f3a6f098f8333bce2643d3c79786d36148fb05ebb1ef0d62ec7ea2b5e4c69a1493f2874c9b6a8d2eb05fafcae2a75ea6fde46c6abefcd9286b367f4976907868e8a9e24e36fab68191c17bafdb77e3af4dfed29589941965d50ee8247974c48a6e06f87bb01690985174096c34369c8be87180754103d2d727f1db88f10dc7cdc8a66452fb0e9799dd21092da65e9f68ef11afd5c63f0dde493233f3327509d9cc04b4152d233516b10386441b5ae770fa30203010001
info|2024-03-20 12:48:03.548326|[DEFAULT][WS][CONNECTOR][connectToWsServer]ssl async_handshake success,host=10.21.32.192,port=20200
info|2024-03-20 12:48:03.561851|[DEFAULT][WS][CONNECTOR][connectToWsServer]websocket handshake successfully,host=10.21.32.192,port=20200
info|2024-03-20 12:48:03.561851|[SDK][WS][SESSION],[NEWOBJ][WSSESSION]=0000024D4B9A9230
info|2024-03-20 12:48:03.561851|[SDK][WS][SERVICE][newSession]start the session,endPoint=10.21.32.192:20200
info|2024-03-20 12:48:03.561851|[SDK][WS][SERVICE][addSession]map the session,endPoint=10.21.32.192:20200,result=true
info|2024-03-20 12:48:03.561851|[SDK][WS][SERVICE][onConnect],endpoint=10.21.32.192:20200,refCount=6
info|2024-03-20 12:48:03.561851|[RPCWS][SERVICE][startHandshake],endpoint=10.21.32.192:20200
info|2024-03-20 12:48:03.561851|[SDK][WS][SERVICE][start]start websocket service successfully,model=1,max msg size=33554432
info|2024-03-20 12:48:03.561851|[SDK][WS][SESSION][startAsClient]websocket handshake successfully,endPoint=10.21.32.192:20200,session=0000024D4B9A9230
info|2024-03-20 12:48:03.563850|[RPCWS][SERVICE][fromJson] new group info,groupInfo=,group=group0,chain=chain0,nodeSize=1
info|2024-03-20 12:48:03.563850|[RPCWS][SERVICE][fromJson]parser protocol version,protocolVersion=1,groupInfoList size=1,groupBlockNumber size=1
info|2024-03-20 12:48:03.564851|[RPCWS][SERVICE][updateGroupInfoByEp],endPoint=10.21.32.192:20200,group=group0,chainID=chain0,genesisConfig={"blockTxCountLimit":1000,"consensusLeaderPeriod":1,"consensusType":"pbft","sealerList":[{"nodeID":"70483ec6dbcad6ad7226cb77a208f51a97986ad5a8195492f726e8707604076487450244be6158375d20fb575d0cb62a214a227e81e7f40191c217014cc4ec38","weight":1},{"nodeID":"d29f77478637b5d19d56d5e5a1f2bf8ba373692298cd062e7c1fcdb51de5830fb1b7453d07f1068ab6ba64c40b65c7461d75b41c641e71c64df71fd5f03bd257","weight":1}],"txGasLimit":3000000000}
,iniConfig=,nodesNum=1
info|2024-03-20 12:48:03.564851|[RPCWS][SERVICE][updateGroupInfo],endPoint=10.21.32.192:20200,group=group0,chainID=chain0,nodesNum=1
info|2024-03-20 12:48:03.564851|[RPCWS][SERVICE][clearGroupInfoByEp],endPoint=10.21.32.192:20200,group=group0
info|2024-03-20 12:48:03.564851|[RPCWS][SERVICE][printGroupInfo],total count=1
info|2024-03-20 12:48:03.564851|[RPCWS][SERVICE][printGroupInfo]group list,group=group0,count=1
info|2024-03-20 12:48:03.564851|[RPCWS][SERVICE][printGroupInfo]node list,group=group0,node=70483ec6dbcad6ad7226cb77a208f51a97986ad5a8195492f726e8707604076487450244be6158375d20fb575d0cb62a214a227e81e7f40191c217014cc4ec38,count=1
info|2024-03-20 12:48:03.564851|[RPCWS][SERVICE][updateGroupBlockNumber],groupID=group0,_blockNumber=415
info|2024-03-20 12:48:03.564851|[AMOP][CLIENT][updateTopicsToRemote]send subscribe message to server,endpoint=10.21.32.192:20200,topics={"topics":[]}
info|2024-03-20 12:48:03.564851|[RPCWS][SERVICE][startHandshake]handshake successfully,endPoint=10.21.32.192:20200,handshake version=1,groupInfoList size=1,groupBlockNumber size=1,handshake string={"groupBlockNumber":[{"group0":415}],"groupInfoList":[{"chainID":"chain0","genesisConfig":"{\"blockTxCountLimit\":1000,\"consensusLeaderPeriod\":1,\"consensusType\":\"pbft\",\"sealerList\":[{\"nodeID\":\"70483ec6dbcad6ad7226cb77a208f51a97986ad5a8195492f726e8707604076487450244be6158375d20fb575d0cb62a214a227e81e7f40191c217014cc4ec38\",\"weight\":1},{\"nodeID\":\"d29f77478637b5d19d56d5e5a1f2bf8ba373692298cd062e7c1fcdb51de5830fb1b7453d07f1068ab6ba64c40b65c7461d75b41c641e71c64df71fd5f03bd257\",\"weight\":1}],\"txGasLimit\":3000000000}\n","groupID":"group0","iniConfig":"","nodeList":[{"iniConfig":"{\"binaryInfo\":{\"buildTime\":\"20230616 16:54:30\",\"gitCommitHash\":\"e7fb7bb46343ebb563dfc937a2fb68e07e463c10\",\"platform\":\"Linux/g++\",\"version\":\"3.4.0\"},\"chainID\":\"chain0\",\"gatewayServiceName\":\"\",\"groupID\":\"group0\",\"isAuthCheck\":false,\"isSerialExecute\":true,\"isWasm\":false,\"nodeID\":\"70483ec6dbcad6ad7226cb77a208f51a97986ad5a8195492f726e8707604076487450244be6158375d20fb575d0cb62a214a227e81e7f40191c217014cc4ec38\",\"nodeName\":\"70483ec6dbcad6ad7226cb77a208f51a97986ad5a8195492f726e8707604076487450244be6158375d20fb575d0cb62a214a227e81e7f40191c217014cc4ec38\",\"rpcServiceName\":\"\",\"smCryptoType\":false}\n","microService":false,"name":"70483ec6dbcad6ad7226cb77a208f51a97986ad5a8195492f726e8707604076487450244be6158375d20fb575d0cb62a214a227e81e7f40191c217014cc4ec38","nodeID":"70483ec6dbcad6ad7226cb77a208f51a97986ad5a8195492f726e8707604076487450244be6158375d20fb575d0cb62a214a227e81e7f40191c217014cc4ec38","protocol":{"compatibilityVersion":50593792,"maxSupportedVersion":1,"minSupportedVersion":0},"serviceInfo":[{"serviceName":"LedgerServiceObj","type":2},{"serviceName":"SchedulerServiceObj","type":3},{"serviceName":"FrontServiceObj","type":4},{"serviceName":"","type":6},{"serviceName":"","type":7},{"serviceName":"TxPoolServiceObj","type":8}],"type":0}]}],"protocolVersion":1}
info|2024-03-20 12:48:03.676866|[RPCWS][SERVICE][waitForConnectionEstablish]wait for websocket connection handshake success,suc count=1
info|2024-03-20 12:48:03.676866|[RPC][IMPL][start]start rpc
info|2024-03-20 12:48:03.676866|[SDK][WS][SERVICE][start]websocket service is running
info|2024-03-20 12:48:03.788102|[RPCWS][SERVICE][waitForConnectionEstablish]wait for websocket connection handshake success,suc count=1
info|2024-03-20 12:48:03.788102|[AMOP][CLIENT][start]start amop
info|2024-03-20 12:48:03.788102|[SDK][WS][SERVICE][start]websocket service is running
info|2024-03-20 12:48:03.897008|[RPCWS][SERVICE][waitForConnectionEstablish]wait for websocket connection handshake success,suc count=1
info|2024-03-20 12:48:03.897008|[EVENT][SUB][start]start event sub successfully,sendMsgTimeout=-1,reconnectPeriod=20000
info|2024-03-20 12:48:03.897008|[SDK][WS][SERVICE][start]websocket service is running
info|2024-03-20 12:48:04.005816|[RPCWS][SERVICE][waitForConnectionEstablish]wait for websocket connection handshake success,suc count=1
info|2024-03-20 12:48:04.008886|[RPC][IMPL][getGroupInfo][get group info from cache],hitCache=true,response={"id":1,"jsonrpc":"2.0","result":{"chainID":"chain0","genesisConfig":"{\"blockTxCountLimit\":1000,\"consensusLeaderPeriod\":1,\"consensusType\":\"pbft\",\"sealerList\":[{\"nodeID\":\"70483ec6dbcad6ad7226cb77a208f51a97986ad5a8195492f726e8707604076487450244be6158375d20fb575d0cb62a214a227e81e7f40191c217014cc4ec38\",\"weight\":1},{\"nodeID\":\"d29f77478637b5d19d56d5e5a1f2bf8ba373692298cd062e7c1fcdb51de5830fb1b7453d07f1068ab6ba64c40b65c7461d75b41c641e71c64df71fd5f03bd257\",\"weight\":1}],\"txGasLimit\":3000000000}\n","groupID":"group0","iniConfig":"","nodeList":[{"iniConfig":"{\"binaryInfo\":{\"buildTime\":\"20230616 16:54:30\",\"gitCommitHash\":\"e7fb7bb46343ebb563dfc937a2fb68e07e463c10\",\"platform\":\"Linux/g++\",\"version\":\"3.4.0\"},\"chainID\":\"chain0\",\"gatewayServiceName\":\"\",\"groupID\":\"group0\",\"isAuthCheck\":false,\"isSerialExecute\":true,\"isWasm\":false,\"nodeID\":\"70483ec6dbcad6ad7226cb77a208f51a97986ad5a8195492f726e8707604076487450244be6158375d20fb575d0cb62a214a227e81e7f40191c217014cc4ec38\",\"nodeName\":\"70483ec6dbcad6ad7226cb77a208f51a97986ad5a8195492f726e8707604076487450244be6158375d20fb575d0cb62a214a227e81e7f40191c217014cc4ec38\",\"rpcServiceName\":\"\",\"smCryptoType\":false}\n","name":"70483ec6dbcad6ad7226cb77a208f51a97986ad5a8195492f726e8707604076487450244be6158375d20fb575d0cb62a214a227e81e7f40191c217014cc4ec38","protocol":{"compatibilityVersion":50593792,"maxSupportedVersion":1,"minSupportedVersion":0},"serviceInfo":[{"serviceName":"LedgerServiceObj","type":2},{"serviceName":"SchedulerServiceObj","type":3},{"serviceName":"FrontServiceObj","type":4},{"serviceName":"","type":6},{"serviceName":"","type":7},{"serviceName":"TxPoolServiceObj","type":8}],"type":0}],"smCryptoType":false,"wasm":false}}
info|2024-03-20 12:48:04.226563|[SDK][WS][SERVICE][start]websocket service is running
info|2024-03-20 12:48:04.334792|[RPCWS][SERVICE][waitForConnectionEstablish]wait for websocket connection handshake success,suc count=1
info|2024-03-20 12:48:04.334792|[RPC][IMPL][start]start rpc
info|2024-03-20 12:48:04.334792|[SDK][WS][SERVICE][start]websocket service is running
info|2024-03-20 12:48:04.444703|[RPCWS][SERVICE][waitForConnectionEstablish]wait for websocket connection handshake success,suc count=1
info|2024-03-20 12:48:04.444703|[AMOP][CLIENT][start]start amop
info|2024-03-20 12:48:04.444703|[EVENT][SUB][start]event sub is running
info|2024-03-20 12:48:04.444703|[SDK][WS][SERVICE][start]websocket service is running
info|2024-03-20 12:48:04.553850|[RPCWS][SERVICE][waitForConnectionEstablish]wait for websocket connection handshake success,suc count=1
info|2024-03-20 12:48:04.561380|[EVENT][PARAMS][fromJsonString],jsonString={"fromBlock":-1,"toBlock":-1,"addresses":[],"topics":[["LogCreateActivity(uint256,address, DataStructs.Activity,uint256)"],null,null,null]},params={fromBlock: -1toBlock: -1addresses: topics: index: 0LogCreateActivity(uint256,address, DataStructs.Activity,uint256) 0,}
info|2024-03-20 12:48:04.561380|[EVENT][SUB][subscribeEvent]subscribe event,id=3757f79c188f42b69d6cbd726ec9751b,group=group0,request={"group":"group0","id":"3757f79c188f42b69d6cbd726ec9751b","params":{"addresses":[],"fromBlock":-1,"toBlock":-1,"topics":[["LogCreateActivity(uint256,address, DataStructs.Activity,uint256)"]]}}
info|2024-03-20 12:48:04.578456|[EVENT][SUB][subscribeEvent]callback response success,id=3757f79c188f42b69d6cbd726ec9751b,response={"id":"3757f79c188f42b69d6cbd726ec9751b","status":0}
info|2024-03-20 12:48:23.898029|[EVENT][SUB][doLoop]event sub tasks report,working event sub count=1,suspend event sub count=0
info|2024-03-20 12:48:43.579838|[SDK][WS][STAT]connected nodes,count=1
info|2024-03-20 12:48:43.909394|[EVENT][SUB][doLoop]event sub tasks report,working event sub count=1,suspend event sub count=0
info|2024-03-20 12:49:03.586164|[SDK][WS][STAT]connected nodes,count=1
info|2024-03-20 12:49:03.916549|[EVENT][SUB][doLoop]event sub tasks report,working event sub count=1,suspend event sub count=0
info|2024-03-20 12:49:23.590558|[SDK][WS][STAT]connected nodes,count=1
info|2024-03-20 12:49:23.917883|[EVENT][SUB][doLoop]event sub tasks report,working event sub count=1,suspend event sub count=0
info|2024-03-20 12:49:43.602677|[SDK][WS][STAT]connected nodes,count=1
info|2024-03-20 12:49:43.929067|[EVENT][SUB][doLoop]event sub tasks report,working event sub count=1,suspend event sub count=0
info|2024-03-20 12:50:03.612690|[SDK][WS][STAT]connected nodes,count=1
info|2024-03-20 12:50:03.941117|[EVENT][SUB][doLoop]event sub tasks report,working event sub count=1,suspend event sub count=0
info|2024-03-20 12:50:23.615086|[SDK][WS][STAT]connected nodes,count=1
info|2024-03-20 12:50:23.954673|[EVENT][SUB][doLoop]event sub tasks report,working event sub count=1,suspend event sub count=0
info|2024-03-20 12:50:43.617653|[SDK][WS][STAT]connected nodes,count=1
info|2024-03-20 12:50:43.959059|[EVENT][SUB][doLoop]event sub tasks report,working event sub count=1,suspend event sub count=0
info|2024-03-20 12:51:03.621682|[SDK][WS][STAT]connected nodes,count=1
info|2024-03-20 12:51:03.963194|[EVENT][SUB][doLoop]event sub tasks report,working event sub count=1,suspend event sub count=0
info|2024-03-20 12:51:23.622088|[SDK][WS][STAT]connected nodes,count=1
info|2024-03-20 12:51:23.964132|[EVENT][SUB][doLoop]event sub tasks report,working event sub count=1,suspend event sub count=0
info|2024-03-20 12:51:43.626727|[SDK][WS][STAT]connected nodes,count=1
info|2024-03-20 12:51:43.971045|[EVENT][SUB][doLoop]event sub tasks report,working event sub count=1,suspend event sub count=0
info|2024-03-20 12:52:03.636068|[SDK][WS][STAT]connected nodes,count=1
info|2024-03-20 12:52:03.976789|[EVENT][SUB][doLoop]event sub tasks report,working event sub count=1,suspend event sub count=0
info|2024-03-20 12:52:23.637843|[SDK][WS][STAT]connected nodes,count=1
info|2024-03-20 12:52:23.978900|[EVENT][SUB][doLoop]event sub tasks report,working event sub count=1,suspend event sub count=0
info|2024-03-20 12:52:43.648911|[SDK][WS][STAT]connected nodes,count=1
info|2024-03-20 12:52:43.992124|[EVENT][SUB][doLoop]event sub tasks report,working event sub count=1,suspend event sub count=0
info|2024-03-20 12:53:03.659641|[SDK][WS][STAT]connected nodes,count=1
info|2024-03-20 12:53:04.003292|[EVENT][SUB][doLoop]event sub tasks report,working event sub count=1,suspend event sub count=0
info|2024-03-20 12:53:23.670248|[SDK][WS][STAT]connected nodes,count=1
info|2024-03-20 12:53:24.006806|[EVENT][SUB][doLoop]event sub tasks report,working event sub count=1,suspend event sub count=0
info|2024-03-20 12:53:43.672041|[SDK][WS][STAT]connected nodes,count=1
info|2024-03-20 12:53:44.016741|[EVENT][SUB][doLoop]event sub tasks report,working event sub count=1,suspend event sub count=0
info|2024-03-20 12:54:03.675952|[SDK][WS][STAT]connected nodes,count=1
info|2024-03-20 12:54:04.017914|[EVENT][SUB][doLoop]event sub tasks report,working event sub count=1,suspend event sub count=0
info|2024-03-20 12:54:23.679862|[SDK][WS][STAT]connected nodes,count=1
info|2024-03-20 12:54:24.021328|[EVENT][SUB][doLoop]event sub tasks report,working event sub count=1,suspend event sub count=0
info|2024-03-20 12:54:43.680362|[SDK][WS][STAT]connected nodes,count=1
info|2024-03-20 12:54:44.022996|[EVENT][SUB][doLoop]event sub tasks report,working event sub count=1,suspend event sub count=0
info|2024-03-20 12:55:03.687998|[SDK][WS][STAT]connected nodes,count=1
info|2024-03-20 12:55:04.030176|[EVENT][SUB][doLoop]event sub tasks report,working event sub count=1,suspend event sub count=0
info|2024-03-20 12:55:23.692214|[SDK][WS][STAT]connected nodes,count=1
info|2024-03-20 12:55:24.035370|[EVENT][SUB][doLoop]event sub tasks report,working event sub count=1,suspend event sub count=0
info|2024-03-20 12:55:43.696879|[SDK][WS][STAT]connected nodes,count=1
info|2024-03-20 12:55:44.042380|[EVENT][SUB][doLoop]event sub tasks report,working event sub count=1,suspend event sub count=0
info|2024-03-20 12:56:03.710959|[SDK][WS][STAT]connected nodes,count=1
info|2024-03-20 12:56:04.050418|[EVENT][SUB][doLoop]event sub tasks report,working event sub count=1,suspend event sub count=0
info|2024-03-20 12:56:23.724986|[SDK][WS][STAT]connected nodes,count=1
info|2024-03-20 12:56:24.051549|[EVENT][SUB][doLoop]event sub tasks report,working event sub count=1,suspend event sub count=0
info|2024-03-20 12:56:43.733601|[SDK][WS][STAT]connected nodes,count=1
info|2024-03-20 12:56:44.059107|[EVENT][SUB][doLoop]event sub tasks report,working event sub count=1,suspend event sub count=0
info|2024-03-20 12:57:03.746026|[SDK][WS][STAT]connected nodes,count=1
info|2024-03-20 12:57:04.067830|[EVENT][SUB][doLoop]event sub tasks report,working event sub count=1,suspend event sub count=0
info|2024-03-20 12:57:23.760318|[SDK][WS][STAT]connected nodes,count=1
info|2024-03-20 12:57:24.082027|[EVENT][SUB][doLoop]event sub tasks report,working event sub count=1,suspend event sub count=0
info|2024-03-20 12:57:43.765330|[SDK][WS][STAT]connected nodes,count=1
info|2024-03-20 12:57:44.088271|[EVENT][SUB][doLoop]event sub tasks report,working event sub count=1,suspend event sub count=0
info|2024-03-20 12:58:03.779968|[SDK][WS][STAT]connected nodes,count=1
info|2024-03-20 12:58:04.091708|[EVENT][SUB][doLoop]event sub tasks report,working event sub count=1,suspend event sub count=0
info|2024-03-20 12:58:23.785234|[SDK][WS][STAT]connected nodes,count=1
info|2024-03-20 12:58:24.093465|[EVENT][SUB][doLoop]event sub tasks report,working event sub count=1,suspend event sub count=0
info|2024-03-20 12:58:43.797629|[SDK][WS][STAT]connected nodes,count=1
info|2024-03-20 12:58:44.106622|[EVENT][SUB][doLoop]event sub tasks report,working event sub count=1,suspend event sub count=0
info|2024-03-20 12:59:03.799421|[SDK][WS][STAT]connected nodes,count=1
info|2024-03-20 12:59:04.109259|[EVENT][SUB][doLoop]event sub tasks report,working event sub count=1,suspend event sub count=0
info|2024-03-20 12:59:23.803273|[SDK][WS][STAT]connected nodes,count=1
info|2024-03-20 12:59:24.111092|[EVENT][SUB][doLoop]event sub tasks report,working event sub count=1,suspend event sub count=0
info|2024-03-20 12:59:43.809398|[SDK][WS][STAT]connected nodes,count=1
info|2024-03-20 12:59:44.119905|[EVENT][SUB][doLoop]event sub tasks report,working event sub count=1,suspend event sub count=0
