info|2024-03-12 20:02:30.703101|[SDK][WS][SERVICE],[NEWOBJ][WsService]=000002BF1A4FC6F0
info|2024-03-12 20:02:30.703101|[RPCWS][SERVICE]init the local protocol,minVersion=1,maxVersion=1,module=2
info|2024-03-12 20:02:30.703101|[startThread]start the timer thread
info|2024-03-12 20:02:30.703101|[startThread]the timer thread start,threadName=timerFactory
info|2024-03-12 20:02:30.705118|[DEFAULT][WS][INITIALIZER][initWsService]start websocket service as client,connected endpoints size=1
info|2024-03-12 20:02:30.705118|[DEFAULT][WS][INITIALIZER][initWsService]initializer for websocket service,listenIP=,listenPort=0,disableSsl=false,server=false,client=true,threadPoolSize=12,maxMsgSize=33554432,msgTimeOut=-1,connected peers=1
info|2024-03-12 20:02:30.705118|[buildJsonRpc]build json rpc,sendRequestToHighestBlockNode=true
info|2024-03-12 20:02:30.705118|[bcos_sdk_create][NEWOBJ],sdk=000002BF173E9A10,version=FISCO BCOS C SDK Version : 3.4.0
Build Time         : 20230612 08:01:53
Build Type         : Windows/unknown/Release
Git Branch         : HEAD
Git Commit         : 8829d018c34fe8f5c8db7422aa44144d0e2b6cf8
,peers_count=1,disable_ssl=0,message_timeout_ms=-1,reconnect_period_ms=20000,heartbeat_period_ms=20000,send_rpc_request_to_highest_block_node=1
info|2024-03-12 20:02:31.139499|[DEFAULT][WS][CONNECTOR][connectToWsServer]async_connect success,endpoint=10.21.32.192:20200
info|2024-03-12 20:02:31.139499|[DEFAULT][WS][STREAM],[NEWOBJ][WsStream]=000002BF1A83D2B0
info|2024-03-12 20:02:31.145490|[DEFAULT][BOOSTSSL][NODEINFO][NEW]SSLContext pubHex: 3082010a0282010100d62f5d0f383e2bb3a8444b58b0f0487cebaf6380048261442fb09169c29bd199f35a18ea7bca1b55969d73155b37c7949109dce129bd7ff4701356d3d89ab041fa109eb1bfa80fda18c4f49a1cb01c65aecc9bd7cb0708ecf299fd30751d122089a6dd77429ed9f2fb0205c99293ad43c0a367d71c937574efba25ce91eb149a785a3030c5cfdced543921ad0100bb6f3784d5889d329e420b473d049c8c86d278a49f764d07a97154cb35ac52c47c9c9c4352397863b2f7d222f7bb43df5717308bb4e1fc45175efa32002b2e6178903f312a90ab1c3849bdc1db68466e26b50685490b4092b16793f099f841eedfdbc5445c1d2990d039dc0621e42a2654650203010001
warning|2024-03-12 20:02:31.145490|[DEFAULT][BOOSTSSL][NODEINFO]Get ca basic failed
info|2024-03-12 20:02:31.145490|[DEFAULT][BOOSTSSL][NODEINFO][NEW]SSLContext pubHex: 3082010a0282010100d3db6eb1c285ddcf25ab4adceaa0fc145546f98eb23921a1a1bf80ad526b9f85c4536da970ef687603ce712ef78c109741d53123df3e9d0089396188af93b0d736cc2805b974d81cbba6ce5261526f3a6f098f8333bce2643d3c79786d36148fb05ebb1ef0d62ec7ea2b5e4c69a1493f2874c9b6a8d2eb05fafcae2a75ea6fde46c6abefcd9286b367f4976907868e8a9e24e36fab68191c17bafdb77e3af4dfed29589941965d50ee8247974c48a6e06f87bb01690985174096c34369c8be87180754103d2d727f1db88f10dc7cdc8a66452fb0e9799dd21092da65e9f68ef11afd5c63f0dde493233f3327509d9cc04b4152d233516b10386441b5ae770fa30203010001
info|2024-03-12 20:02:31.154026|[DEFAULT][WS][CONNECTOR][connectToWsServer]ssl async_handshake success,host=10.21.32.192,port=20200
info|2024-03-12 20:02:31.155025|[DEFAULT][WS][CONNECTOR][connectToWsServer]websocket handshake successfully,host=10.21.32.192,port=20200
info|2024-03-12 20:02:31.155025|[SDK][WS][SESSION],[NEWOBJ][WSSESSION]=000002BF145E5E30
info|2024-03-12 20:02:31.155025|[SDK][WS][SERVICE][newSession]start the session,endPoint=10.21.32.192:20200
info|2024-03-12 20:02:31.155025|[SDK][WS][SERVICE][addSession]map the session,endPoint=10.21.32.192:20200,result=true
info|2024-03-12 20:02:31.155025|[SDK][WS][SERVICE][onConnect],endpoint=10.21.32.192:20200,refCount=6
info|2024-03-12 20:02:31.155025|[RPCWS][SERVICE][startHandshake],endpoint=10.21.32.192:20200
info|2024-03-12 20:02:31.155025|[SDK][WS][SERVICE][start]start websocket service successfully,model=1,max msg size=33554432
info|2024-03-12 20:02:31.156016|[SDK][WS][SESSION][startAsClient]websocket handshake successfully,endPoint=10.21.32.192:20200,session=000002BF145E5E30
info|2024-03-12 20:02:31.158098|[RPCWS][SERVICE][fromJson] new group info,groupInfo=,group=group0,chain=chain0,nodeSize=1
info|2024-03-12 20:02:31.158098|[RPCWS][SERVICE][fromJson]parser protocol version,protocolVersion=1,groupInfoList size=1,groupBlockNumber size=1
info|2024-03-12 20:02:31.158098|[RPCWS][SERVICE][updateGroupInfoByEp],endPoint=10.21.32.192:20200,group=group0,chainID=chain0,genesisConfig={"blockTxCountLimit":1000,"consensusLeaderPeriod":1,"consensusType":"pbft","sealerList":[{"nodeID":"70483ec6dbcad6ad7226cb77a208f51a97986ad5a8195492f726e8707604076487450244be6158375d20fb575d0cb62a214a227e81e7f40191c217014cc4ec38","weight":1},{"nodeID":"d29f77478637b5d19d56d5e5a1f2bf8ba373692298cd062e7c1fcdb51de5830fb1b7453d07f1068ab6ba64c40b65c7461d75b41c641e71c64df71fd5f03bd257","weight":1}],"txGasLimit":3000000000}
,iniConfig=,nodesNum=1
info|2024-03-12 20:02:31.158098|[RPCWS][SERVICE][updateGroupInfo],endPoint=10.21.32.192:20200,group=group0,chainID=chain0,nodesNum=1
info|2024-03-12 20:02:31.158098|[RPCWS][SERVICE][clearGroupInfoByEp],endPoint=10.21.32.192:20200,group=group0
info|2024-03-12 20:02:31.158098|[RPCWS][SERVICE][printGroupInfo],total count=1
info|2024-03-12 20:02:31.158098|[RPCWS][SERVICE][printGroupInfo]group list,group=group0,count=1
info|2024-03-12 20:02:31.158098|[RPCWS][SERVICE][printGroupInfo]node list,group=group0,node=70483ec6dbcad6ad7226cb77a208f51a97986ad5a8195492f726e8707604076487450244be6158375d20fb575d0cb62a214a227e81e7f40191c217014cc4ec38,count=1
info|2024-03-12 20:02:31.158098|[RPCWS][SERVICE][updateGroupBlockNumber],groupID=group0,_blockNumber=356
info|2024-03-12 20:02:31.158098|[AMOP][CLIENT][updateTopicsToRemote]send subscribe message to server,endpoint=10.21.32.192:20200,topics={"topics":[]}
info|2024-03-12 20:02:31.158098|[RPCWS][SERVICE][startHandshake]handshake successfully,endPoint=10.21.32.192:20200,handshake version=1,groupInfoList size=1,groupBlockNumber size=1,handshake string={"groupBlockNumber":[{"group0":356}],"groupInfoList":[{"chainID":"chain0","genesisConfig":"{\"blockTxCountLimit\":1000,\"consensusLeaderPeriod\":1,\"consensusType\":\"pbft\",\"sealerList\":[{\"nodeID\":\"70483ec6dbcad6ad7226cb77a208f51a97986ad5a8195492f726e8707604076487450244be6158375d20fb575d0cb62a214a227e81e7f40191c217014cc4ec38\",\"weight\":1},{\"nodeID\":\"d29f77478637b5d19d56d5e5a1f2bf8ba373692298cd062e7c1fcdb51de5830fb1b7453d07f1068ab6ba64c40b65c7461d75b41c641e71c64df71fd5f03bd257\",\"weight\":1}],\"txGasLimit\":3000000000}\n","groupID":"group0","iniConfig":"","nodeList":[{"iniConfig":"{\"binaryInfo\":{\"buildTime\":\"20230616 16:54:30\",\"gitCommitHash\":\"e7fb7bb46343ebb563dfc937a2fb68e07e463c10\",\"platform\":\"Linux/g++\",\"version\":\"3.4.0\"},\"chainID\":\"chain0\",\"gatewayServiceName\":\"\",\"groupID\":\"group0\",\"isAuthCheck\":false,\"isSerialExecute\":true,\"isWasm\":false,\"nodeID\":\"70483ec6dbcad6ad7226cb77a208f51a97986ad5a8195492f726e8707604076487450244be6158375d20fb575d0cb62a214a227e81e7f40191c217014cc4ec38\",\"nodeName\":\"70483ec6dbcad6ad7226cb77a208f51a97986ad5a8195492f726e8707604076487450244be6158375d20fb575d0cb62a214a227e81e7f40191c217014cc4ec38\",\"rpcServiceName\":\"\",\"smCryptoType\":false}\n","microService":false,"name":"70483ec6dbcad6ad7226cb77a208f51a97986ad5a8195492f726e8707604076487450244be6158375d20fb575d0cb62a214a227e81e7f40191c217014cc4ec38","nodeID":"70483ec6dbcad6ad7226cb77a208f51a97986ad5a8195492f726e8707604076487450244be6158375d20fb575d0cb62a214a227e81e7f40191c217014cc4ec38","protocol":{"compatibilityVersion":50593792,"maxSupportedVersion":1,"minSupportedVersion":0},"serviceInfo":[{"serviceName":"LedgerServiceObj","type":2},{"serviceName":"SchedulerServiceObj","type":3},{"serviceName":"FrontServiceObj","type":4},{"serviceName":"","type":6},{"serviceName":"","type":7},{"serviceName":"TxPoolServiceObj","type":8}],"type":0}]}],"protocolVersion":1}
info|2024-03-12 20:02:31.260899|[RPCWS][SERVICE][waitForConnectionEstablish]wait for websocket connection handshake success,suc count=1
info|2024-03-12 20:02:31.260899|[RPC][IMPL][start]start rpc
info|2024-03-12 20:02:31.260899|[SDK][WS][SERVICE][start]websocket service is running
info|2024-03-12 20:02:31.369633|[RPCWS][SERVICE][waitForConnectionEstablish]wait for websocket connection handshake success,suc count=1
info|2024-03-12 20:02:31.369633|[AMOP][CLIENT][start]start amop
info|2024-03-12 20:02:31.369633|[SDK][WS][SERVICE][start]websocket service is running
info|2024-03-12 20:02:31.478114|[RPCWS][SERVICE][waitForConnectionEstablish]wait for websocket connection handshake success,suc count=1
info|2024-03-12 20:02:31.478114|[EVENT][SUB][start]start event sub successfully,sendMsgTimeout=-1,reconnectPeriod=20000
info|2024-03-12 20:02:31.478114|[SDK][WS][SERVICE][start]websocket service is running
info|2024-03-12 20:02:31.588255|[RPCWS][SERVICE][waitForConnectionEstablish]wait for websocket connection handshake success,suc count=1
info|2024-03-12 20:02:31.589259|[RPC][IMPL][getGroupInfo][get group info from cache],hitCache=true,response={"id":1,"jsonrpc":"2.0","result":{"chainID":"chain0","genesisConfig":"{\"blockTxCountLimit\":1000,\"consensusLeaderPeriod\":1,\"consensusType\":\"pbft\",\"sealerList\":[{\"nodeID\":\"70483ec6dbcad6ad7226cb77a208f51a97986ad5a8195492f726e8707604076487450244be6158375d20fb575d0cb62a214a227e81e7f40191c217014cc4ec38\",\"weight\":1},{\"nodeID\":\"d29f77478637b5d19d56d5e5a1f2bf8ba373692298cd062e7c1fcdb51de5830fb1b7453d07f1068ab6ba64c40b65c7461d75b41c641e71c64df71fd5f03bd257\",\"weight\":1}],\"txGasLimit\":3000000000}\n","groupID":"group0","iniConfig":"","nodeList":[{"iniConfig":"{\"binaryInfo\":{\"buildTime\":\"20230616 16:54:30\",\"gitCommitHash\":\"e7fb7bb46343ebb563dfc937a2fb68e07e463c10\",\"platform\":\"Linux/g++\",\"version\":\"3.4.0\"},\"chainID\":\"chain0\",\"gatewayServiceName\":\"\",\"groupID\":\"group0\",\"isAuthCheck\":false,\"isSerialExecute\":true,\"isWasm\":false,\"nodeID\":\"70483ec6dbcad6ad7226cb77a208f51a97986ad5a8195492f726e8707604076487450244be6158375d20fb575d0cb62a214a227e81e7f40191c217014cc4ec38\",\"nodeName\":\"70483ec6dbcad6ad7226cb77a208f51a97986ad5a8195492f726e8707604076487450244be6158375d20fb575d0cb62a214a227e81e7f40191c217014cc4ec38\",\"rpcServiceName\":\"\",\"smCryptoType\":false}\n","name":"70483ec6dbcad6ad7226cb77a208f51a97986ad5a8195492f726e8707604076487450244be6158375d20fb575d0cb62a214a227e81e7f40191c217014cc4ec38","protocol":{"compatibilityVersion":50593792,"maxSupportedVersion":1,"minSupportedVersion":0},"serviceInfo":[{"serviceName":"LedgerServiceObj","type":2},{"serviceName":"SchedulerServiceObj","type":3},{"serviceName":"FrontServiceObj","type":4},{"serviceName":"","type":6},{"serviceName":"","type":7},{"serviceName":"TxPoolServiceObj","type":8}],"type":0}],"smCryptoType":false,"wasm":false}}
info|2024-03-12 20:02:31.781285|[SDK][WS][SERVICE][start]websocket service is running
info|2024-03-12 20:02:31.885908|[RPCWS][SERVICE][waitForConnectionEstablish]wait for websocket connection handshake success,suc count=1
info|2024-03-12 20:02:31.885908|[RPC][IMPL][start]start rpc
info|2024-03-12 20:02:31.885908|[SDK][WS][SERVICE][start]websocket service is running
info|2024-03-12 20:02:31.996207|[RPCWS][SERVICE][waitForConnectionEstablish]wait for websocket connection handshake success,suc count=1
info|2024-03-12 20:02:31.996207|[AMOP][CLIENT][start]start amop
info|2024-03-12 20:02:31.996207|[EVENT][SUB][start]event sub is running
info|2024-03-12 20:02:31.996207|[SDK][WS][SERVICE][start]websocket service is running
info|2024-03-12 20:02:32.105548|[RPCWS][SERVICE][waitForConnectionEstablish]wait for websocket connection handshake success,suc count=1
info|2024-03-12 20:02:32.112062|[EVENT][PARAMS][fromJsonString],jsonString={"fromBlock":-1,"toBlock":-1,"addresses":[],"topics":[["LogCreateActivity(uint256,address, DataStructs.Activity,uint256)"],null,null,null]},params={fromBlock: -1toBlock: -1addresses: topics: index: 0LogCreateActivity(uint256,address, DataStructs.Activity,uint256) 0,}
info|2024-03-12 20:02:32.112062|[EVENT][SUB][subscribeEvent]subscribe event,id=c554750e118c4edd94f6ab4b4d6614ea,group=group0,request={"group":"group0","id":"c554750e118c4edd94f6ab4b4d6614ea","params":{"addresses":[],"fromBlock":-1,"toBlock":-1,"topics":[["LogCreateActivity(uint256,address, DataStructs.Activity,uint256)"]]}}
info|2024-03-12 20:02:32.117570|[EVENT][SUB][subscribeEvent]callback response success,id=c554750e118c4edd94f6ab4b4d6614ea,response={"id":"c554750e118c4edd94f6ab4b4d6614ea","status":0}
info|2024-03-12 20:02:51.492429|[EVENT][SUB][doLoop]event sub tasks report,working event sub count=1,suspend event sub count=0
info|2024-03-12 20:03:11.159937|[SDK][WS][STAT]connected nodes,count=1
info|2024-03-12 20:03:11.503303|[EVENT][SUB][doLoop]event sub tasks report,working event sub count=1,suspend event sub count=0
info|2024-03-12 20:03:31.161879|[SDK][WS][STAT]connected nodes,count=1
info|2024-03-12 20:03:31.518094|[EVENT][SUB][doLoop]event sub tasks report,working event sub count=1,suspend event sub count=0
info|2024-03-12 20:03:51.176988|[SDK][WS][STAT]connected nodes,count=1
info|2024-03-12 20:03:51.519243|[EVENT][SUB][doLoop]event sub tasks report,working event sub count=1,suspend event sub count=0
info|2024-03-12 20:04:11.188778|[SDK][WS][STAT]connected nodes,count=1
info|2024-03-12 20:04:11.532892|[EVENT][SUB][doLoop]event sub tasks report,working event sub count=1,suspend event sub count=0
info|2024-03-12 20:04:31.194158|[SDK][WS][STAT]connected nodes,count=1
info|2024-03-12 20:04:31.535960|[EVENT][SUB][doLoop]event sub tasks report,working event sub count=1,suspend event sub count=0
info|2024-03-12 20:04:51.206257|[SDK][WS][STAT]connected nodes,count=1
info|2024-03-12 20:04:51.545890|[EVENT][SUB][doLoop]event sub tasks report,working event sub count=1,suspend event sub count=0
info|2024-03-12 20:05:11.216155|[SDK][WS][STAT]connected nodes,count=1
info|2024-03-12 20:05:11.557183|[EVENT][SUB][doLoop]event sub tasks report,working event sub count=1,suspend event sub count=0
info|2024-03-12 20:05:31.226864|[SDK][WS][STAT]connected nodes,count=1
info|2024-03-12 20:05:31.567191|[EVENT][SUB][doLoop]event sub tasks report,working event sub count=1,suspend event sub count=0
info|2024-03-12 20:05:51.231972|[SDK][WS][STAT]connected nodes,count=1
info|2024-03-12 20:05:51.572933|[EVENT][SUB][doLoop]event sub tasks report,working event sub count=1,suspend event sub count=0
info|2024-03-12 20:06:11.240899|[SDK][WS][STAT]connected nodes,count=1
info|2024-03-12 20:06:11.582075|[EVENT][SUB][doLoop]event sub tasks report,working event sub count=1,suspend event sub count=0
info|2024-03-12 20:06:31.242126|[SDK][WS][STAT]connected nodes,count=1
info|2024-03-12 20:06:31.583193|[EVENT][SUB][doLoop]event sub tasks report,working event sub count=1,suspend event sub count=0
info|2024-03-12 20:06:51.256197|[SDK][WS][STAT]connected nodes,count=1
info|2024-03-12 20:06:51.598973|[EVENT][SUB][doLoop]event sub tasks report,working event sub count=1,suspend event sub count=0
info|2024-03-12 20:07:11.256333|[SDK][WS][STAT]connected nodes,count=1
info|2024-03-12 20:07:11.612952|[EVENT][SUB][doLoop]event sub tasks report,working event sub count=1,suspend event sub count=0
info|2024-03-12 20:07:31.267862|[SDK][WS][STAT]connected nodes,count=1
info|2024-03-12 20:07:31.624964|[EVENT][SUB][doLoop]event sub tasks report,working event sub count=1,suspend event sub count=0
info|2024-03-12 20:07:51.282533|[SDK][WS][STAT]connected nodes,count=1
info|2024-03-12 20:07:51.640312|[EVENT][SUB][doLoop]event sub tasks report,working event sub count=1,suspend event sub count=0
info|2024-03-12 20:08:11.289227|[SDK][WS][STAT]connected nodes,count=1
info|2024-03-12 20:08:11.655200|[EVENT][SUB][doLoop]event sub tasks report,working event sub count=1,suspend event sub count=0
info|2024-03-12 20:08:31.298339|[SDK][WS][STAT]connected nodes,count=1
info|2024-03-12 20:08:31.664869|[EVENT][SUB][doLoop]event sub tasks report,working event sub count=1,suspend event sub count=0
info|2024-03-12 20:08:51.304006|[SDK][WS][STAT]connected nodes,count=1
info|2024-03-12 20:08:51.675870|[EVENT][SUB][doLoop]event sub tasks report,working event sub count=1,suspend event sub count=0
info|2024-03-12 20:09:11.307738|[SDK][WS][STAT]connected nodes,count=1
info|2024-03-12 20:09:11.681525|[EVENT][SUB][doLoop]event sub tasks report,working event sub count=1,suspend event sub count=0
info|2024-03-12 20:09:31.318203|[SDK][WS][STAT]connected nodes,count=1
info|2024-03-12 20:09:31.690751|[EVENT][SUB][doLoop]event sub tasks report,working event sub count=1,suspend event sub count=0
info|2024-03-12 20:09:51.325804|[SDK][WS][STAT]connected nodes,count=1
info|2024-03-12 20:09:51.697451|[EVENT][SUB][doLoop]event sub tasks report,working event sub count=1,suspend event sub count=0
info|2024-03-12 20:10:11.341199|[SDK][WS][STAT]connected nodes,count=1
info|2024-03-12 20:10:11.701320|[EVENT][SUB][doLoop]event sub tasks report,working event sub count=1,suspend event sub count=0
info|2024-03-12 20:10:31.349329|[SDK][WS][STAT]connected nodes,count=1
info|2024-03-12 20:10:31.715087|[EVENT][SUB][doLoop]event sub tasks report,working event sub count=1,suspend event sub count=0
info|2024-03-12 20:10:51.357153|[SDK][WS][STAT]connected nodes,count=1
info|2024-03-12 20:10:51.719450|[EVENT][SUB][doLoop]event sub tasks report,working event sub count=1,suspend event sub count=0
info|2024-03-12 20:11:11.357816|[SDK][WS][STAT]connected nodes,count=1
info|2024-03-12 20:11:11.723999|[EVENT][SUB][doLoop]event sub tasks report,working event sub count=1,suspend event sub count=0
info|2024-03-12 20:11:31.360736|[SDK][WS][STAT]connected nodes,count=1
info|2024-03-12 20:11:31.729386|[EVENT][SUB][doLoop]event sub tasks report,working event sub count=1,suspend event sub count=0
info|2024-03-12 20:11:51.368281|[SDK][WS][STAT]connected nodes,count=1
info|2024-03-12 20:11:51.739306|[EVENT][SUB][doLoop]event sub tasks report,working event sub count=1,suspend event sub count=0
info|2024-03-12 20:12:11.380206|[SDK][WS][STAT]connected nodes,count=1
info|2024-03-12 20:12:11.753082|[EVENT][SUB][doLoop]event sub tasks report,working event sub count=1,suspend event sub count=0
info|2024-03-12 20:12:31.392299|[SDK][WS][STAT]connected nodes,count=1
info|2024-03-12 20:12:31.764173|[EVENT][SUB][doLoop]event sub tasks report,working event sub count=1,suspend event sub count=0
info|2024-03-12 20:12:51.404968|[SDK][WS][STAT]connected nodes,count=1
info|2024-03-12 20:12:51.777263|[EVENT][SUB][doLoop]event sub tasks report,working event sub count=1,suspend event sub count=0
info|2024-03-12 20:13:11.405287|[SDK][WS][STAT]connected nodes,count=1
info|2024-03-12 20:13:11.779216|[EVENT][SUB][doLoop]event sub tasks report,working event sub count=1,suspend event sub count=0
info|2024-03-12 20:13:31.408976|[SDK][WS][STAT]connected nodes,count=1
info|2024-03-12 20:13:31.781235|[EVENT][SUB][doLoop]event sub tasks report,working event sub count=1,suspend event sub count=0
info|2024-03-12 20:13:51.410019|[SDK][WS][STAT]connected nodes,count=1
info|2024-03-12 20:13:51.785038|[EVENT][SUB][doLoop]event sub tasks report,working event sub count=1,suspend event sub count=0
info|2024-03-12 20:14:11.410915|[SDK][WS][STAT]connected nodes,count=1
info|2024-03-12 20:14:11.789178|[EVENT][SUB][doLoop]event sub tasks report,working event sub count=1,suspend event sub count=0
info|2024-03-12 20:14:31.413264|[SDK][WS][STAT]connected nodes,count=1
info|2024-03-12 20:14:31.798874|[EVENT][SUB][doLoop]event sub tasks report,working event sub count=1,suspend event sub count=0
info|2024-03-12 20:14:51.421990|[SDK][WS][STAT]connected nodes,count=1
info|2024-03-12 20:14:51.812690|[EVENT][SUB][doLoop]event sub tasks report,working event sub count=1,suspend event sub count=0
info|2024-03-12 20:15:11.425407|[SDK][WS][STAT]connected nodes,count=1
info|2024-03-12 20:15:11.815562|[EVENT][SUB][doLoop]event sub tasks report,working event sub count=1,suspend event sub count=0
info|2024-03-12 20:15:31.436296|[SDK][WS][STAT]connected nodes,count=1
info|2024-03-12 20:15:31.819220|[EVENT][SUB][doLoop]event sub tasks report,working event sub count=1,suspend event sub count=0
info|2024-03-12 20:15:51.448168|[SDK][WS][STAT]connected nodes,count=1
info|2024-03-12 20:15:51.828380|[EVENT][SUB][doLoop]event sub tasks report,working event sub count=1,suspend event sub count=0
