info|2024-03-14 23:37:30.561441|[SDK][WS][SERVICE],[NEWOBJ][WsService]=0000017E38A7C850
info|2024-03-14 23:37:30.561441|[RPCWS][SERVICE]init the local protocol,minVersion=1,maxVersion=1,module=2
info|2024-03-14 23:37:30.561441|[startThread]start the timer thread
info|2024-03-14 23:37:30.561441|[startThread]the timer thread start,threadName=timerFactory
info|2024-03-14 23:37:30.563432|[DEFAULT][WS][INITIALIZER][initWsService]start websocket service as client,connected endpoints size=1
info|2024-03-14 23:37:30.563432|[DEFAULT][WS][INITIALIZER][initWsService]initializer for websocket service,listenIP=,listenPort=0,disableSsl=false,server=false,client=true,threadPoolSize=12,maxMsgSize=33554432,msgTimeOut=-1,connected peers=1
info|2024-03-14 23:37:30.563432|[buildJsonRpc]build json rpc,sendRequestToHighestBlockNode=true
info|2024-03-14 23:37:30.563432|[bcos_sdk_create][NEWOBJ],sdk=0000017E38B0B090,version=FISCO BCOS C SDK Version : 3.4.0
Build Time         : 20230612 08:01:53
Build Type         : Windows/unknown/Release
Git Branch         : HEAD
Git Commit         : 8829d018c34fe8f5c8db7422aa44144d0e2b6cf8
,peers_count=1,disable_ssl=0,message_timeout_ms=-1,reconnect_period_ms=20000,heartbeat_period_ms=20000,send_rpc_request_to_highest_block_node=1
info|2024-03-14 23:37:31.133567|[DEFAULT][WS][CONNECTOR][connectToWsServer]async_connect success,endpoint=10.21.32.192:20200
info|2024-03-14 23:37:31.133567|[DEFAULT][WS][STREAM],[NEWOBJ][WsStream]=0000017E38DAD640
info|2024-03-14 23:37:31.140570|[DEFAULT][BOOSTSSL][NODEINFO][NEW]SSLContext pubHex: 3082010a0282010100d62f5d0f383e2bb3a8444b58b0f0487cebaf6380048261442fb09169c29bd199f35a18ea7bca1b55969d73155b37c7949109dce129bd7ff4701356d3d89ab041fa109eb1bfa80fda18c4f49a1cb01c65aecc9bd7cb0708ecf299fd30751d122089a6dd77429ed9f2fb0205c99293ad43c0a367d71c937574efba25ce91eb149a785a3030c5cfdced543921ad0100bb6f3784d5889d329e420b473d049c8c86d278a49f764d07a97154cb35ac52c47c9c9c4352397863b2f7d222f7bb43df5717308bb4e1fc45175efa32002b2e6178903f312a90ab1c3849bdc1db68466e26b50685490b4092b16793f099f841eedfdbc5445c1d2990d039dc0621e42a2654650203010001
warning|2024-03-14 23:37:31.140570|[DEFAULT][BOOSTSSL][NODEINFO]Get ca basic failed
info|2024-03-14 23:37:31.141558|[DEFAULT][BOOSTSSL][NODEINFO][NEW]SSLContext pubHex: 3082010a0282010100d3db6eb1c285ddcf25ab4adceaa0fc145546f98eb23921a1a1bf80ad526b9f85c4536da970ef687603ce712ef78c109741d53123df3e9d0089396188af93b0d736cc2805b974d81cbba6ce5261526f3a6f098f8333bce2643d3c79786d36148fb05ebb1ef0d62ec7ea2b5e4c69a1493f2874c9b6a8d2eb05fafcae2a75ea6fde46c6abefcd9286b367f4976907868e8a9e24e36fab68191c17bafdb77e3af4dfed29589941965d50ee8247974c48a6e06f87bb01690985174096c34369c8be87180754103d2d727f1db88f10dc7cdc8a66452fb0e9799dd21092da65e9f68ef11afd5c63f0dde493233f3327509d9cc04b4152d233516b10386441b5ae770fa30203010001
info|2024-03-14 23:37:31.151566|[DEFAULT][WS][CONNECTOR][connectToWsServer]ssl async_handshake success,host=10.21.32.192,port=20200
info|2024-03-14 23:37:31.166567|[DEFAULT][WS][CONNECTOR][connectToWsServer]websocket handshake successfully,host=10.21.32.192,port=20200
info|2024-03-14 23:37:31.166567|[SDK][WS][SESSION],[NEWOBJ][WSSESSION]=0000017E388F3020
info|2024-03-14 23:37:31.166567|[SDK][WS][SERVICE][newSession]start the session,endPoint=10.21.32.192:20200
info|2024-03-14 23:37:31.166567|[SDK][WS][SERVICE][addSession]map the session,endPoint=10.21.32.192:20200,result=true
info|2024-03-14 23:37:31.166567|[SDK][WS][SERVICE][onConnect],endpoint=10.21.32.192:20200,refCount=6
info|2024-03-14 23:37:31.166567|[RPCWS][SERVICE][startHandshake],endpoint=10.21.32.192:20200
info|2024-03-14 23:37:31.166567|[SDK][WS][SERVICE][start]start websocket service successfully,model=1,max msg size=33554432
info|2024-03-14 23:37:31.166567|[SDK][WS][SESSION][startAsClient]websocket handshake successfully,endPoint=10.21.32.192:20200,session=0000017E388F3020
info|2024-03-14 23:37:31.172567|[RPCWS][SERVICE][fromJson] new group info,groupInfo=,group=group0,chain=chain0,nodeSize=1
info|2024-03-14 23:37:31.172567|[RPCWS][SERVICE][fromJson]parser protocol version,protocolVersion=1,groupInfoList size=1,groupBlockNumber size=1
info|2024-03-14 23:37:31.172567|[RPCWS][SERVICE][updateGroupInfoByEp],endPoint=10.21.32.192:20200,group=group0,chainID=chain0,genesisConfig={"blockTxCountLimit":1000,"consensusLeaderPeriod":1,"consensusType":"pbft","sealerList":[{"nodeID":"70483ec6dbcad6ad7226cb77a208f51a97986ad5a8195492f726e8707604076487450244be6158375d20fb575d0cb62a214a227e81e7f40191c217014cc4ec38","weight":1},{"nodeID":"d29f77478637b5d19d56d5e5a1f2bf8ba373692298cd062e7c1fcdb51de5830fb1b7453d07f1068ab6ba64c40b65c7461d75b41c641e71c64df71fd5f03bd257","weight":1}],"txGasLimit":3000000000}
,iniConfig=,nodesNum=1
info|2024-03-14 23:37:31.172567|[RPCWS][SERVICE][updateGroupInfo],endPoint=10.21.32.192:20200,group=group0,chainID=chain0,nodesNum=1
info|2024-03-14 23:37:31.172567|[RPCWS][SERVICE][clearGroupInfoByEp],endPoint=10.21.32.192:20200,group=group0
info|2024-03-14 23:37:31.172567|[RPCWS][SERVICE][printGroupInfo],total count=1
info|2024-03-14 23:37:31.172567|[RPCWS][SERVICE][printGroupInfo]group list,group=group0,count=1
info|2024-03-14 23:37:31.172567|[RPCWS][SERVICE][printGroupInfo]node list,group=group0,node=70483ec6dbcad6ad7226cb77a208f51a97986ad5a8195492f726e8707604076487450244be6158375d20fb575d0cb62a214a227e81e7f40191c217014cc4ec38,count=1
info|2024-03-14 23:37:31.172567|[RPCWS][SERVICE][updateGroupBlockNumber],groupID=group0,_blockNumber=410
info|2024-03-14 23:37:31.172567|[AMOP][CLIENT][updateTopicsToRemote]send subscribe message to server,endpoint=10.21.32.192:20200,topics={"topics":[]}
info|2024-03-14 23:37:31.172567|[RPCWS][SERVICE][startHandshake]handshake successfully,endPoint=10.21.32.192:20200,handshake version=1,groupInfoList size=1,groupBlockNumber size=1,handshake string={"groupBlockNumber":[{"group0":410}],"groupInfoList":[{"chainID":"chain0","genesisConfig":"{\"blockTxCountLimit\":1000,\"consensusLeaderPeriod\":1,\"consensusType\":\"pbft\",\"sealerList\":[{\"nodeID\":\"70483ec6dbcad6ad7226cb77a208f51a97986ad5a8195492f726e8707604076487450244be6158375d20fb575d0cb62a214a227e81e7f40191c217014cc4ec38\",\"weight\":1},{\"nodeID\":\"d29f77478637b5d19d56d5e5a1f2bf8ba373692298cd062e7c1fcdb51de5830fb1b7453d07f1068ab6ba64c40b65c7461d75b41c641e71c64df71fd5f03bd257\",\"weight\":1}],\"txGasLimit\":3000000000}\n","groupID":"group0","iniConfig":"","nodeList":[{"iniConfig":"{\"binaryInfo\":{\"buildTime\":\"20230616 16:54:30\",\"gitCommitHash\":\"e7fb7bb46343ebb563dfc937a2fb68e07e463c10\",\"platform\":\"Linux/g++\",\"version\":\"3.4.0\"},\"chainID\":\"chain0\",\"gatewayServiceName\":\"\",\"groupID\":\"group0\",\"isAuthCheck\":false,\"isSerialExecute\":true,\"isWasm\":false,\"nodeID\":\"70483ec6dbcad6ad7226cb77a208f51a97986ad5a8195492f726e8707604076487450244be6158375d20fb575d0cb62a214a227e81e7f40191c217014cc4ec38\",\"nodeName\":\"70483ec6dbcad6ad7226cb77a208f51a97986ad5a8195492f726e8707604076487450244be6158375d20fb575d0cb62a214a227e81e7f40191c217014cc4ec38\",\"rpcServiceName\":\"\",\"smCryptoType\":false}\n","microService":false,"name":"70483ec6dbcad6ad7226cb77a208f51a97986ad5a8195492f726e8707604076487450244be6158375d20fb575d0cb62a214a227e81e7f40191c217014cc4ec38","nodeID":"70483ec6dbcad6ad7226cb77a208f51a97986ad5a8195492f726e8707604076487450244be6158375d20fb575d0cb62a214a227e81e7f40191c217014cc4ec38","protocol":{"compatibilityVersion":50593792,"maxSupportedVersion":1,"minSupportedVersion":0},"serviceInfo":[{"serviceName":"LedgerServiceObj","type":2},{"serviceName":"SchedulerServiceObj","type":3},{"serviceName":"FrontServiceObj","type":4},{"serviceName":"","type":6},{"serviceName":"","type":7},{"serviceName":"TxPoolServiceObj","type":8}],"type":0}]}],"protocolVersion":1}
info|2024-03-14 23:37:31.269187|[RPCWS][SERVICE][waitForConnectionEstablish]wait for websocket connection handshake success,suc count=1
info|2024-03-14 23:37:31.269187|[RPC][IMPL][start]start rpc
info|2024-03-14 23:37:31.269187|[SDK][WS][SERVICE][start]websocket service is running
info|2024-03-14 23:37:31.378811|[RPCWS][SERVICE][waitForConnectionEstablish]wait for websocket connection handshake success,suc count=1
info|2024-03-14 23:37:31.378811|[AMOP][CLIENT][start]start amop
info|2024-03-14 23:37:31.378811|[SDK][WS][SERVICE][start]websocket service is running
info|2024-03-14 23:37:31.487425|[RPCWS][SERVICE][waitForConnectionEstablish]wait for websocket connection handshake success,suc count=1
info|2024-03-14 23:37:31.487425|[EVENT][SUB][start]start event sub successfully,sendMsgTimeout=-1,reconnectPeriod=20000
info|2024-03-14 23:37:31.487425|[SDK][WS][SERVICE][start]websocket service is running
info|2024-03-14 23:37:31.596904|[RPCWS][SERVICE][waitForConnectionEstablish]wait for websocket connection handshake success,suc count=1
info|2024-03-14 23:37:31.607896|[RPC][IMPL][getGroupInfo][get group info from cache],hitCache=true,response={"id":1,"jsonrpc":"2.0","result":{"chainID":"chain0","genesisConfig":"{\"blockTxCountLimit\":1000,\"consensusLeaderPeriod\":1,\"consensusType\":\"pbft\",\"sealerList\":[{\"nodeID\":\"70483ec6dbcad6ad7226cb77a208f51a97986ad5a8195492f726e8707604076487450244be6158375d20fb575d0cb62a214a227e81e7f40191c217014cc4ec38\",\"weight\":1},{\"nodeID\":\"d29f77478637b5d19d56d5e5a1f2bf8ba373692298cd062e7c1fcdb51de5830fb1b7453d07f1068ab6ba64c40b65c7461d75b41c641e71c64df71fd5f03bd257\",\"weight\":1}],\"txGasLimit\":3000000000}\n","groupID":"group0","iniConfig":"","nodeList":[{"iniConfig":"{\"binaryInfo\":{\"buildTime\":\"20230616 16:54:30\",\"gitCommitHash\":\"e7fb7bb46343ebb563dfc937a2fb68e07e463c10\",\"platform\":\"Linux/g++\",\"version\":\"3.4.0\"},\"chainID\":\"chain0\",\"gatewayServiceName\":\"\",\"groupID\":\"group0\",\"isAuthCheck\":false,\"isSerialExecute\":true,\"isWasm\":false,\"nodeID\":\"70483ec6dbcad6ad7226cb77a208f51a97986ad5a8195492f726e8707604076487450244be6158375d20fb575d0cb62a214a227e81e7f40191c217014cc4ec38\",\"nodeName\":\"70483ec6dbcad6ad7226cb77a208f51a97986ad5a8195492f726e8707604076487450244be6158375d20fb575d0cb62a214a227e81e7f40191c217014cc4ec38\",\"rpcServiceName\":\"\",\"smCryptoType\":false}\n","name":"70483ec6dbcad6ad7226cb77a208f51a97986ad5a8195492f726e8707604076487450244be6158375d20fb575d0cb62a214a227e81e7f40191c217014cc4ec38","protocol":{"compatibilityVersion":50593792,"maxSupportedVersion":1,"minSupportedVersion":0},"serviceInfo":[{"serviceName":"LedgerServiceObj","type":2},{"serviceName":"SchedulerServiceObj","type":3},{"serviceName":"FrontServiceObj","type":4},{"serviceName":"","type":6},{"serviceName":"","type":7},{"serviceName":"TxPoolServiceObj","type":8}],"type":0}],"smCryptoType":false,"wasm":false}}
info|2024-03-14 23:37:31.866458|[SDK][WS][SERVICE][start]websocket service is running
info|2024-03-14 23:37:31.972973|[RPCWS][SERVICE][waitForConnectionEstablish]wait for websocket connection handshake success,suc count=1
info|2024-03-14 23:37:31.972973|[RPC][IMPL][start]start rpc
info|2024-03-14 23:37:31.972973|[SDK][WS][SERVICE][start]websocket service is running
info|2024-03-14 23:37:32.081089|[RPCWS][SERVICE][waitForConnectionEstablish]wait for websocket connection handshake success,suc count=1
info|2024-03-14 23:37:32.081089|[AMOP][CLIENT][start]start amop
info|2024-03-14 23:37:32.081089|[EVENT][SUB][start]event sub is running
info|2024-03-14 23:37:32.081089|[SDK][WS][SERVICE][start]websocket service is running
info|2024-03-14 23:37:32.190288|[RPCWS][SERVICE][waitForConnectionEstablish]wait for websocket connection handshake success,suc count=1
info|2024-03-14 23:37:32.199290|[EVENT][PARAMS][fromJsonString],jsonString={"fromBlock":-1,"toBlock":-1,"addresses":[],"topics":[["LogCreateActivity(uint256,address, DataStructs.Activity,uint256)"],null,null,null]},params={fromBlock: -1toBlock: -1addresses: topics: index: 0LogCreateActivity(uint256,address, DataStructs.Activity,uint256) 0,}
info|2024-03-14 23:37:32.199290|[EVENT][SUB][subscribeEvent]subscribe event,id=a589ff69907243fa833ebf53fe8ff809,group=group0,request={"group":"group0","id":"a589ff69907243fa833ebf53fe8ff809","params":{"addresses":[],"fromBlock":-1,"toBlock":-1,"topics":[["LogCreateActivity(uint256,address, DataStructs.Activity,uint256)"]]}}
info|2024-03-14 23:37:32.208293|[EVENT][SUB][subscribeEvent]callback response success,id=a589ff69907243fa833ebf53fe8ff809,response={"id":"a589ff69907243fa833ebf53fe8ff809","status":0}
info|2024-03-14 23:37:51.497820|[EVENT][SUB][doLoop]event sub tasks report,working event sub count=1,suspend event sub count=0
info|2024-03-14 23:38:11.174313|[SDK][WS][STAT]connected nodes,count=1
info|2024-03-14 23:38:11.499877|[EVENT][SUB][doLoop]event sub tasks report,working event sub count=1,suspend event sub count=0
info|2024-03-14 23:38:31.186138|[SDK][WS][STAT]connected nodes,count=1
info|2024-03-14 23:38:31.509850|[EVENT][SUB][doLoop]event sub tasks report,working event sub count=1,suspend event sub count=0
info|2024-03-14 23:38:51.198294|[SDK][WS][STAT]connected nodes,count=1
info|2024-03-14 23:38:51.524576|[EVENT][SUB][doLoop]event sub tasks report,working event sub count=1,suspend event sub count=0
info|2024-03-14 23:39:11.209911|[SDK][WS][STAT]connected nodes,count=1
info|2024-03-14 23:39:11.535002|[EVENT][SUB][doLoop]event sub tasks report,working event sub count=1,suspend event sub count=0
info|2024-03-14 23:39:31.224967|[SDK][WS][STAT]connected nodes,count=1
info|2024-03-14 23:39:31.547217|[EVENT][SUB][doLoop]event sub tasks report,working event sub count=1,suspend event sub count=0
info|2024-03-14 23:39:51.239413|[SDK][WS][STAT]connected nodes,count=1
info|2024-03-14 23:39:51.562582|[EVENT][SUB][doLoop]event sub tasks report,working event sub count=1,suspend event sub count=0
info|2024-03-14 23:40:11.248804|[SDK][WS][STAT]connected nodes,count=1
info|2024-03-14 23:40:11.568187|[EVENT][SUB][doLoop]event sub tasks report,working event sub count=1,suspend event sub count=0
info|2024-03-14 23:40:31.252100|[SDK][WS][STAT]connected nodes,count=1
info|2024-03-14 23:40:31.571946|[EVENT][SUB][doLoop]event sub tasks report,working event sub count=1,suspend event sub count=0
info|2024-03-14 23:40:44.574625|[RPC][BLOCK][NUMBER][fromJson],group=group0,node=70483ec6dbcad6ad7226cb77a208f51a97986ad5a8195492f726e8707604076487450244be6158375d20fb575d0cb62a214a227e81e7f40191c217014cc4ec38,blockNumber=411
info|2024-03-14 23:40:44.575593|[RPCWS][SERVICE][onRecvBlockNotifier]receive block number notifier,group=group0,node=70483ec6dbcad6ad7226cb77a208f51a97986ad5a8195492f726e8707604076487450244be6158375d20fb575d0cb62a214a227e81e7f40191c217014cc4ec38,blockNumber=411
info|2024-03-14 23:40:44.575593|[RPCWS][SERVICE][updateGroupBlockNumber],groupID=group0,_blockNumber=411
info|2024-03-14 23:40:44.575593|[RPCWS][SERVICE][onRecvBlockNotifier]block notifier callback,group=group0,node=70483ec6dbcad6ad7226cb77a208f51a97986ad5a8195492f726e8707604076487450244be6158375d20fb575d0cb62a214a227e81e7f40191c217014cc4ec38,blockNumber=411
info|2024-03-14 23:40:44.575593|[WS]receive block notify,endpoint=10.21.32.192:20200,blk={
	"blockNumber" : 411,
	"group" : "group0",
	"nodeName" : "70483ec6dbcad6ad7226cb77a208f51a97986ad5a8195492f726e8707604076487450244be6158375d20fb575d0cb62a214a227e81e7f40191c217014cc4ec38"
}
info|2024-03-14 23:40:51.264241|[SDK][WS][STAT]connected nodes,count=1
info|2024-03-14 23:40:51.582111|[EVENT][SUB][doLoop]event sub tasks report,working event sub count=1,suspend event sub count=0
info|2024-03-14 23:41:11.277048|[SDK][WS][STAT]connected nodes,count=1
info|2024-03-14 23:41:11.586509|[EVENT][SUB][doLoop]event sub tasks report,working event sub count=1,suspend event sub count=0
info|2024-03-14 23:41:31.283592|[SDK][WS][STAT]connected nodes,count=1
info|2024-03-14 23:41:31.596213|[EVENT][SUB][doLoop]event sub tasks report,working event sub count=1,suspend event sub count=0
info|2024-03-14 23:41:51.283701|[SDK][WS][STAT]connected nodes,count=1
info|2024-03-14 23:41:51.596831|[EVENT][SUB][doLoop]event sub tasks report,working event sub count=1,suspend event sub count=0
info|2024-03-14 23:42:11.287501|[SDK][WS][STAT]connected nodes,count=1
info|2024-03-14 23:42:11.611855|[EVENT][SUB][doLoop]event sub tasks report,working event sub count=1,suspend event sub count=0
info|2024-03-14 23:42:31.295613|[SDK][WS][STAT]connected nodes,count=1
info|2024-03-14 23:42:31.624157|[EVENT][SUB][doLoop]event sub tasks report,working event sub count=1,suspend event sub count=0
info|2024-03-14 23:42:51.296632|[SDK][WS][STAT]connected nodes,count=1
info|2024-03-14 23:42:51.624488|[EVENT][SUB][doLoop]event sub tasks report,working event sub count=1,suspend event sub count=0
info|2024-03-14 23:43:11.297784|[SDK][WS][STAT]connected nodes,count=1
info|2024-03-14 23:43:11.625187|[EVENT][SUB][doLoop]event sub tasks report,working event sub count=1,suspend event sub count=0
info|2024-03-14 23:43:27.281024|[RPC][BLOCK][NUMBER][fromJson],group=group0,node=70483ec6dbcad6ad7226cb77a208f51a97986ad5a8195492f726e8707604076487450244be6158375d20fb575d0cb62a214a227e81e7f40191c217014cc4ec38,blockNumber=412
info|2024-03-14 23:43:27.281024|[RPCWS][SERVICE][onRecvBlockNotifier]receive block number notifier,group=group0,node=70483ec6dbcad6ad7226cb77a208f51a97986ad5a8195492f726e8707604076487450244be6158375d20fb575d0cb62a214a227e81e7f40191c217014cc4ec38,blockNumber=412
info|2024-03-14 23:43:27.281024|[RPCWS][SERVICE][updateGroupBlockNumber],groupID=group0,_blockNumber=412
info|2024-03-14 23:43:27.281024|[RPCWS][SERVICE][onRecvBlockNotifier]block notifier callback,group=group0,node=70483ec6dbcad6ad7226cb77a208f51a97986ad5a8195492f726e8707604076487450244be6158375d20fb575d0cb62a214a227e81e7f40191c217014cc4ec38,blockNumber=412
info|2024-03-14 23:43:27.281024|[WS]receive block notify,endpoint=10.21.32.192:20200,blk={
	"blockNumber" : 412,
	"group" : "group0",
	"nodeName" : "70483ec6dbcad6ad7226cb77a208f51a97986ad5a8195492f726e8707604076487450244be6158375d20fb575d0cb62a214a227e81e7f40191c217014cc4ec38"
}
info|2024-03-14 23:43:31.309833|[SDK][WS][STAT]connected nodes,count=1
info|2024-03-14 23:43:31.634346|[EVENT][SUB][doLoop]event sub tasks report,working event sub count=1,suspend event sub count=0
info|2024-03-14 23:43:51.310865|[SDK][WS][STAT]connected nodes,count=1
info|2024-03-14 23:43:51.642313|[EVENT][SUB][doLoop]event sub tasks report,working event sub count=1,suspend event sub count=0
info|2024-03-14 23:44:11.315239|[SDK][WS][STAT]connected nodes,count=1
info|2024-03-14 23:44:11.654549|[EVENT][SUB][doLoop]event sub tasks report,working event sub count=1,suspend event sub count=0
info|2024-03-14 23:44:31.316583|[SDK][WS][STAT]connected nodes,count=1
info|2024-03-14 23:44:31.660903|[EVENT][SUB][doLoop]event sub tasks report,working event sub count=1,suspend event sub count=0
info|2024-03-14 23:44:51.327808|[SDK][WS][STAT]connected nodes,count=1
info|2024-03-14 23:44:51.667190|[EVENT][SUB][doLoop]event sub tasks report,working event sub count=1,suspend event sub count=0
info|2024-03-14 23:45:11.335890|[SDK][WS][STAT]connected nodes,count=1
info|2024-03-14 23:45:11.669717|[EVENT][SUB][doLoop]event sub tasks report,working event sub count=1,suspend event sub count=0
info|2024-03-14 23:45:31.350210|[SDK][WS][STAT]connected nodes,count=1
info|2024-03-14 23:45:31.685185|[EVENT][SUB][doLoop]event sub tasks report,working event sub count=1,suspend event sub count=0
info|2024-03-14 23:45:51.364367|[SDK][WS][STAT]connected nodes,count=1
info|2024-03-14 23:45:51.698390|[EVENT][SUB][doLoop]event sub tasks report,working event sub count=1,suspend event sub count=0
info|2024-03-14 23:46:11.369821|[SDK][WS][STAT]connected nodes,count=1
info|2024-03-14 23:46:11.702722|[EVENT][SUB][doLoop]event sub tasks report,working event sub count=1,suspend event sub count=0
info|2024-03-14 23:46:31.385599|[SDK][WS][STAT]connected nodes,count=1
info|2024-03-14 23:46:31.703216|[EVENT][SUB][doLoop]event sub tasks report,working event sub count=1,suspend event sub count=0
info|2024-03-14 23:46:51.390185|[SDK][WS][STAT]connected nodes,count=1
info|2024-03-14 23:46:51.709993|[EVENT][SUB][doLoop]event sub tasks report,working event sub count=1,suspend event sub count=0
info|2024-03-14 23:47:11.393140|[SDK][WS][STAT]connected nodes,count=1
info|2024-03-14 23:47:11.710881|[EVENT][SUB][doLoop]event sub tasks report,working event sub count=1,suspend event sub count=0
info|2024-03-14 23:47:31.403767|[SDK][WS][STAT]connected nodes,count=1
info|2024-03-14 23:47:31.722311|[EVENT][SUB][doLoop]event sub tasks report,working event sub count=1,suspend event sub count=0
info|2024-03-14 23:47:51.408299|[SDK][WS][STAT]connected nodes,count=1
info|2024-03-14 23:47:51.727046|[EVENT][SUB][doLoop]event sub tasks report,working event sub count=1,suspend event sub count=0
info|2024-03-14 23:48:11.419749|[SDK][WS][STAT]connected nodes,count=1
info|2024-03-14 23:48:11.738562|[EVENT][SUB][doLoop]event sub tasks report,working event sub count=1,suspend event sub count=0
info|2024-03-14 23:48:31.425206|[SDK][WS][STAT]connected nodes,count=1
info|2024-03-14 23:48:31.744998|[EVENT][SUB][doLoop]event sub tasks report,working event sub count=1,suspend event sub count=0
info|2024-03-14 23:48:51.425546|[SDK][WS][STAT]connected nodes,count=1
info|2024-03-14 23:48:51.752349|[EVENT][SUB][doLoop]event sub tasks report,working event sub count=1,suspend event sub count=0
info|2024-03-14 23:49:11.437710|[SDK][WS][STAT]connected nodes,count=1
info|2024-03-14 23:49:11.755159|[EVENT][SUB][doLoop]event sub tasks report,working event sub count=1,suspend event sub count=0
info|2024-03-14 23:49:31.450918|[SDK][WS][STAT]connected nodes,count=1
info|2024-03-14 23:49:31.756812|[EVENT][SUB][doLoop]event sub tasks report,working event sub count=1,suspend event sub count=0
info|2024-03-14 23:49:51.464331|[SDK][WS][STAT]connected nodes,count=1
info|2024-03-14 23:49:51.762939|[EVENT][SUB][doLoop]event sub tasks report,working event sub count=1,suspend event sub count=0
info|2024-03-14 23:50:11.480431|[SDK][WS][STAT]connected nodes,count=1
info|2024-03-14 23:50:11.774751|[EVENT][SUB][doLoop]event sub tasks report,working event sub count=1,suspend event sub count=0
info|2024-03-14 23:50:31.486265|[SDK][WS][STAT]connected nodes,count=1
info|2024-03-14 23:50:31.781100|[EVENT][SUB][doLoop]event sub tasks report,working event sub count=1,suspend event sub count=0
info|2024-03-14 23:50:51.493993|[SDK][WS][STAT]connected nodes,count=1
info|2024-03-14 23:50:51.797046|[EVENT][SUB][doLoop]event sub tasks report,working event sub count=1,suspend event sub count=0
info|2024-03-14 23:51:11.496716|[SDK][WS][STAT]connected nodes,count=1
info|2024-03-14 23:51:11.796954|[EVENT][SUB][doLoop]event sub tasks report,working event sub count=1,suspend event sub count=0
info|2024-03-14 23:51:31.508070|[SDK][WS][STAT]connected nodes,count=1
info|2024-03-14 23:51:31.800425|[EVENT][SUB][doLoop]event sub tasks report,working event sub count=1,suspend event sub count=0
info|2024-03-14 23:51:51.509681|[SDK][WS][STAT]connected nodes,count=1
info|2024-03-14 23:51:51.814792|[EVENT][SUB][doLoop]event sub tasks report,working event sub count=1,suspend event sub count=0
info|2024-03-14 23:52:11.511234|[SDK][WS][STAT]connected nodes,count=1
info|2024-03-14 23:52:11.830787|[EVENT][SUB][doLoop]event sub tasks report,working event sub count=1,suspend event sub count=0
info|2024-03-14 23:52:31.516181|[SDK][WS][STAT]connected nodes,count=1
info|2024-03-14 23:52:31.833748|[EVENT][SUB][doLoop]event sub tasks report,working event sub count=1,suspend event sub count=0
info|2024-03-14 23:52:51.528849|[SDK][WS][STAT]connected nodes,count=1
info|2024-03-14 23:52:51.839492|[EVENT][SUB][doLoop]event sub tasks report,working event sub count=1,suspend event sub count=0
info|2024-03-14 23:53:11.532563|[SDK][WS][STAT]connected nodes,count=1
info|2024-03-14 23:53:11.842600|[EVENT][SUB][doLoop]event sub tasks report,working event sub count=1,suspend event sub count=0
info|2024-03-14 23:53:28.504712|[RPC][BLOCK][NUMBER][fromJson],group=group0,node=70483ec6dbcad6ad7226cb77a208f51a97986ad5a8195492f726e8707604076487450244be6158375d20fb575d0cb62a214a227e81e7f40191c217014cc4ec38,blockNumber=413
info|2024-03-14 23:53:28.505217|[RPCWS][SERVICE][onRecvBlockNotifier]receive block number notifier,group=group0,node=70483ec6dbcad6ad7226cb77a208f51a97986ad5a8195492f726e8707604076487450244be6158375d20fb575d0cb62a214a227e81e7f40191c217014cc4ec38,blockNumber=413
info|2024-03-14 23:53:28.505217|[RPCWS][SERVICE][updateGroupBlockNumber],groupID=group0,_blockNumber=413
info|2024-03-14 23:53:28.505217|[RPCWS][SERVICE][onRecvBlockNotifier]block notifier callback,group=group0,node=70483ec6dbcad6ad7226cb77a208f51a97986ad5a8195492f726e8707604076487450244be6158375d20fb575d0cb62a214a227e81e7f40191c217014cc4ec38,blockNumber=413
info|2024-03-14 23:53:28.505217|[WS]receive block notify,endpoint=10.21.32.192:20200,blk={
	"blockNumber" : 413,
	"group" : "group0",
	"nodeName" : "70483ec6dbcad6ad7226cb77a208f51a97986ad5a8195492f726e8707604076487450244be6158375d20fb575d0cb62a214a227e81e7f40191c217014cc4ec38"
}
info|2024-03-14 23:53:31.547690|[SDK][WS][STAT]connected nodes,count=1
info|2024-03-14 23:53:31.843241|[EVENT][SUB][doLoop]event sub tasks report,working event sub count=1,suspend event sub count=0
info|2024-03-14 23:53:51.556769|[SDK][WS][STAT]connected nodes,count=1
info|2024-03-14 23:53:51.851805|[EVENT][SUB][doLoop]event sub tasks report,working event sub count=1,suspend event sub count=0
info|2024-03-14 23:54:11.570051|[SDK][WS][STAT]connected nodes,count=1
info|2024-03-14 23:54:11.689342|[RPC][BLOCK][NUMBER][fromJson],group=group0,node=70483ec6dbcad6ad7226cb77a208f51a97986ad5a8195492f726e8707604076487450244be6158375d20fb575d0cb62a214a227e81e7f40191c217014cc4ec38,blockNumber=414
info|2024-03-14 23:54:11.689342|[RPCWS][SERVICE][onRecvBlockNotifier]receive block number notifier,group=group0,node=70483ec6dbcad6ad7226cb77a208f51a97986ad5a8195492f726e8707604076487450244be6158375d20fb575d0cb62a214a227e81e7f40191c217014cc4ec38,blockNumber=414
info|2024-03-14 23:54:11.689342|[RPCWS][SERVICE][updateGroupBlockNumber],groupID=group0,_blockNumber=414
info|2024-03-14 23:54:11.689342|[RPCWS][SERVICE][onRecvBlockNotifier]block notifier callback,group=group0,node=70483ec6dbcad6ad7226cb77a208f51a97986ad5a8195492f726e8707604076487450244be6158375d20fb575d0cb62a214a227e81e7f40191c217014cc4ec38,blockNumber=414
info|2024-03-14 23:54:11.689342|[WS]receive block notify,endpoint=10.21.32.192:20200,blk={
	"blockNumber" : 414,
	"group" : "group0",
	"nodeName" : "70483ec6dbcad6ad7226cb77a208f51a97986ad5a8195492f726e8707604076487450244be6158375d20fb575d0cb62a214a227e81e7f40191c217014cc4ec38"
}
info|2024-03-14 23:54:11.851909|[EVENT][SUB][doLoop]event sub tasks report,working event sub count=1,suspend event sub count=0
info|2024-03-14 23:54:31.570712|[SDK][WS][STAT]connected nodes,count=1
info|2024-03-14 23:54:31.855682|[EVENT][SUB][doLoop]event sub tasks report,working event sub count=1,suspend event sub count=0
info|2024-03-14 23:54:51.577578|[SDK][WS][STAT]connected nodes,count=1
info|2024-03-14 23:54:51.856841|[EVENT][SUB][doLoop]event sub tasks report,working event sub count=1,suspend event sub count=0
info|2024-03-14 23:55:04.815207|[RPC][BLOCK][NUMBER][fromJson],group=group0,node=70483ec6dbcad6ad7226cb77a208f51a97986ad5a8195492f726e8707604076487450244be6158375d20fb575d0cb62a214a227e81e7f40191c217014cc4ec38,blockNumber=415
info|2024-03-14 23:55:04.815207|[RPCWS][SERVICE][onRecvBlockNotifier]receive block number notifier,group=group0,node=70483ec6dbcad6ad7226cb77a208f51a97986ad5a8195492f726e8707604076487450244be6158375d20fb575d0cb62a214a227e81e7f40191c217014cc4ec38,blockNumber=415
info|2024-03-14 23:55:04.815207|[RPCWS][SERVICE][updateGroupBlockNumber],groupID=group0,_blockNumber=415
info|2024-03-14 23:55:04.815207|[RPCWS][SERVICE][onRecvBlockNotifier]block notifier callback,group=group0,node=70483ec6dbcad6ad7226cb77a208f51a97986ad5a8195492f726e8707604076487450244be6158375d20fb575d0cb62a214a227e81e7f40191c217014cc4ec38,blockNumber=415
info|2024-03-14 23:55:04.815207|[WS]receive block notify,endpoint=10.21.32.192:20200,blk={
	"blockNumber" : 415,
	"group" : "group0",
	"nodeName" : "70483ec6dbcad6ad7226cb77a208f51a97986ad5a8195492f726e8707604076487450244be6158375d20fb575d0cb62a214a227e81e7f40191c217014cc4ec38"
}
info|2024-03-14 23:55:11.591434|[SDK][WS][STAT]connected nodes,count=1
info|2024-03-14 23:55:11.870668|[EVENT][SUB][doLoop]event sub tasks report,working event sub count=1,suspend event sub count=0
info|2024-03-14 23:55:31.604454|[SDK][WS][STAT]connected nodes,count=1
info|2024-03-14 23:55:31.871136|[EVENT][SUB][doLoop]event sub tasks report,working event sub count=1,suspend event sub count=0
info|2024-03-14 23:55:51.613705|[SDK][WS][STAT]connected nodes,count=1
info|2024-03-14 23:55:51.875618|[EVENT][SUB][doLoop]event sub tasks report,working event sub count=1,suspend event sub count=0
info|2024-03-14 23:56:11.614644|[SDK][WS][STAT]connected nodes,count=1
info|2024-03-14 23:56:11.883103|[EVENT][SUB][doLoop]event sub tasks report,working event sub count=1,suspend event sub count=0
info|2024-03-14 23:56:31.624413|[SDK][WS][STAT]connected nodes,count=1
info|2024-03-14 23:56:31.894391|[EVENT][SUB][doLoop]event sub tasks report,working event sub count=1,suspend event sub count=0
info|2024-03-14 23:56:51.629332|[SDK][WS][STAT]connected nodes,count=1
info|2024-03-14 23:56:51.909884|[EVENT][SUB][doLoop]event sub tasks report,working event sub count=1,suspend event sub count=0
info|2024-03-14 23:57:11.638172|[SDK][WS][STAT]connected nodes,count=1
info|2024-03-14 23:57:11.918813|[EVENT][SUB][doLoop]event sub tasks report,working event sub count=1,suspend event sub count=0
info|2024-03-14 23:57:31.642315|[SDK][WS][STAT]connected nodes,count=1
info|2024-03-14 23:57:31.922865|[EVENT][SUB][doLoop]event sub tasks report,working event sub count=1,suspend event sub count=0
info|2024-03-14 23:57:51.655403|[SDK][WS][STAT]connected nodes,count=1
info|2024-03-14 23:57:51.934750|[EVENT][SUB][doLoop]event sub tasks report,working event sub count=1,suspend event sub count=0
info|2024-03-14 23:58:11.663904|[SDK][WS][STAT]connected nodes,count=1
info|2024-03-14 23:58:11.942804|[EVENT][SUB][doLoop]event sub tasks report,working event sub count=1,suspend event sub count=0
info|2024-03-14 23:58:31.666495|[SDK][WS][STAT]connected nodes,count=1
info|2024-03-14 23:58:31.944488|[EVENT][SUB][doLoop]event sub tasks report,working event sub count=1,suspend event sub count=0
info|2024-03-14 23:58:51.677664|[SDK][WS][STAT]connected nodes,count=1
info|2024-03-14 23:58:51.946248|[EVENT][SUB][doLoop]event sub tasks report,working event sub count=1,suspend event sub count=0
info|2024-03-14 23:59:11.682889|[SDK][WS][STAT]connected nodes,count=1
info|2024-03-14 23:59:11.954956|[EVENT][SUB][doLoop]event sub tasks report,working event sub count=1,suspend event sub count=0
info|2024-03-14 23:59:31.693824|[SDK][WS][STAT]connected nodes,count=1
info|2024-03-14 23:59:31.956676|[EVENT][SUB][doLoop]event sub tasks report,working event sub count=1,suspend event sub count=0
info|2024-03-14 23:59:51.695715|[SDK][WS][STAT]connected nodes,count=1
info|2024-03-14 23:59:51.959612|[EVENT][SUB][doLoop]event sub tasks report,working event sub count=1,suspend event sub count=0
