info|2024-03-15 19:14:15.650105|[SDK][WS][SERVICE],[NEWOBJ][WsService]=000001694E007390
info|2024-03-15 19:14:15.650105|[RPCWS][SERVICE]init the local protocol,minVersion=1,maxVersion=1,module=2
info|2024-03-15 19:14:15.651110|[startThread]start the timer thread
info|2024-03-15 19:14:15.651110|[startThread]the timer thread start,threadName=timerFactory
info|2024-03-15 19:14:15.653110|[DEFAULT][WS][INITIALIZER][initWsService]start websocket service as client,connected endpoints size=1
info|2024-03-15 19:14:15.653110|[DEFAULT][WS][INITIALIZER][initWsService]initializer for websocket service,listenIP=,listenPort=0,disableSsl=false,server=false,client=true,threadPoolSize=12,maxMsgSize=33554432,msgTimeOut=-1,connected peers=1
info|2024-03-15 19:14:15.653110|[buildJsonRpc]build json rpc,sendRequestToHighestBlockNode=true
info|2024-03-15 19:14:15.653110|[bcos_sdk_create][NEWOBJ],sdk=000001694DDA6C40,version=FISCO BCOS C SDK Version : 3.4.0
Build Time         : 20230612 08:01:53
Build Type         : Windows/unknown/Release
Git Branch         : HEAD
Git Commit         : 8829d018c34fe8f5c8db7422aa44144d0e2b6cf8
,peers_count=1,disable_ssl=0,message_timeout_ms=-1,reconnect_period_ms=20000,heartbeat_period_ms=20000,send_rpc_request_to_highest_block_node=1
info|2024-03-15 19:14:16.392447|[DEFAULT][WS][CONNECTOR][connectToWsServer]async_connect success,endpoint=10.21.32.192:20200
info|2024-03-15 19:14:16.392447|[DEFAULT][WS][STREAM],[NEWOBJ][WsStream]=000001694BB9BAC0
info|2024-03-15 19:14:16.400971|[DEFAULT][BOOSTSSL][NODEINFO][NEW]SSLContext pubHex: 3082010a0282010100d62f5d0f383e2bb3a8444b58b0f0487cebaf6380048261442fb09169c29bd199f35a18ea7bca1b55969d73155b37c7949109dce129bd7ff4701356d3d89ab041fa109eb1bfa80fda18c4f49a1cb01c65aecc9bd7cb0708ecf299fd30751d122089a6dd77429ed9f2fb0205c99293ad43c0a367d71c937574efba25ce91eb149a785a3030c5cfdced543921ad0100bb6f3784d5889d329e420b473d049c8c86d278a49f764d07a97154cb35ac52c47c9c9c4352397863b2f7d222f7bb43df5717308bb4e1fc45175efa32002b2e6178903f312a90ab1c3849bdc1db68466e26b50685490b4092b16793f099f841eedfdbc5445c1d2990d039dc0621e42a2654650203010001
warning|2024-03-15 19:14:16.400971|[DEFAULT][BOOSTSSL][NODEINFO]Get ca basic failed
info|2024-03-15 19:14:16.401971|[DEFAULT][BOOSTSSL][NODEINFO][NEW]SSLContext pubHex: 3082010a0282010100d3db6eb1c285ddcf25ab4adceaa0fc145546f98eb23921a1a1bf80ad526b9f85c4536da970ef687603ce712ef78c109741d53123df3e9d0089396188af93b0d736cc2805b974d81cbba6ce5261526f3a6f098f8333bce2643d3c79786d36148fb05ebb1ef0d62ec7ea2b5e4c69a1493f2874c9b6a8d2eb05fafcae2a75ea6fde46c6abefcd9286b367f4976907868e8a9e24e36fab68191c17bafdb77e3af4dfed29589941965d50ee8247974c48a6e06f87bb01690985174096c34369c8be87180754103d2d727f1db88f10dc7cdc8a66452fb0e9799dd21092da65e9f68ef11afd5c63f0dde493233f3327509d9cc04b4152d233516b10386441b5ae770fa30203010001
info|2024-03-15 19:14:16.423425|[DEFAULT][WS][CONNECTOR][connectToWsServer]ssl async_handshake success,host=10.21.32.192,port=20200
info|2024-03-15 19:14:16.425942|[DEFAULT][WS][CONNECTOR][connectToWsServer]websocket handshake successfully,host=10.21.32.192,port=20200
info|2024-03-15 19:14:16.425942|[SDK][WS][SESSION],[NEWOBJ][WSSESSION]=000001694B39A020
info|2024-03-15 19:14:16.425942|[SDK][WS][SERVICE][newSession]start the session,endPoint=10.21.32.192:20200
info|2024-03-15 19:14:16.425942|[SDK][WS][SERVICE][addSession]map the session,endPoint=10.21.32.192:20200,result=true
info|2024-03-15 19:14:16.425942|[SDK][WS][SERVICE][onConnect],endpoint=10.21.32.192:20200,refCount=6
info|2024-03-15 19:14:16.425942|[RPCWS][SERVICE][startHandshake],endpoint=10.21.32.192:20200
info|2024-03-15 19:14:16.425942|[SDK][WS][SERVICE][start]start websocket service successfully,model=1,max msg size=33554432
info|2024-03-15 19:14:16.425942|[SDK][WS][SESSION][startAsClient]websocket handshake successfully,endPoint=10.21.32.192:20200,session=000001694B39A020
info|2024-03-15 19:14:16.428940|[RPCWS][SERVICE][fromJson] new group info,groupInfo=,group=group0,chain=chain0,nodeSize=1
info|2024-03-15 19:14:16.428940|[RPCWS][SERVICE][fromJson]parser protocol version,protocolVersion=1,groupInfoList size=1,groupBlockNumber size=1
info|2024-03-15 19:14:16.428940|[RPCWS][SERVICE][updateGroupInfoByEp],endPoint=10.21.32.192:20200,group=group0,chainID=chain0,genesisConfig={"blockTxCountLimit":1000,"consensusLeaderPeriod":1,"consensusType":"pbft","sealerList":[{"nodeID":"70483ec6dbcad6ad7226cb77a208f51a97986ad5a8195492f726e8707604076487450244be6158375d20fb575d0cb62a214a227e81e7f40191c217014cc4ec38","weight":1},{"nodeID":"d29f77478637b5d19d56d5e5a1f2bf8ba373692298cd062e7c1fcdb51de5830fb1b7453d07f1068ab6ba64c40b65c7461d75b41c641e71c64df71fd5f03bd257","weight":1}],"txGasLimit":3000000000}
,iniConfig=,nodesNum=1
info|2024-03-15 19:14:16.428940|[RPCWS][SERVICE][updateGroupInfo],endPoint=10.21.32.192:20200,group=group0,chainID=chain0,nodesNum=1
info|2024-03-15 19:14:16.428940|[RPCWS][SERVICE][clearGroupInfoByEp],endPoint=10.21.32.192:20200,group=group0
info|2024-03-15 19:14:16.428940|[RPCWS][SERVICE][printGroupInfo],total count=1
info|2024-03-15 19:14:16.428940|[RPCWS][SERVICE][printGroupInfo]group list,group=group0,count=1
info|2024-03-15 19:14:16.428940|[RPCWS][SERVICE][printGroupInfo]node list,group=group0,node=70483ec6dbcad6ad7226cb77a208f51a97986ad5a8195492f726e8707604076487450244be6158375d20fb575d0cb62a214a227e81e7f40191c217014cc4ec38,count=1
info|2024-03-15 19:14:16.428940|[RPCWS][SERVICE][updateGroupBlockNumber],groupID=group0,_blockNumber=415
info|2024-03-15 19:14:16.428940|[AMOP][CLIENT][updateTopicsToRemote]send subscribe message to server,endpoint=10.21.32.192:20200,topics={"topics":[]}
info|2024-03-15 19:14:16.428940|[RPCWS][SERVICE][startHandshake]handshake successfully,endPoint=10.21.32.192:20200,handshake version=1,groupInfoList size=1,groupBlockNumber size=1,handshake string={"groupBlockNumber":[{"group0":415}],"groupInfoList":[{"chainID":"chain0","genesisConfig":"{\"blockTxCountLimit\":1000,\"consensusLeaderPeriod\":1,\"consensusType\":\"pbft\",\"sealerList\":[{\"nodeID\":\"70483ec6dbcad6ad7226cb77a208f51a97986ad5a8195492f726e8707604076487450244be6158375d20fb575d0cb62a214a227e81e7f40191c217014cc4ec38\",\"weight\":1},{\"nodeID\":\"d29f77478637b5d19d56d5e5a1f2bf8ba373692298cd062e7c1fcdb51de5830fb1b7453d07f1068ab6ba64c40b65c7461d75b41c641e71c64df71fd5f03bd257\",\"weight\":1}],\"txGasLimit\":3000000000}\n","groupID":"group0","iniConfig":"","nodeList":[{"iniConfig":"{\"binaryInfo\":{\"buildTime\":\"20230616 16:54:30\",\"gitCommitHash\":\"e7fb7bb46343ebb563dfc937a2fb68e07e463c10\",\"platform\":\"Linux/g++\",\"version\":\"3.4.0\"},\"chainID\":\"chain0\",\"gatewayServiceName\":\"\",\"groupID\":\"group0\",\"isAuthCheck\":false,\"isSerialExecute\":true,\"isWasm\":false,\"nodeID\":\"70483ec6dbcad6ad7226cb77a208f51a97986ad5a8195492f726e8707604076487450244be6158375d20fb575d0cb62a214a227e81e7f40191c217014cc4ec38\",\"nodeName\":\"70483ec6dbcad6ad7226cb77a208f51a97986ad5a8195492f726e8707604076487450244be6158375d20fb575d0cb62a214a227e81e7f40191c217014cc4ec38\",\"rpcServiceName\":\"\",\"smCryptoType\":false}\n","microService":false,"name":"70483ec6dbcad6ad7226cb77a208f51a97986ad5a8195492f726e8707604076487450244be6158375d20fb575d0cb62a214a227e81e7f40191c217014cc4ec38","nodeID":"70483ec6dbcad6ad7226cb77a208f51a97986ad5a8195492f726e8707604076487450244be6158375d20fb575d0cb62a214a227e81e7f40191c217014cc4ec38","protocol":{"compatibilityVersion":50593792,"maxSupportedVersion":1,"minSupportedVersion":0},"serviceInfo":[{"serviceName":"LedgerServiceObj","type":2},{"serviceName":"SchedulerServiceObj","type":3},{"serviceName":"FrontServiceObj","type":4},{"serviceName":"","type":6},{"serviceName":"","type":7},{"serviceName":"TxPoolServiceObj","type":8}],"type":0}]}],"protocolVersion":1}
info|2024-03-15 19:14:16.531914|[RPCWS][SERVICE][waitForConnectionEstablish]wait for websocket connection handshake success,suc count=1
info|2024-03-15 19:14:16.531914|[RPC][IMPL][start]start rpc
info|2024-03-15 19:14:16.531914|[SDK][WS][SERVICE][start]websocket service is running
info|2024-03-15 19:14:16.640817|[RPCWS][SERVICE][waitForConnectionEstablish]wait for websocket connection handshake success,suc count=1
info|2024-03-15 19:14:16.640817|[AMOP][CLIENT][start]start amop
info|2024-03-15 19:14:16.640817|[SDK][WS][SERVICE][start]websocket service is running
info|2024-03-15 19:14:16.750136|[RPCWS][SERVICE][waitForConnectionEstablish]wait for websocket connection handshake success,suc count=1
info|2024-03-15 19:14:16.750136|[EVENT][SUB][start]start event sub successfully,sendMsgTimeout=-1,reconnectPeriod=20000
info|2024-03-15 19:14:16.750136|[SDK][WS][SERVICE][start]websocket service is running
info|2024-03-15 19:14:16.859593|[RPCWS][SERVICE][waitForConnectionEstablish]wait for websocket connection handshake success,suc count=1
info|2024-03-15 19:14:16.859593|[bcos_sdk_start],sdk=000001694DDA6C40
info|2024-03-15 19:14:16.862598|[findClass]add class to cache,fullClassName=org/fisco/bcos/sdk/jni/common/Response
info|2024-03-15 19:14:16.863600|[RPC][IMPL][getGroupInfo][get group info from cache],hitCache=true,response={"id":1,"jsonrpc":"2.0","result":{"chainID":"chain0","genesisConfig":"{\"blockTxCountLimit\":1000,\"consensusLeaderPeriod\":1,\"consensusType\":\"pbft\",\"sealerList\":[{\"nodeID\":\"70483ec6dbcad6ad7226cb77a208f51a97986ad5a8195492f726e8707604076487450244be6158375d20fb575d0cb62a214a227e81e7f40191c217014cc4ec38\",\"weight\":1},{\"nodeID\":\"d29f77478637b5d19d56d5e5a1f2bf8ba373692298cd062e7c1fcdb51de5830fb1b7453d07f1068ab6ba64c40b65c7461d75b41c641e71c64df71fd5f03bd257\",\"weight\":1}],\"txGasLimit\":3000000000}\n","groupID":"group0","iniConfig":"","nodeList":[{"iniConfig":"{\"binaryInfo\":{\"buildTime\":\"20230616 16:54:30\",\"gitCommitHash\":\"e7fb7bb46343ebb563dfc937a2fb68e07e463c10\",\"platform\":\"Linux/g++\",\"version\":\"3.4.0\"},\"chainID\":\"chain0\",\"gatewayServiceName\":\"\",\"groupID\":\"group0\",\"isAuthCheck\":false,\"isSerialExecute\":true,\"isWasm\":false,\"nodeID\":\"70483ec6dbcad6ad7226cb77a208f51a97986ad5a8195492f726e8707604076487450244be6158375d20fb575d0cb62a214a227e81e7f40191c217014cc4ec38\",\"nodeName\":\"70483ec6dbcad6ad7226cb77a208f51a97986ad5a8195492f726e8707604076487450244be6158375d20fb575d0cb62a214a227e81e7f40191c217014cc4ec38\",\"rpcServiceName\":\"\",\"smCryptoType\":false}\n","name":"70483ec6dbcad6ad7226cb77a208f51a97986ad5a8195492f726e8707604076487450244be6158375d20fb575d0cb62a214a227e81e7f40191c217014cc4ec38","protocol":{"compatibilityVersion":50593792,"maxSupportedVersion":1,"minSupportedVersion":0},"serviceInfo":[{"serviceName":"LedgerServiceObj","type":2},{"serviceName":"SchedulerServiceObj","type":3},{"serviceName":"FrontServiceObj","type":4},{"serviceName":"","type":6},{"serviceName":"","type":7},{"serviceName":"TxPoolServiceObj","type":8}],"type":0}],"smCryptoType":false,"wasm":false}}
info|2024-03-15 19:14:17.118133|[SDK][WS][SERVICE][start]websocket service is running
info|2024-03-15 19:14:17.233098|[RPCWS][SERVICE][waitForConnectionEstablish]wait for websocket connection handshake success,suc count=1
info|2024-03-15 19:14:17.233098|[RPC][IMPL][start]start rpc
info|2024-03-15 19:14:17.233098|[SDK][WS][SERVICE][start]websocket service is running
info|2024-03-15 19:14:17.344431|[RPCWS][SERVICE][waitForConnectionEstablish]wait for websocket connection handshake success,suc count=1
info|2024-03-15 19:14:17.344431|[AMOP][CLIENT][start]start amop
info|2024-03-15 19:14:17.344431|[EVENT][SUB][start]event sub is running
info|2024-03-15 19:14:17.344431|[SDK][WS][SERVICE][start]websocket service is running
info|2024-03-15 19:14:17.455040|[RPCWS][SERVICE][waitForConnectionEstablish]wait for websocket connection handshake success,suc count=1
info|2024-03-15 19:14:17.455040|[bcos_sdk_start],sdk=000001694DDA6C40
info|2024-03-15 19:14:17.462881|[EVENT][PARAMS][fromJsonString],jsonString={"fromBlock":-1,"toBlock":-1,"addresses":[],"topics":[["LogCreateActivity(uint256,address, DataStructs.Activity,uint256)"],null,null,null]},params={fromBlock: -1toBlock: -1addresses: topics: index: 0LogCreateActivity(uint256,address, DataStructs.Activity,uint256) 0,}
info|2024-03-15 19:14:17.462881|[EVENT][SUB][subscribeEvent]subscribe event,id=ab93bf70ea314b42a366e092d5622bfc,group=group0,request={"group":"group0","id":"ab93bf70ea314b42a366e092d5622bfc","params":{"addresses":[],"fromBlock":-1,"toBlock":-1,"topics":[["LogCreateActivity(uint256,address, DataStructs.Activity,uint256)"]]}}
info|2024-03-15 19:14:17.470439|[EVENT][SUB][subscribeEvent]callback response success,id=ab93bf70ea314b42a366e092d5622bfc,response={"id":"ab93bf70ea314b42a366e092d5622bfc","status":0}
info|2024-03-15 19:14:36.753008|[EVENT][SUB][doLoop]event sub tasks report,working event sub count=1,suspend event sub count=0
info|2024-03-15 19:14:56.431393|[SDK][WS][STAT]connected nodes,count=1
info|2024-03-15 19:14:56.756317|[EVENT][SUB][doLoop]event sub tasks report,working event sub count=1,suspend event sub count=0
info|2024-03-15 19:15:16.437272|[SDK][WS][STAT]connected nodes,count=1
info|2024-03-15 19:15:16.761078|[EVENT][SUB][doLoop]event sub tasks report,working event sub count=1,suspend event sub count=0
info|2024-03-15 19:15:36.452630|[SDK][WS][STAT]connected nodes,count=1
info|2024-03-15 19:15:36.763157|[EVENT][SUB][doLoop]event sub tasks report,working event sub count=1,suspend event sub count=0
info|2024-03-15 19:15:56.461445|[SDK][WS][STAT]connected nodes,count=1
info|2024-03-15 19:15:56.769874|[EVENT][SUB][doLoop]event sub tasks report,working event sub count=1,suspend event sub count=0
info|2024-03-15 19:16:16.473352|[SDK][WS][STAT]connected nodes,count=1
info|2024-03-15 19:16:16.784995|[EVENT][SUB][doLoop]event sub tasks report,working event sub count=1,suspend event sub count=0
info|2024-03-15 19:16:36.474133|[SDK][WS][STAT]connected nodes,count=1
info|2024-03-15 19:16:36.800121|[EVENT][SUB][doLoop]event sub tasks report,working event sub count=1,suspend event sub count=0
info|2024-03-15 19:16:56.484353|[SDK][WS][STAT]connected nodes,count=1
info|2024-03-15 19:16:56.809905|[EVENT][SUB][doLoop]event sub tasks report,working event sub count=1,suspend event sub count=0
info|2024-03-15 19:17:16.490124|[SDK][WS][STAT]connected nodes,count=1
info|2024-03-15 19:17:16.815209|[EVENT][SUB][doLoop]event sub tasks report,working event sub count=1,suspend event sub count=0
info|2024-03-15 19:17:36.495098|[SDK][WS][STAT]connected nodes,count=1
info|2024-03-15 19:17:36.821313|[EVENT][SUB][doLoop]event sub tasks report,working event sub count=1,suspend event sub count=0
info|2024-03-15 19:17:56.496772|[SDK][WS][STAT]connected nodes,count=1
info|2024-03-15 19:17:56.823089|[EVENT][SUB][doLoop]event sub tasks report,working event sub count=1,suspend event sub count=0
info|2024-03-15 19:18:16.508120|[SDK][WS][STAT]connected nodes,count=1
info|2024-03-15 19:18:16.832985|[EVENT][SUB][doLoop]event sub tasks report,working event sub count=1,suspend event sub count=0
info|2024-03-15 19:18:36.523026|[SDK][WS][STAT]connected nodes,count=1
info|2024-03-15 19:18:36.844879|[EVENT][SUB][doLoop]event sub tasks report,working event sub count=1,suspend event sub count=0
info|2024-03-15 19:18:56.534991|[SDK][WS][STAT]connected nodes,count=1
info|2024-03-15 19:18:56.845278|[EVENT][SUB][doLoop]event sub tasks report,working event sub count=1,suspend event sub count=0
info|2024-03-15 19:19:16.548934|[SDK][WS][STAT]connected nodes,count=1
info|2024-03-15 19:19:16.854875|[EVENT][SUB][doLoop]event sub tasks report,working event sub count=1,suspend event sub count=0
info|2024-03-15 19:19:36.557760|[SDK][WS][STAT]connected nodes,count=1
info|2024-03-15 19:19:36.885437|[EVENT][SUB][doLoop]event sub tasks report,working event sub count=1,suspend event sub count=0
info|2024-03-15 19:19:56.567178|[SDK][WS][STAT]connected nodes,count=1
info|2024-03-15 19:19:56.888960|[EVENT][SUB][doLoop]event sub tasks report,working event sub count=1,suspend event sub count=0
info|2024-03-15 19:20:16.570214|[SDK][WS][STAT]connected nodes,count=1
info|2024-03-15 19:20:16.895119|[EVENT][SUB][doLoop]event sub tasks report,working event sub count=1,suspend event sub count=0
info|2024-03-15 19:20:36.582206|[SDK][WS][STAT]connected nodes,count=1
info|2024-03-15 19:20:36.907962|[EVENT][SUB][doLoop]event sub tasks report,working event sub count=1,suspend event sub count=0
info|2024-03-15 19:20:56.590486|[SDK][WS][STAT]connected nodes,count=1
info|2024-03-15 19:20:56.915053|[EVENT][SUB][doLoop]event sub tasks report,working event sub count=1,suspend event sub count=0
info|2024-03-15 19:21:16.601209|[SDK][WS][STAT]connected nodes,count=1
info|2024-03-15 19:21:16.926271|[EVENT][SUB][doLoop]event sub tasks report,working event sub count=1,suspend event sub count=0
info|2024-03-15 19:21:36.604870|[SDK][WS][STAT]connected nodes,count=1
info|2024-03-15 19:21:36.929961|[EVENT][SUB][doLoop]event sub tasks report,working event sub count=1,suspend event sub count=0
info|2024-03-15 19:21:56.607036|[SDK][WS][STAT]connected nodes,count=1
info|2024-03-15 19:21:56.930244|[EVENT][SUB][doLoop]event sub tasks report,working event sub count=1,suspend event sub count=0
info|2024-03-15 19:22:16.619254|[SDK][WS][STAT]connected nodes,count=1
info|2024-03-15 19:22:16.931331|[EVENT][SUB][doLoop]event sub tasks report,working event sub count=1,suspend event sub count=0
info|2024-03-15 19:22:36.631117|[SDK][WS][STAT]connected nodes,count=1
info|2024-03-15 19:22:36.940752|[EVENT][SUB][doLoop]event sub tasks report,working event sub count=1,suspend event sub count=0
info|2024-03-15 19:22:56.633516|[SDK][WS][STAT]connected nodes,count=1
info|2024-03-15 19:22:56.941081|[EVENT][SUB][doLoop]event sub tasks report,working event sub count=1,suspend event sub count=0
info|2024-03-15 19:23:16.635289|[SDK][WS][STAT]connected nodes,count=1
info|2024-03-15 19:23:16.943209|[EVENT][SUB][doLoop]event sub tasks report,working event sub count=1,suspend event sub count=0
info|2024-03-15 19:23:36.638019|[SDK][WS][STAT]connected nodes,count=1
info|2024-03-15 19:23:36.945181|[EVENT][SUB][doLoop]event sub tasks report,working event sub count=1,suspend event sub count=0
info|2024-03-15 19:23:56.646380|[SDK][WS][STAT]connected nodes,count=1
info|2024-03-15 19:23:56.954526|[EVENT][SUB][doLoop]event sub tasks report,working event sub count=1,suspend event sub count=0
info|2024-03-15 19:24:16.654781|[SDK][WS][STAT]connected nodes,count=1
info|2024-03-15 19:24:16.963282|[EVENT][SUB][doLoop]event sub tasks report,working event sub count=1,suspend event sub count=0
info|2024-03-15 19:24:36.662100|[SDK][WS][STAT]connected nodes,count=1
info|2024-03-15 19:24:36.973852|[EVENT][SUB][doLoop]event sub tasks report,working event sub count=1,suspend event sub count=0
info|2024-03-15 19:24:56.674491|[SDK][WS][STAT]connected nodes,count=1
info|2024-03-15 19:24:56.988074|[EVENT][SUB][doLoop]event sub tasks report,working event sub count=1,suspend event sub count=0
info|2024-03-15 19:25:16.677973|[SDK][WS][STAT]connected nodes,count=1
info|2024-03-15 19:25:16.989317|[EVENT][SUB][doLoop]event sub tasks report,working event sub count=1,suspend event sub count=0
info|2024-03-15 19:25:36.683658|[SDK][WS][STAT]connected nodes,count=1
info|2024-03-15 19:25:36.995995|[EVENT][SUB][doLoop]event sub tasks report,working event sub count=1,suspend event sub count=0
info|2024-03-15 19:25:56.697396|[SDK][WS][STAT]connected nodes,count=1
info|2024-03-15 19:25:56.996122|[EVENT][SUB][doLoop]event sub tasks report,working event sub count=1,suspend event sub count=0
info|2024-03-15 19:26:16.703034|[SDK][WS][STAT]connected nodes,count=1
info|2024-03-15 19:26:16.998193|[EVENT][SUB][doLoop]event sub tasks report,working event sub count=1,suspend event sub count=0
info|2024-03-15 19:26:36.716240|[SDK][WS][STAT]connected nodes,count=1
info|2024-03-15 19:26:37.009976|[EVENT][SUB][doLoop]event sub tasks report,working event sub count=1,suspend event sub count=0
info|2024-03-15 19:26:56.727928|[SDK][WS][STAT]connected nodes,count=1
info|2024-03-15 19:26:57.020472|[EVENT][SUB][doLoop]event sub tasks report,working event sub count=1,suspend event sub count=0
info|2024-03-15 19:27:16.731076|[SDK][WS][STAT]connected nodes,count=1
info|2024-03-15 19:27:17.025382|[EVENT][SUB][doLoop]event sub tasks report,working event sub count=1,suspend event sub count=0
info|2024-03-15 19:27:36.745417|[SDK][WS][STAT]connected nodes,count=1
info|2024-03-15 19:27:37.025661|[EVENT][SUB][doLoop]event sub tasks report,working event sub count=1,suspend event sub count=0
info|2024-03-15 19:27:56.748785|[SDK][WS][STAT]connected nodes,count=1
info|2024-03-15 19:27:57.037373|[EVENT][SUB][doLoop]event sub tasks report,working event sub count=1,suspend event sub count=0
info|2024-03-15 19:28:16.754084|[SDK][WS][STAT]connected nodes,count=1
info|2024-03-15 19:28:17.050852|[EVENT][SUB][doLoop]event sub tasks report,working event sub count=1,suspend event sub count=0
info|2024-03-15 19:28:36.768562|[SDK][WS][STAT]connected nodes,count=1
info|2024-03-15 19:28:37.062356|[EVENT][SUB][doLoop]event sub tasks report,working event sub count=1,suspend event sub count=0
info|2024-03-15 19:28:56.776259|[SDK][WS][STAT]connected nodes,count=1
info|2024-03-15 19:28:57.063009|[EVENT][SUB][doLoop]event sub tasks report,working event sub count=1,suspend event sub count=0
info|2024-03-15 19:29:16.791386|[SDK][WS][STAT]connected nodes,count=1
info|2024-03-15 19:29:17.070472|[EVENT][SUB][doLoop]event sub tasks report,working event sub count=1,suspend event sub count=0
info|2024-03-15 19:29:36.792168|[SDK][WS][STAT]connected nodes,count=1
info|2024-03-15 19:29:37.080191|[EVENT][SUB][doLoop]event sub tasks report,working event sub count=1,suspend event sub count=0
info|2024-03-15 19:29:56.799323|[SDK][WS][STAT]connected nodes,count=1
info|2024-03-15 19:29:57.093149|[EVENT][SUB][doLoop]event sub tasks report,working event sub count=1,suspend event sub count=0
info|2024-03-15 19:30:16.814257|[SDK][WS][STAT]connected nodes,count=1
info|2024-03-15 19:30:17.095040|[EVENT][SUB][doLoop]event sub tasks report,working event sub count=1,suspend event sub count=0
info|2024-03-15 19:30:36.819074|[SDK][WS][STAT]connected nodes,count=1
info|2024-03-15 19:30:37.099073|[EVENT][SUB][doLoop]event sub tasks report,working event sub count=1,suspend event sub count=0
info|2024-03-15 19:30:56.830293|[SDK][WS][STAT]connected nodes,count=1
info|2024-03-15 19:30:57.108795|[EVENT][SUB][doLoop]event sub tasks report,working event sub count=1,suspend event sub count=0
info|2024-03-15 19:31:16.843505|[SDK][WS][STAT]connected nodes,count=1
info|2024-03-15 19:31:17.122402|[EVENT][SUB][doLoop]event sub tasks report,working event sub count=1,suspend event sub count=0
info|2024-03-15 19:31:36.847319|[SDK][WS][STAT]connected nodes,count=1
info|2024-03-15 19:31:37.125399|[EVENT][SUB][doLoop]event sub tasks report,working event sub count=1,suspend event sub count=0
info|2024-03-15 19:31:56.854505|[SDK][WS][STAT]connected nodes,count=1
info|2024-03-15 19:31:57.131139|[EVENT][SUB][doLoop]event sub tasks report,working event sub count=1,suspend event sub count=0
info|2024-03-15 19:32:16.857117|[SDK][WS][STAT]connected nodes,count=1
info|2024-03-15 19:32:17.136058|[EVENT][SUB][doLoop]event sub tasks report,working event sub count=1,suspend event sub count=0
info|2024-03-15 19:32:36.871366|[SDK][WS][STAT]connected nodes,count=1
info|2024-03-15 19:32:37.137045|[EVENT][SUB][doLoop]event sub tasks report,working event sub count=1,suspend event sub count=0
