info|2024-03-12 19:35:01.350676|[SDK][WS][SERVICE],[NEWOBJ][WsService]=00000162A31DCE40
info|2024-03-12 19:35:01.350676|[RPCWS][SERVICE]init the local protocol,minVersion=1,maxVersion=1,module=2
info|2024-03-12 19:35:01.350676|[startThread]start the timer thread
info|2024-03-12 19:35:01.350676|[startThread]the timer thread start,threadName=timerFactory
info|2024-03-12 19:35:01.353674|[DEFAULT][WS][INITIALIZER][initWsService]start websocket service as client,connected endpoints size=1
info|2024-03-12 19:35:01.353674|[DEFAULT][WS][INITIALIZER][initWsService]initializer for websocket service,listenIP=,listenPort=0,disableSsl=false,server=false,client=true,threadPoolSize=12,maxMsgSize=33554432,msgTimeOut=-1,connected peers=1
info|2024-03-12 19:35:01.353674|[buildJsonRpc]build json rpc,sendRequestToHighestBlockNode=true
info|2024-03-12 19:35:01.353674|[bcos_sdk_create][NEWOBJ],sdk=00000162A302C690,version=FISCO BCOS C SDK Version : 3.4.0
Build Time         : 20230612 08:01:53
Build Type         : Windows/unknown/Release
Git Branch         : HEAD
Git Commit         : 8829d018c34fe8f5c8db7422aa44144d0e2b6cf8
,peers_count=1,disable_ssl=0,message_timeout_ms=-1,reconnect_period_ms=20000,heartbeat_period_ms=20000,send_rpc_request_to_highest_block_node=1
info|2024-03-12 19:35:01.820217|[DEFAULT][WS][CONNECTOR][connectToWsServer]async_connect success,endpoint=10.21.32.192:20200
info|2024-03-12 19:35:01.820217|[DEFAULT][WS][STREAM],[NEWOBJ][WsStream]=00000162A300D270
info|2024-03-12 19:35:01.824996|[DEFAULT][BOOSTSSL][NODEINFO][NEW]SSLContext pubHex: 3082010a0282010100d62f5d0f383e2bb3a8444b58b0f0487cebaf6380048261442fb09169c29bd199f35a18ea7bca1b55969d73155b37c7949109dce129bd7ff4701356d3d89ab041fa109eb1bfa80fda18c4f49a1cb01c65aecc9bd7cb0708ecf299fd30751d122089a6dd77429ed9f2fb0205c99293ad43c0a367d71c937574efba25ce91eb149a785a3030c5cfdced543921ad0100bb6f3784d5889d329e420b473d049c8c86d278a49f764d07a97154cb35ac52c47c9c9c4352397863b2f7d222f7bb43df5717308bb4e1fc45175efa32002b2e6178903f312a90ab1c3849bdc1db68466e26b50685490b4092b16793f099f841eedfdbc5445c1d2990d039dc0621e42a2654650203010001
warning|2024-03-12 19:35:01.824996|[DEFAULT][BOOSTSSL][NODEINFO]Get ca basic failed
info|2024-03-12 19:35:01.824996|[DEFAULT][BOOSTSSL][NODEINFO][NEW]SSLContext pubHex: 3082010a0282010100d3db6eb1c285ddcf25ab4adceaa0fc145546f98eb23921a1a1bf80ad526b9f85c4536da970ef687603ce712ef78c109741d53123df3e9d0089396188af93b0d736cc2805b974d81cbba6ce5261526f3a6f098f8333bce2643d3c79786d36148fb05ebb1ef0d62ec7ea2b5e4c69a1493f2874c9b6a8d2eb05fafcae2a75ea6fde46c6abefcd9286b367f4976907868e8a9e24e36fab68191c17bafdb77e3af4dfed29589941965d50ee8247974c48a6e06f87bb01690985174096c34369c8be87180754103d2d727f1db88f10dc7cdc8a66452fb0e9799dd21092da65e9f68ef11afd5c63f0dde493233f3327509d9cc04b4152d233516b10386441b5ae770fa30203010001
info|2024-03-12 19:35:01.833855|[DEFAULT][WS][CONNECTOR][connectToWsServer]ssl async_handshake success,host=10.21.32.192,port=20200
info|2024-03-12 19:35:01.835375|[DEFAULT][WS][CONNECTOR][connectToWsServer]websocket handshake successfully,host=10.21.32.192,port=20200
info|2024-03-12 19:35:01.835375|[SDK][WS][SESSION],[NEWOBJ][WSSESSION]=00000162A2A58860
info|2024-03-12 19:35:01.835375|[SDK][WS][SERVICE][newSession]start the session,endPoint=10.21.32.192:20200
info|2024-03-12 19:35:01.835375|[SDK][WS][SERVICE][addSession]map the session,endPoint=10.21.32.192:20200,result=true
info|2024-03-12 19:35:01.835375|[SDK][WS][SERVICE][onConnect],endpoint=10.21.32.192:20200,refCount=6
info|2024-03-12 19:35:01.835375|[RPCWS][SERVICE][startHandshake],endpoint=10.21.32.192:20200
info|2024-03-12 19:35:01.835375|[SDK][WS][SERVICE][start]start websocket service successfully,model=1,max msg size=33554432
info|2024-03-12 19:35:01.835375|[SDK][WS][SESSION][startAsClient]websocket handshake successfully,endPoint=10.21.32.192:20200,session=00000162A2A58860
info|2024-03-12 19:35:01.838382|[RPCWS][SERVICE][fromJson] new group info,groupInfo=,group=group0,chain=chain0,nodeSize=1
info|2024-03-12 19:35:01.838382|[RPCWS][SERVICE][fromJson]parser protocol version,protocolVersion=1,groupInfoList size=1,groupBlockNumber size=1
info|2024-03-12 19:35:01.838382|[RPCWS][SERVICE][updateGroupInfoByEp],endPoint=10.21.32.192:20200,group=group0,chainID=chain0,genesisConfig={"blockTxCountLimit":1000,"consensusLeaderPeriod":1,"consensusType":"pbft","sealerList":[{"nodeID":"70483ec6dbcad6ad7226cb77a208f51a97986ad5a8195492f726e8707604076487450244be6158375d20fb575d0cb62a214a227e81e7f40191c217014cc4ec38","weight":1},{"nodeID":"d29f77478637b5d19d56d5e5a1f2bf8ba373692298cd062e7c1fcdb51de5830fb1b7453d07f1068ab6ba64c40b65c7461d75b41c641e71c64df71fd5f03bd257","weight":1}],"txGasLimit":3000000000}
,iniConfig=,nodesNum=1
info|2024-03-12 19:35:01.838382|[RPCWS][SERVICE][updateGroupInfo],endPoint=10.21.32.192:20200,group=group0,chainID=chain0,nodesNum=1
info|2024-03-12 19:35:01.838382|[RPCWS][SERVICE][clearGroupInfoByEp],endPoint=10.21.32.192:20200,group=group0
info|2024-03-12 19:35:01.838382|[RPCWS][SERVICE][printGroupInfo],total count=1
info|2024-03-12 19:35:01.838382|[RPCWS][SERVICE][printGroupInfo]group list,group=group0,count=1
info|2024-03-12 19:35:01.838382|[RPCWS][SERVICE][printGroupInfo]node list,group=group0,node=70483ec6dbcad6ad7226cb77a208f51a97986ad5a8195492f726e8707604076487450244be6158375d20fb575d0cb62a214a227e81e7f40191c217014cc4ec38,count=1
info|2024-03-12 19:35:01.838382|[RPCWS][SERVICE][updateGroupBlockNumber],groupID=group0,_blockNumber=356
info|2024-03-12 19:35:01.838382|[AMOP][CLIENT][updateTopicsToRemote]send subscribe message to server,endpoint=10.21.32.192:20200,topics={"topics":[]}
info|2024-03-12 19:35:01.838382|[RPCWS][SERVICE][startHandshake]handshake successfully,endPoint=10.21.32.192:20200,handshake version=1,groupInfoList size=1,groupBlockNumber size=1,handshake string={"groupBlockNumber":[{"group0":356}],"groupInfoList":[{"chainID":"chain0","genesisConfig":"{\"blockTxCountLimit\":1000,\"consensusLeaderPeriod\":1,\"consensusType\":\"pbft\",\"sealerList\":[{\"nodeID\":\"70483ec6dbcad6ad7226cb77a208f51a97986ad5a8195492f726e8707604076487450244be6158375d20fb575d0cb62a214a227e81e7f40191c217014cc4ec38\",\"weight\":1},{\"nodeID\":\"d29f77478637b5d19d56d5e5a1f2bf8ba373692298cd062e7c1fcdb51de5830fb1b7453d07f1068ab6ba64c40b65c7461d75b41c641e71c64df71fd5f03bd257\",\"weight\":1}],\"txGasLimit\":3000000000}\n","groupID":"group0","iniConfig":"","nodeList":[{"iniConfig":"{\"binaryInfo\":{\"buildTime\":\"20230616 16:54:30\",\"gitCommitHash\":\"e7fb7bb46343ebb563dfc937a2fb68e07e463c10\",\"platform\":\"Linux/g++\",\"version\":\"3.4.0\"},\"chainID\":\"chain0\",\"gatewayServiceName\":\"\",\"groupID\":\"group0\",\"isAuthCheck\":false,\"isSerialExecute\":true,\"isWasm\":false,\"nodeID\":\"70483ec6dbcad6ad7226cb77a208f51a97986ad5a8195492f726e8707604076487450244be6158375d20fb575d0cb62a214a227e81e7f40191c217014cc4ec38\",\"nodeName\":\"70483ec6dbcad6ad7226cb77a208f51a97986ad5a8195492f726e8707604076487450244be6158375d20fb575d0cb62a214a227e81e7f40191c217014cc4ec38\",\"rpcServiceName\":\"\",\"smCryptoType\":false}\n","microService":false,"name":"70483ec6dbcad6ad7226cb77a208f51a97986ad5a8195492f726e8707604076487450244be6158375d20fb575d0cb62a214a227e81e7f40191c217014cc4ec38","nodeID":"70483ec6dbcad6ad7226cb77a208f51a97986ad5a8195492f726e8707604076487450244be6158375d20fb575d0cb62a214a227e81e7f40191c217014cc4ec38","protocol":{"compatibilityVersion":50593792,"maxSupportedVersion":1,"minSupportedVersion":0},"serviceInfo":[{"serviceName":"LedgerServiceObj","type":2},{"serviceName":"SchedulerServiceObj","type":3},{"serviceName":"FrontServiceObj","type":4},{"serviceName":"","type":6},{"serviceName":"","type":7},{"serviceName":"TxPoolServiceObj","type":8}],"type":0}]}],"protocolVersion":1}
info|2024-03-12 19:35:01.943881|[RPCWS][SERVICE][waitForConnectionEstablish]wait for websocket connection handshake success,suc count=1
info|2024-03-12 19:35:01.943881|[RPC][IMPL][start]start rpc
info|2024-03-12 19:35:01.943881|[SDK][WS][SERVICE][start]websocket service is running
info|2024-03-12 19:35:02.051453|[RPCWS][SERVICE][waitForConnectionEstablish]wait for websocket connection handshake success,suc count=1
info|2024-03-12 19:35:02.051453|[AMOP][CLIENT][start]start amop
info|2024-03-12 19:35:02.051453|[SDK][WS][SERVICE][start]websocket service is running
info|2024-03-12 19:35:02.159641|[RPCWS][SERVICE][waitForConnectionEstablish]wait for websocket connection handshake success,suc count=1
info|2024-03-12 19:35:02.159641|[EVENT][SUB][start]start event sub successfully,sendMsgTimeout=-1,reconnectPeriod=20000
info|2024-03-12 19:35:02.159641|[SDK][WS][SERVICE][start]websocket service is running
info|2024-03-12 19:35:02.270229|[RPCWS][SERVICE][waitForConnectionEstablish]wait for websocket connection handshake success,suc count=1
info|2024-03-12 19:35:02.271224|[RPC][IMPL][getGroupInfo][get group info from cache],hitCache=true,response={"id":1,"jsonrpc":"2.0","result":{"chainID":"chain0","genesisConfig":"{\"blockTxCountLimit\":1000,\"consensusLeaderPeriod\":1,\"consensusType\":\"pbft\",\"sealerList\":[{\"nodeID\":\"70483ec6dbcad6ad7226cb77a208f51a97986ad5a8195492f726e8707604076487450244be6158375d20fb575d0cb62a214a227e81e7f40191c217014cc4ec38\",\"weight\":1},{\"nodeID\":\"d29f77478637b5d19d56d5e5a1f2bf8ba373692298cd062e7c1fcdb51de5830fb1b7453d07f1068ab6ba64c40b65c7461d75b41c641e71c64df71fd5f03bd257\",\"weight\":1}],\"txGasLimit\":3000000000}\n","groupID":"group0","iniConfig":"","nodeList":[{"iniConfig":"{\"binaryInfo\":{\"buildTime\":\"20230616 16:54:30\",\"gitCommitHash\":\"e7fb7bb46343ebb563dfc937a2fb68e07e463c10\",\"platform\":\"Linux/g++\",\"version\":\"3.4.0\"},\"chainID\":\"chain0\",\"gatewayServiceName\":\"\",\"groupID\":\"group0\",\"isAuthCheck\":false,\"isSerialExecute\":true,\"isWasm\":false,\"nodeID\":\"70483ec6dbcad6ad7226cb77a208f51a97986ad5a8195492f726e8707604076487450244be6158375d20fb575d0cb62a214a227e81e7f40191c217014cc4ec38\",\"nodeName\":\"70483ec6dbcad6ad7226cb77a208f51a97986ad5a8195492f726e8707604076487450244be6158375d20fb575d0cb62a214a227e81e7f40191c217014cc4ec38\",\"rpcServiceName\":\"\",\"smCryptoType\":false}\n","name":"70483ec6dbcad6ad7226cb77a208f51a97986ad5a8195492f726e8707604076487450244be6158375d20fb575d0cb62a214a227e81e7f40191c217014cc4ec38","protocol":{"compatibilityVersion":50593792,"maxSupportedVersion":1,"minSupportedVersion":0},"serviceInfo":[{"serviceName":"LedgerServiceObj","type":2},{"serviceName":"SchedulerServiceObj","type":3},{"serviceName":"FrontServiceObj","type":4},{"serviceName":"","type":6},{"serviceName":"","type":7},{"serviceName":"TxPoolServiceObj","type":8}],"type":0}],"smCryptoType":false,"wasm":false}}
info|2024-03-12 19:35:02.469084|[SDK][WS][SERVICE][start]websocket service is running
info|2024-03-12 19:35:02.583762|[RPCWS][SERVICE][waitForConnectionEstablish]wait for websocket connection handshake success,suc count=1
info|2024-03-12 19:35:02.583762|[RPC][IMPL][start]start rpc
info|2024-03-12 19:35:02.583762|[SDK][WS][SERVICE][start]websocket service is running
info|2024-03-12 19:35:02.685160|[RPCWS][SERVICE][waitForConnectionEstablish]wait for websocket connection handshake success,suc count=1
info|2024-03-12 19:35:02.685160|[AMOP][CLIENT][start]start amop
info|2024-03-12 19:35:02.685160|[EVENT][SUB][start]event sub is running
info|2024-03-12 19:35:02.685160|[SDK][WS][SERVICE][start]websocket service is running
info|2024-03-12 19:35:02.790420|[RPCWS][SERVICE][waitForConnectionEstablish]wait for websocket connection handshake success,suc count=1
info|2024-03-12 19:35:02.806465|[EVENT][PARAMS][fromJsonString],jsonString={"fromBlock":-1,"toBlock":-1,"addresses":[],"topics":[["LogCreateActivity(uint256,address, DataStructs.Activity,uint256)"],null,null,null]},params={fromBlock: -1toBlock: -1addresses: topics: index: 0LogCreateActivity(uint256,address, DataStructs.Activity,uint256) 0,}
info|2024-03-12 19:35:02.806465|[EVENT][SUB][subscribeEvent]subscribe event,id=7d7e257f19784c53af996b7337c77fe7,group=group0,request={"group":"group0","id":"7d7e257f19784c53af996b7337c77fe7","params":{"addresses":[],"fromBlock":-1,"toBlock":-1,"topics":[["LogCreateActivity(uint256,address, DataStructs.Activity,uint256)"]]}}
info|2024-03-12 19:35:02.837048|[EVENT][SUB][subscribeEvent]callback response success,id=7d7e257f19784c53af996b7337c77fe7,response={"id":"7d7e257f19784c53af996b7337c77fe7","status":0}
info|2024-03-12 19:35:22.171601|[EVENT][SUB][doLoop]event sub tasks report,working event sub count=1,suspend event sub count=0
info|2024-03-12 19:35:41.843573|[SDK][WS][STAT]connected nodes,count=1
info|2024-03-12 19:35:42.172746|[EVENT][SUB][doLoop]event sub tasks report,working event sub count=1,suspend event sub count=0
info|2024-03-12 19:36:01.844873|[SDK][WS][STAT]connected nodes,count=1
info|2024-03-12 19:36:02.172830|[EVENT][SUB][doLoop]event sub tasks report,working event sub count=1,suspend event sub count=0
info|2024-03-12 19:36:21.855717|[SDK][WS][STAT]connected nodes,count=1
info|2024-03-12 19:36:22.184949|[EVENT][SUB][doLoop]event sub tasks report,working event sub count=1,suspend event sub count=0
info|2024-03-12 19:36:41.858366|[SDK][WS][STAT]connected nodes,count=1
info|2024-03-12 19:36:42.185235|[EVENT][SUB][doLoop]event sub tasks report,working event sub count=1,suspend event sub count=0
info|2024-03-12 19:37:01.870919|[SDK][WS][STAT]connected nodes,count=1
info|2024-03-12 19:37:02.185350|[EVENT][SUB][doLoop]event sub tasks report,working event sub count=1,suspend event sub count=0
info|2024-03-12 19:37:21.883167|[SDK][WS][STAT]connected nodes,count=1
info|2024-03-12 19:37:22.198557|[EVENT][SUB][doLoop]event sub tasks report,working event sub count=1,suspend event sub count=0
info|2024-03-12 19:37:41.883826|[SDK][WS][STAT]connected nodes,count=1
info|2024-03-12 19:37:42.211909|[EVENT][SUB][doLoop]event sub tasks report,working event sub count=1,suspend event sub count=0
info|2024-03-12 19:38:01.897692|[SDK][WS][STAT]connected nodes,count=1
info|2024-03-12 19:38:02.226574|[EVENT][SUB][doLoop]event sub tasks report,working event sub count=1,suspend event sub count=0
info|2024-03-12 19:38:21.900361|[SDK][WS][STAT]connected nodes,count=1
info|2024-03-12 19:38:22.231875|[EVENT][SUB][doLoop]event sub tasks report,working event sub count=1,suspend event sub count=0
info|2024-03-12 19:38:41.914138|[SDK][WS][STAT]connected nodes,count=1
info|2024-03-12 19:38:42.241797|[EVENT][SUB][doLoop]event sub tasks report,working event sub count=1,suspend event sub count=0
info|2024-03-12 19:39:01.928165|[SDK][WS][STAT]connected nodes,count=1
info|2024-03-12 19:39:02.242715|[EVENT][SUB][doLoop]event sub tasks report,working event sub count=1,suspend event sub count=0
info|2024-03-12 19:39:21.933689|[SDK][WS][STAT]connected nodes,count=1
info|2024-03-12 19:39:22.246013|[EVENT][SUB][doLoop]event sub tasks report,working event sub count=1,suspend event sub count=0
info|2024-03-12 19:39:41.937068|[SDK][WS][STAT]connected nodes,count=1
info|2024-03-12 19:39:42.251006|[EVENT][SUB][doLoop]event sub tasks report,working event sub count=1,suspend event sub count=0
info|2024-03-12 19:40:01.945337|[SDK][WS][STAT]connected nodes,count=1
info|2024-03-12 19:40:02.255213|[EVENT][SUB][doLoop]event sub tasks report,working event sub count=1,suspend event sub count=0
info|2024-03-12 19:40:21.953459|[SDK][WS][STAT]connected nodes,count=1
info|2024-03-12 19:40:22.267248|[EVENT][SUB][doLoop]event sub tasks report,working event sub count=1,suspend event sub count=0
info|2024-03-12 19:40:41.968278|[SDK][WS][STAT]connected nodes,count=1
info|2024-03-12 19:40:42.282018|[EVENT][SUB][doLoop]event sub tasks report,working event sub count=1,suspend event sub count=0
info|2024-03-12 19:41:01.973100|[SDK][WS][STAT]connected nodes,count=1
info|2024-03-12 19:41:02.282230|[EVENT][SUB][doLoop]event sub tasks report,working event sub count=1,suspend event sub count=0
info|2024-03-12 19:41:21.984711|[SDK][WS][STAT]connected nodes,count=1
info|2024-03-12 19:41:22.284928|[EVENT][SUB][doLoop]event sub tasks report,working event sub count=1,suspend event sub count=0
info|2024-03-12 19:41:41.985354|[SDK][WS][STAT]connected nodes,count=1
info|2024-03-12 19:41:42.284959|[EVENT][SUB][doLoop]event sub tasks report,working event sub count=1,suspend event sub count=0
info|2024-03-12 19:42:01.985746|[SDK][WS][STAT]connected nodes,count=1
info|2024-03-12 19:42:02.285697|[EVENT][SUB][doLoop]event sub tasks report,working event sub count=1,suspend event sub count=0
info|2024-03-12 19:42:21.987340|[SDK][WS][STAT]connected nodes,count=1
info|2024-03-12 19:42:22.286555|[EVENT][SUB][doLoop]event sub tasks report,working event sub count=1,suspend event sub count=0
info|2024-03-12 19:42:41.997960|[SDK][WS][STAT]connected nodes,count=1
info|2024-03-12 19:42:42.287414|[EVENT][SUB][doLoop]event sub tasks report,working event sub count=1,suspend event sub count=0
info|2024-03-12 19:43:02.000256|[SDK][WS][STAT]connected nodes,count=1
info|2024-03-12 19:43:02.287688|[EVENT][SUB][doLoop]event sub tasks report,working event sub count=1,suspend event sub count=0
info|2024-03-12 19:43:22.002183|[SDK][WS][STAT]connected nodes,count=1
info|2024-03-12 19:43:22.288559|[EVENT][SUB][doLoop]event sub tasks report,working event sub count=1,suspend event sub count=0
info|2024-03-12 19:43:42.010217|[SDK][WS][STAT]connected nodes,count=1
info|2024-03-12 19:43:42.295261|[EVENT][SUB][doLoop]event sub tasks report,working event sub count=1,suspend event sub count=0
info|2024-03-12 19:44:02.017078|[SDK][WS][STAT]connected nodes,count=1
info|2024-03-12 19:44:02.302228|[EVENT][SUB][doLoop]event sub tasks report,working event sub count=1,suspend event sub count=0
info|2024-03-12 19:44:22.028505|[SDK][WS][STAT]connected nodes,count=1
info|2024-03-12 19:44:22.309193|[EVENT][SUB][doLoop]event sub tasks report,working event sub count=1,suspend event sub count=0
info|2024-03-12 19:44:42.031052|[SDK][WS][STAT]connected nodes,count=1
info|2024-03-12 19:44:42.313411|[EVENT][SUB][doLoop]event sub tasks report,working event sub count=1,suspend event sub count=0
info|2024-03-12 19:45:02.039812|[SDK][WS][STAT]connected nodes,count=1
info|2024-03-12 19:45:02.321478|[EVENT][SUB][doLoop]event sub tasks report,working event sub count=1,suspend event sub count=0
info|2024-03-12 19:45:22.052130|[SDK][WS][STAT]connected nodes,count=1
info|2024-03-12 19:45:22.335315|[EVENT][SUB][doLoop]event sub tasks report,working event sub count=1,suspend event sub count=0
info|2024-03-12 19:45:42.064825|[SDK][WS][STAT]connected nodes,count=1
info|2024-03-12 19:45:42.342304|[EVENT][SUB][doLoop]event sub tasks report,working event sub count=1,suspend event sub count=0
info|2024-03-12 19:46:02.076386|[SDK][WS][STAT]connected nodes,count=1
info|2024-03-12 19:46:02.343506|[EVENT][SUB][doLoop]event sub tasks report,working event sub count=1,suspend event sub count=0
info|2024-03-12 19:46:22.079870|[SDK][WS][STAT]connected nodes,count=1
info|2024-03-12 19:46:22.346242|[EVENT][SUB][doLoop]event sub tasks report,working event sub count=1,suspend event sub count=0
info|2024-03-12 19:46:42.086479|[SDK][WS][STAT]connected nodes,count=1
info|2024-03-12 19:46:42.351301|[EVENT][SUB][doLoop]event sub tasks report,working event sub count=1,suspend event sub count=0
info|2024-03-12 19:47:02.086871|[SDK][WS][STAT]connected nodes,count=1
info|2024-03-12 19:47:02.361057|[EVENT][SUB][doLoop]event sub tasks report,working event sub count=1,suspend event sub count=0
info|2024-03-12 19:47:22.091818|[SDK][WS][STAT]connected nodes,count=1
info|2024-03-12 19:47:22.362758|[EVENT][SUB][doLoop]event sub tasks report,working event sub count=1,suspend event sub count=0
info|2024-03-12 19:47:42.106405|[SDK][WS][STAT]connected nodes,count=1
info|2024-03-12 19:47:42.371126|[EVENT][SUB][doLoop]event sub tasks report,working event sub count=1,suspend event sub count=0
info|2024-03-12 19:48:02.110758|[SDK][WS][STAT]connected nodes,count=1
info|2024-03-12 19:48:02.379900|[EVENT][SUB][doLoop]event sub tasks report,working event sub count=1,suspend event sub count=0
info|2024-03-12 19:48:22.123397|[SDK][WS][STAT]connected nodes,count=1
info|2024-03-12 19:48:22.389148|[EVENT][SUB][doLoop]event sub tasks report,working event sub count=1,suspend event sub count=0
info|2024-03-12 19:48:42.126979|[SDK][WS][STAT]connected nodes,count=1
info|2024-03-12 19:48:42.394166|[EVENT][SUB][doLoop]event sub tasks report,working event sub count=1,suspend event sub count=0
info|2024-03-12 19:49:02.128007|[SDK][WS][STAT]connected nodes,count=1
info|2024-03-12 19:49:02.394643|[EVENT][SUB][doLoop]event sub tasks report,working event sub count=1,suspend event sub count=0
info|2024-03-12 19:49:22.128155|[SDK][WS][STAT]connected nodes,count=1
info|2024-03-12 19:49:22.410132|[EVENT][SUB][doLoop]event sub tasks report,working event sub count=1,suspend event sub count=0
info|2024-03-12 19:49:42.140275|[SDK][WS][STAT]connected nodes,count=1
info|2024-03-12 19:49:42.424107|[EVENT][SUB][doLoop]event sub tasks report,working event sub count=1,suspend event sub count=0
info|2024-03-12 19:50:02.154018|[SDK][WS][STAT]connected nodes,count=1
info|2024-03-12 19:50:02.438535|[EVENT][SUB][doLoop]event sub tasks report,working event sub count=1,suspend event sub count=0
info|2024-03-12 19:50:22.163516|[SDK][WS][STAT]connected nodes,count=1
info|2024-03-12 19:50:22.440339|[EVENT][SUB][doLoop]event sub tasks report,working event sub count=1,suspend event sub count=0
info|2024-03-12 19:50:42.174839|[SDK][WS][STAT]connected nodes,count=1
info|2024-03-12 19:50:42.443338|[EVENT][SUB][doLoop]event sub tasks report,working event sub count=1,suspend event sub count=0
info|2024-03-12 19:51:02.183671|[SDK][WS][STAT]connected nodes,count=1
info|2024-03-12 19:51:02.449383|[EVENT][SUB][doLoop]event sub tasks report,working event sub count=1,suspend event sub count=0
