info|2024-03-13 00:13:34.720060|[SDK][WS][SERVICE],[NEWOBJ][WsService]=0000019B74B63DA0
info|2024-03-13 00:13:34.720060|[RPCWS][SERVICE]init the local protocol,minVersion=1,maxVersion=1,module=2
info|2024-03-13 00:13:34.720060|[startThread]start the timer thread
info|2024-03-13 00:13:34.720060|[startThread]the timer thread start,threadName=timerFactory
info|2024-03-13 00:13:34.722068|[DEFAULT][WS][INITIALIZER][initWsService]start websocket service as client,connected endpoints size=1
info|2024-03-13 00:13:34.722068|[DEFAULT][WS][INITIALIZER][initWsService]initializer for websocket service,listenIP=,listenPort=0,disableSsl=false,server=false,client=true,threadPoolSize=12,maxMsgSize=33554432,msgTimeOut=-1,connected peers=1
info|2024-03-13 00:13:34.722068|[buildJsonRpc]build json rpc,sendRequestToHighestBlockNode=true
info|2024-03-13 00:13:34.722068|[bcos_sdk_create][NEWOBJ],sdk=0000019B717E4C90,version=FISCO BCOS C SDK Version : 3.4.0
Build Time         : 20230612 08:01:53
Build Type         : Windows/unknown/Release
Git Branch         : HEAD
Git Commit         : 8829d018c34fe8f5c8db7422aa44144d0e2b6cf8
,peers_count=1,disable_ssl=0,message_timeout_ms=-1,reconnect_period_ms=20000,heartbeat_period_ms=20000,send_rpc_request_to_highest_block_node=1
info|2024-03-13 00:13:35.204271|[DEFAULT][WS][CONNECTOR][connectToWsServer]async_connect success,endpoint=10.21.32.192:20200
info|2024-03-13 00:13:35.204271|[DEFAULT][WS][STREAM],[NEWOBJ][WsStream]=0000019B74A98870
info|2024-03-13 00:13:35.211282|[DEFAULT][BOOSTSSL][NODEINFO][NEW]SSLContext pubHex: 3082010a0282010100d62f5d0f383e2bb3a8444b58b0f0487cebaf6380048261442fb09169c29bd199f35a18ea7bca1b55969d73155b37c7949109dce129bd7ff4701356d3d89ab041fa109eb1bfa80fda18c4f49a1cb01c65aecc9bd7cb0708ecf299fd30751d122089a6dd77429ed9f2fb0205c99293ad43c0a367d71c937574efba25ce91eb149a785a3030c5cfdced543921ad0100bb6f3784d5889d329e420b473d049c8c86d278a49f764d07a97154cb35ac52c47c9c9c4352397863b2f7d222f7bb43df5717308bb4e1fc45175efa32002b2e6178903f312a90ab1c3849bdc1db68466e26b50685490b4092b16793f099f841eedfdbc5445c1d2990d039dc0621e42a2654650203010001
warning|2024-03-13 00:13:35.211282|[DEFAULT][BOOSTSSL][NODEINFO]Get ca basic failed
info|2024-03-13 00:13:35.211282|[DEFAULT][BOOSTSSL][NODEINFO][NEW]SSLContext pubHex: 3082010a0282010100d3db6eb1c285ddcf25ab4adceaa0fc145546f98eb23921a1a1bf80ad526b9f85c4536da970ef687603ce712ef78c109741d53123df3e9d0089396188af93b0d736cc2805b974d81cbba6ce5261526f3a6f098f8333bce2643d3c79786d36148fb05ebb1ef0d62ec7ea2b5e4c69a1493f2874c9b6a8d2eb05fafcae2a75ea6fde46c6abefcd9286b367f4976907868e8a9e24e36fab68191c17bafdb77e3af4dfed29589941965d50ee8247974c48a6e06f87bb01690985174096c34369c8be87180754103d2d727f1db88f10dc7cdc8a66452fb0e9799dd21092da65e9f68ef11afd5c63f0dde493233f3327509d9cc04b4152d233516b10386441b5ae770fa30203010001
info|2024-03-13 00:13:35.229340|[DEFAULT][WS][CONNECTOR][connectToWsServer]ssl async_handshake success,host=10.21.32.192,port=20200
info|2024-03-13 00:13:35.232347|[DEFAULT][WS][CONNECTOR][connectToWsServer]websocket handshake successfully,host=10.21.32.192,port=20200
info|2024-03-13 00:13:35.232347|[SDK][WS][SESSION],[NEWOBJ][WSSESSION]=0000019B74AA2630
info|2024-03-13 00:13:35.232347|[SDK][WS][SERVICE][newSession]start the session,endPoint=10.21.32.192:20200
info|2024-03-13 00:13:35.232347|[SDK][WS][SERVICE][addSession]map the session,endPoint=10.21.32.192:20200,result=true
info|2024-03-13 00:13:35.232347|[SDK][WS][SERVICE][onConnect],endpoint=10.21.32.192:20200,refCount=6
info|2024-03-13 00:13:35.232347|[RPCWS][SERVICE][startHandshake],endpoint=10.21.32.192:20200
info|2024-03-13 00:13:35.233852|[SDK][WS][SERVICE][start]start websocket service successfully,model=1,max msg size=33554432
info|2024-03-13 00:13:35.233852|[SDK][WS][SESSION][startAsClient]websocket handshake successfully,endPoint=10.21.32.192:20200,session=0000019B74AA2630
info|2024-03-13 00:13:35.237893|[RPCWS][SERVICE][fromJson] new group info,groupInfo=,group=group0,chain=chain0,nodeSize=1
info|2024-03-13 00:13:35.237893|[RPCWS][SERVICE][fromJson]parser protocol version,protocolVersion=1,groupInfoList size=1,groupBlockNumber size=1
info|2024-03-13 00:13:35.237893|[RPCWS][SERVICE][updateGroupInfoByEp],endPoint=10.21.32.192:20200,group=group0,chainID=chain0,genesisConfig={"blockTxCountLimit":1000,"consensusLeaderPeriod":1,"consensusType":"pbft","sealerList":[{"nodeID":"70483ec6dbcad6ad7226cb77a208f51a97986ad5a8195492f726e8707604076487450244be6158375d20fb575d0cb62a214a227e81e7f40191c217014cc4ec38","weight":1},{"nodeID":"d29f77478637b5d19d56d5e5a1f2bf8ba373692298cd062e7c1fcdb51de5830fb1b7453d07f1068ab6ba64c40b65c7461d75b41c641e71c64df71fd5f03bd257","weight":1}],"txGasLimit":3000000000}
,iniConfig=,nodesNum=1
info|2024-03-13 00:13:35.237893|[RPCWS][SERVICE][updateGroupInfo],endPoint=10.21.32.192:20200,group=group0,chainID=chain0,nodesNum=1
info|2024-03-13 00:13:35.237893|[RPCWS][SERVICE][clearGroupInfoByEp],endPoint=10.21.32.192:20200,group=group0
info|2024-03-13 00:13:35.237893|[RPCWS][SERVICE][printGroupInfo],total count=1
info|2024-03-13 00:13:35.237893|[RPCWS][SERVICE][printGroupInfo]group list,group=group0,count=1
info|2024-03-13 00:13:35.237893|[RPCWS][SERVICE][printGroupInfo]node list,group=group0,node=70483ec6dbcad6ad7226cb77a208f51a97986ad5a8195492f726e8707604076487450244be6158375d20fb575d0cb62a214a227e81e7f40191c217014cc4ec38,count=1
info|2024-03-13 00:13:35.237893|[RPCWS][SERVICE][updateGroupBlockNumber],groupID=group0,_blockNumber=356
info|2024-03-13 00:13:35.237893|[AMOP][CLIENT][updateTopicsToRemote]send subscribe message to server,endpoint=10.21.32.192:20200,topics={"topics":[]}
info|2024-03-13 00:13:35.237893|[RPCWS][SERVICE][startHandshake]handshake successfully,endPoint=10.21.32.192:20200,handshake version=1,groupInfoList size=1,groupBlockNumber size=1,handshake string={"groupBlockNumber":[{"group0":356}],"groupInfoList":[{"chainID":"chain0","genesisConfig":"{\"blockTxCountLimit\":1000,\"consensusLeaderPeriod\":1,\"consensusType\":\"pbft\",\"sealerList\":[{\"nodeID\":\"70483ec6dbcad6ad7226cb77a208f51a97986ad5a8195492f726e8707604076487450244be6158375d20fb575d0cb62a214a227e81e7f40191c217014cc4ec38\",\"weight\":1},{\"nodeID\":\"d29f77478637b5d19d56d5e5a1f2bf8ba373692298cd062e7c1fcdb51de5830fb1b7453d07f1068ab6ba64c40b65c7461d75b41c641e71c64df71fd5f03bd257\",\"weight\":1}],\"txGasLimit\":3000000000}\n","groupID":"group0","iniConfig":"","nodeList":[{"iniConfig":"{\"binaryInfo\":{\"buildTime\":\"20230616 16:54:30\",\"gitCommitHash\":\"e7fb7bb46343ebb563dfc937a2fb68e07e463c10\",\"platform\":\"Linux/g++\",\"version\":\"3.4.0\"},\"chainID\":\"chain0\",\"gatewayServiceName\":\"\",\"groupID\":\"group0\",\"isAuthCheck\":false,\"isSerialExecute\":true,\"isWasm\":false,\"nodeID\":\"70483ec6dbcad6ad7226cb77a208f51a97986ad5a8195492f726e8707604076487450244be6158375d20fb575d0cb62a214a227e81e7f40191c217014cc4ec38\",\"nodeName\":\"70483ec6dbcad6ad7226cb77a208f51a97986ad5a8195492f726e8707604076487450244be6158375d20fb575d0cb62a214a227e81e7f40191c217014cc4ec38\",\"rpcServiceName\":\"\",\"smCryptoType\":false}\n","microService":false,"name":"70483ec6dbcad6ad7226cb77a208f51a97986ad5a8195492f726e8707604076487450244be6158375d20fb575d0cb62a214a227e81e7f40191c217014cc4ec38","nodeID":"70483ec6dbcad6ad7226cb77a208f51a97986ad5a8195492f726e8707604076487450244be6158375d20fb575d0cb62a214a227e81e7f40191c217014cc4ec38","protocol":{"compatibilityVersion":50593792,"maxSupportedVersion":1,"minSupportedVersion":0},"serviceInfo":[{"serviceName":"LedgerServiceObj","type":2},{"serviceName":"SchedulerServiceObj","type":3},{"serviceName":"FrontServiceObj","type":4},{"serviceName":"","type":6},{"serviceName":"","type":7},{"serviceName":"TxPoolServiceObj","type":8}],"type":0}]}],"protocolVersion":1}
info|2024-03-13 00:13:35.336700|[RPCWS][SERVICE][waitForConnectionEstablish]wait for websocket connection handshake success,suc count=1
info|2024-03-13 00:13:35.336700|[RPC][IMPL][start]start rpc
info|2024-03-13 00:13:35.336700|[SDK][WS][SERVICE][start]websocket service is running
info|2024-03-13 00:13:35.447868|[RPCWS][SERVICE][waitForConnectionEstablish]wait for websocket connection handshake success,suc count=1
info|2024-03-13 00:13:35.447868|[AMOP][CLIENT][start]start amop
info|2024-03-13 00:13:35.447868|[SDK][WS][SERVICE][start]websocket service is running
info|2024-03-13 00:13:35.557983|[RPCWS][SERVICE][waitForConnectionEstablish]wait for websocket connection handshake success,suc count=1
info|2024-03-13 00:13:35.557983|[EVENT][SUB][start]start event sub successfully,sendMsgTimeout=-1,reconnectPeriod=20000
info|2024-03-13 00:13:35.557983|[SDK][WS][SERVICE][start]websocket service is running
info|2024-03-13 00:13:35.668660|[RPCWS][SERVICE][waitForConnectionEstablish]wait for websocket connection handshake success,suc count=1
info|2024-03-13 00:13:35.668660|[bcos_sdk_start],sdk=0000019B717E4C90
info|2024-03-13 00:13:35.669666|[findClass]add class to cache,fullClassName=org/fisco/bcos/sdk/jni/common/Response
info|2024-03-13 00:13:35.669666|[RPC][IMPL][getGroupInfo][get group info from cache],hitCache=true,response={"id":1,"jsonrpc":"2.0","result":{"chainID":"chain0","genesisConfig":"{\"blockTxCountLimit\":1000,\"consensusLeaderPeriod\":1,\"consensusType\":\"pbft\",\"sealerList\":[{\"nodeID\":\"70483ec6dbcad6ad7226cb77a208f51a97986ad5a8195492f726e8707604076487450244be6158375d20fb575d0cb62a214a227e81e7f40191c217014cc4ec38\",\"weight\":1},{\"nodeID\":\"d29f77478637b5d19d56d5e5a1f2bf8ba373692298cd062e7c1fcdb51de5830fb1b7453d07f1068ab6ba64c40b65c7461d75b41c641e71c64df71fd5f03bd257\",\"weight\":1}],\"txGasLimit\":3000000000}\n","groupID":"group0","iniConfig":"","nodeList":[{"iniConfig":"{\"binaryInfo\":{\"buildTime\":\"20230616 16:54:30\",\"gitCommitHash\":\"e7fb7bb46343ebb563dfc937a2fb68e07e463c10\",\"platform\":\"Linux/g++\",\"version\":\"3.4.0\"},\"chainID\":\"chain0\",\"gatewayServiceName\":\"\",\"groupID\":\"group0\",\"isAuthCheck\":false,\"isSerialExecute\":true,\"isWasm\":false,\"nodeID\":\"70483ec6dbcad6ad7226cb77a208f51a97986ad5a8195492f726e8707604076487450244be6158375d20fb575d0cb62a214a227e81e7f40191c217014cc4ec38\",\"nodeName\":\"70483ec6dbcad6ad7226cb77a208f51a97986ad5a8195492f726e8707604076487450244be6158375d20fb575d0cb62a214a227e81e7f40191c217014cc4ec38\",\"rpcServiceName\":\"\",\"smCryptoType\":false}\n","name":"70483ec6dbcad6ad7226cb77a208f51a97986ad5a8195492f726e8707604076487450244be6158375d20fb575d0cb62a214a227e81e7f40191c217014cc4ec38","protocol":{"compatibilityVersion":50593792,"maxSupportedVersion":1,"minSupportedVersion":0},"serviceInfo":[{"serviceName":"LedgerServiceObj","type":2},{"serviceName":"SchedulerServiceObj","type":3},{"serviceName":"FrontServiceObj","type":4},{"serviceName":"","type":6},{"serviceName":"","type":7},{"serviceName":"TxPoolServiceObj","type":8}],"type":0}],"smCryptoType":false,"wasm":false}}
info|2024-03-13 00:13:35.871858|[SDK][WS][SERVICE][start]websocket service is running
info|2024-03-13 00:13:35.983340|[RPCWS][SERVICE][waitForConnectionEstablish]wait for websocket connection handshake success,suc count=1
info|2024-03-13 00:13:35.983340|[RPC][IMPL][start]start rpc
info|2024-03-13 00:13:35.983340|[SDK][WS][SERVICE][start]websocket service is running
info|2024-03-13 00:13:36.093622|[RPCWS][SERVICE][waitForConnectionEstablish]wait for websocket connection handshake success,suc count=1
info|2024-03-13 00:13:36.093622|[AMOP][CLIENT][start]start amop
info|2024-03-13 00:13:36.093622|[EVENT][SUB][start]event sub is running
info|2024-03-13 00:13:36.093622|[SDK][WS][SERVICE][start]websocket service is running
info|2024-03-13 00:13:36.203560|[RPCWS][SERVICE][waitForConnectionEstablish]wait for websocket connection handshake success,suc count=1
info|2024-03-13 00:13:36.203560|[bcos_sdk_start],sdk=0000019B717E4C90
info|2024-03-13 00:13:36.210484|[EVENT][PARAMS][fromJsonString],jsonString={"fromBlock":-1,"toBlock":-1,"addresses":[],"topics":[["LogCreateActivity(uint256,address, DataStructs.Activity,uint256)"],null,null,null]},params={fromBlock: -1toBlock: -1addresses: topics: index: 0LogCreateActivity(uint256,address, DataStructs.Activity,uint256) 0,}
info|2024-03-13 00:13:36.210484|[EVENT][SUB][subscribeEvent]subscribe event,id=7f5d8e9ab27d41bf95ea6635c509151e,group=group0,request={"group":"group0","id":"7f5d8e9ab27d41bf95ea6635c509151e","params":{"addresses":[],"fromBlock":-1,"toBlock":-1,"topics":[["LogCreateActivity(uint256,address, DataStructs.Activity,uint256)"]]}}
info|2024-03-13 00:13:36.216996|[EVENT][SUB][subscribeEvent]callback response success,id=7f5d8e9ab27d41bf95ea6635c509151e,response={"id":"7f5d8e9ab27d41bf95ea6635c509151e","status":0}
info|2024-03-13 00:13:55.558441|[EVENT][SUB][doLoop]event sub tasks report,working event sub count=1,suspend event sub count=0
info|2024-03-13 00:14:15.256243|[SDK][WS][STAT]connected nodes,count=1
info|2024-03-13 00:14:15.567855|[EVENT][SUB][doLoop]event sub tasks report,working event sub count=1,suspend event sub count=0
info|2024-03-13 00:14:35.260787|[SDK][WS][STAT]connected nodes,count=1
info|2024-03-13 00:14:35.570726|[EVENT][SUB][doLoop]event sub tasks report,working event sub count=1,suspend event sub count=0
info|2024-03-13 00:14:55.274908|[SDK][WS][STAT]connected nodes,count=1
info|2024-03-13 00:14:55.572637|[EVENT][SUB][doLoop]event sub tasks report,working event sub count=1,suspend event sub count=0
info|2024-03-13 00:15:15.281434|[SDK][WS][STAT]connected nodes,count=1
info|2024-03-13 00:15:15.582422|[EVENT][SUB][doLoop]event sub tasks report,working event sub count=1,suspend event sub count=0
info|2024-03-13 00:15:35.287854|[SDK][WS][STAT]connected nodes,count=1
info|2024-03-13 00:15:35.597486|[EVENT][SUB][doLoop]event sub tasks report,working event sub count=1,suspend event sub count=0
info|2024-03-13 00:15:55.299253|[SDK][WS][STAT]connected nodes,count=1
info|2024-03-13 00:15:55.611506|[EVENT][SUB][doLoop]event sub tasks report,working event sub count=1,suspend event sub count=0
info|2024-03-13 00:16:15.300763|[SDK][WS][STAT]connected nodes,count=1
info|2024-03-13 00:16:15.626219|[EVENT][SUB][doLoop]event sub tasks report,working event sub count=1,suspend event sub count=0
info|2024-03-13 00:16:35.307953|[SDK][WS][STAT]connected nodes,count=1
info|2024-03-13 00:16:35.634710|[EVENT][SUB][doLoop]event sub tasks report,working event sub count=1,suspend event sub count=0
info|2024-03-13 00:16:55.320689|[SDK][WS][STAT]connected nodes,count=1
info|2024-03-13 00:16:55.645519|[EVENT][SUB][doLoop]event sub tasks report,working event sub count=1,suspend event sub count=0
info|2024-03-13 00:17:15.333670|[SDK][WS][STAT]connected nodes,count=1
info|2024-03-13 00:17:15.659605|[EVENT][SUB][doLoop]event sub tasks report,working event sub count=1,suspend event sub count=0
info|2024-03-13 00:17:35.338337|[SDK][WS][STAT]connected nodes,count=1
info|2024-03-13 00:17:35.664067|[EVENT][SUB][doLoop]event sub tasks report,working event sub count=1,suspend event sub count=0
info|2024-03-13 00:17:55.340199|[SDK][WS][STAT]connected nodes,count=1
info|2024-03-13 00:17:55.664981|[EVENT][SUB][doLoop]event sub tasks report,working event sub count=1,suspend event sub count=0
info|2024-03-13 00:18:15.353610|[SDK][WS][STAT]connected nodes,count=1
info|2024-03-13 00:18:15.677291|[EVENT][SUB][doLoop]event sub tasks report,working event sub count=1,suspend event sub count=0
info|2024-03-13 00:18:35.365095|[SDK][WS][STAT]connected nodes,count=1
info|2024-03-13 00:18:35.689895|[EVENT][SUB][doLoop]event sub tasks report,working event sub count=1,suspend event sub count=0
info|2024-03-13 00:18:55.372041|[SDK][WS][STAT]connected nodes,count=1
info|2024-03-13 00:18:55.696796|[EVENT][SUB][doLoop]event sub tasks report,working event sub count=1,suspend event sub count=0
info|2024-03-13 00:19:15.387446|[SDK][WS][STAT]connected nodes,count=1
info|2024-03-13 00:19:15.697582|[EVENT][SUB][doLoop]event sub tasks report,working event sub count=1,suspend event sub count=0
info|2024-03-13 00:19:35.393247|[SDK][WS][STAT]connected nodes,count=1
info|2024-03-13 00:19:35.704361|[EVENT][SUB][doLoop]event sub tasks report,working event sub count=1,suspend event sub count=0
info|2024-03-13 00:19:55.403579|[SDK][WS][STAT]connected nodes,count=1
info|2024-03-13 00:19:55.714098|[EVENT][SUB][doLoop]event sub tasks report,working event sub count=1,suspend event sub count=0
info|2024-03-13 00:20:15.416425|[SDK][WS][STAT]connected nodes,count=1
info|2024-03-13 00:20:15.726870|[EVENT][SUB][doLoop]event sub tasks report,working event sub count=1,suspend event sub count=0
info|2024-03-13 00:20:35.427072|[SDK][WS][STAT]connected nodes,count=1
info|2024-03-13 00:20:35.737663|[EVENT][SUB][doLoop]event sub tasks report,working event sub count=1,suspend event sub count=0
info|2024-03-13 00:20:55.434321|[SDK][WS][STAT]connected nodes,count=1
info|2024-03-13 00:20:55.744263|[EVENT][SUB][doLoop]event sub tasks report,working event sub count=1,suspend event sub count=0
info|2024-03-13 00:21:15.442212|[SDK][WS][STAT]connected nodes,count=1
info|2024-03-13 00:21:15.751366|[EVENT][SUB][doLoop]event sub tasks report,working event sub count=1,suspend event sub count=0
info|2024-03-13 00:21:35.445564|[SDK][WS][STAT]connected nodes,count=1
info|2024-03-13 00:21:35.757819|[EVENT][SUB][doLoop]event sub tasks report,working event sub count=1,suspend event sub count=0
info|2024-03-13 00:21:55.457019|[SDK][WS][STAT]connected nodes,count=1
info|2024-03-13 00:21:55.770113|[EVENT][SUB][doLoop]event sub tasks report,working event sub count=1,suspend event sub count=0
info|2024-03-13 00:22:15.468915|[SDK][WS][STAT]connected nodes,count=1
info|2024-03-13 00:22:15.777298|[EVENT][SUB][doLoop]event sub tasks report,working event sub count=1,suspend event sub count=0
info|2024-03-13 00:22:35.477084|[SDK][WS][STAT]connected nodes,count=1
info|2024-03-13 00:22:35.791233|[EVENT][SUB][doLoop]event sub tasks report,working event sub count=1,suspend event sub count=0
info|2024-03-13 00:22:55.483427|[SDK][WS][STAT]connected nodes,count=1
info|2024-03-13 00:22:55.791643|[EVENT][SUB][doLoop]event sub tasks report,working event sub count=1,suspend event sub count=0
info|2024-03-13 00:23:15.490375|[SDK][WS][STAT]connected nodes,count=1
info|2024-03-13 00:23:15.796350|[EVENT][SUB][doLoop]event sub tasks report,working event sub count=1,suspend event sub count=0
info|2024-03-13 00:23:35.503108|[SDK][WS][STAT]connected nodes,count=1
info|2024-03-13 00:23:35.796700|[EVENT][SUB][doLoop]event sub tasks report,working event sub count=1,suspend event sub count=0
info|2024-03-13 00:23:55.512190|[SDK][WS][STAT]connected nodes,count=1
info|2024-03-13 00:23:55.809691|[EVENT][SUB][doLoop]event sub tasks report,working event sub count=1,suspend event sub count=0
info|2024-03-13 00:24:15.517115|[SDK][WS][STAT]connected nodes,count=1
info|2024-03-13 00:24:15.811264|[EVENT][SUB][doLoop]event sub tasks report,working event sub count=1,suspend event sub count=0
info|2024-03-13 00:24:35.521167|[SDK][WS][STAT]connected nodes,count=1
info|2024-03-13 00:24:35.815646|[EVENT][SUB][doLoop]event sub tasks report,working event sub count=1,suspend event sub count=0
info|2024-03-13 00:24:55.535486|[SDK][WS][STAT]connected nodes,count=1
info|2024-03-13 00:24:55.830781|[EVENT][SUB][doLoop]event sub tasks report,working event sub count=1,suspend event sub count=0
info|2024-03-13 00:25:15.546138|[SDK][WS][STAT]connected nodes,count=1
info|2024-03-13 00:25:15.841554|[EVENT][SUB][doLoop]event sub tasks report,working event sub count=1,suspend event sub count=0
info|2024-03-13 00:25:35.553150|[SDK][WS][STAT]connected nodes,count=1
info|2024-03-13 00:25:35.848417|[EVENT][SUB][doLoop]event sub tasks report,working event sub count=1,suspend event sub count=0
info|2024-03-13 00:25:55.563803|[SDK][WS][STAT]connected nodes,count=1
info|2024-03-13 00:25:55.860890|[EVENT][SUB][doLoop]event sub tasks report,working event sub count=1,suspend event sub count=0
info|2024-03-13 00:26:15.575875|[SDK][WS][STAT]connected nodes,count=1
info|2024-03-13 00:26:15.867853|[EVENT][SUB][doLoop]event sub tasks report,working event sub count=1,suspend event sub count=0
info|2024-03-13 00:26:35.580448|[SDK][WS][STAT]connected nodes,count=1
info|2024-03-13 00:26:35.877431|[EVENT][SUB][doLoop]event sub tasks report,working event sub count=1,suspend event sub count=0
info|2024-03-13 00:26:55.587829|[SDK][WS][STAT]connected nodes,count=1
info|2024-03-13 00:26:55.887769|[EVENT][SUB][doLoop]event sub tasks report,working event sub count=1,suspend event sub count=0
info|2024-03-13 00:27:15.596367|[SDK][WS][STAT]connected nodes,count=1
info|2024-03-13 00:27:15.892066|[EVENT][SUB][doLoop]event sub tasks report,working event sub count=1,suspend event sub count=0
info|2024-03-13 00:27:35.599129|[SDK][WS][STAT]connected nodes,count=1
info|2024-03-13 00:27:35.892594|[EVENT][SUB][doLoop]event sub tasks report,working event sub count=1,suspend event sub count=0
info|2024-03-13 00:27:55.608722|[SDK][WS][STAT]connected nodes,count=1
info|2024-03-13 00:27:55.905217|[EVENT][SUB][doLoop]event sub tasks report,working event sub count=1,suspend event sub count=0
info|2024-03-13 00:28:15.608796|[SDK][WS][STAT]connected nodes,count=1
info|2024-03-13 00:28:15.919780|[EVENT][SUB][doLoop]event sub tasks report,working event sub count=1,suspend event sub count=0
info|2024-03-13 00:28:35.611367|[SDK][WS][STAT]connected nodes,count=1
info|2024-03-13 00:28:35.921055|[EVENT][SUB][doLoop]event sub tasks report,working event sub count=1,suspend event sub count=0
info|2024-03-13 00:28:55.614001|[SDK][WS][STAT]connected nodes,count=1
info|2024-03-13 00:28:55.923369|[EVENT][SUB][doLoop]event sub tasks report,working event sub count=1,suspend event sub count=0
info|2024-03-13 00:29:15.614210|[SDK][WS][STAT]connected nodes,count=1
info|2024-03-13 00:29:15.925168|[EVENT][SUB][doLoop]event sub tasks report,working event sub count=1,suspend event sub count=0
info|2024-03-13 00:29:35.614521|[SDK][WS][STAT]connected nodes,count=1
info|2024-03-13 00:29:35.925718|[EVENT][SUB][doLoop]event sub tasks report,working event sub count=1,suspend event sub count=0
info|2024-03-13 00:29:55.623523|[SDK][WS][STAT]connected nodes,count=1
info|2024-03-13 00:29:55.934400|[EVENT][SUB][doLoop]event sub tasks report,working event sub count=1,suspend event sub count=0
info|2024-03-13 00:30:15.630166|[SDK][WS][STAT]connected nodes,count=1
info|2024-03-13 00:30:15.944537|[EVENT][SUB][doLoop]event sub tasks report,working event sub count=1,suspend event sub count=0
info|2024-03-13 00:30:35.643630|[SDK][WS][STAT]connected nodes,count=1
info|2024-03-13 00:30:35.953733|[EVENT][SUB][doLoop]event sub tasks report,working event sub count=1,suspend event sub count=0
info|2024-03-13 00:30:55.656935|[SDK][WS][STAT]connected nodes,count=1
info|2024-03-13 00:30:55.967525|[EVENT][SUB][doLoop]event sub tasks report,working event sub count=1,suspend event sub count=0
info|2024-03-13 00:31:15.670282|[SDK][WS][STAT]connected nodes,count=1
info|2024-03-13 00:31:15.981481|[EVENT][SUB][doLoop]event sub tasks report,working event sub count=1,suspend event sub count=0
info|2024-03-13 00:31:35.681270|[SDK][WS][STAT]connected nodes,count=1
info|2024-03-13 00:31:35.996787|[EVENT][SUB][doLoop]event sub tasks report,working event sub count=1,suspend event sub count=0
info|2024-03-13 00:31:55.685448|[SDK][WS][STAT]connected nodes,count=1
info|2024-03-13 00:31:55.998960|[EVENT][SUB][doLoop]event sub tasks report,working event sub count=1,suspend event sub count=0
info|2024-03-13 00:32:15.687462|[SDK][WS][STAT]connected nodes,count=1
info|2024-03-13 00:32:16.006795|[EVENT][SUB][doLoop]event sub tasks report,working event sub count=1,suspend event sub count=0
info|2024-03-13 00:32:35.689388|[SDK][WS][STAT]connected nodes,count=1
info|2024-03-13 00:32:36.013741|[EVENT][SUB][doLoop]event sub tasks report,working event sub count=1,suspend event sub count=0
info|2024-03-13 00:32:55.698098|[SDK][WS][STAT]connected nodes,count=1
info|2024-03-13 00:32:56.020247|[EVENT][SUB][doLoop]event sub tasks report,working event sub count=1,suspend event sub count=0
info|2024-03-13 00:33:15.712822|[SDK][WS][STAT]connected nodes,count=1
info|2024-03-13 00:33:16.023960|[EVENT][SUB][doLoop]event sub tasks report,working event sub count=1,suspend event sub count=0
info|2024-03-13 00:33:35.722017|[SDK][WS][STAT]connected nodes,count=1
info|2024-03-13 00:33:36.032215|[EVENT][SUB][doLoop]event sub tasks report,working event sub count=1,suspend event sub count=0
info|2024-03-13 00:33:55.736256|[SDK][WS][STAT]connected nodes,count=1
info|2024-03-13 00:33:56.033833|[EVENT][SUB][doLoop]event sub tasks report,working event sub count=1,suspend event sub count=0
info|2024-03-13 00:34:15.750944|[SDK][WS][STAT]connected nodes,count=1
info|2024-03-13 00:34:16.036166|[EVENT][SUB][doLoop]event sub tasks report,working event sub count=1,suspend event sub count=0
info|2024-03-13 00:34:35.763157|[SDK][WS][STAT]connected nodes,count=1
info|2024-03-13 00:34:36.045513|[EVENT][SUB][doLoop]event sub tasks report,working event sub count=1,suspend event sub count=0
info|2024-03-13 00:34:55.776659|[SDK][WS][STAT]connected nodes,count=1
info|2024-03-13 00:34:56.059453|[EVENT][SUB][doLoop]event sub tasks report,working event sub count=1,suspend event sub count=0
info|2024-03-13 00:35:15.780291|[SDK][WS][STAT]connected nodes,count=1
info|2024-03-13 00:35:16.063816|[EVENT][SUB][doLoop]event sub tasks report,working event sub count=1,suspend event sub count=0
info|2024-03-13 00:35:35.787607|[SDK][WS][STAT]connected nodes,count=1
info|2024-03-13 00:35:36.067277|[EVENT][SUB][doLoop]event sub tasks report,working event sub count=1,suspend event sub count=0
info|2024-03-13 00:35:55.798657|[SDK][WS][STAT]connected nodes,count=1
info|2024-03-13 00:35:56.076633|[EVENT][SUB][doLoop]event sub tasks report,working event sub count=1,suspend event sub count=0
info|2024-03-13 00:36:15.812379|[SDK][WS][STAT]connected nodes,count=1
info|2024-03-13 00:36:16.077192|[EVENT][SUB][doLoop]event sub tasks report,working event sub count=1,suspend event sub count=0
info|2024-03-13 00:36:35.820785|[SDK][WS][STAT]connected nodes,count=1
info|2024-03-13 00:36:36.086987|[EVENT][SUB][doLoop]event sub tasks report,working event sub count=1,suspend event sub count=0
info|2024-03-13 00:36:55.827113|[SDK][WS][STAT]connected nodes,count=1
info|2024-03-13 00:36:56.094162|[EVENT][SUB][doLoop]event sub tasks report,working event sub count=1,suspend event sub count=0
info|2024-03-13 00:37:15.827974|[SDK][WS][STAT]connected nodes,count=1
info|2024-03-13 00:37:16.105496|[EVENT][SUB][doLoop]event sub tasks report,working event sub count=1,suspend event sub count=0
info|2024-03-13 00:37:35.837018|[SDK][WS][STAT]connected nodes,count=1
info|2024-03-13 00:37:36.118854|[EVENT][SUB][doLoop]event sub tasks report,working event sub count=1,suspend event sub count=0
info|2024-03-13 00:37:55.843921|[SDK][WS][STAT]connected nodes,count=1
info|2024-03-13 00:37:56.119747|[EVENT][SUB][doLoop]event sub tasks report,working event sub count=1,suspend event sub count=0
info|2024-03-13 00:38:15.850182|[SDK][WS][STAT]connected nodes,count=1
info|2024-03-13 00:38:16.129102|[EVENT][SUB][doLoop]event sub tasks report,working event sub count=1,suspend event sub count=0
info|2024-03-13 00:38:35.858340|[SDK][WS][STAT]connected nodes,count=1
info|2024-03-13 00:38:36.135794|[EVENT][SUB][doLoop]event sub tasks report,working event sub count=1,suspend event sub count=0
info|2024-03-13 00:38:55.867844|[SDK][WS][STAT]connected nodes,count=1
info|2024-03-13 00:38:56.151389|[EVENT][SUB][doLoop]event sub tasks report,working event sub count=1,suspend event sub count=0
info|2024-03-13 00:39:15.868734|[SDK][WS][STAT]connected nodes,count=1
info|2024-03-13 00:39:16.166849|[EVENT][SUB][doLoop]event sub tasks report,working event sub count=1,suspend event sub count=0
info|2024-03-13 00:39:35.876461|[SDK][WS][STAT]connected nodes,count=1
info|2024-03-13 00:39:36.172630|[EVENT][SUB][doLoop]event sub tasks report,working event sub count=1,suspend event sub count=0
info|2024-03-13 00:39:55.879770|[SDK][WS][STAT]connected nodes,count=1
info|2024-03-13 00:39:56.177327|[EVENT][SUB][doLoop]event sub tasks report,working event sub count=1,suspend event sub count=0
info|2024-03-13 00:40:15.886969|[SDK][WS][STAT]connected nodes,count=1
info|2024-03-13 00:40:16.182609|[EVENT][SUB][doLoop]event sub tasks report,working event sub count=1,suspend event sub count=0
info|2024-03-13 00:40:35.896786|[SDK][WS][STAT]connected nodes,count=1
info|2024-03-13 00:40:36.191003|[EVENT][SUB][doLoop]event sub tasks report,working event sub count=1,suspend event sub count=0
info|2024-03-13 00:40:55.901825|[SDK][WS][STAT]connected nodes,count=1
info|2024-03-13 00:40:56.197290|[EVENT][SUB][doLoop]event sub tasks report,working event sub count=1,suspend event sub count=0
info|2024-03-13 00:41:15.904403|[SDK][WS][STAT]connected nodes,count=1
info|2024-03-13 00:41:16.200248|[EVENT][SUB][doLoop]event sub tasks report,working event sub count=1,suspend event sub count=0
info|2024-03-13 00:41:35.910145|[SDK][WS][STAT]connected nodes,count=1
info|2024-03-13 00:41:36.207106|[EVENT][SUB][doLoop]event sub tasks report,working event sub count=1,suspend event sub count=0
info|2024-03-13 00:41:55.911179|[SDK][WS][STAT]connected nodes,count=1
info|2024-03-13 00:41:56.208623|[EVENT][SUB][doLoop]event sub tasks report,working event sub count=1,suspend event sub count=0
info|2024-03-13 00:42:15.921048|[SDK][WS][STAT]connected nodes,count=1
info|2024-03-13 00:42:16.215249|[EVENT][SUB][doLoop]event sub tasks report,working event sub count=1,suspend event sub count=0
info|2024-03-13 00:42:35.936106|[SDK][WS][STAT]connected nodes,count=1
info|2024-03-13 00:42:36.220103|[EVENT][SUB][doLoop]event sub tasks report,working event sub count=1,suspend event sub count=0
info|2024-03-13 00:42:55.949844|[SDK][WS][STAT]connected nodes,count=1
info|2024-03-13 00:42:56.220264|[EVENT][SUB][doLoop]event sub tasks report,working event sub count=1,suspend event sub count=0
info|2024-03-13 00:43:15.959500|[SDK][WS][STAT]connected nodes,count=1
info|2024-03-13 00:43:16.224726|[EVENT][SUB][doLoop]event sub tasks report,working event sub count=1,suspend event sub count=0
info|2024-03-13 00:43:35.962428|[SDK][WS][STAT]connected nodes,count=1
info|2024-03-13 00:43:36.225785|[EVENT][SUB][doLoop]event sub tasks report,working event sub count=1,suspend event sub count=0
info|2024-03-13 00:43:55.967591|[SDK][WS][STAT]connected nodes,count=1
info|2024-03-13 00:43:56.233689|[EVENT][SUB][doLoop]event sub tasks report,working event sub count=1,suspend event sub count=0
info|2024-03-13 00:44:15.975837|[SDK][WS][STAT]connected nodes,count=1
info|2024-03-13 00:44:16.239329|[EVENT][SUB][doLoop]event sub tasks report,working event sub count=1,suspend event sub count=0
info|2024-03-13 00:44:35.987403|[SDK][WS][STAT]connected nodes,count=1
info|2024-03-13 00:44:36.253795|[EVENT][SUB][doLoop]event sub tasks report,working event sub count=1,suspend event sub count=0
info|2024-03-13 00:44:55.989304|[SDK][WS][STAT]connected nodes,count=1
info|2024-03-13 00:44:56.268166|[EVENT][SUB][doLoop]event sub tasks report,working event sub count=1,suspend event sub count=0
info|2024-03-13 00:45:16.004042|[SDK][WS][STAT]connected nodes,count=1
info|2024-03-13 00:45:16.268290|[EVENT][SUB][doLoop]event sub tasks report,working event sub count=1,suspend event sub count=0
info|2024-03-13 00:45:36.012060|[SDK][WS][STAT]connected nodes,count=1
info|2024-03-13 00:45:36.275399|[EVENT][SUB][doLoop]event sub tasks report,working event sub count=1,suspend event sub count=0
info|2024-03-13 00:45:56.017842|[SDK][WS][STAT]connected nodes,count=1
info|2024-03-13 00:45:56.282208|[EVENT][SUB][doLoop]event sub tasks report,working event sub count=1,suspend event sub count=0
info|2024-03-13 00:46:16.018342|[SDK][WS][STAT]connected nodes,count=1
info|2024-03-13 00:46:16.292484|[EVENT][SUB][doLoop]event sub tasks report,working event sub count=1,suspend event sub count=0
info|2024-03-13 00:46:36.033594|[SDK][WS][STAT]connected nodes,count=1
info|2024-03-13 00:46:36.298346|[EVENT][SUB][doLoop]event sub tasks report,working event sub count=1,suspend event sub count=0
info|2024-03-13 00:46:56.034649|[SDK][WS][STAT]connected nodes,count=1
info|2024-03-13 00:46:56.298975|[EVENT][SUB][doLoop]event sub tasks report,working event sub count=1,suspend event sub count=0
info|2024-03-13 00:47:16.034956|[SDK][WS][STAT]connected nodes,count=1
info|2024-03-13 00:47:16.301915|[EVENT][SUB][doLoop]event sub tasks report,working event sub count=1,suspend event sub count=0
info|2024-03-13 00:47:36.043913|[SDK][WS][STAT]connected nodes,count=1
info|2024-03-13 00:47:36.308965|[EVENT][SUB][doLoop]event sub tasks report,working event sub count=1,suspend event sub count=0
info|2024-03-13 00:47:56.046003|[SDK][WS][STAT]connected nodes,count=1
info|2024-03-13 00:47:56.312425|[EVENT][SUB][doLoop]event sub tasks report,working event sub count=1,suspend event sub count=0
