info|2024-03-12 23:34:38.403941|[SDK][WS][SERVICE],[NEWOBJ][WsService]=000001CC88C10000
info|2024-03-12 23:34:38.403941|[RPCWS][SERVICE]init the local protocol,minVersion=1,maxVersion=1,module=2
info|2024-03-12 23:34:38.403941|[startThread]start the timer thread
info|2024-03-12 23:34:38.403941|[startThread]the timer thread start,threadName=timerFactory
info|2024-03-12 23:34:38.405943|[DEFAULT][WS][INITIALIZER][initWsService]start websocket service as client,connected endpoints size=1
info|2024-03-12 23:34:38.405943|[DEFAULT][WS][INITIALIZER][initWsService]initializer for websocket service,listenIP=,listenPort=0,disableSsl=false,server=false,client=true,threadPoolSize=12,maxMsgSize=33554432,msgTimeOut=-1,connected peers=1
info|2024-03-12 23:34:38.405943|[buildJsonRpc]build json rpc,sendRequestToHighestBlockNode=true
info|2024-03-12 23:34:38.405943|[bcos_sdk_create][NEWOBJ],sdk=000001CC85741A50,version=FISCO BCOS C SDK Version : 3.4.0
Build Time         : 20230612 08:01:53
Build Type         : Windows/unknown/Release
Git Branch         : HEAD
Git Commit         : 8829d018c34fe8f5c8db7422aa44144d0e2b6cf8
,peers_count=1,disable_ssl=0,message_timeout_ms=-1,reconnect_period_ms=20000,heartbeat_period_ms=20000,send_rpc_request_to_highest_block_node=1
info|2024-03-12 23:34:39.028524|[DEFAULT][WS][CONNECTOR][connectToWsServer]async_connect success,endpoint=10.21.32.192:20200
info|2024-03-12 23:34:39.028524|[DEFAULT][WS][STREAM],[NEWOBJ][WsStream]=000001CC856E91A0
info|2024-03-12 23:34:39.037523|[DEFAULT][BOOSTSSL][NODEINFO][NEW]SSLContext pubHex: 3082010a0282010100d62f5d0f383e2bb3a8444b58b0f0487cebaf6380048261442fb09169c29bd199f35a18ea7bca1b55969d73155b37c7949109dce129bd7ff4701356d3d89ab041fa109eb1bfa80fda18c4f49a1cb01c65aecc9bd7cb0708ecf299fd30751d122089a6dd77429ed9f2fb0205c99293ad43c0a367d71c937574efba25ce91eb149a785a3030c5cfdced543921ad0100bb6f3784d5889d329e420b473d049c8c86d278a49f764d07a97154cb35ac52c47c9c9c4352397863b2f7d222f7bb43df5717308bb4e1fc45175efa32002b2e6178903f312a90ab1c3849bdc1db68466e26b50685490b4092b16793f099f841eedfdbc5445c1d2990d039dc0621e42a2654650203010001
warning|2024-03-12 23:34:39.037523|[DEFAULT][BOOSTSSL][NODEINFO]Get ca basic failed
info|2024-03-12 23:34:39.037523|[DEFAULT][BOOSTSSL][NODEINFO][NEW]SSLContext pubHex: 3082010a0282010100d3db6eb1c285ddcf25ab4adceaa0fc145546f98eb23921a1a1bf80ad526b9f85c4536da970ef687603ce712ef78c109741d53123df3e9d0089396188af93b0d736cc2805b974d81cbba6ce5261526f3a6f098f8333bce2643d3c79786d36148fb05ebb1ef0d62ec7ea2b5e4c69a1493f2874c9b6a8d2eb05fafcae2a75ea6fde46c6abefcd9286b367f4976907868e8a9e24e36fab68191c17bafdb77e3af4dfed29589941965d50ee8247974c48a6e06f87bb01690985174096c34369c8be87180754103d2d727f1db88f10dc7cdc8a66452fb0e9799dd21092da65e9f68ef11afd5c63f0dde493233f3327509d9cc04b4152d233516b10386441b5ae770fa30203010001
info|2024-03-12 23:34:39.050523|[DEFAULT][WS][CONNECTOR][connectToWsServer]ssl async_handshake success,host=10.21.32.192,port=20200
info|2024-03-12 23:34:39.057523|[DEFAULT][WS][CONNECTOR][connectToWsServer]websocket handshake successfully,host=10.21.32.192,port=20200
info|2024-03-12 23:34:39.057523|[SDK][WS][SESSION],[NEWOBJ][WSSESSION]=000001CC88DD2A40
info|2024-03-12 23:34:39.057523|[SDK][WS][SERVICE][newSession]start the session,endPoint=10.21.32.192:20200
info|2024-03-12 23:34:39.057523|[SDK][WS][SERVICE][addSession]map the session,endPoint=10.21.32.192:20200,result=true
info|2024-03-12 23:34:39.057523|[SDK][WS][SERVICE][onConnect],endpoint=10.21.32.192:20200,refCount=6
info|2024-03-12 23:34:39.057523|[RPCWS][SERVICE][startHandshake],endpoint=10.21.32.192:20200
info|2024-03-12 23:34:39.057523|[SDK][WS][SERVICE][start]start websocket service successfully,model=1,max msg size=33554432
info|2024-03-12 23:34:39.057523|[SDK][WS][SESSION][startAsClient]websocket handshake successfully,endPoint=10.21.32.192:20200,session=000001CC88DD2A40
info|2024-03-12 23:34:39.062523|[RPCWS][SERVICE][fromJson] new group info,groupInfo=,group=group0,chain=chain0,nodeSize=1
info|2024-03-12 23:34:39.062523|[RPCWS][SERVICE][fromJson]parser protocol version,protocolVersion=1,groupInfoList size=1,groupBlockNumber size=1
info|2024-03-12 23:34:39.062523|[RPCWS][SERVICE][updateGroupInfoByEp],endPoint=10.21.32.192:20200,group=group0,chainID=chain0,genesisConfig={"blockTxCountLimit":1000,"consensusLeaderPeriod":1,"consensusType":"pbft","sealerList":[{"nodeID":"70483ec6dbcad6ad7226cb77a208f51a97986ad5a8195492f726e8707604076487450244be6158375d20fb575d0cb62a214a227e81e7f40191c217014cc4ec38","weight":1},{"nodeID":"d29f77478637b5d19d56d5e5a1f2bf8ba373692298cd062e7c1fcdb51de5830fb1b7453d07f1068ab6ba64c40b65c7461d75b41c641e71c64df71fd5f03bd257","weight":1}],"txGasLimit":3000000000}
,iniConfig=,nodesNum=1
info|2024-03-12 23:34:39.062523|[RPCWS][SERVICE][updateGroupInfo],endPoint=10.21.32.192:20200,group=group0,chainID=chain0,nodesNum=1
info|2024-03-12 23:34:39.062523|[RPCWS][SERVICE][clearGroupInfoByEp],endPoint=10.21.32.192:20200,group=group0
info|2024-03-12 23:34:39.062523|[RPCWS][SERVICE][printGroupInfo],total count=1
info|2024-03-12 23:34:39.062523|[RPCWS][SERVICE][printGroupInfo]group list,group=group0,count=1
info|2024-03-12 23:34:39.062523|[RPCWS][SERVICE][printGroupInfo]node list,group=group0,node=70483ec6dbcad6ad7226cb77a208f51a97986ad5a8195492f726e8707604076487450244be6158375d20fb575d0cb62a214a227e81e7f40191c217014cc4ec38,count=1
info|2024-03-12 23:34:39.062523|[RPCWS][SERVICE][updateGroupBlockNumber],groupID=group0,_blockNumber=356
info|2024-03-12 23:34:39.062523|[AMOP][CLIENT][updateTopicsToRemote]send subscribe message to server,endpoint=10.21.32.192:20200,topics={"topics":[]}
info|2024-03-12 23:34:39.062523|[RPCWS][SERVICE][startHandshake]handshake successfully,endPoint=10.21.32.192:20200,handshake version=1,groupInfoList size=1,groupBlockNumber size=1,handshake string={"groupBlockNumber":[{"group0":356}],"groupInfoList":[{"chainID":"chain0","genesisConfig":"{\"blockTxCountLimit\":1000,\"consensusLeaderPeriod\":1,\"consensusType\":\"pbft\",\"sealerList\":[{\"nodeID\":\"70483ec6dbcad6ad7226cb77a208f51a97986ad5a8195492f726e8707604076487450244be6158375d20fb575d0cb62a214a227e81e7f40191c217014cc4ec38\",\"weight\":1},{\"nodeID\":\"d29f77478637b5d19d56d5e5a1f2bf8ba373692298cd062e7c1fcdb51de5830fb1b7453d07f1068ab6ba64c40b65c7461d75b41c641e71c64df71fd5f03bd257\",\"weight\":1}],\"txGasLimit\":3000000000}\n","groupID":"group0","iniConfig":"","nodeList":[{"iniConfig":"{\"binaryInfo\":{\"buildTime\":\"20230616 16:54:30\",\"gitCommitHash\":\"e7fb7bb46343ebb563dfc937a2fb68e07e463c10\",\"platform\":\"Linux/g++\",\"version\":\"3.4.0\"},\"chainID\":\"chain0\",\"gatewayServiceName\":\"\",\"groupID\":\"group0\",\"isAuthCheck\":false,\"isSerialExecute\":true,\"isWasm\":false,\"nodeID\":\"70483ec6dbcad6ad7226cb77a208f51a97986ad5a8195492f726e8707604076487450244be6158375d20fb575d0cb62a214a227e81e7f40191c217014cc4ec38\",\"nodeName\":\"70483ec6dbcad6ad7226cb77a208f51a97986ad5a8195492f726e8707604076487450244be6158375d20fb575d0cb62a214a227e81e7f40191c217014cc4ec38\",\"rpcServiceName\":\"\",\"smCryptoType\":false}\n","microService":false,"name":"70483ec6dbcad6ad7226cb77a208f51a97986ad5a8195492f726e8707604076487450244be6158375d20fb575d0cb62a214a227e81e7f40191c217014cc4ec38","nodeID":"70483ec6dbcad6ad7226cb77a208f51a97986ad5a8195492f726e8707604076487450244be6158375d20fb575d0cb62a214a227e81e7f40191c217014cc4ec38","protocol":{"compatibilityVersion":50593792,"maxSupportedVersion":1,"minSupportedVersion":0},"serviceInfo":[{"serviceName":"LedgerServiceObj","type":2},{"serviceName":"SchedulerServiceObj","type":3},{"serviceName":"FrontServiceObj","type":4},{"serviceName":"","type":6},{"serviceName":"","type":7},{"serviceName":"TxPoolServiceObj","type":8}],"type":0}]}],"protocolVersion":1}
info|2024-03-12 23:34:39.167419|[RPCWS][SERVICE][waitForConnectionEstablish]wait for websocket connection handshake success,suc count=1
info|2024-03-12 23:34:39.167419|[RPC][IMPL][start]start rpc
info|2024-03-12 23:34:39.167419|[SDK][WS][SERVICE][start]websocket service is running
info|2024-03-12 23:34:39.277601|[RPCWS][SERVICE][waitForConnectionEstablish]wait for websocket connection handshake success,suc count=1
info|2024-03-12 23:34:39.277601|[AMOP][CLIENT][start]start amop
info|2024-03-12 23:34:39.277601|[SDK][WS][SERVICE][start]websocket service is running
info|2024-03-12 23:34:39.387574|[RPCWS][SERVICE][waitForConnectionEstablish]wait for websocket connection handshake success,suc count=1
info|2024-03-12 23:34:39.387574|[EVENT][SUB][start]start event sub successfully,sendMsgTimeout=-1,reconnectPeriod=20000
info|2024-03-12 23:34:39.387574|[SDK][WS][SERVICE][start]websocket service is running
info|2024-03-12 23:34:39.499200|[RPCWS][SERVICE][waitForConnectionEstablish]wait for websocket connection handshake success,suc count=1
info|2024-03-12 23:34:39.499200|[bcos_sdk_start],sdk=000001CC85741A50
info|2024-03-12 23:34:39.500183|[findClass]add class to cache,fullClassName=org/fisco/bcos/sdk/jni/common/Response
info|2024-03-12 23:34:39.501183|[RPC][IMPL][getGroupInfo][get group info from cache],hitCache=true,response={"id":1,"jsonrpc":"2.0","result":{"chainID":"chain0","genesisConfig":"{\"blockTxCountLimit\":1000,\"consensusLeaderPeriod\":1,\"consensusType\":\"pbft\",\"sealerList\":[{\"nodeID\":\"70483ec6dbcad6ad7226cb77a208f51a97986ad5a8195492f726e8707604076487450244be6158375d20fb575d0cb62a214a227e81e7f40191c217014cc4ec38\",\"weight\":1},{\"nodeID\":\"d29f77478637b5d19d56d5e5a1f2bf8ba373692298cd062e7c1fcdb51de5830fb1b7453d07f1068ab6ba64c40b65c7461d75b41c641e71c64df71fd5f03bd257\",\"weight\":1}],\"txGasLimit\":3000000000}\n","groupID":"group0","iniConfig":"","nodeList":[{"iniConfig":"{\"binaryInfo\":{\"buildTime\":\"20230616 16:54:30\",\"gitCommitHash\":\"e7fb7bb46343ebb563dfc937a2fb68e07e463c10\",\"platform\":\"Linux/g++\",\"version\":\"3.4.0\"},\"chainID\":\"chain0\",\"gatewayServiceName\":\"\",\"groupID\":\"group0\",\"isAuthCheck\":false,\"isSerialExecute\":true,\"isWasm\":false,\"nodeID\":\"70483ec6dbcad6ad7226cb77a208f51a97986ad5a8195492f726e8707604076487450244be6158375d20fb575d0cb62a214a227e81e7f40191c217014cc4ec38\",\"nodeName\":\"70483ec6dbcad6ad7226cb77a208f51a97986ad5a8195492f726e8707604076487450244be6158375d20fb575d0cb62a214a227e81e7f40191c217014cc4ec38\",\"rpcServiceName\":\"\",\"smCryptoType\":false}\n","name":"70483ec6dbcad6ad7226cb77a208f51a97986ad5a8195492f726e8707604076487450244be6158375d20fb575d0cb62a214a227e81e7f40191c217014cc4ec38","protocol":{"compatibilityVersion":50593792,"maxSupportedVersion":1,"minSupportedVersion":0},"serviceInfo":[{"serviceName":"LedgerServiceObj","type":2},{"serviceName":"SchedulerServiceObj","type":3},{"serviceName":"FrontServiceObj","type":4},{"serviceName":"","type":6},{"serviceName":"","type":7},{"serviceName":"TxPoolServiceObj","type":8}],"type":0}],"smCryptoType":false,"wasm":false}}
info|2024-03-12 23:34:39.899910|[SDK][WS][SERVICE][start]websocket service is running
info|2024-03-12 23:34:40.004911|[RPCWS][SERVICE][waitForConnectionEstablish]wait for websocket connection handshake success,suc count=1
info|2024-03-12 23:34:40.004911|[RPC][IMPL][start]start rpc
info|2024-03-12 23:34:40.004911|[SDK][WS][SERVICE][start]websocket service is running
info|2024-03-12 23:34:40.116918|[RPCWS][SERVICE][waitForConnectionEstablish]wait for websocket connection handshake success,suc count=1
info|2024-03-12 23:34:40.116918|[AMOP][CLIENT][start]start amop
info|2024-03-12 23:34:40.116918|[EVENT][SUB][start]event sub is running
info|2024-03-12 23:34:40.116918|[SDK][WS][SERVICE][start]websocket service is running
info|2024-03-12 23:34:40.228101|[RPCWS][SERVICE][waitForConnectionEstablish]wait for websocket connection handshake success,suc count=1
info|2024-03-12 23:34:40.228101|[bcos_sdk_start],sdk=000001CC85741A50
info|2024-03-12 23:34:40.239105|[EVENT][PARAMS][fromJsonString],jsonString={"fromBlock":-1,"toBlock":-1,"addresses":[],"topics":[["LogCreateActivity(uint256,address, DataStructs.Activity,uint256)"],null,null,null]},params={fromBlock: -1toBlock: -1addresses: topics: index: 0LogCreateActivity(uint256,address, DataStructs.Activity,uint256) 0,}
info|2024-03-12 23:34:40.240105|[EVENT][SUB][subscribeEvent]subscribe event,id=9fa536c749794f3195a1668d0056bfa9,group=group0,request={"group":"group0","id":"9fa536c749794f3195a1668d0056bfa9","params":{"addresses":[],"fromBlock":-1,"toBlock":-1,"topics":[["LogCreateActivity(uint256,address, DataStructs.Activity,uint256)"]]}}
info|2024-03-12 23:34:40.250104|[EVENT][SUB][subscribeEvent]callback response success,id=9fa536c749794f3195a1668d0056bfa9,response={"id":"9fa536c749794f3195a1668d0056bfa9","status":0}
info|2024-03-12 23:34:59.402683|[EVENT][SUB][doLoop]event sub tasks report,working event sub count=1,suspend event sub count=0
info|2024-03-12 23:35:19.076010|[SDK][WS][STAT]connected nodes,count=1
info|2024-03-12 23:35:19.417388|[EVENT][SUB][doLoop]event sub tasks report,working event sub count=1,suspend event sub count=0
info|2024-03-12 23:35:39.089283|[SDK][WS][STAT]connected nodes,count=1
info|2024-03-12 23:35:39.431094|[EVENT][SUB][doLoop]event sub tasks report,working event sub count=1,suspend event sub count=0
info|2024-03-12 23:35:59.094768|[SDK][WS][STAT]connected nodes,count=1
info|2024-03-12 23:35:59.437553|[EVENT][SUB][doLoop]event sub tasks report,working event sub count=1,suspend event sub count=0
info|2024-03-12 23:36:19.102820|[SDK][WS][STAT]connected nodes,count=1
info|2024-03-12 23:36:19.448806|[EVENT][SUB][doLoop]event sub tasks report,working event sub count=1,suspend event sub count=0
info|2024-03-12 23:36:39.103794|[SDK][WS][STAT]connected nodes,count=1
info|2024-03-12 23:36:39.449927|[EVENT][SUB][doLoop]event sub tasks report,working event sub count=1,suspend event sub count=0
info|2024-03-12 23:36:59.114423|[SDK][WS][STAT]connected nodes,count=1
info|2024-03-12 23:36:59.455177|[EVENT][SUB][doLoop]event sub tasks report,working event sub count=1,suspend event sub count=0
info|2024-03-12 23:37:19.114632|[SDK][WS][STAT]connected nodes,count=1
info|2024-03-12 23:37:19.467791|[EVENT][SUB][doLoop]event sub tasks report,working event sub count=1,suspend event sub count=0
info|2024-03-12 23:37:39.115660|[SDK][WS][STAT]connected nodes,count=1
info|2024-03-12 23:37:39.473504|[EVENT][SUB][doLoop]event sub tasks report,working event sub count=1,suspend event sub count=0
info|2024-03-12 23:37:59.124608|[SDK][WS][STAT]connected nodes,count=1
info|2024-03-12 23:37:59.480872|[EVENT][SUB][doLoop]event sub tasks report,working event sub count=1,suspend event sub count=0
info|2024-03-12 23:38:19.133344|[SDK][WS][STAT]connected nodes,count=1
info|2024-03-12 23:38:19.490678|[EVENT][SUB][doLoop]event sub tasks report,working event sub count=1,suspend event sub count=0
info|2024-03-12 23:38:39.134543|[SDK][WS][STAT]connected nodes,count=1
info|2024-03-12 23:38:39.492836|[EVENT][SUB][doLoop]event sub tasks report,working event sub count=1,suspend event sub count=0
info|2024-03-12 23:38:59.144698|[SDK][WS][STAT]connected nodes,count=1
info|2024-03-12 23:38:59.493896|[EVENT][SUB][doLoop]event sub tasks report,working event sub count=1,suspend event sub count=0
info|2024-03-12 23:39:19.152114|[SDK][WS][STAT]connected nodes,count=1
info|2024-03-12 23:39:19.503224|[EVENT][SUB][doLoop]event sub tasks report,working event sub count=1,suspend event sub count=0
info|2024-03-12 23:39:39.165943|[SDK][WS][STAT]connected nodes,count=1
info|2024-03-12 23:39:39.508937|[EVENT][SUB][doLoop]event sub tasks report,working event sub count=1,suspend event sub count=0
info|2024-03-12 23:39:59.173504|[SDK][WS][STAT]connected nodes,count=1
info|2024-03-12 23:39:59.512084|[EVENT][SUB][doLoop]event sub tasks report,working event sub count=1,suspend event sub count=0
info|2024-03-12 23:40:19.184245|[SDK][WS][STAT]connected nodes,count=1
info|2024-03-12 23:40:19.512325|[EVENT][SUB][doLoop]event sub tasks report,working event sub count=1,suspend event sub count=0
info|2024-03-12 23:40:39.190812|[SDK][WS][STAT]connected nodes,count=1
info|2024-03-12 23:40:39.517327|[EVENT][SUB][doLoop]event sub tasks report,working event sub count=1,suspend event sub count=0
info|2024-03-12 23:40:59.192175|[SDK][WS][STAT]connected nodes,count=1
info|2024-03-12 23:40:59.532922|[EVENT][SUB][doLoop]event sub tasks report,working event sub count=1,suspend event sub count=0
info|2024-03-12 23:41:19.199006|[SDK][WS][STAT]connected nodes,count=1
info|2024-03-12 23:41:19.538902|[EVENT][SUB][doLoop]event sub tasks report,working event sub count=1,suspend event sub count=0
info|2024-03-12 23:41:39.207854|[SDK][WS][STAT]connected nodes,count=1
info|2024-03-12 23:41:39.548954|[EVENT][SUB][doLoop]event sub tasks report,working event sub count=1,suspend event sub count=0
info|2024-03-12 23:41:59.210293|[SDK][WS][STAT]connected nodes,count=1
info|2024-03-12 23:41:59.550957|[EVENT][SUB][doLoop]event sub tasks report,working event sub count=1,suspend event sub count=0
info|2024-03-12 23:42:19.220547|[SDK][WS][STAT]connected nodes,count=1
info|2024-03-12 23:42:19.561017|[EVENT][SUB][doLoop]event sub tasks report,working event sub count=1,suspend event sub count=0
info|2024-03-12 23:42:39.234395|[SDK][WS][STAT]connected nodes,count=1
info|2024-03-12 23:42:39.563488|[EVENT][SUB][doLoop]event sub tasks report,working event sub count=1,suspend event sub count=0
info|2024-03-12 23:42:59.247993|[SDK][WS][STAT]connected nodes,count=1
info|2024-03-12 23:42:59.572007|[EVENT][SUB][doLoop]event sub tasks report,working event sub count=1,suspend event sub count=0
info|2024-03-12 23:43:19.261116|[SDK][WS][STAT]connected nodes,count=1
info|2024-03-12 23:43:19.573003|[EVENT][SUB][doLoop]event sub tasks report,working event sub count=1,suspend event sub count=0
info|2024-03-12 23:43:39.265373|[SDK][WS][STAT]connected nodes,count=1
info|2024-03-12 23:43:39.587047|[EVENT][SUB][doLoop]event sub tasks report,working event sub count=1,suspend event sub count=0
info|2024-03-12 23:43:59.279666|[SDK][WS][STAT]connected nodes,count=1
info|2024-03-12 23:43:59.589447|[EVENT][SUB][doLoop]event sub tasks report,working event sub count=1,suspend event sub count=0
info|2024-03-12 23:44:19.282193|[SDK][WS][STAT]connected nodes,count=1
info|2024-03-12 23:44:19.595004|[EVENT][SUB][doLoop]event sub tasks report,working event sub count=1,suspend event sub count=0
info|2024-03-12 23:44:39.286311|[SDK][WS][STAT]connected nodes,count=1
info|2024-03-12 23:44:39.597328|[EVENT][SUB][doLoop]event sub tasks report,working event sub count=1,suspend event sub count=0
info|2024-03-12 23:44:59.298083|[SDK][WS][STAT]connected nodes,count=1
info|2024-03-12 23:44:59.610634|[EVENT][SUB][doLoop]event sub tasks report,working event sub count=1,suspend event sub count=0
info|2024-03-12 23:45:19.309591|[SDK][WS][STAT]connected nodes,count=1
info|2024-03-12 23:45:19.610709|[EVENT][SUB][doLoop]event sub tasks report,working event sub count=1,suspend event sub count=0
info|2024-03-12 23:45:39.319354|[SDK][WS][STAT]connected nodes,count=1
info|2024-03-12 23:45:39.615256|[EVENT][SUB][doLoop]event sub tasks report,working event sub count=1,suspend event sub count=0
info|2024-03-12 23:45:59.330490|[SDK][WS][STAT]connected nodes,count=1
info|2024-03-12 23:45:59.624520|[EVENT][SUB][doLoop]event sub tasks report,working event sub count=1,suspend event sub count=0
info|2024-03-12 23:46:19.342570|[SDK][WS][STAT]connected nodes,count=1
info|2024-03-12 23:46:19.637320|[EVENT][SUB][doLoop]event sub tasks report,working event sub count=1,suspend event sub count=0
info|2024-03-12 23:46:39.356959|[SDK][WS][STAT]connected nodes,count=1
info|2024-03-12 23:46:39.637697|[EVENT][SUB][doLoop]event sub tasks report,working event sub count=1,suspend event sub count=0
info|2024-03-12 23:46:59.362870|[SDK][WS][STAT]connected nodes,count=1
info|2024-03-12 23:46:59.641799|[EVENT][SUB][doLoop]event sub tasks report,working event sub count=1,suspend event sub count=0
info|2024-03-12 23:47:19.376305|[SDK][WS][STAT]connected nodes,count=1
info|2024-03-12 23:47:19.642443|[EVENT][SUB][doLoop]event sub tasks report,working event sub count=1,suspend event sub count=0
info|2024-03-12 23:47:39.377354|[SDK][WS][STAT]connected nodes,count=1
info|2024-03-12 23:47:39.657706|[EVENT][SUB][doLoop]event sub tasks report,working event sub count=1,suspend event sub count=0
info|2024-03-12 23:47:59.389280|[SDK][WS][STAT]connected nodes,count=1
info|2024-03-12 23:47:59.669833|[EVENT][SUB][doLoop]event sub tasks report,working event sub count=1,suspend event sub count=0
info|2024-03-12 23:48:19.398613|[SDK][WS][STAT]connected nodes,count=1
info|2024-03-12 23:48:19.675204|[EVENT][SUB][doLoop]event sub tasks report,working event sub count=1,suspend event sub count=0
info|2024-03-12 23:48:39.403804|[SDK][WS][STAT]connected nodes,count=1
info|2024-03-12 23:48:39.685827|[EVENT][SUB][doLoop]event sub tasks report,working event sub count=1,suspend event sub count=0
info|2024-03-12 23:48:59.413958|[SDK][WS][STAT]connected nodes,count=1
info|2024-03-12 23:48:59.695271|[EVENT][SUB][doLoop]event sub tasks report,working event sub count=1,suspend event sub count=0
info|2024-03-12 23:49:19.414260|[SDK][WS][STAT]connected nodes,count=1
info|2024-03-12 23:49:19.706001|[EVENT][SUB][doLoop]event sub tasks report,working event sub count=1,suspend event sub count=0
info|2024-03-12 23:49:39.419625|[SDK][WS][STAT]connected nodes,count=1
info|2024-03-12 23:49:39.715200|[EVENT][SUB][doLoop]event sub tasks report,working event sub count=1,suspend event sub count=0
info|2024-03-12 23:49:59.432286|[SDK][WS][STAT]connected nodes,count=1
info|2024-03-12 23:49:59.727654|[EVENT][SUB][doLoop]event sub tasks report,working event sub count=1,suspend event sub count=0
info|2024-03-12 23:50:19.432858|[SDK][WS][STAT]connected nodes,count=1
info|2024-03-12 23:50:19.729685|[EVENT][SUB][doLoop]event sub tasks report,working event sub count=1,suspend event sub count=0
info|2024-03-12 23:50:39.445032|[SDK][WS][STAT]connected nodes,count=1
info|2024-03-12 23:50:39.739978|[EVENT][SUB][doLoop]event sub tasks report,working event sub count=1,suspend event sub count=0
info|2024-03-12 23:50:59.446040|[SDK][WS][STAT]connected nodes,count=1
info|2024-03-12 23:50:59.741177|[EVENT][SUB][doLoop]event sub tasks report,working event sub count=1,suspend event sub count=0
