info|2024-03-20 19:31:50.031015|[SDK][WS][SERVICE],[NEWOBJ][WsService]=000001F62C897BE0
info|2024-03-20 19:31:50.032020|[RPCWS][SERVICE]init the local protocol,minVersion=1,maxVersion=1,module=2
info|2024-03-20 19:31:50.032020|[startThread]start the timer thread
info|2024-03-20 19:31:50.032020|[startThread]the timer thread start,threadName=timerFactory
info|2024-03-20 19:31:50.033653|[DEFAULT][WS][INITIALIZER][initWsService]start websocket service as client,connected endpoints size=1
info|2024-03-20 19:31:50.033653|[DEFAULT][WS][INITIALIZER][initWsService]initializer for websocket service,listenIP=,listenPort=0,disableSsl=false,server=false,client=true,threadPoolSize=12,maxMsgSize=33554432,msgTimeOut=-1,connected peers=1
info|2024-03-20 19:31:50.033653|[buildJsonRpc]build json rpc,sendRequestToHighestBlockNode=true
info|2024-03-20 19:31:50.033653|[bcos_sdk_create][NEWOBJ],sdk=000001F62BD1ABE0,version=FISCO BCOS C SDK Version : 3.4.0
Build Time         : 20230926 11:50:00
Build Type         : Windows/unknown/Release
Git Branch         : HEAD
Git Commit         : c9770330e9e12f8636e3b31e914cf1604fa62772
,peers_count=1,disable_ssl=0,message_timeout_ms=-1,reconnect_period_ms=20000,heartbeat_period_ms=20000,send_rpc_request_to_highest_block_node=1
info|2024-03-20 19:31:50.563531|[DEFAULT][WS][CONNECTOR][connectToWsServer]async_connect success,endpoint=10.21.32.192:20200
info|2024-03-20 19:31:50.563531|[DEFAULT][WS][STREAM],[NEWOBJ][WsStream]=000001F62BD19FF0
info|2024-03-20 19:31:50.566539|[DEFAULT][BOOSTSSL][NODEINFO][NEW]SSLContext pubHex: 3082010a0282010100d62f5d0f383e2bb3a8444b58b0f0487cebaf6380048261442fb09169c29bd199f35a18ea7bca1b55969d73155b37c7949109dce129bd7ff4701356d3d89ab041fa109eb1bfa80fda18c4f49a1cb01c65aecc9bd7cb0708ecf299fd30751d122089a6dd77429ed9f2fb0205c99293ad43c0a367d71c937574efba25ce91eb149a785a3030c5cfdced543921ad0100bb6f3784d5889d329e420b473d049c8c86d278a49f764d07a97154cb35ac52c47c9c9c4352397863b2f7d222f7bb43df5717308bb4e1fc45175efa32002b2e6178903f312a90ab1c3849bdc1db68466e26b50685490b4092b16793f099f841eedfdbc5445c1d2990d039dc0621e42a2654650203010001
warning|2024-03-20 19:31:50.566539|[DEFAULT][BOOSTSSL][NODEINFO]Get ca basic failed
info|2024-03-20 19:31:50.566539|[DEFAULT][BOOSTSSL][NODEINFO][NEW]SSLContext pubHex: 3082010a0282010100d3db6eb1c285ddcf25ab4adceaa0fc145546f98eb23921a1a1bf80ad526b9f85c4536da970ef687603ce712ef78c109741d53123df3e9d0089396188af93b0d736cc2805b974d81cbba6ce5261526f3a6f098f8333bce2643d3c79786d36148fb05ebb1ef0d62ec7ea2b5e4c69a1493f2874c9b6a8d2eb05fafcae2a75ea6fde46c6abefcd9286b367f4976907868e8a9e24e36fab68191c17bafdb77e3af4dfed29589941965d50ee8247974c48a6e06f87bb01690985174096c34369c8be87180754103d2d727f1db88f10dc7cdc8a66452fb0e9799dd21092da65e9f68ef11afd5c63f0dde493233f3327509d9cc04b4152d233516b10386441b5ae770fa30203010001
info|2024-03-20 19:31:50.574077|[DEFAULT][WS][CONNECTOR][connectToWsServer]ssl async_handshake success,host=10.21.32.192,port=20200
info|2024-03-20 19:31:50.575069|[DEFAULT][WS][CONNECTOR][connectToWsServer]websocket handshake successfully,host=10.21.32.192,port=20200
info|2024-03-20 19:31:50.575069|[SDK][WS][SESSION],[NEWOBJ][WSSESSION]=000001F62C9A2D00
info|2024-03-20 19:31:50.575069|[SDK][WS][SERVICE][newSession]start the session,endPoint=10.21.32.192:20200
info|2024-03-20 19:31:50.575069|[SDK][WS][SERVICE][addSession]map the session,endPoint=10.21.32.192:20200,result=true
info|2024-03-20 19:31:50.575069|[SDK][WS][SERVICE][onConnect],endpoint=10.21.32.192:20200,refCount=6
info|2024-03-20 19:31:50.575069|[RPCWS][SERVICE][startHandshake],endpoint=10.21.32.192:20200
info|2024-03-20 19:31:50.575069|[SDK][WS][SERVICE][start]start websocket service successfully,model=1,max msg size=33554432
info|2024-03-20 19:31:50.576068|[SDK][WS][SESSION][startAsClient]websocket handshake successfully,endPoint=10.21.32.192:20200,session=000001F62C9A2D00
info|2024-03-20 19:31:50.578068|[RPCWS][SERVICE][fromJson] new group info,groupInfo=,group=group0,chain=chain0,nodeSize=1
info|2024-03-20 19:31:50.578068|[RPCWS][SERVICE][fromJson]parser protocol version,protocolVersion=1,groupInfoList size=1,groupBlockNumber size=1
info|2024-03-20 19:31:50.578068|[RPCWS][SERVICE][updateGroupInfoByEp],endPoint=10.21.32.192:20200,group=group0,chainID=chain0,genesisConfig={"blockTxCountLimit":1000,"consensusLeaderPeriod":1,"consensusType":"pbft","sealerList":[{"nodeID":"70483ec6dbcad6ad7226cb77a208f51a97986ad5a8195492f726e8707604076487450244be6158375d20fb575d0cb62a214a227e81e7f40191c217014cc4ec38","weight":1},{"nodeID":"d29f77478637b5d19d56d5e5a1f2bf8ba373692298cd062e7c1fcdb51de5830fb1b7453d07f1068ab6ba64c40b65c7461d75b41c641e71c64df71fd5f03bd257","weight":1}],"txGasLimit":3000000000}
,iniConfig=,nodesNum=1
info|2024-03-20 19:31:50.578068|[RPCWS][SERVICE][updateGroupInfo],endPoint=10.21.32.192:20200,group=group0,chainID=chain0,nodesNum=1
info|2024-03-20 19:31:50.578068|[RPCWS][SERVICE][clearGroupInfoByEp],endPoint=10.21.32.192:20200,group=group0
info|2024-03-20 19:31:50.578068|[RPCWS][SERVICE][printGroupInfo],total count=1
info|2024-03-20 19:31:50.578068|[RPCWS][SERVICE][printGroupInfo]group list,group=group0,count=1
info|2024-03-20 19:31:50.578068|[RPCWS][SERVICE][printGroupInfo]node list,group=group0,node=70483ec6dbcad6ad7226cb77a208f51a97986ad5a8195492f726e8707604076487450244be6158375d20fb575d0cb62a214a227e81e7f40191c217014cc4ec38,count=1
info|2024-03-20 19:31:50.578068|[RPCWS][SERVICE][updateGroupBlockNumber],groupID=group0,_blockNumber=416
info|2024-03-20 19:31:50.578068|[AMOP][CLIENT][updateTopicsToRemote]send subscribe message to server,endpoint=10.21.32.192:20200,topics={"topics":[]}
info|2024-03-20 19:31:50.578068|[RPCWS][SERVICE][startHandshake]handshake successfully,endPoint=10.21.32.192:20200,handshake version=1,groupInfoList size=1,groupBlockNumber size=1,handshake string={"groupBlockNumber":[{"group0":416}],"groupInfoList":[{"chainID":"chain0","genesisConfig":"{\"blockTxCountLimit\":1000,\"consensusLeaderPeriod\":1,\"consensusType\":\"pbft\",\"sealerList\":[{\"nodeID\":\"70483ec6dbcad6ad7226cb77a208f51a97986ad5a8195492f726e8707604076487450244be6158375d20fb575d0cb62a214a227e81e7f40191c217014cc4ec38\",\"weight\":1},{\"nodeID\":\"d29f77478637b5d19d56d5e5a1f2bf8ba373692298cd062e7c1fcdb51de5830fb1b7453d07f1068ab6ba64c40b65c7461d75b41c641e71c64df71fd5f03bd257\",\"weight\":1}],\"txGasLimit\":3000000000}\n","groupID":"group0","iniConfig":"","nodeList":[{"iniConfig":"{\"binaryInfo\":{\"buildTime\":\"20230616 16:54:30\",\"gitCommitHash\":\"e7fb7bb46343ebb563dfc937a2fb68e07e463c10\",\"platform\":\"Linux/g++\",\"version\":\"3.4.0\"},\"chainID\":\"chain0\",\"gatewayServiceName\":\"\",\"groupID\":\"group0\",\"isAuthCheck\":false,\"isSerialExecute\":true,\"isWasm\":false,\"nodeID\":\"70483ec6dbcad6ad7226cb77a208f51a97986ad5a8195492f726e8707604076487450244be6158375d20fb575d0cb62a214a227e81e7f40191c217014cc4ec38\",\"nodeName\":\"70483ec6dbcad6ad7226cb77a208f51a97986ad5a8195492f726e8707604076487450244be6158375d20fb575d0cb62a214a227e81e7f40191c217014cc4ec38\",\"rpcServiceName\":\"\",\"smCryptoType\":false}\n","microService":false,"name":"70483ec6dbcad6ad7226cb77a208f51a97986ad5a8195492f726e8707604076487450244be6158375d20fb575d0cb62a214a227e81e7f40191c217014cc4ec38","nodeID":"70483ec6dbcad6ad7226cb77a208f51a97986ad5a8195492f726e8707604076487450244be6158375d20fb575d0cb62a214a227e81e7f40191c217014cc4ec38","protocol":{"compatibilityVersion":50593792,"maxSupportedVersion":1,"minSupportedVersion":0},"serviceInfo":[{"serviceName":"LedgerServiceObj","type":2},{"serviceName":"SchedulerServiceObj","type":3},{"serviceName":"FrontServiceObj","type":4},{"serviceName":"","type":6},{"serviceName":"","type":7},{"serviceName":"TxPoolServiceObj","type":8}],"type":0}]}],"protocolVersion":1}
info|2024-03-20 19:31:50.685346|[RPCWS][SERVICE][waitForConnectionEstablish]wait for websocket connection handshake success,suc count=1
info|2024-03-20 19:31:50.685346|[RPC][IMPL][start]start rpc
info|2024-03-20 19:31:50.685346|[SDK][WS][SERVICE][start]websocket service is running
info|2024-03-20 19:31:50.791924|[RPCWS][SERVICE][waitForConnectionEstablish]wait for websocket connection handshake success,suc count=1
info|2024-03-20 19:31:50.792022|[AMOP][CLIENT][start]start amop
info|2024-03-20 19:31:50.792022|[SDK][WS][SERVICE][start]websocket service is running
info|2024-03-20 19:31:50.900766|[RPCWS][SERVICE][waitForConnectionEstablish]wait for websocket connection handshake success,suc count=1
info|2024-03-20 19:31:50.900855|[EVENT][SUB][start]start event sub successfully,sendMsgTimeout=-1,reconnectPeriod=20000
info|2024-03-20 19:31:50.900855|[SDK][WS][SERVICE][start]websocket service is running
info|2024-03-20 19:31:51.010701|[RPCWS][SERVICE][waitForConnectionEstablish]wait for websocket connection handshake success,suc count=1
info|2024-03-20 19:31:51.010701|[bcos_sdk_start],sdk=000001F62BD1ABE0
info|2024-03-20 19:31:51.013614|[findClass]add class to cache,fullClassName=org/fisco/bcos/sdk/jni/common/Response
info|2024-03-20 19:31:51.013614|[RPC][IMPL][getGroupInfo][get group info from cache],hitCache=true,response={"id":1,"jsonrpc":"2.0","result":{"chainID":"chain0","genesisConfig":"{\"blockTxCountLimit\":1000,\"consensusLeaderPeriod\":1,\"consensusType\":\"pbft\",\"sealerList\":[{\"nodeID\":\"70483ec6dbcad6ad7226cb77a208f51a97986ad5a8195492f726e8707604076487450244be6158375d20fb575d0cb62a214a227e81e7f40191c217014cc4ec38\",\"weight\":1},{\"nodeID\":\"d29f77478637b5d19d56d5e5a1f2bf8ba373692298cd062e7c1fcdb51de5830fb1b7453d07f1068ab6ba64c40b65c7461d75b41c641e71c64df71fd5f03bd257\",\"weight\":1}],\"txGasLimit\":3000000000}\n","groupID":"group0","iniConfig":"","nodeList":[{"iniConfig":"{\"binaryInfo\":{\"buildTime\":\"20230616 16:54:30\",\"gitCommitHash\":\"e7fb7bb46343ebb563dfc937a2fb68e07e463c10\",\"platform\":\"Linux/g++\",\"version\":\"3.4.0\"},\"chainID\":\"chain0\",\"gatewayServiceName\":\"\",\"groupID\":\"group0\",\"isAuthCheck\":false,\"isSerialExecute\":true,\"isWasm\":false,\"nodeID\":\"70483ec6dbcad6ad7226cb77a208f51a97986ad5a8195492f726e8707604076487450244be6158375d20fb575d0cb62a214a227e81e7f40191c217014cc4ec38\",\"nodeName\":\"70483ec6dbcad6ad7226cb77a208f51a97986ad5a8195492f726e8707604076487450244be6158375d20fb575d0cb62a214a227e81e7f40191c217014cc4ec38\",\"rpcServiceName\":\"\",\"smCryptoType\":false}\n","name":"70483ec6dbcad6ad7226cb77a208f51a97986ad5a8195492f726e8707604076487450244be6158375d20fb575d0cb62a214a227e81e7f40191c217014cc4ec38","protocol":{"compatibilityVersion":50593792,"maxSupportedVersion":1,"minSupportedVersion":0},"serviceInfo":[{"serviceName":"LedgerServiceObj","type":2},{"serviceName":"SchedulerServiceObj","type":3},{"serviceName":"FrontServiceObj","type":4},{"serviceName":"","type":6},{"serviceName":"","type":7},{"serviceName":"TxPoolServiceObj","type":8}],"type":0}],"smCryptoType":false,"wasm":false}}
info|2024-03-20 19:31:51.237058|[SDK][WS][SERVICE][start]websocket service is running
info|2024-03-20 19:31:51.340759|[RPCWS][SERVICE][waitForConnectionEstablish]wait for websocket connection handshake success,suc count=1
info|2024-03-20 19:31:51.340759|[RPC][IMPL][start]start rpc
info|2024-03-20 19:31:51.340759|[SDK][WS][SERVICE][start]websocket service is running
info|2024-03-20 19:31:51.450662|[RPCWS][SERVICE][waitForConnectionEstablish]wait for websocket connection handshake success,suc count=1
info|2024-03-20 19:31:51.450662|[AMOP][CLIENT][start]start amop
info|2024-03-20 19:31:51.450662|[EVENT][SUB][start]event sub is running
info|2024-03-20 19:31:51.450662|[SDK][WS][SERVICE][start]websocket service is running
info|2024-03-20 19:31:51.559090|[RPCWS][SERVICE][waitForConnectionEstablish]wait for websocket connection handshake success,suc count=1
info|2024-03-20 19:31:51.559231|[bcos_sdk_start],sdk=000001F62BD1ABE0
info|2024-03-20 19:31:51.566833|[EVENT][PARAMS][fromJsonString],jsonString={"fromBlock":-1,"toBlock":-1,"addresses":[],"topics":[["LogCreateActivity(uint256,address, DataStructs.Activity,uint256)"],null,null,null]},params={fromBlock: -1toBlock: -1addresses: topics: index: 0LogCreateActivity(uint256,address, DataStructs.Activity,uint256) 0,}
info|2024-03-20 19:31:51.566833|[EVENT][SUB][subscribeEvent]subscribe event,id=b3849e4adc65456a893ac800f203e704,group=group0,request={"group":"group0","id":"b3849e4adc65456a893ac800f203e704","params":{"addresses":[],"fromBlock":-1,"toBlock":-1,"topics":[["LogCreateActivity(uint256,address, DataStructs.Activity,uint256)"]]}}
info|2024-03-20 19:31:51.572337|[EVENT][SUB][subscribeEvent]callback response success,id=b3849e4adc65456a893ac800f203e704,response={"id":"b3849e4adc65456a893ac800f203e704","status":0}
info|2024-03-20 19:32:10.910761|[EVENT][SUB][doLoop]event sub tasks report,working event sub count=1,suspend event sub count=0
info|2024-03-20 19:32:30.586616|[SDK][WS][STAT]connected nodes,count=1
info|2024-03-20 19:32:30.912323|[EVENT][SUB][doLoop]event sub tasks report,working event sub count=1,suspend event sub count=0
info|2024-03-20 19:32:50.596077|[SDK][WS][STAT]connected nodes,count=1
info|2024-03-20 19:32:50.921650|[EVENT][SUB][doLoop]event sub tasks report,working event sub count=1,suspend event sub count=0
info|2024-03-20 19:33:10.609139|[SDK][WS][STAT]connected nodes,count=1
info|2024-03-20 19:33:10.923541|[EVENT][SUB][doLoop]event sub tasks report,working event sub count=1,suspend event sub count=0
info|2024-03-20 19:33:30.619114|[SDK][WS][STAT]connected nodes,count=1
info|2024-03-20 19:33:30.929512|[EVENT][SUB][doLoop]event sub tasks report,working event sub count=1,suspend event sub count=0
info|2024-03-20 19:33:50.620815|[SDK][WS][STAT]connected nodes,count=1
info|2024-03-20 19:33:50.930720|[EVENT][SUB][doLoop]event sub tasks report,working event sub count=1,suspend event sub count=0
info|2024-03-20 19:34:10.622720|[SDK][WS][STAT]connected nodes,count=1
info|2024-03-20 19:34:10.934400|[EVENT][SUB][doLoop]event sub tasks report,working event sub count=1,suspend event sub count=0
info|2024-03-20 19:34:30.633459|[SDK][WS][STAT]connected nodes,count=1
info|2024-03-20 19:34:30.948285|[EVENT][SUB][doLoop]event sub tasks report,working event sub count=1,suspend event sub count=0
info|2024-03-20 19:34:50.638592|[SDK][WS][STAT]connected nodes,count=1
info|2024-03-20 19:34:50.950977|[EVENT][SUB][doLoop]event sub tasks report,working event sub count=1,suspend event sub count=0
info|2024-03-20 19:35:10.641902|[SDK][WS][STAT]connected nodes,count=1
info|2024-03-20 19:35:10.951157|[EVENT][SUB][doLoop]event sub tasks report,working event sub count=1,suspend event sub count=0
info|2024-03-20 19:35:30.656511|[SDK][WS][STAT]connected nodes,count=1
info|2024-03-20 19:35:30.965810|[EVENT][SUB][doLoop]event sub tasks report,working event sub count=1,suspend event sub count=0
info|2024-03-20 19:35:50.661150|[SDK][WS][STAT]connected nodes,count=1
info|2024-03-20 19:35:50.972817|[EVENT][SUB][doLoop]event sub tasks report,working event sub count=1,suspend event sub count=0
info|2024-03-20 19:36:10.664628|[SDK][WS][STAT]connected nodes,count=1
info|2024-03-20 19:36:10.973208|[EVENT][SUB][doLoop]event sub tasks report,working event sub count=1,suspend event sub count=0
info|2024-03-20 19:36:30.676328|[SDK][WS][STAT]connected nodes,count=1
info|2024-03-20 19:36:30.987253|[EVENT][SUB][doLoop]event sub tasks report,working event sub count=1,suspend event sub count=0
info|2024-03-20 19:36:50.689692|[SDK][WS][STAT]connected nodes,count=1
info|2024-03-20 19:36:51.000418|[EVENT][SUB][doLoop]event sub tasks report,working event sub count=1,suspend event sub count=0
info|2024-03-20 19:37:10.701204|[SDK][WS][STAT]connected nodes,count=1
info|2024-03-20 19:37:11.013402|[EVENT][SUB][doLoop]event sub tasks report,working event sub count=1,suspend event sub count=0
info|2024-03-20 19:37:30.713363|[SDK][WS][STAT]connected nodes,count=1
info|2024-03-20 19:37:31.022095|[EVENT][SUB][doLoop]event sub tasks report,working event sub count=1,suspend event sub count=0
info|2024-03-20 19:37:50.715365|[SDK][WS][STAT]connected nodes,count=1
info|2024-03-20 19:37:51.025672|[EVENT][SUB][doLoop]event sub tasks report,working event sub count=1,suspend event sub count=0
info|2024-03-20 19:38:10.719893|[SDK][WS][STAT]connected nodes,count=1
info|2024-03-20 19:38:11.028426|[EVENT][SUB][doLoop]event sub tasks report,working event sub count=1,suspend event sub count=0
info|2024-03-20 19:38:30.721069|[SDK][WS][STAT]connected nodes,count=1
info|2024-03-20 19:38:31.031886|[EVENT][SUB][doLoop]event sub tasks report,working event sub count=1,suspend event sub count=0
info|2024-03-20 19:38:50.726649|[SDK][WS][STAT]connected nodes,count=1
info|2024-03-20 19:38:51.037820|[EVENT][SUB][doLoop]event sub tasks report,working event sub count=1,suspend event sub count=0
info|2024-03-20 19:39:10.741649|[SDK][WS][STAT]connected nodes,count=1
info|2024-03-20 19:39:11.050934|[EVENT][SUB][doLoop]event sub tasks report,working event sub count=1,suspend event sub count=0
info|2024-03-20 19:39:30.756510|[SDK][WS][STAT]connected nodes,count=1
info|2024-03-20 19:39:31.064980|[EVENT][SUB][doLoop]event sub tasks report,working event sub count=1,suspend event sub count=0
info|2024-03-20 19:39:50.761358|[SDK][WS][STAT]connected nodes,count=1
info|2024-03-20 19:39:51.079239|[EVENT][SUB][doLoop]event sub tasks report,working event sub count=1,suspend event sub count=0
info|2024-03-20 19:40:10.767894|[SDK][WS][STAT]connected nodes,count=1
info|2024-03-20 19:40:11.084845|[EVENT][SUB][doLoop]event sub tasks report,working event sub count=1,suspend event sub count=0
info|2024-03-20 19:40:30.773958|[SDK][WS][STAT]connected nodes,count=1
info|2024-03-20 19:40:31.097855|[EVENT][SUB][doLoop]event sub tasks report,working event sub count=1,suspend event sub count=0
info|2024-03-20 19:40:50.777636|[SDK][WS][STAT]connected nodes,count=1
info|2024-03-20 19:40:51.102195|[EVENT][SUB][doLoop]event sub tasks report,working event sub count=1,suspend event sub count=0
info|2024-03-20 19:41:10.781346|[SDK][WS][STAT]connected nodes,count=1
info|2024-03-20 19:41:11.103535|[EVENT][SUB][doLoop]event sub tasks report,working event sub count=1,suspend event sub count=0
info|2024-03-20 19:41:30.787956|[SDK][WS][STAT]connected nodes,count=1
info|2024-03-20 19:41:31.117397|[EVENT][SUB][doLoop]event sub tasks report,working event sub count=1,suspend event sub count=0
info|2024-03-20 19:41:50.796282|[SDK][WS][STAT]connected nodes,count=1
info|2024-03-20 19:41:51.126331|[EVENT][SUB][doLoop]event sub tasks report,working event sub count=1,suspend event sub count=0
info|2024-03-20 19:42:10.804918|[SDK][WS][STAT]connected nodes,count=1
info|2024-03-20 19:42:11.132487|[EVENT][SUB][doLoop]event sub tasks report,working event sub count=1,suspend event sub count=0
info|2024-03-20 19:42:30.810528|[SDK][WS][STAT]connected nodes,count=1
info|2024-03-20 19:42:31.136194|[EVENT][SUB][doLoop]event sub tasks report,working event sub count=1,suspend event sub count=0
info|2024-03-20 19:42:50.812181|[SDK][WS][STAT]connected nodes,count=1
info|2024-03-20 19:42:51.150203|[EVENT][SUB][doLoop]event sub tasks report,working event sub count=1,suspend event sub count=0
info|2024-03-20 19:43:10.821476|[SDK][WS][STAT]connected nodes,count=1
info|2024-03-20 19:43:11.162101|[EVENT][SUB][doLoop]event sub tasks report,working event sub count=1,suspend event sub count=0
info|2024-03-20 19:43:30.824432|[SDK][WS][STAT]connected nodes,count=1
info|2024-03-20 19:43:31.166011|[EVENT][SUB][doLoop]event sub tasks report,working event sub count=1,suspend event sub count=0
info|2024-03-20 19:43:50.830996|[SDK][WS][STAT]connected nodes,count=1
info|2024-03-20 19:43:51.170392|[EVENT][SUB][doLoop]event sub tasks report,working event sub count=1,suspend event sub count=0
info|2024-03-20 19:44:10.840416|[SDK][WS][STAT]connected nodes,count=1
info|2024-03-20 19:44:11.180058|[EVENT][SUB][doLoop]event sub tasks report,working event sub count=1,suspend event sub count=0
info|2024-03-20 19:44:30.854906|[SDK][WS][STAT]connected nodes,count=1
info|2024-03-20 19:44:31.180174|[EVENT][SUB][doLoop]event sub tasks report,working event sub count=1,suspend event sub count=0
info|2024-03-20 19:44:50.861266|[SDK][WS][STAT]connected nodes,count=1
info|2024-03-20 19:44:51.187743|[EVENT][SUB][doLoop]event sub tasks report,working event sub count=1,suspend event sub count=0
info|2024-03-20 19:45:10.861986|[SDK][WS][STAT]connected nodes,count=1
info|2024-03-20 19:45:11.200314|[EVENT][SUB][doLoop]event sub tasks report,working event sub count=1,suspend event sub count=0
info|2024-03-20 19:45:30.872179|[SDK][WS][STAT]connected nodes,count=1
info|2024-03-20 19:45:31.203055|[EVENT][SUB][doLoop]event sub tasks report,working event sub count=1,suspend event sub count=0
info|2024-03-20 19:45:50.882357|[SDK][WS][STAT]connected nodes,count=1
info|2024-03-20 19:45:51.207108|[EVENT][SUB][doLoop]event sub tasks report,working event sub count=1,suspend event sub count=0
info|2024-03-20 19:46:10.888077|[SDK][WS][STAT]connected nodes,count=1
info|2024-03-20 19:46:11.209355|[EVENT][SUB][doLoop]event sub tasks report,working event sub count=1,suspend event sub count=0
info|2024-03-20 19:46:30.898798|[SDK][WS][STAT]connected nodes,count=1
info|2024-03-20 19:46:31.222092|[EVENT][SUB][doLoop]event sub tasks report,working event sub count=1,suspend event sub count=0
info|2024-03-20 19:46:50.901902|[SDK][WS][STAT]connected nodes,count=1
info|2024-03-20 19:46:51.228277|[EVENT][SUB][doLoop]event sub tasks report,working event sub count=1,suspend event sub count=0
info|2024-03-20 19:47:10.913965|[SDK][WS][STAT]connected nodes,count=1
info|2024-03-20 19:47:11.230044|[EVENT][SUB][doLoop]event sub tasks report,working event sub count=1,suspend event sub count=0
info|2024-03-20 19:47:30.918189|[SDK][WS][STAT]connected nodes,count=1
info|2024-03-20 19:47:31.244956|[EVENT][SUB][doLoop]event sub tasks report,working event sub count=1,suspend event sub count=0
info|2024-03-20 19:47:50.931409|[SDK][WS][STAT]connected nodes,count=1
info|2024-03-20 19:47:51.260072|[EVENT][SUB][doLoop]event sub tasks report,working event sub count=1,suspend event sub count=0
info|2024-03-20 19:48:10.941916|[SDK][WS][STAT]connected nodes,count=1
info|2024-03-20 19:48:11.269199|[EVENT][SUB][doLoop]event sub tasks report,working event sub count=1,suspend event sub count=0
info|2024-03-20 19:48:30.948223|[SDK][WS][STAT]connected nodes,count=1
info|2024-03-20 19:48:31.273843|[EVENT][SUB][doLoop]event sub tasks report,working event sub count=1,suspend event sub count=0
info|2024-03-20 19:48:50.958340|[SDK][WS][STAT]connected nodes,count=1
info|2024-03-20 19:48:51.282760|[EVENT][SUB][doLoop]event sub tasks report,working event sub count=1,suspend event sub count=0
info|2024-03-20 19:49:10.964612|[SDK][WS][STAT]connected nodes,count=1
info|2024-03-20 19:49:11.289872|[EVENT][SUB][doLoop]event sub tasks report,working event sub count=1,suspend event sub count=0
info|2024-03-20 19:49:30.972343|[SDK][WS][STAT]connected nodes,count=1
info|2024-03-20 19:49:31.299328|[EVENT][SUB][doLoop]event sub tasks report,working event sub count=1,suspend event sub count=0
info|2024-03-20 19:49:50.979066|[SDK][WS][STAT]connected nodes,count=1
info|2024-03-20 19:49:51.305783|[EVENT][SUB][doLoop]event sub tasks report,working event sub count=1,suspend event sub count=0
info|2024-03-20 19:50:10.991663|[SDK][WS][STAT]connected nodes,count=1
info|2024-03-20 19:50:11.317262|[EVENT][SUB][doLoop]event sub tasks report,working event sub count=1,suspend event sub count=0
info|2024-03-20 19:50:30.997903|[SDK][WS][STAT]connected nodes,count=1
info|2024-03-20 19:50:31.324106|[EVENT][SUB][doLoop]event sub tasks report,working event sub count=1,suspend event sub count=0
info|2024-03-20 19:50:51.004927|[SDK][WS][STAT]connected nodes,count=1
info|2024-03-20 19:50:51.331527|[EVENT][SUB][doLoop]event sub tasks report,working event sub count=1,suspend event sub count=0
info|2024-03-20 19:51:11.005773|[SDK][WS][STAT]connected nodes,count=1
info|2024-03-20 19:51:11.331721|[EVENT][SUB][doLoop]event sub tasks report,working event sub count=1,suspend event sub count=0
info|2024-03-20 19:51:31.007310|[SDK][WS][STAT]connected nodes,count=1
info|2024-03-20 19:51:31.335554|[EVENT][SUB][doLoop]event sub tasks report,working event sub count=1,suspend event sub count=0
info|2024-03-20 19:51:51.016768|[SDK][WS][STAT]connected nodes,count=1
info|2024-03-20 19:51:51.342919|[EVENT][SUB][doLoop]event sub tasks report,working event sub count=1,suspend event sub count=0
info|2024-03-20 19:52:11.025919|[SDK][WS][STAT]connected nodes,count=1
info|2024-03-20 19:52:11.344809|[EVENT][SUB][doLoop]event sub tasks report,working event sub count=1,suspend event sub count=0
info|2024-03-20 19:52:31.036790|[SDK][WS][STAT]connected nodes,count=1
info|2024-03-20 19:52:31.346092|[EVENT][SUB][doLoop]event sub tasks report,working event sub count=1,suspend event sub count=0
info|2024-03-20 19:52:51.042839|[SDK][WS][STAT]connected nodes,count=1
info|2024-03-20 19:52:51.351909|[EVENT][SUB][doLoop]event sub tasks report,working event sub count=1,suspend event sub count=0
info|2024-03-20 19:53:11.043816|[SDK][WS][STAT]connected nodes,count=1
info|2024-03-20 19:53:11.352017|[EVENT][SUB][doLoop]event sub tasks report,working event sub count=1,suspend event sub count=0
info|2024-03-20 19:53:31.057346|[SDK][WS][STAT]connected nodes,count=1
info|2024-03-20 19:53:31.352834|[EVENT][SUB][doLoop]event sub tasks report,working event sub count=1,suspend event sub count=0
info|2024-03-20 19:53:51.070704|[SDK][WS][STAT]connected nodes,count=1
info|2024-03-20 19:53:51.366491|[EVENT][SUB][doLoop]event sub tasks report,working event sub count=1,suspend event sub count=0
info|2024-03-20 19:54:11.078978|[SDK][WS][STAT]connected nodes,count=1
info|2024-03-20 19:54:11.368570|[EVENT][SUB][doLoop]event sub tasks report,working event sub count=1,suspend event sub count=0
info|2024-03-20 19:54:31.085581|[SDK][WS][STAT]connected nodes,count=1
info|2024-03-20 19:54:31.372907|[EVENT][SUB][doLoop]event sub tasks report,working event sub count=1,suspend event sub count=0
info|2024-03-20 19:54:51.090181|[SDK][WS][STAT]connected nodes,count=1
info|2024-03-20 19:54:51.377810|[EVENT][SUB][doLoop]event sub tasks report,working event sub count=1,suspend event sub count=0
info|2024-03-20 19:55:11.094053|[SDK][WS][STAT]connected nodes,count=1
info|2024-03-20 19:55:11.385355|[EVENT][SUB][doLoop]event sub tasks report,working event sub count=1,suspend event sub count=0
info|2024-03-20 19:55:31.096060|[SDK][WS][STAT]connected nodes,count=1
info|2024-03-20 19:55:31.389255|[EVENT][SUB][doLoop]event sub tasks report,working event sub count=1,suspend event sub count=0
info|2024-03-20 19:55:51.105397|[SDK][WS][STAT]connected nodes,count=1
info|2024-03-20 19:55:51.390125|[EVENT][SUB][doLoop]event sub tasks report,working event sub count=1,suspend event sub count=0
info|2024-03-20 19:56:11.110881|[SDK][WS][STAT]connected nodes,count=1
info|2024-03-20 19:56:11.393049|[EVENT][SUB][doLoop]event sub tasks report,working event sub count=1,suspend event sub count=0
info|2024-03-20 19:56:31.124536|[SDK][WS][STAT]connected nodes,count=1
info|2024-03-20 19:56:31.407272|[EVENT][SUB][doLoop]event sub tasks report,working event sub count=1,suspend event sub count=0
info|2024-03-20 19:56:51.128597|[SDK][WS][STAT]connected nodes,count=1
info|2024-03-20 19:56:51.412140|[EVENT][SUB][doLoop]event sub tasks report,working event sub count=1,suspend event sub count=0
info|2024-03-20 19:57:11.134220|[SDK][WS][STAT]connected nodes,count=1
info|2024-03-20 19:57:11.417965|[EVENT][SUB][doLoop]event sub tasks report,working event sub count=1,suspend event sub count=0
info|2024-03-20 19:57:31.147051|[SDK][WS][STAT]connected nodes,count=1
info|2024-03-20 19:57:31.425123|[EVENT][SUB][doLoop]event sub tasks report,working event sub count=1,suspend event sub count=0
info|2024-03-20 19:57:51.162037|[SDK][WS][STAT]connected nodes,count=1
info|2024-03-20 19:57:51.428365|[EVENT][SUB][doLoop]event sub tasks report,working event sub count=1,suspend event sub count=0
info|2024-03-20 19:58:11.169621|[SDK][WS][STAT]connected nodes,count=1
info|2024-03-20 19:58:11.436551|[EVENT][SUB][doLoop]event sub tasks report,working event sub count=1,suspend event sub count=0
info|2024-03-20 19:58:31.180850|[SDK][WS][STAT]connected nodes,count=1
info|2024-03-20 19:58:31.442913|[EVENT][SUB][doLoop]event sub tasks report,working event sub count=1,suspend event sub count=0
info|2024-03-20 19:58:51.191681|[SDK][WS][STAT]connected nodes,count=1
info|2024-03-20 19:58:51.454987|[EVENT][SUB][doLoop]event sub tasks report,working event sub count=1,suspend event sub count=0
info|2024-03-20 19:59:11.199697|[SDK][WS][STAT]connected nodes,count=1
info|2024-03-20 19:59:11.462691|[EVENT][SUB][doLoop]event sub tasks report,working event sub count=1,suspend event sub count=0
info|2024-03-20 19:59:31.214767|[SDK][WS][STAT]connected nodes,count=1
info|2024-03-20 19:59:31.465038|[EVENT][SUB][doLoop]event sub tasks report,working event sub count=1,suspend event sub count=0
info|2024-03-20 19:59:51.224734|[SDK][WS][STAT]connected nodes,count=1
info|2024-03-20 19:59:51.479801|[EVENT][SUB][doLoop]event sub tasks report,working event sub count=1,suspend event sub count=0
