info|2024-03-20 13:00:03.817552|[SDK][WS][STAT]connected nodes,count=1
info|2024-03-20 13:00:04.127612|[EVENT][SUB][doLoop]event sub tasks report,working event sub count=1,suspend event sub count=0
info|2024-03-20 13:00:23.823219|[SDK][WS][STAT]connected nodes,count=1
info|2024-03-20 13:00:24.137784|[EVENT][SUB][doLoop]event sub tasks report,working event sub count=1,suspend event sub count=0
info|2024-03-20 13:00:43.834542|[SDK][WS][STAT]connected nodes,count=1
info|2024-03-20 13:00:44.142004|[EVENT][SUB][doLoop]event sub tasks report,working event sub count=1,suspend event sub count=0
info|2024-03-20 13:01:03.845440|[SDK][WS][STAT]connected nodes,count=1
info|2024-03-20 13:01:04.142651|[EVENT][SUB][doLoop]event sub tasks report,working event sub count=1,suspend event sub count=0
info|2024-03-20 13:01:23.849229|[SDK][WS][STAT]connected nodes,count=1
info|2024-03-20 13:01:24.143385|[EVENT][SUB][doLoop]event sub tasks report,working event sub count=1,suspend event sub count=0
info|2024-03-20 13:01:43.849493|[SDK][WS][STAT]connected nodes,count=1
info|2024-03-20 13:01:44.156828|[EVENT][SUB][doLoop]event sub tasks report,working event sub count=1,suspend event sub count=0
info|2024-03-20 13:02:03.863619|[SDK][WS][STAT]connected nodes,count=1
info|2024-03-20 13:02:04.160741|[EVENT][SUB][doLoop]event sub tasks report,working event sub count=1,suspend event sub count=0
info|2024-03-20 13:02:23.872807|[SDK][WS][STAT]connected nodes,count=1
info|2024-03-20 13:02:24.168318|[EVENT][SUB][doLoop]event sub tasks report,working event sub count=1,suspend event sub count=0
info|2024-03-20 13:02:43.877615|[SDK][WS][STAT]connected nodes,count=1
info|2024-03-20 13:02:44.173343|[EVENT][SUB][doLoop]event sub tasks report,working event sub count=1,suspend event sub count=0
info|2024-03-20 13:03:03.892091|[SDK][WS][STAT]connected nodes,count=1
info|2024-03-20 13:03:04.184002|[EVENT][SUB][doLoop]event sub tasks report,working event sub count=1,suspend event sub count=0
info|2024-03-20 13:03:23.905195|[SDK][WS][STAT]connected nodes,count=1
info|2024-03-20 13:03:24.185520|[EVENT][SUB][doLoop]event sub tasks report,working event sub count=1,suspend event sub count=0
info|2024-03-20 13:03:43.916325|[SDK][WS][STAT]connected nodes,count=1
info|2024-03-20 13:03:44.186139|[EVENT][SUB][doLoop]event sub tasks report,working event sub count=1,suspend event sub count=0
info|2024-03-20 13:04:03.922860|[SDK][WS][STAT]connected nodes,count=1
info|2024-03-20 13:04:04.188487|[EVENT][SUB][doLoop]event sub tasks report,working event sub count=1,suspend event sub count=0
info|2024-03-20 13:04:23.929927|[SDK][WS][STAT]connected nodes,count=1
info|2024-03-20 13:04:24.198713|[EVENT][SUB][doLoop]event sub tasks report,working event sub count=1,suspend event sub count=0
info|2024-03-20 13:04:43.936853|[SDK][WS][STAT]connected nodes,count=1
info|2024-03-20 13:04:44.213261|[EVENT][SUB][doLoop]event sub tasks report,working event sub count=1,suspend event sub count=0
info|2024-03-20 13:05:03.939704|[SDK][WS][STAT]connected nodes,count=1
info|2024-03-20 13:05:04.221758|[EVENT][SUB][doLoop]event sub tasks report,working event sub count=1,suspend event sub count=0
info|2024-03-20 13:05:23.949090|[SDK][WS][STAT]connected nodes,count=1
info|2024-03-20 13:05:24.233445|[EVENT][SUB][doLoop]event sub tasks report,working event sub count=1,suspend event sub count=0
info|2024-03-20 13:05:43.950785|[SDK][WS][STAT]connected nodes,count=1
info|2024-03-20 13:05:44.234338|[EVENT][SUB][doLoop]event sub tasks report,working event sub count=1,suspend event sub count=0
info|2024-03-20 13:06:03.955070|[SDK][WS][STAT]connected nodes,count=1
info|2024-03-20 13:06:04.238618|[EVENT][SUB][doLoop]event sub tasks report,working event sub count=1,suspend event sub count=0
info|2024-03-20 13:06:23.958274|[SDK][WS][STAT]connected nodes,count=1
info|2024-03-20 13:06:24.239053|[EVENT][SUB][doLoop]event sub tasks report,working event sub count=1,suspend event sub count=0
info|2024-03-20 13:06:43.971579|[SDK][WS][STAT]connected nodes,count=1
info|2024-03-20 13:06:44.239364|[EVENT][SUB][doLoop]event sub tasks report,working event sub count=1,suspend event sub count=0
info|2024-03-20 13:07:03.985101|[SDK][WS][STAT]connected nodes,count=1
info|2024-03-20 13:07:04.247967|[EVENT][SUB][doLoop]event sub tasks report,working event sub count=1,suspend event sub count=0
info|2024-03-20 13:07:23.985303|[SDK][WS][STAT]connected nodes,count=1
info|2024-03-20 13:07:24.248955|[EVENT][SUB][doLoop]event sub tasks report,working event sub count=1,suspend event sub count=0
info|2024-03-20 13:07:43.995715|[SDK][WS][STAT]connected nodes,count=1
info|2024-03-20 13:07:44.259003|[EVENT][SUB][doLoop]event sub tasks report,working event sub count=1,suspend event sub count=0
info|2024-03-20 13:08:04.005244|[SDK][WS][STAT]connected nodes,count=1
info|2024-03-20 13:08:04.271922|[EVENT][SUB][doLoop]event sub tasks report,working event sub count=1,suspend event sub count=0
info|2024-03-20 13:08:24.006634|[SDK][WS][STAT]connected nodes,count=1
info|2024-03-20 13:08:24.286862|[EVENT][SUB][doLoop]event sub tasks report,working event sub count=1,suspend event sub count=0
info|2024-03-20 13:08:44.007717|[SDK][WS][STAT]connected nodes,count=1
info|2024-03-20 13:08:44.301283|[EVENT][SUB][doLoop]event sub tasks report,working event sub count=1,suspend event sub count=0
info|2024-03-20 13:09:04.015199|[SDK][WS][STAT]connected nodes,count=1
info|2024-03-20 13:09:04.310560|[EVENT][SUB][doLoop]event sub tasks report,working event sub count=1,suspend event sub count=0
info|2024-03-20 13:09:24.017363|[SDK][WS][STAT]connected nodes,count=1
info|2024-03-20 13:09:24.316182|[EVENT][SUB][doLoop]event sub tasks report,working event sub count=1,suspend event sub count=0
info|2024-03-20 13:09:44.028924|[SDK][WS][STAT]connected nodes,count=1
info|2024-03-20 13:09:44.321645|[EVENT][SUB][doLoop]event sub tasks report,working event sub count=1,suspend event sub count=0
info|2024-03-20 13:10:04.040080|[SDK][WS][STAT]connected nodes,count=1
info|2024-03-20 13:10:04.335118|[EVENT][SUB][doLoop]event sub tasks report,working event sub count=1,suspend event sub count=0
info|2024-03-20 13:10:24.051649|[SDK][WS][STAT]connected nodes,count=1
info|2024-03-20 13:10:24.346191|[EVENT][SUB][doLoop]event sub tasks report,working event sub count=1,suspend event sub count=0
info|2024-03-20 13:10:44.052043|[SDK][WS][STAT]connected nodes,count=1
info|2024-03-20 13:10:44.360826|[EVENT][SUB][doLoop]event sub tasks report,working event sub count=1,suspend event sub count=0
info|2024-03-20 13:11:04.055610|[SDK][WS][STAT]connected nodes,count=1
info|2024-03-20 13:11:04.363175|[EVENT][SUB][doLoop]event sub tasks report,working event sub count=1,suspend event sub count=0
info|2024-03-20 13:11:24.057370|[SDK][WS][STAT]connected nodes,count=1
info|2024-03-20 13:11:24.373456|[EVENT][SUB][doLoop]event sub tasks report,working event sub count=1,suspend event sub count=0
info|2024-03-20 13:11:44.066974|[SDK][WS][STAT]connected nodes,count=1
info|2024-03-20 13:11:44.378653|[EVENT][SUB][doLoop]event sub tasks report,working event sub count=1,suspend event sub count=0
info|2024-03-20 13:12:04.076132|[SDK][WS][STAT]connected nodes,count=1
info|2024-03-20 13:12:04.386148|[EVENT][SUB][doLoop]event sub tasks report,working event sub count=1,suspend event sub count=0
info|2024-03-20 13:12:17.615224|[RPC][BLOCK][NUMBER][fromJson],group=group0,node=70483ec6dbcad6ad7226cb77a208f51a97986ad5a8195492f726e8707604076487450244be6158375d20fb575d0cb62a214a227e81e7f40191c217014cc4ec38,blockNumber=416
info|2024-03-20 13:12:17.615224|[RPCWS][SERVICE][onRecvBlockNotifier]receive block number notifier,group=group0,node=70483ec6dbcad6ad7226cb77a208f51a97986ad5a8195492f726e8707604076487450244be6158375d20fb575d0cb62a214a227e81e7f40191c217014cc4ec38,blockNumber=416
info|2024-03-20 13:12:17.615224|[RPCWS][SERVICE][updateGroupBlockNumber],groupID=group0,_blockNumber=416
info|2024-03-20 13:12:17.615224|[RPCWS][SERVICE][onRecvBlockNotifier]block notifier callback,group=group0,node=70483ec6dbcad6ad7226cb77a208f51a97986ad5a8195492f726e8707604076487450244be6158375d20fb575d0cb62a214a227e81e7f40191c217014cc4ec38,blockNumber=416
info|2024-03-20 13:12:17.615224|[WS]receive block notify,endpoint=10.21.32.192:20200,blk={
	"blockNumber" : 416,
	"group" : "group0",
	"nodeName" : "70483ec6dbcad6ad7226cb77a208f51a97986ad5a8195492f726e8707604076487450244be6158375d20fb575d0cb62a214a227e81e7f40191c217014cc4ec38"
}
info|2024-03-20 13:12:24.078423|[SDK][WS][STAT]connected nodes,count=1
info|2024-03-20 13:12:24.393355|[EVENT][SUB][doLoop]event sub tasks report,working event sub count=1,suspend event sub count=0
info|2024-03-20 13:12:44.088000|[SDK][WS][STAT]connected nodes,count=1
info|2024-03-20 13:12:44.403738|[EVENT][SUB][doLoop]event sub tasks report,working event sub count=1,suspend event sub count=0
info|2024-03-20 13:13:04.093743|[SDK][WS][STAT]connected nodes,count=1
info|2024-03-20 13:13:04.403765|[EVENT][SUB][doLoop]event sub tasks report,working event sub count=1,suspend event sub count=0
info|2024-03-20 13:13:24.104363|[SDK][WS][STAT]connected nodes,count=1
info|2024-03-20 13:13:24.418238|[EVENT][SUB][doLoop]event sub tasks report,working event sub count=1,suspend event sub count=0
info|2024-03-20 13:13:44.108022|[SDK][WS][STAT]connected nodes,count=1
info|2024-03-20 13:13:44.425491|[EVENT][SUB][doLoop]event sub tasks report,working event sub count=1,suspend event sub count=0
info|2024-03-20 13:14:04.118370|[SDK][WS][STAT]connected nodes,count=1
info|2024-03-20 13:14:04.440884|[EVENT][SUB][doLoop]event sub tasks report,working event sub count=1,suspend event sub count=0
info|2024-03-20 13:14:24.130440|[SDK][WS][STAT]connected nodes,count=1
info|2024-03-20 13:14:24.455946|[EVENT][SUB][doLoop]event sub tasks report,working event sub count=1,suspend event sub count=0
info|2024-03-20 13:14:44.139280|[SDK][WS][STAT]connected nodes,count=1
info|2024-03-20 13:14:44.470087|[EVENT][SUB][doLoop]event sub tasks report,working event sub count=1,suspend event sub count=0
info|2024-03-20 13:15:04.141091|[SDK][WS][STAT]connected nodes,count=1
info|2024-03-20 13:15:04.481226|[EVENT][SUB][doLoop]event sub tasks report,working event sub count=1,suspend event sub count=0
info|2024-03-20 13:15:24.146616|[SDK][WS][STAT]connected nodes,count=1
info|2024-03-20 13:15:24.487495|[EVENT][SUB][doLoop]event sub tasks report,working event sub count=1,suspend event sub count=0
info|2024-03-20 13:15:44.148010|[SDK][WS][STAT]connected nodes,count=1
info|2024-03-20 13:15:44.501223|[EVENT][SUB][doLoop]event sub tasks report,working event sub count=1,suspend event sub count=0
info|2024-03-20 13:16:04.155969|[SDK][WS][STAT]connected nodes,count=1
info|2024-03-20 13:16:04.513698|[EVENT][SUB][doLoop]event sub tasks report,working event sub count=1,suspend event sub count=0
