info|2024-03-15 20:18:42.999374|[SDK][WS][SERVICE],[NEWOBJ][WsService]=00000247AC700300
info|2024-03-15 20:18:42.999374|[RPCWS][SERVICE]init the local protocol,minVersion=1,maxVersion=1,module=2
info|2024-03-15 20:18:42.999374|[startThread]start the timer thread
info|2024-03-15 20:18:42.999374|[startThread]the timer thread start,threadName=timerFactory
info|2024-03-15 20:18:43.001392|[DEFAULT][WS][INITIALIZER][initWsService]start websocket service as client,connected endpoints size=1
info|2024-03-15 20:18:43.001392|[DEFAULT][WS][INITIALIZER][initWsService]initializer for websocket service,listenIP=,listenPort=0,disableSsl=false,server=false,client=true,threadPoolSize=12,maxMsgSize=33554432,msgTimeOut=-1,connected peers=1
info|2024-03-15 20:18:43.001392|[buildJsonRpc]build json rpc,sendRequestToHighestBlockNode=true
info|2024-03-15 20:18:43.001392|[bcos_sdk_create][NEWOBJ],sdk=00000247AFDC4E80,version=FISCO BCOS C SDK Version : 3.4.0
Build Time         : 20230926 11:50:00
Build Type         : Windows/unknown/Release
Git Branch         : HEAD
Git Commit         : c9770330e9e12f8636e3b31e914cf1604fa62772
,peers_count=1,disable_ssl=0,message_timeout_ms=-1,reconnect_period_ms=20000,heartbeat_period_ms=20000,send_rpc_request_to_highest_block_node=1
info|2024-03-15 20:18:43.569315|[DEFAULT][WS][CONNECTOR][connectToWsServer]async_connect success,endpoint=10.21.32.192:20200
info|2024-03-15 20:18:43.569315|[DEFAULT][WS][STREAM],[NEWOBJ][WsStream]=00000247AD717C30
info|2024-03-15 20:18:43.617387|[DEFAULT][BOOSTSSL][NODEINFO][NEW]SSLContext pubHex: 3082010a0282010100d62f5d0f383e2bb3a8444b58b0f0487cebaf6380048261442fb09169c29bd199f35a18ea7bca1b55969d73155b37c7949109dce129bd7ff4701356d3d89ab041fa109eb1bfa80fda18c4f49a1cb01c65aecc9bd7cb0708ecf299fd30751d122089a6dd77429ed9f2fb0205c99293ad43c0a367d71c937574efba25ce91eb149a785a3030c5cfdced543921ad0100bb6f3784d5889d329e420b473d049c8c86d278a49f764d07a97154cb35ac52c47c9c9c4352397863b2f7d222f7bb43df5717308bb4e1fc45175efa32002b2e6178903f312a90ab1c3849bdc1db68466e26b50685490b4092b16793f099f841eedfdbc5445c1d2990d039dc0621e42a2654650203010001
warning|2024-03-15 20:18:43.617387|[DEFAULT][BOOSTSSL][NODEINFO]Get ca basic failed
info|2024-03-15 20:18:43.617387|[DEFAULT][BOOSTSSL][NODEINFO][NEW]SSLContext pubHex: 3082010a0282010100d3db6eb1c285ddcf25ab4adceaa0fc145546f98eb23921a1a1bf80ad526b9f85c4536da970ef687603ce712ef78c109741d53123df3e9d0089396188af93b0d736cc2805b974d81cbba6ce5261526f3a6f098f8333bce2643d3c79786d36148fb05ebb1ef0d62ec7ea2b5e4c69a1493f2874c9b6a8d2eb05fafcae2a75ea6fde46c6abefcd9286b367f4976907868e8a9e24e36fab68191c17bafdb77e3af4dfed29589941965d50ee8247974c48a6e06f87bb01690985174096c34369c8be87180754103d2d727f1db88f10dc7cdc8a66452fb0e9799dd21092da65e9f68ef11afd5c63f0dde493233f3327509d9cc04b4152d233516b10386441b5ae770fa30203010001
info|2024-03-15 20:18:43.668253|[DEFAULT][WS][CONNECTOR][connectToWsServer]ssl async_handshake success,host=10.21.32.192,port=20200
info|2024-03-15 20:18:43.718108|[DEFAULT][WS][CONNECTOR][connectToWsServer]websocket handshake successfully,host=10.21.32.192,port=20200
info|2024-03-15 20:18:43.718108|[SDK][WS][SESSION],[NEWOBJ][WSSESSION]=00000247ADD86220
info|2024-03-15 20:18:43.718108|[SDK][WS][SERVICE][newSession]start the session,endPoint=10.21.32.192:20200
info|2024-03-15 20:18:43.718108|[SDK][WS][SERVICE][addSession]map the session,endPoint=10.21.32.192:20200,result=true
info|2024-03-15 20:18:43.718108|[SDK][WS][SERVICE][onConnect],endpoint=10.21.32.192:20200,refCount=6
info|2024-03-15 20:18:43.718108|[RPCWS][SERVICE][startHandshake],endpoint=10.21.32.192:20200
info|2024-03-15 20:18:43.718108|[SDK][WS][SERVICE][start]start websocket service successfully,model=1,max msg size=33554432
info|2024-03-15 20:18:43.718108|[SDK][WS][SESSION][startAsClient]websocket handshake successfully,endPoint=10.21.32.192:20200,session=00000247ADD86220
info|2024-03-15 20:18:43.774394|[RPCWS][SERVICE][fromJson] new group info,groupInfo=,group=group0,chain=chain0,nodeSize=1
info|2024-03-15 20:18:43.774394|[RPCWS][SERVICE][fromJson]parser protocol version,protocolVersion=1,groupInfoList size=1,groupBlockNumber size=1
info|2024-03-15 20:18:43.774394|[RPCWS][SERVICE][updateGroupInfoByEp],endPoint=10.21.32.192:20200,group=group0,chainID=chain0,genesisConfig={"blockTxCountLimit":1000,"consensusLeaderPeriod":1,"consensusType":"pbft","sealerList":[{"nodeID":"70483ec6dbcad6ad7226cb77a208f51a97986ad5a8195492f726e8707604076487450244be6158375d20fb575d0cb62a214a227e81e7f40191c217014cc4ec38","weight":1},{"nodeID":"d29f77478637b5d19d56d5e5a1f2bf8ba373692298cd062e7c1fcdb51de5830fb1b7453d07f1068ab6ba64c40b65c7461d75b41c641e71c64df71fd5f03bd257","weight":1}],"txGasLimit":3000000000}
,iniConfig=,nodesNum=1
info|2024-03-15 20:18:43.774394|[RPCWS][SERVICE][updateGroupInfo],endPoint=10.21.32.192:20200,group=group0,chainID=chain0,nodesNum=1
info|2024-03-15 20:18:43.774394|[RPCWS][SERVICE][clearGroupInfoByEp],endPoint=10.21.32.192:20200,group=group0
info|2024-03-15 20:18:43.774394|[RPCWS][SERVICE][printGroupInfo],total count=1
info|2024-03-15 20:18:43.774394|[RPCWS][SERVICE][printGroupInfo]group list,group=group0,count=1
info|2024-03-15 20:18:43.774394|[RPCWS][SERVICE][printGroupInfo]node list,group=group0,node=70483ec6dbcad6ad7226cb77a208f51a97986ad5a8195492f726e8707604076487450244be6158375d20fb575d0cb62a214a227e81e7f40191c217014cc4ec38,count=1
info|2024-03-15 20:18:43.774394|[RPCWS][SERVICE][updateGroupBlockNumber],groupID=group0,_blockNumber=415
info|2024-03-15 20:18:43.774394|[AMOP][CLIENT][updateTopicsToRemote]send subscribe message to server,endpoint=10.21.32.192:20200,topics={"topics":[]}
info|2024-03-15 20:18:43.774394|[RPCWS][SERVICE][startHandshake]handshake successfully,endPoint=10.21.32.192:20200,handshake version=1,groupInfoList size=1,groupBlockNumber size=1,handshake string={"groupBlockNumber":[{"group0":415}],"groupInfoList":[{"chainID":"chain0","genesisConfig":"{\"blockTxCountLimit\":1000,\"consensusLeaderPeriod\":1,\"consensusType\":\"pbft\",\"sealerList\":[{\"nodeID\":\"70483ec6dbcad6ad7226cb77a208f51a97986ad5a8195492f726e8707604076487450244be6158375d20fb575d0cb62a214a227e81e7f40191c217014cc4ec38\",\"weight\":1},{\"nodeID\":\"d29f77478637b5d19d56d5e5a1f2bf8ba373692298cd062e7c1fcdb51de5830fb1b7453d07f1068ab6ba64c40b65c7461d75b41c641e71c64df71fd5f03bd257\",\"weight\":1}],\"txGasLimit\":3000000000}\n","groupID":"group0","iniConfig":"","nodeList":[{"iniConfig":"{\"binaryInfo\":{\"buildTime\":\"20230616 16:54:30\",\"gitCommitHash\":\"e7fb7bb46343ebb563dfc937a2fb68e07e463c10\",\"platform\":\"Linux/g++\",\"version\":\"3.4.0\"},\"chainID\":\"chain0\",\"gatewayServiceName\":\"\",\"groupID\":\"group0\",\"isAuthCheck\":false,\"isSerialExecute\":true,\"isWasm\":false,\"nodeID\":\"70483ec6dbcad6ad7226cb77a208f51a97986ad5a8195492f726e8707604076487450244be6158375d20fb575d0cb62a214a227e81e7f40191c217014cc4ec38\",\"nodeName\":\"70483ec6dbcad6ad7226cb77a208f51a97986ad5a8195492f726e8707604076487450244be6158375d20fb575d0cb62a214a227e81e7f40191c217014cc4ec38\",\"rpcServiceName\":\"\",\"smCryptoType\":false}\n","microService":false,"name":"70483ec6dbcad6ad7226cb77a208f51a97986ad5a8195492f726e8707604076487450244be6158375d20fb575d0cb62a214a227e81e7f40191c217014cc4ec38","nodeID":"70483ec6dbcad6ad7226cb77a208f51a97986ad5a8195492f726e8707604076487450244be6158375d20fb575d0cb62a214a227e81e7f40191c217014cc4ec38","protocol":{"compatibilityVersion":50593792,"maxSupportedVersion":1,"minSupportedVersion":0},"serviceInfo":[{"serviceName":"LedgerServiceObj","type":2},{"serviceName":"SchedulerServiceObj","type":3},{"serviceName":"FrontServiceObj","type":4},{"serviceName":"","type":6},{"serviceName":"","type":7},{"serviceName":"TxPoolServiceObj","type":8}],"type":0}]}],"protocolVersion":1}
info|2024-03-15 20:18:43.820316|[RPCWS][SERVICE][waitForConnectionEstablish]wait for websocket connection handshake success,suc count=1
info|2024-03-15 20:18:43.820316|[RPC][IMPL][start]start rpc
info|2024-03-15 20:18:43.820316|[SDK][WS][SERVICE][start]websocket service is running
info|2024-03-15 20:18:43.928534|[RPCWS][SERVICE][waitForConnectionEstablish]wait for websocket connection handshake success,suc count=1
info|2024-03-15 20:18:43.928534|[AMOP][CLIENT][start]start amop
info|2024-03-15 20:18:43.928534|[SDK][WS][SERVICE][start]websocket service is running
info|2024-03-15 20:18:44.038415|[RPCWS][SERVICE][waitForConnectionEstablish]wait for websocket connection handshake success,suc count=1
info|2024-03-15 20:18:44.038415|[EVENT][SUB][start]start event sub successfully,sendMsgTimeout=-1,reconnectPeriod=20000
info|2024-03-15 20:18:44.038415|[SDK][WS][SERVICE][start]websocket service is running
info|2024-03-15 20:18:44.144645|[RPCWS][SERVICE][waitForConnectionEstablish]wait for websocket connection handshake success,suc count=1
info|2024-03-15 20:18:44.146646|[RPC][IMPL][getGroupInfo][get group info from cache],hitCache=true,response={"id":1,"jsonrpc":"2.0","result":{"chainID":"chain0","genesisConfig":"{\"blockTxCountLimit\":1000,\"consensusLeaderPeriod\":1,\"consensusType\":\"pbft\",\"sealerList\":[{\"nodeID\":\"70483ec6dbcad6ad7226cb77a208f51a97986ad5a8195492f726e8707604076487450244be6158375d20fb575d0cb62a214a227e81e7f40191c217014cc4ec38\",\"weight\":1},{\"nodeID\":\"d29f77478637b5d19d56d5e5a1f2bf8ba373692298cd062e7c1fcdb51de5830fb1b7453d07f1068ab6ba64c40b65c7461d75b41c641e71c64df71fd5f03bd257\",\"weight\":1}],\"txGasLimit\":3000000000}\n","groupID":"group0","iniConfig":"","nodeList":[{"iniConfig":"{\"binaryInfo\":{\"buildTime\":\"20230616 16:54:30\",\"gitCommitHash\":\"e7fb7bb46343ebb563dfc937a2fb68e07e463c10\",\"platform\":\"Linux/g++\",\"version\":\"3.4.0\"},\"chainID\":\"chain0\",\"gatewayServiceName\":\"\",\"groupID\":\"group0\",\"isAuthCheck\":false,\"isSerialExecute\":true,\"isWasm\":false,\"nodeID\":\"70483ec6dbcad6ad7226cb77a208f51a97986ad5a8195492f726e8707604076487450244be6158375d20fb575d0cb62a214a227e81e7f40191c217014cc4ec38\",\"nodeName\":\"70483ec6dbcad6ad7226cb77a208f51a97986ad5a8195492f726e8707604076487450244be6158375d20fb575d0cb62a214a227e81e7f40191c217014cc4ec38\",\"rpcServiceName\":\"\",\"smCryptoType\":false}\n","name":"70483ec6dbcad6ad7226cb77a208f51a97986ad5a8195492f726e8707604076487450244be6158375d20fb575d0cb62a214a227e81e7f40191c217014cc4ec38","protocol":{"compatibilityVersion":50593792,"maxSupportedVersion":1,"minSupportedVersion":0},"serviceInfo":[{"serviceName":"LedgerServiceObj","type":2},{"serviceName":"SchedulerServiceObj","type":3},{"serviceName":"FrontServiceObj","type":4},{"serviceName":"","type":6},{"serviceName":"","type":7},{"serviceName":"TxPoolServiceObj","type":8}],"type":0}],"smCryptoType":false,"wasm":false}}
info|2024-03-15 20:18:44.486185|[SDK][WS][SERVICE][start]websocket service is running
info|2024-03-15 20:18:44.598189|[RPCWS][SERVICE][waitForConnectionEstablish]wait for websocket connection handshake success,suc count=1
info|2024-03-15 20:18:44.598189|[RPC][IMPL][start]start rpc
info|2024-03-15 20:18:44.598189|[SDK][WS][SERVICE][start]websocket service is running
info|2024-03-15 20:18:44.705705|[RPCWS][SERVICE][waitForConnectionEstablish]wait for websocket connection handshake success,suc count=1
info|2024-03-15 20:18:44.705705|[AMOP][CLIENT][start]start amop
info|2024-03-15 20:18:44.705705|[EVENT][SUB][start]event sub is running
info|2024-03-15 20:18:44.705705|[SDK][WS][SERVICE][start]websocket service is running
info|2024-03-15 20:18:44.814185|[RPCWS][SERVICE][waitForConnectionEstablish]wait for websocket connection handshake success,suc count=1
info|2024-03-15 20:18:44.820708|[EVENT][PARAMS][fromJsonString],jsonString={"fromBlock":-1,"toBlock":-1,"addresses":[],"topics":[["LogCreateActivity(uint256,address, DataStructs.Activity,uint256)"],null,null,null]},params={fromBlock: -1toBlock: -1addresses: topics: index: 0LogCreateActivity(uint256,address, DataStructs.Activity,uint256) 0,}
info|2024-03-15 20:18:44.820708|[EVENT][SUB][subscribeEvent]subscribe event,id=98b3d10d398d430e8a2d257f1849ee03,group=group0,request={"group":"group0","id":"98b3d10d398d430e8a2d257f1849ee03","params":{"addresses":[],"fromBlock":-1,"toBlock":-1,"topics":[["LogCreateActivity(uint256,address, DataStructs.Activity,uint256)"]]}}
info|2024-03-15 20:18:44.849320|[EVENT][SUB][subscribeEvent]callback response success,id=98b3d10d398d430e8a2d257f1849ee03,response={"id":"98b3d10d398d430e8a2d257f1849ee03","status":0}
info|2024-03-15 20:19:04.040141|[EVENT][SUB][doLoop]event sub tasks report,working event sub count=1,suspend event sub count=0
info|2024-03-15 20:19:23.734386|[SDK][WS][STAT]connected nodes,count=1
info|2024-03-15 20:19:24.044634|[EVENT][SUB][doLoop]event sub tasks report,working event sub count=1,suspend event sub count=0
info|2024-03-15 20:19:43.735993|[SDK][WS][STAT]connected nodes,count=1
info|2024-03-15 20:19:44.052138|[EVENT][SUB][doLoop]event sub tasks report,working event sub count=1,suspend event sub count=0
info|2024-03-15 20:20:03.741534|[SDK][WS][STAT]connected nodes,count=1
info|2024-03-15 20:20:04.063987|[EVENT][SUB][doLoop]event sub tasks report,working event sub count=1,suspend event sub count=0
info|2024-03-15 20:20:23.755937|[SDK][WS][STAT]connected nodes,count=1
info|2024-03-15 20:20:24.066513|[EVENT][SUB][doLoop]event sub tasks report,working event sub count=1,suspend event sub count=0
info|2024-03-15 20:20:43.763973|[SDK][WS][STAT]connected nodes,count=1
info|2024-03-15 20:20:44.076842|[EVENT][SUB][doLoop]event sub tasks report,working event sub count=1,suspend event sub count=0
info|2024-03-15 20:21:03.779696|[SDK][WS][STAT]connected nodes,count=1
info|2024-03-15 20:21:04.089515|[EVENT][SUB][doLoop]event sub tasks report,working event sub count=1,suspend event sub count=0
info|2024-03-15 20:21:23.781432|[SDK][WS][STAT]connected nodes,count=1
info|2024-03-15 20:21:24.090675|[EVENT][SUB][doLoop]event sub tasks report,working event sub count=1,suspend event sub count=0
info|2024-03-15 20:21:43.785743|[SDK][WS][STAT]connected nodes,count=1
info|2024-03-15 20:21:44.094535|[EVENT][SUB][doLoop]event sub tasks report,working event sub count=1,suspend event sub count=0
info|2024-03-15 20:22:03.785783|[SDK][WS][STAT]connected nodes,count=1
info|2024-03-15 20:22:04.102127|[EVENT][SUB][doLoop]event sub tasks report,working event sub count=1,suspend event sub count=0
info|2024-03-15 20:22:23.792711|[SDK][WS][STAT]connected nodes,count=1
info|2024-03-15 20:22:24.116553|[EVENT][SUB][doLoop]event sub tasks report,working event sub count=1,suspend event sub count=0
info|2024-03-15 20:22:43.799308|[SDK][WS][STAT]connected nodes,count=1
info|2024-03-15 20:22:44.124724|[EVENT][SUB][doLoop]event sub tasks report,working event sub count=1,suspend event sub count=0
info|2024-03-15 20:23:03.802434|[SDK][WS][STAT]connected nodes,count=1
info|2024-03-15 20:23:04.128413|[EVENT][SUB][doLoop]event sub tasks report,working event sub count=1,suspend event sub count=0
info|2024-03-15 20:23:23.808853|[SDK][WS][STAT]connected nodes,count=1
info|2024-03-15 20:23:24.134675|[EVENT][SUB][doLoop]event sub tasks report,working event sub count=1,suspend event sub count=0
info|2024-03-15 20:23:43.823358|[SDK][WS][STAT]connected nodes,count=1
info|2024-03-15 20:23:44.149307|[EVENT][SUB][doLoop]event sub tasks report,working event sub count=1,suspend event sub count=0
info|2024-03-15 20:24:03.830614|[SDK][WS][STAT]connected nodes,count=1
info|2024-03-15 20:24:04.158444|[EVENT][SUB][doLoop]event sub tasks report,working event sub count=1,suspend event sub count=0
info|2024-03-15 20:24:23.836335|[SDK][WS][STAT]connected nodes,count=1
info|2024-03-15 20:24:24.161257|[EVENT][SUB][doLoop]event sub tasks report,working event sub count=1,suspend event sub count=0
info|2024-03-15 20:24:43.846453|[SDK][WS][STAT]connected nodes,count=1
info|2024-03-15 20:24:44.171594|[EVENT][SUB][doLoop]event sub tasks report,working event sub count=1,suspend event sub count=0
info|2024-03-15 20:25:03.855616|[SDK][WS][STAT]connected nodes,count=1
info|2024-03-15 20:25:04.181853|[EVENT][SUB][doLoop]event sub tasks report,working event sub count=1,suspend event sub count=0
info|2024-03-15 20:25:23.866701|[SDK][WS][STAT]connected nodes,count=1
info|2024-03-15 20:25:24.194503|[EVENT][SUB][doLoop]event sub tasks report,working event sub count=1,suspend event sub count=0
info|2024-03-15 20:25:43.870649|[SDK][WS][STAT]connected nodes,count=1
info|2024-03-15 20:25:44.199649|[EVENT][SUB][doLoop]event sub tasks report,working event sub count=1,suspend event sub count=0
info|2024-03-15 20:26:03.881448|[SDK][WS][STAT]connected nodes,count=1
info|2024-03-15 20:26:04.207662|[EVENT][SUB][doLoop]event sub tasks report,working event sub count=1,suspend event sub count=0
info|2024-03-15 20:26:23.890290|[SDK][WS][STAT]connected nodes,count=1
info|2024-03-15 20:26:24.216623|[EVENT][SUB][doLoop]event sub tasks report,working event sub count=1,suspend event sub count=0
info|2024-03-15 20:26:43.899447|[SDK][WS][STAT]connected nodes,count=1
info|2024-03-15 20:26:44.223374|[EVENT][SUB][doLoop]event sub tasks report,working event sub count=1,suspend event sub count=0
info|2024-03-15 20:27:03.908005|[SDK][WS][STAT]connected nodes,count=1
info|2024-03-15 20:27:04.233404|[EVENT][SUB][doLoop]event sub tasks report,working event sub count=1,suspend event sub count=0
info|2024-03-15 20:27:23.919404|[SDK][WS][STAT]connected nodes,count=1
info|2024-03-15 20:27:24.246857|[EVENT][SUB][doLoop]event sub tasks report,working event sub count=1,suspend event sub count=0
info|2024-03-15 20:27:43.933521|[SDK][WS][STAT]connected nodes,count=1
info|2024-03-15 20:27:44.251052|[EVENT][SUB][doLoop]event sub tasks report,working event sub count=1,suspend event sub count=0
info|2024-03-15 20:28:03.947069|[SDK][WS][STAT]connected nodes,count=1
info|2024-03-15 20:28:04.263340|[EVENT][SUB][doLoop]event sub tasks report,working event sub count=1,suspend event sub count=0
info|2024-03-15 20:28:23.959642|[SDK][WS][STAT]connected nodes,count=1
info|2024-03-15 20:28:24.270601|[EVENT][SUB][doLoop]event sub tasks report,working event sub count=1,suspend event sub count=0
info|2024-03-15 20:28:43.969519|[SDK][WS][STAT]connected nodes,count=1
info|2024-03-15 20:28:44.279208|[EVENT][SUB][doLoop]event sub tasks report,working event sub count=1,suspend event sub count=0
info|2024-03-15 20:29:03.976463|[SDK][WS][STAT]connected nodes,count=1
info|2024-03-15 20:29:04.285842|[EVENT][SUB][doLoop]event sub tasks report,working event sub count=1,suspend event sub count=0
info|2024-03-15 20:29:23.978731|[SDK][WS][STAT]connected nodes,count=1
info|2024-03-15 20:29:24.290605|[EVENT][SUB][doLoop]event sub tasks report,working event sub count=1,suspend event sub count=0
info|2024-03-15 20:29:43.982690|[SDK][WS][STAT]connected nodes,count=1
info|2024-03-15 20:29:44.292957|[EVENT][SUB][doLoop]event sub tasks report,working event sub count=1,suspend event sub count=0
info|2024-03-15 20:30:03.994466|[SDK][WS][STAT]connected nodes,count=1
info|2024-03-15 20:30:04.305556|[EVENT][SUB][doLoop]event sub tasks report,working event sub count=1,suspend event sub count=0
info|2024-03-15 20:30:23.996430|[SDK][WS][STAT]connected nodes,count=1
info|2024-03-15 20:30:24.320370|[EVENT][SUB][doLoop]event sub tasks report,working event sub count=1,suspend event sub count=0
info|2024-03-15 20:30:44.000700|[SDK][WS][STAT]connected nodes,count=1
info|2024-03-15 20:30:44.334744|[EVENT][SUB][doLoop]event sub tasks report,working event sub count=1,suspend event sub count=0
info|2024-03-15 20:31:04.004276|[SDK][WS][STAT]connected nodes,count=1
info|2024-03-15 20:31:04.342316|[EVENT][SUB][doLoop]event sub tasks report,working event sub count=1,suspend event sub count=0
info|2024-03-15 20:31:24.014711|[SDK][WS][STAT]connected nodes,count=1
info|2024-03-15 20:31:24.354440|[EVENT][SUB][doLoop]event sub tasks report,working event sub count=1,suspend event sub count=0
info|2024-03-15 20:31:44.028535|[SDK][WS][STAT]connected nodes,count=1
info|2024-03-15 20:31:44.356232|[EVENT][SUB][doLoop]event sub tasks report,working event sub count=1,suspend event sub count=0
info|2024-03-15 20:32:04.031365|[SDK][WS][STAT]connected nodes,count=1
info|2024-03-15 20:32:04.370403|[EVENT][SUB][doLoop]event sub tasks report,working event sub count=1,suspend event sub count=0
info|2024-03-15 20:32:24.043500|[SDK][WS][STAT]connected nodes,count=1
info|2024-03-15 20:32:24.385428|[EVENT][SUB][doLoop]event sub tasks report,working event sub count=1,suspend event sub count=0
info|2024-03-15 20:32:44.045242|[SDK][WS][STAT]connected nodes,count=1
info|2024-03-15 20:32:44.399422|[EVENT][SUB][doLoop]event sub tasks report,working event sub count=1,suspend event sub count=0
info|2024-03-15 20:33:04.055351|[SDK][WS][STAT]connected nodes,count=1
info|2024-03-15 20:33:04.412630|[EVENT][SUB][doLoop]event sub tasks report,working event sub count=1,suspend event sub count=0
info|2024-03-15 20:33:24.056883|[SDK][WS][STAT]connected nodes,count=1
info|2024-03-15 20:33:24.413898|[EVENT][SUB][doLoop]event sub tasks report,working event sub count=1,suspend event sub count=0
info|2024-03-15 20:33:44.069338|[SDK][WS][STAT]connected nodes,count=1
info|2024-03-15 20:33:44.424263|[EVENT][SUB][doLoop]event sub tasks report,working event sub count=1,suspend event sub count=0
info|2024-03-15 20:34:04.083234|[SDK][WS][STAT]connected nodes,count=1
info|2024-03-15 20:34:04.429014|[EVENT][SUB][doLoop]event sub tasks report,working event sub count=1,suspend event sub count=0
info|2024-03-15 20:34:24.093664|[SDK][WS][STAT]connected nodes,count=1
info|2024-03-15 20:34:24.441653|[EVENT][SUB][doLoop]event sub tasks report,working event sub count=1,suspend event sub count=0
info|2024-03-15 20:34:44.105203|[SDK][WS][STAT]connected nodes,count=1
info|2024-03-15 20:34:44.457108|[EVENT][SUB][doLoop]event sub tasks report,working event sub count=1,suspend event sub count=0
info|2024-03-15 20:35:04.118803|[SDK][WS][STAT]connected nodes,count=1
info|2024-03-15 20:35:04.466365|[EVENT][SUB][doLoop]event sub tasks report,working event sub count=1,suspend event sub count=0
info|2024-03-15 20:35:24.122759|[SDK][WS][STAT]connected nodes,count=1
info|2024-03-15 20:35:24.471764|[EVENT][SUB][doLoop]event sub tasks report,working event sub count=1,suspend event sub count=0
info|2024-03-15 20:35:44.137506|[SDK][WS][STAT]connected nodes,count=1
info|2024-03-15 20:35:44.485796|[EVENT][SUB][doLoop]event sub tasks report,working event sub count=1,suspend event sub count=0
info|2024-03-15 20:36:04.151667|[SDK][WS][STAT]connected nodes,count=1
info|2024-03-15 20:36:04.497887|[EVENT][SUB][doLoop]event sub tasks report,working event sub count=1,suspend event sub count=0
info|2024-03-15 20:36:24.159661|[SDK][WS][STAT]connected nodes,count=1
info|2024-03-15 20:36:24.498656|[EVENT][SUB][doLoop]event sub tasks report,working event sub count=1,suspend event sub count=0
info|2024-03-15 20:36:44.166386|[SDK][WS][STAT]connected nodes,count=1
info|2024-03-15 20:36:44.508368|[EVENT][SUB][doLoop]event sub tasks report,working event sub count=1,suspend event sub count=0
info|2024-03-15 20:37:04.171605|[SDK][WS][STAT]connected nodes,count=1
info|2024-03-15 20:37:04.513735|[EVENT][SUB][doLoop]event sub tasks report,working event sub count=1,suspend event sub count=0
info|2024-03-15 20:37:24.181060|[SDK][WS][STAT]connected nodes,count=1
info|2024-03-15 20:37:24.521923|[EVENT][SUB][doLoop]event sub tasks report,working event sub count=1,suspend event sub count=0
info|2024-03-15 20:37:44.182057|[SDK][WS][STAT]connected nodes,count=1
info|2024-03-15 20:37:44.523364|[EVENT][SUB][doLoop]event sub tasks report,working event sub count=1,suspend event sub count=0
info|2024-03-15 20:38:04.193460|[SDK][WS][STAT]connected nodes,count=1
info|2024-03-15 20:38:04.533253|[EVENT][SUB][doLoop]event sub tasks report,working event sub count=1,suspend event sub count=0
info|2024-03-15 20:38:24.205205|[SDK][WS][STAT]connected nodes,count=1
info|2024-03-15 20:38:24.548317|[EVENT][SUB][doLoop]event sub tasks report,working event sub count=1,suspend event sub count=0
info|2024-03-15 20:38:44.220272|[SDK][WS][STAT]connected nodes,count=1
info|2024-03-15 20:38:44.559831|[EVENT][SUB][doLoop]event sub tasks report,working event sub count=1,suspend event sub count=0
info|2024-03-15 20:39:04.220668|[SDK][WS][STAT]connected nodes,count=1
info|2024-03-15 20:39:04.563466|[EVENT][SUB][doLoop]event sub tasks report,working event sub count=1,suspend event sub count=0
info|2024-03-15 20:39:24.234668|[SDK][WS][STAT]connected nodes,count=1
info|2024-03-15 20:39:24.575369|[EVENT][SUB][doLoop]event sub tasks report,working event sub count=1,suspend event sub count=0
info|2024-03-15 20:39:44.247713|[SDK][WS][STAT]connected nodes,count=1
info|2024-03-15 20:39:44.588424|[EVENT][SUB][doLoop]event sub tasks report,working event sub count=1,suspend event sub count=0
info|2024-03-15 20:40:04.251505|[SDK][WS][STAT]connected nodes,count=1
info|2024-03-15 20:40:04.593488|[EVENT][SUB][doLoop]event sub tasks report,working event sub count=1,suspend event sub count=0
info|2024-03-15 20:40:24.265279|[SDK][WS][STAT]connected nodes,count=1
info|2024-03-15 20:40:24.607699|[EVENT][SUB][doLoop]event sub tasks report,working event sub count=1,suspend event sub count=0
info|2024-03-15 20:40:44.270563|[SDK][WS][STAT]connected nodes,count=1
info|2024-03-15 20:40:44.612565|[EVENT][SUB][doLoop]event sub tasks report,working event sub count=1,suspend event sub count=0
info|2024-03-15 20:41:04.280622|[SDK][WS][STAT]connected nodes,count=1
info|2024-03-15 20:41:04.626339|[EVENT][SUB][doLoop]event sub tasks report,working event sub count=1,suspend event sub count=0
info|2024-03-15 20:41:24.292574|[SDK][WS][STAT]connected nodes,count=1
info|2024-03-15 20:41:24.636990|[EVENT][SUB][doLoop]event sub tasks report,working event sub count=1,suspend event sub count=0
info|2024-03-15 20:41:44.295759|[SDK][WS][STAT]connected nodes,count=1
info|2024-03-15 20:41:44.638623|[EVENT][SUB][doLoop]event sub tasks report,working event sub count=1,suspend event sub count=0
info|2024-03-15 20:42:04.309081|[SDK][WS][STAT]connected nodes,count=1
info|2024-03-15 20:42:04.652749|[EVENT][SUB][doLoop]event sub tasks report,working event sub count=1,suspend event sub count=0
info|2024-03-15 20:42:24.317586|[SDK][WS][STAT]connected nodes,count=1
info|2024-03-15 20:42:24.660065|[EVENT][SUB][doLoop]event sub tasks report,working event sub count=1,suspend event sub count=0
info|2024-03-15 20:42:44.330604|[SDK][WS][STAT]connected nodes,count=1
info|2024-03-15 20:42:44.672304|[EVENT][SUB][doLoop]event sub tasks report,working event sub count=1,suspend event sub count=0
info|2024-03-15 20:43:04.342234|[SDK][WS][STAT]connected nodes,count=1
info|2024-03-15 20:43:04.684681|[EVENT][SUB][doLoop]event sub tasks report,working event sub count=1,suspend event sub count=0
info|2024-03-15 20:43:24.356469|[SDK][WS][STAT]connected nodes,count=1
info|2024-03-15 20:43:24.697899|[EVENT][SUB][doLoop]event sub tasks report,working event sub count=1,suspend event sub count=0
info|2024-03-15 20:43:44.357554|[SDK][WS][STAT]connected nodes,count=1
info|2024-03-15 20:43:44.698531|[EVENT][SUB][doLoop]event sub tasks report,working event sub count=1,suspend event sub count=0
info|2024-03-15 20:44:04.372886|[SDK][WS][STAT]connected nodes,count=1
info|2024-03-15 20:44:04.700540|[EVENT][SUB][doLoop]event sub tasks report,working event sub count=1,suspend event sub count=0
info|2024-03-15 20:44:24.384410|[SDK][WS][STAT]connected nodes,count=1
info|2024-03-15 20:44:24.708712|[EVENT][SUB][doLoop]event sub tasks report,working event sub count=1,suspend event sub count=0
info|2024-03-15 20:44:44.390080|[SDK][WS][STAT]connected nodes,count=1
info|2024-03-15 20:44:44.715194|[EVENT][SUB][doLoop]event sub tasks report,working event sub count=1,suspend event sub count=0
info|2024-03-15 20:45:04.401670|[SDK][WS][STAT]connected nodes,count=1
info|2024-03-15 20:45:04.730362|[EVENT][SUB][doLoop]event sub tasks report,working event sub count=1,suspend event sub count=0
info|2024-03-15 20:45:24.403719|[SDK][WS][STAT]connected nodes,count=1
info|2024-03-15 20:45:24.732307|[EVENT][SUB][doLoop]event sub tasks report,working event sub count=1,suspend event sub count=0
info|2024-03-15 20:45:44.408786|[SDK][WS][STAT]connected nodes,count=1
info|2024-03-15 20:45:44.739183|[EVENT][SUB][doLoop]event sub tasks report,working event sub count=1,suspend event sub count=0
info|2024-03-15 20:46:04.415700|[SDK][WS][STAT]connected nodes,count=1
info|2024-03-15 20:46:04.751719|[EVENT][SUB][doLoop]event sub tasks report,working event sub count=1,suspend event sub count=0
info|2024-03-15 20:46:24.424722|[SDK][WS][STAT]connected nodes,count=1
info|2024-03-15 20:46:24.764478|[EVENT][SUB][doLoop]event sub tasks report,working event sub count=1,suspend event sub count=0
info|2024-03-15 20:46:44.432340|[SDK][WS][STAT]connected nodes,count=1
info|2024-03-15 20:46:44.773318|[EVENT][SUB][doLoop]event sub tasks report,working event sub count=1,suspend event sub count=0
info|2024-03-15 20:47:04.444599|[SDK][WS][STAT]connected nodes,count=1
info|2024-03-15 20:47:04.785962|[EVENT][SUB][doLoop]event sub tasks report,working event sub count=1,suspend event sub count=0
info|2024-03-15 20:47:24.453394|[SDK][WS][STAT]connected nodes,count=1
info|2024-03-15 20:47:24.793557|[EVENT][SUB][doLoop]event sub tasks report,working event sub count=1,suspend event sub count=0
info|2024-03-15 20:47:44.467761|[SDK][WS][STAT]connected nodes,count=1
info|2024-03-15 20:47:44.795539|[EVENT][SUB][doLoop]event sub tasks report,working event sub count=1,suspend event sub count=0
info|2024-03-15 20:48:04.479300|[SDK][WS][STAT]connected nodes,count=1
info|2024-03-15 20:48:04.806250|[EVENT][SUB][doLoop]event sub tasks report,working event sub count=1,suspend event sub count=0
info|2024-03-15 20:48:24.494401|[SDK][WS][STAT]connected nodes,count=1
info|2024-03-15 20:48:24.819291|[EVENT][SUB][doLoop]event sub tasks report,working event sub count=1,suspend event sub count=0
info|2024-03-15 20:48:44.505956|[SDK][WS][STAT]connected nodes,count=1
info|2024-03-15 20:48:44.831168|[EVENT][SUB][doLoop]event sub tasks report,working event sub count=1,suspend event sub count=0
info|2024-03-15 20:49:04.508758|[SDK][WS][STAT]connected nodes,count=1
info|2024-03-15 20:49:04.835189|[EVENT][SUB][doLoop]event sub tasks report,working event sub count=1,suspend event sub count=0
info|2024-03-15 20:49:24.513671|[SDK][WS][STAT]connected nodes,count=1
info|2024-03-15 20:49:24.837057|[EVENT][SUB][doLoop]event sub tasks report,working event sub count=1,suspend event sub count=0
info|2024-03-15 20:49:44.526778|[SDK][WS][STAT]connected nodes,count=1
info|2024-03-15 20:49:44.839278|[EVENT][SUB][doLoop]event sub tasks report,working event sub count=1,suspend event sub count=0
info|2024-03-15 20:50:04.532403|[SDK][WS][STAT]connected nodes,count=1
info|2024-03-15 20:50:04.849231|[EVENT][SUB][doLoop]event sub tasks report,working event sub count=1,suspend event sub count=0
info|2024-03-15 20:50:24.536593|[SDK][WS][STAT]connected nodes,count=1
info|2024-03-15 20:50:24.855113|[EVENT][SUB][doLoop]event sub tasks report,working event sub count=1,suspend event sub count=0
info|2024-03-15 20:50:44.551813|[SDK][WS][STAT]connected nodes,count=1
info|2024-03-15 20:50:44.857480|[EVENT][SUB][doLoop]event sub tasks report,working event sub count=1,suspend event sub count=0
info|2024-03-15 20:51:04.552533|[SDK][WS][STAT]connected nodes,count=1
info|2024-03-15 20:51:04.864349|[EVENT][SUB][doLoop]event sub tasks report,working event sub count=1,suspend event sub count=0
info|2024-03-15 20:51:24.565414|[SDK][WS][STAT]connected nodes,count=1
info|2024-03-15 20:51:24.874603|[EVENT][SUB][doLoop]event sub tasks report,working event sub count=1,suspend event sub count=0
info|2024-03-15 20:51:44.579901|[SDK][WS][STAT]connected nodes,count=1
info|2024-03-15 20:51:44.875892|[EVENT][SUB][doLoop]event sub tasks report,working event sub count=1,suspend event sub count=0
info|2024-03-15 20:52:04.590637|[SDK][WS][STAT]connected nodes,count=1
info|2024-03-15 20:52:04.886736|[EVENT][SUB][doLoop]event sub tasks report,working event sub count=1,suspend event sub count=0
info|2024-03-15 20:52:24.592304|[SDK][WS][STAT]connected nodes,count=1
info|2024-03-15 20:52:24.902130|[EVENT][SUB][doLoop]event sub tasks report,working event sub count=1,suspend event sub count=0
info|2024-03-15 20:52:44.594511|[SDK][WS][STAT]connected nodes,count=1
info|2024-03-15 20:52:44.904659|[EVENT][SUB][doLoop]event sub tasks report,working event sub count=1,suspend event sub count=0
info|2024-03-15 20:53:04.607623|[SDK][WS][STAT]connected nodes,count=1
info|2024-03-15 20:53:04.917654|[EVENT][SUB][doLoop]event sub tasks report,working event sub count=1,suspend event sub count=0
info|2024-03-15 20:53:24.619511|[SDK][WS][STAT]connected nodes,count=1
info|2024-03-15 20:53:24.928334|[EVENT][SUB][doLoop]event sub tasks report,working event sub count=1,suspend event sub count=0
info|2024-03-15 20:53:44.634436|[SDK][WS][STAT]connected nodes,count=1
info|2024-03-15 20:53:44.929991|[EVENT][SUB][doLoop]event sub tasks report,working event sub count=1,suspend event sub count=0
info|2024-03-15 20:54:04.648617|[SDK][WS][STAT]connected nodes,count=1
info|2024-03-15 20:54:04.943876|[EVENT][SUB][doLoop]event sub tasks report,working event sub count=1,suspend event sub count=0
info|2024-03-15 20:54:24.662270|[SDK][WS][STAT]connected nodes,count=1
info|2024-03-15 20:54:24.947323|[EVENT][SUB][doLoop]event sub tasks report,working event sub count=1,suspend event sub count=0
info|2024-03-15 20:54:44.675701|[SDK][WS][STAT]connected nodes,count=1
info|2024-03-15 20:54:44.956840|[EVENT][SUB][doLoop]event sub tasks report,working event sub count=1,suspend event sub count=0
info|2024-03-15 20:55:04.690743|[SDK][WS][STAT]connected nodes,count=1
info|2024-03-15 20:55:04.969846|[EVENT][SUB][doLoop]event sub tasks report,working event sub count=1,suspend event sub count=0
info|2024-03-15 20:55:24.692218|[SDK][WS][STAT]connected nodes,count=1
info|2024-03-15 20:55:24.971317|[EVENT][SUB][doLoop]event sub tasks report,working event sub count=1,suspend event sub count=0
info|2024-03-15 20:55:44.695877|[SDK][WS][STAT]connected nodes,count=1
info|2024-03-15 20:55:44.979530|[EVENT][SUB][doLoop]event sub tasks report,working event sub count=1,suspend event sub count=0
info|2024-03-15 20:56:04.705915|[SDK][WS][STAT]connected nodes,count=1
info|2024-03-15 20:56:04.992177|[EVENT][SUB][doLoop]event sub tasks report,working event sub count=1,suspend event sub count=0
info|2024-03-15 20:56:24.710309|[SDK][WS][STAT]connected nodes,count=1
info|2024-03-15 20:56:25.004784|[EVENT][SUB][doLoop]event sub tasks report,working event sub count=1,suspend event sub count=0
info|2024-03-15 20:56:44.717757|[SDK][WS][STAT]connected nodes,count=1
info|2024-03-15 20:56:45.014268|[EVENT][SUB][doLoop]event sub tasks report,working event sub count=1,suspend event sub count=0
info|2024-03-15 20:57:04.727478|[SDK][WS][STAT]connected nodes,count=1
info|2024-03-15 20:57:05.022110|[EVENT][SUB][doLoop]event sub tasks report,working event sub count=1,suspend event sub count=0
info|2024-03-15 20:57:24.738872|[SDK][WS][STAT]connected nodes,count=1
info|2024-03-15 20:57:25.035383|[EVENT][SUB][doLoop]event sub tasks report,working event sub count=1,suspend event sub count=0
info|2024-03-15 20:57:44.749549|[SDK][WS][STAT]connected nodes,count=1
info|2024-03-15 20:57:45.043341|[EVENT][SUB][doLoop]event sub tasks report,working event sub count=1,suspend event sub count=0
info|2024-03-15 20:58:04.755687|[SDK][WS][STAT]connected nodes,count=1
info|2024-03-15 20:58:05.048353|[EVENT][SUB][doLoop]event sub tasks report,working event sub count=1,suspend event sub count=0
info|2024-03-15 20:58:24.770536|[SDK][WS][STAT]connected nodes,count=1
info|2024-03-15 20:58:25.063539|[EVENT][SUB][doLoop]event sub tasks report,working event sub count=1,suspend event sub count=0
info|2024-03-15 20:58:44.784376|[SDK][WS][STAT]connected nodes,count=1
info|2024-03-15 20:58:45.069130|[EVENT][SUB][doLoop]event sub tasks report,working event sub count=1,suspend event sub count=0
info|2024-03-15 20:59:04.785319|[SDK][WS][STAT]connected nodes,count=1
info|2024-03-15 20:59:05.073851|[EVENT][SUB][doLoop]event sub tasks report,working event sub count=1,suspend event sub count=0
info|2024-03-15 20:59:24.785622|[SDK][WS][STAT]connected nodes,count=1
info|2024-03-15 20:59:25.076917|[EVENT][SUB][doLoop]event sub tasks report,working event sub count=1,suspend event sub count=0
info|2024-03-15 20:59:44.790746|[SDK][WS][STAT]connected nodes,count=1
info|2024-03-15 20:59:45.092379|[EVENT][SUB][doLoop]event sub tasks report,working event sub count=1,suspend event sub count=0
