info|2024-03-14 20:33:29.984254|[SDK][WS][SERVICE],[NEWOBJ][WsService]=0000021BD24238A0
info|2024-03-14 20:33:29.984254|[RPCWS][SERVICE]init the local protocol,minVersion=1,maxVersion=1,module=2
info|2024-03-14 20:33:29.984254|[startThread]start the timer thread
info|2024-03-14 20:33:29.984254|[startThread]the timer thread start,threadName=timerFactory
info|2024-03-14 20:33:29.986757|[DEFAULT][WS][INITIALIZER][initWsService]start websocket service as client,connected endpoints size=1
info|2024-03-14 20:33:29.986757|[DEFAULT][WS][INITIALIZER][initWsService]initializer for websocket service,listenIP=,listenPort=0,disableSsl=false,server=false,client=true,threadPoolSize=12,maxMsgSize=33554432,msgTimeOut=-1,connected peers=1
info|2024-03-14 20:33:29.986757|[buildJsonRpc]build json rpc,sendRequestToHighestBlockNode=true
info|2024-03-14 20:33:29.986757|[bcos_sdk_create][NEWOBJ],sdk=0000021BD22F0F50,version=FISCO BCOS C SDK Version : 3.4.0
Build Time         : 20230612 08:01:53
Build Type         : Windows/unknown/Release
Git Branch         : HEAD
Git Commit         : 8829d018c34fe8f5c8db7422aa44144d0e2b6cf8
,peers_count=1,disable_ssl=0,message_timeout_ms=-1,reconnect_period_ms=20000,heartbeat_period_ms=20000,send_rpc_request_to_highest_block_node=1
info|2024-03-14 20:33:30.569116|[DEFAULT][WS][CONNECTOR][connectToWsServer]async_connect success,endpoint=10.21.32.192:20200
info|2024-03-14 20:33:30.569116|[DEFAULT][WS][STREAM],[NEWOBJ][WsStream]=0000021BD1D56D80
info|2024-03-14 20:33:30.584650|[DEFAULT][BOOSTSSL][NODEINFO][NEW]SSLContext pubHex: 3082010a0282010100d62f5d0f383e2bb3a8444b58b0f0487cebaf6380048261442fb09169c29bd199f35a18ea7bca1b55969d73155b37c7949109dce129bd7ff4701356d3d89ab041fa109eb1bfa80fda18c4f49a1cb01c65aecc9bd7cb0708ecf299fd30751d122089a6dd77429ed9f2fb0205c99293ad43c0a367d71c937574efba25ce91eb149a785a3030c5cfdced543921ad0100bb6f3784d5889d329e420b473d049c8c86d278a49f764d07a97154cb35ac52c47c9c9c4352397863b2f7d222f7bb43df5717308bb4e1fc45175efa32002b2e6178903f312a90ab1c3849bdc1db68466e26b50685490b4092b16793f099f841eedfdbc5445c1d2990d039dc0621e42a2654650203010001
warning|2024-03-14 20:33:30.584650|[DEFAULT][BOOSTSSL][NODEINFO]Get ca basic failed
info|2024-03-14 20:33:30.584650|[DEFAULT][BOOSTSSL][NODEINFO][NEW]SSLContext pubHex: 3082010a0282010100d3db6eb1c285ddcf25ab4adceaa0fc145546f98eb23921a1a1bf80ad526b9f85c4536da970ef687603ce712ef78c109741d53123df3e9d0089396188af93b0d736cc2805b974d81cbba6ce5261526f3a6f098f8333bce2643d3c79786d36148fb05ebb1ef0d62ec7ea2b5e4c69a1493f2874c9b6a8d2eb05fafcae2a75ea6fde46c6abefcd9286b367f4976907868e8a9e24e36fab68191c17bafdb77e3af4dfed29589941965d50ee8247974c48a6e06f87bb01690985174096c34369c8be87180754103d2d727f1db88f10dc7cdc8a66452fb0e9799dd21092da65e9f68ef11afd5c63f0dde493233f3327509d9cc04b4152d233516b10386441b5ae770fa30203010001
info|2024-03-14 20:33:30.593492|[DEFAULT][WS][CONNECTOR][connectToWsServer]ssl async_handshake success,host=10.21.32.192,port=20200
info|2024-03-14 20:33:30.594492|[DEFAULT][WS][CONNECTOR][connectToWsServer]websocket handshake successfully,host=10.21.32.192,port=20200
info|2024-03-14 20:33:30.594492|[SDK][WS][SESSION],[NEWOBJ][WSSESSION]=0000021BD2302E30
info|2024-03-14 20:33:30.594492|[SDK][WS][SERVICE][newSession]start the session,endPoint=10.21.32.192:20200
info|2024-03-14 20:33:30.594492|[SDK][WS][SERVICE][addSession]map the session,endPoint=10.21.32.192:20200,result=true
info|2024-03-14 20:33:30.594492|[SDK][WS][SERVICE][onConnect],endpoint=10.21.32.192:20200,refCount=6
info|2024-03-14 20:33:30.594492|[RPCWS][SERVICE][startHandshake],endpoint=10.21.32.192:20200
info|2024-03-14 20:33:30.594492|[SDK][WS][SERVICE][start]start websocket service successfully,model=1,max msg size=33554432
info|2024-03-14 20:33:30.594492|[SDK][WS][SESSION][startAsClient]websocket handshake successfully,endPoint=10.21.32.192:20200,session=0000021BD2302E30
info|2024-03-14 20:33:30.597090|[RPCWS][SERVICE][fromJson] new group info,groupInfo=,group=group0,chain=chain0,nodeSize=1
info|2024-03-14 20:33:30.597090|[RPCWS][SERVICE][fromJson]parser protocol version,protocolVersion=1,groupInfoList size=1,groupBlockNumber size=1
info|2024-03-14 20:33:30.597090|[RPCWS][SERVICE][updateGroupInfoByEp],endPoint=10.21.32.192:20200,group=group0,chainID=chain0,genesisConfig={"blockTxCountLimit":1000,"consensusLeaderPeriod":1,"consensusType":"pbft","sealerList":[{"nodeID":"70483ec6dbcad6ad7226cb77a208f51a97986ad5a8195492f726e8707604076487450244be6158375d20fb575d0cb62a214a227e81e7f40191c217014cc4ec38","weight":1},{"nodeID":"d29f77478637b5d19d56d5e5a1f2bf8ba373692298cd062e7c1fcdb51de5830fb1b7453d07f1068ab6ba64c40b65c7461d75b41c641e71c64df71fd5f03bd257","weight":1}],"txGasLimit":3000000000}
,iniConfig=,nodesNum=1
info|2024-03-14 20:33:30.597090|[RPCWS][SERVICE][updateGroupInfo],endPoint=10.21.32.192:20200,group=group0,chainID=chain0,nodesNum=1
info|2024-03-14 20:33:30.597090|[RPCWS][SERVICE][clearGroupInfoByEp],endPoint=10.21.32.192:20200,group=group0
info|2024-03-14 20:33:30.597090|[RPCWS][SERVICE][printGroupInfo],total count=1
info|2024-03-14 20:33:30.597090|[RPCWS][SERVICE][printGroupInfo]group list,group=group0,count=1
info|2024-03-14 20:33:30.597090|[RPCWS][SERVICE][printGroupInfo]node list,group=group0,node=70483ec6dbcad6ad7226cb77a208f51a97986ad5a8195492f726e8707604076487450244be6158375d20fb575d0cb62a214a227e81e7f40191c217014cc4ec38,count=1
info|2024-03-14 20:33:30.597090|[RPCWS][SERVICE][updateGroupBlockNumber],groupID=group0,_blockNumber=393
info|2024-03-14 20:33:30.597090|[AMOP][CLIENT][updateTopicsToRemote]send subscribe message to server,endpoint=10.21.32.192:20200,topics={"topics":[]}
info|2024-03-14 20:33:30.597090|[RPCWS][SERVICE][startHandshake]handshake successfully,endPoint=10.21.32.192:20200,handshake version=1,groupInfoList size=1,groupBlockNumber size=1,handshake string={"groupBlockNumber":[{"group0":393}],"groupInfoList":[{"chainID":"chain0","genesisConfig":"{\"blockTxCountLimit\":1000,\"consensusLeaderPeriod\":1,\"consensusType\":\"pbft\",\"sealerList\":[{\"nodeID\":\"70483ec6dbcad6ad7226cb77a208f51a97986ad5a8195492f726e8707604076487450244be6158375d20fb575d0cb62a214a227e81e7f40191c217014cc4ec38\",\"weight\":1},{\"nodeID\":\"d29f77478637b5d19d56d5e5a1f2bf8ba373692298cd062e7c1fcdb51de5830fb1b7453d07f1068ab6ba64c40b65c7461d75b41c641e71c64df71fd5f03bd257\",\"weight\":1}],\"txGasLimit\":3000000000}\n","groupID":"group0","iniConfig":"","nodeList":[{"iniConfig":"{\"binaryInfo\":{\"buildTime\":\"20230616 16:54:30\",\"gitCommitHash\":\"e7fb7bb46343ebb563dfc937a2fb68e07e463c10\",\"platform\":\"Linux/g++\",\"version\":\"3.4.0\"},\"chainID\":\"chain0\",\"gatewayServiceName\":\"\",\"groupID\":\"group0\",\"isAuthCheck\":false,\"isSerialExecute\":true,\"isWasm\":false,\"nodeID\":\"70483ec6dbcad6ad7226cb77a208f51a97986ad5a8195492f726e8707604076487450244be6158375d20fb575d0cb62a214a227e81e7f40191c217014cc4ec38\",\"nodeName\":\"70483ec6dbcad6ad7226cb77a208f51a97986ad5a8195492f726e8707604076487450244be6158375d20fb575d0cb62a214a227e81e7f40191c217014cc4ec38\",\"rpcServiceName\":\"\",\"smCryptoType\":false}\n","microService":false,"name":"70483ec6dbcad6ad7226cb77a208f51a97986ad5a8195492f726e8707604076487450244be6158375d20fb575d0cb62a214a227e81e7f40191c217014cc4ec38","nodeID":"70483ec6dbcad6ad7226cb77a208f51a97986ad5a8195492f726e8707604076487450244be6158375d20fb575d0cb62a214a227e81e7f40191c217014cc4ec38","protocol":{"compatibilityVersion":50593792,"maxSupportedVersion":1,"minSupportedVersion":0},"serviceInfo":[{"serviceName":"LedgerServiceObj","type":2},{"serviceName":"SchedulerServiceObj","type":3},{"serviceName":"FrontServiceObj","type":4},{"serviceName":"","type":6},{"serviceName":"","type":7},{"serviceName":"TxPoolServiceObj","type":8}],"type":0}]}],"protocolVersion":1}
info|2024-03-14 20:33:30.708665|[RPCWS][SERVICE][waitForConnectionEstablish]wait for websocket connection handshake success,suc count=1
info|2024-03-14 20:33:30.708665|[RPC][IMPL][start]start rpc
info|2024-03-14 20:33:30.708665|[SDK][WS][SERVICE][start]websocket service is running
info|2024-03-14 20:33:30.818832|[RPCWS][SERVICE][waitForConnectionEstablish]wait for websocket connection handshake success,suc count=1
info|2024-03-14 20:33:30.818832|[AMOP][CLIENT][start]start amop
info|2024-03-14 20:33:30.818832|[SDK][WS][SERVICE][start]websocket service is running
info|2024-03-14 20:33:30.926574|[RPCWS][SERVICE][waitForConnectionEstablish]wait for websocket connection handshake success,suc count=1
info|2024-03-14 20:33:30.926574|[EVENT][SUB][start]start event sub successfully,sendMsgTimeout=-1,reconnectPeriod=20000
info|2024-03-14 20:33:30.926574|[SDK][WS][SERVICE][start]websocket service is running
info|2024-03-14 20:33:31.034782|[RPCWS][SERVICE][waitForConnectionEstablish]wait for websocket connection handshake success,suc count=1
info|2024-03-14 20:33:31.038302|[RPC][IMPL][getGroupInfo][get group info from cache],hitCache=true,response={"id":1,"jsonrpc":"2.0","result":{"chainID":"chain0","genesisConfig":"{\"blockTxCountLimit\":1000,\"consensusLeaderPeriod\":1,\"consensusType\":\"pbft\",\"sealerList\":[{\"nodeID\":\"70483ec6dbcad6ad7226cb77a208f51a97986ad5a8195492f726e8707604076487450244be6158375d20fb575d0cb62a214a227e81e7f40191c217014cc4ec38\",\"weight\":1},{\"nodeID\":\"d29f77478637b5d19d56d5e5a1f2bf8ba373692298cd062e7c1fcdb51de5830fb1b7453d07f1068ab6ba64c40b65c7461d75b41c641e71c64df71fd5f03bd257\",\"weight\":1}],\"txGasLimit\":3000000000}\n","groupID":"group0","iniConfig":"","nodeList":[{"iniConfig":"{\"binaryInfo\":{\"buildTime\":\"20230616 16:54:30\",\"gitCommitHash\":\"e7fb7bb46343ebb563dfc937a2fb68e07e463c10\",\"platform\":\"Linux/g++\",\"version\":\"3.4.0\"},\"chainID\":\"chain0\",\"gatewayServiceName\":\"\",\"groupID\":\"group0\",\"isAuthCheck\":false,\"isSerialExecute\":true,\"isWasm\":false,\"nodeID\":\"70483ec6dbcad6ad7226cb77a208f51a97986ad5a8195492f726e8707604076487450244be6158375d20fb575d0cb62a214a227e81e7f40191c217014cc4ec38\",\"nodeName\":\"70483ec6dbcad6ad7226cb77a208f51a97986ad5a8195492f726e8707604076487450244be6158375d20fb575d0cb62a214a227e81e7f40191c217014cc4ec38\",\"rpcServiceName\":\"\",\"smCryptoType\":false}\n","name":"70483ec6dbcad6ad7226cb77a208f51a97986ad5a8195492f726e8707604076487450244be6158375d20fb575d0cb62a214a227e81e7f40191c217014cc4ec38","protocol":{"compatibilityVersion":50593792,"maxSupportedVersion":1,"minSupportedVersion":0},"serviceInfo":[{"serviceName":"LedgerServiceObj","type":2},{"serviceName":"SchedulerServiceObj","type":3},{"serviceName":"FrontServiceObj","type":4},{"serviceName":"","type":6},{"serviceName":"","type":7},{"serviceName":"TxPoolServiceObj","type":8}],"type":0}],"smCryptoType":false,"wasm":false}}
info|2024-03-14 20:33:31.263002|[SDK][WS][SERVICE][start]websocket service is running
info|2024-03-14 20:33:31.377016|[RPCWS][SERVICE][waitForConnectionEstablish]wait for websocket connection handshake success,suc count=1
info|2024-03-14 20:33:31.377016|[RPC][IMPL][start]start rpc
info|2024-03-14 20:33:31.377016|[SDK][WS][SERVICE][start]websocket service is running
info|2024-03-14 20:33:31.486699|[RPCWS][SERVICE][waitForConnectionEstablish]wait for websocket connection handshake success,suc count=1
info|2024-03-14 20:33:31.486699|[AMOP][CLIENT][start]start amop
info|2024-03-14 20:33:31.486699|[EVENT][SUB][start]event sub is running
info|2024-03-14 20:33:31.486699|[SDK][WS][SERVICE][start]websocket service is running
info|2024-03-14 20:33:31.594626|[RPCWS][SERVICE][waitForConnectionEstablish]wait for websocket connection handshake success,suc count=1
info|2024-03-14 20:33:31.601164|[EVENT][PARAMS][fromJsonString],jsonString={"fromBlock":-1,"toBlock":-1,"addresses":[],"topics":[["LogCreateActivity(uint256,address, DataStructs.Activity,uint256)"],null,null,null]},params={fromBlock: -1toBlock: -1addresses: topics: index: 0LogCreateActivity(uint256,address, DataStructs.Activity,uint256) 0,}
info|2024-03-14 20:33:31.601164|[EVENT][SUB][subscribeEvent]subscribe event,id=d0a90b8f8e1f4ad5b60bed9bfd175900,group=group0,request={"group":"group0","id":"d0a90b8f8e1f4ad5b60bed9bfd175900","params":{"addresses":[],"fromBlock":-1,"toBlock":-1,"topics":[["LogCreateActivity(uint256,address, DataStructs.Activity,uint256)"]]}}
info|2024-03-14 20:33:31.607692|[EVENT][SUB][subscribeEvent]callback response success,id=d0a90b8f8e1f4ad5b60bed9bfd175900,response={"id":"d0a90b8f8e1f4ad5b60bed9bfd175900","status":0}
info|2024-03-14 20:33:50.930223|[EVENT][SUB][doLoop]event sub tasks report,working event sub count=1,suspend event sub count=0
info|2024-03-14 20:34:10.603834|[SDK][WS][STAT]connected nodes,count=1
info|2024-03-14 20:34:10.930222|[EVENT][SUB][doLoop]event sub tasks report,working event sub count=1,suspend event sub count=0
info|2024-03-14 20:34:30.608052|[SDK][WS][STAT]connected nodes,count=1
info|2024-03-14 20:34:30.935152|[EVENT][SUB][doLoop]event sub tasks report,working event sub count=1,suspend event sub count=0
info|2024-03-14 20:34:50.611962|[SDK][WS][STAT]connected nodes,count=1
info|2024-03-14 20:34:50.939112|[EVENT][SUB][doLoop]event sub tasks report,working event sub count=1,suspend event sub count=0
info|2024-03-14 20:35:10.626782|[SDK][WS][STAT]connected nodes,count=1
info|2024-03-14 20:35:10.953013|[EVENT][SUB][doLoop]event sub tasks report,working event sub count=1,suspend event sub count=0
info|2024-03-14 20:35:30.628039|[SDK][WS][STAT]connected nodes,count=1
info|2024-03-14 20:35:30.953155|[EVENT][SUB][doLoop]event sub tasks report,working event sub count=1,suspend event sub count=0
info|2024-03-14 20:35:50.639523|[SDK][WS][STAT]connected nodes,count=1
info|2024-03-14 20:35:50.963748|[EVENT][SUB][doLoop]event sub tasks report,working event sub count=1,suspend event sub count=0
info|2024-03-14 20:36:10.640877|[SDK][WS][STAT]connected nodes,count=1
info|2024-03-14 20:36:10.966738|[EVENT][SUB][doLoop]event sub tasks report,working event sub count=1,suspend event sub count=0
info|2024-03-14 20:36:30.648619|[SDK][WS][STAT]connected nodes,count=1
info|2024-03-14 20:36:30.976058|[EVENT][SUB][doLoop]event sub tasks report,working event sub count=1,suspend event sub count=0
info|2024-03-14 20:36:50.655629|[SDK][WS][STAT]connected nodes,count=1
info|2024-03-14 20:36:50.981858|[EVENT][SUB][doLoop]event sub tasks report,working event sub count=1,suspend event sub count=0
info|2024-03-14 20:37:10.664457|[SDK][WS][STAT]connected nodes,count=1
info|2024-03-14 20:37:10.988377|[EVENT][SUB][doLoop]event sub tasks report,working event sub count=1,suspend event sub count=0
info|2024-03-14 20:37:30.677170|[SDK][WS][STAT]connected nodes,count=1
info|2024-03-14 20:37:31.000844|[EVENT][SUB][doLoop]event sub tasks report,working event sub count=1,suspend event sub count=0
info|2024-03-14 20:37:50.682936|[SDK][WS][STAT]connected nodes,count=1
info|2024-03-14 20:37:51.007719|[EVENT][SUB][doLoop]event sub tasks report,working event sub count=1,suspend event sub count=0
info|2024-03-14 20:38:10.696237|[SDK][WS][STAT]connected nodes,count=1
info|2024-03-14 20:38:11.018097|[EVENT][SUB][doLoop]event sub tasks report,working event sub count=1,suspend event sub count=0
info|2024-03-14 20:38:30.701165|[SDK][WS][STAT]connected nodes,count=1
info|2024-03-14 20:38:31.024865|[EVENT][SUB][doLoop]event sub tasks report,working event sub count=1,suspend event sub count=0
info|2024-03-14 20:38:50.714247|[SDK][WS][STAT]connected nodes,count=1
info|2024-03-14 20:38:51.038888|[EVENT][SUB][doLoop]event sub tasks report,working event sub count=1,suspend event sub count=0
info|2024-03-14 20:39:10.724771|[SDK][WS][STAT]connected nodes,count=1
info|2024-03-14 20:39:11.050552|[EVENT][SUB][doLoop]event sub tasks report,working event sub count=1,suspend event sub count=0
info|2024-03-14 20:39:30.734241|[SDK][WS][STAT]connected nodes,count=1
info|2024-03-14 20:39:31.055673|[EVENT][SUB][doLoop]event sub tasks report,working event sub count=1,suspend event sub count=0
info|2024-03-14 20:39:50.739065|[SDK][WS][STAT]connected nodes,count=1
info|2024-03-14 20:39:51.057233|[EVENT][SUB][doLoop]event sub tasks report,working event sub count=1,suspend event sub count=0
info|2024-03-14 20:40:10.740072|[SDK][WS][STAT]connected nodes,count=1
info|2024-03-14 20:40:11.071763|[EVENT][SUB][doLoop]event sub tasks report,working event sub count=1,suspend event sub count=0
info|2024-03-14 20:40:30.753876|[SDK][WS][STAT]connected nodes,count=1
info|2024-03-14 20:40:31.072406|[EVENT][SUB][doLoop]event sub tasks report,working event sub count=1,suspend event sub count=0
info|2024-03-14 20:40:50.756359|[SDK][WS][STAT]connected nodes,count=1
info|2024-03-14 20:40:51.087161|[EVENT][SUB][doLoop]event sub tasks report,working event sub count=1,suspend event sub count=0
info|2024-03-14 20:41:10.761660|[SDK][WS][STAT]connected nodes,count=1
info|2024-03-14 20:41:11.093254|[EVENT][SUB][doLoop]event sub tasks report,working event sub count=1,suspend event sub count=0
info|2024-03-14 20:41:30.768400|[SDK][WS][STAT]connected nodes,count=1
info|2024-03-14 20:41:31.101931|[EVENT][SUB][doLoop]event sub tasks report,working event sub count=1,suspend event sub count=0
info|2024-03-14 20:41:50.772936|[SDK][WS][STAT]connected nodes,count=1
info|2024-03-14 20:41:51.106119|[EVENT][SUB][doLoop]event sub tasks report,working event sub count=1,suspend event sub count=0
info|2024-03-14 20:42:10.773062|[SDK][WS][STAT]connected nodes,count=1
info|2024-03-14 20:42:11.106253|[EVENT][SUB][doLoop]event sub tasks report,working event sub count=1,suspend event sub count=0
info|2024-03-14 20:42:30.773843|[SDK][WS][STAT]connected nodes,count=1
info|2024-03-14 20:42:31.107355|[EVENT][SUB][doLoop]event sub tasks report,working event sub count=1,suspend event sub count=0
info|2024-03-14 20:42:50.786401|[SDK][WS][STAT]connected nodes,count=1
info|2024-03-14 20:42:51.109529|[EVENT][SUB][doLoop]event sub tasks report,working event sub count=1,suspend event sub count=0
info|2024-03-14 20:43:10.790250|[SDK][WS][STAT]connected nodes,count=1
info|2024-03-14 20:43:11.115669|[EVENT][SUB][doLoop]event sub tasks report,working event sub count=1,suspend event sub count=0
info|2024-03-14 20:43:30.798455|[SDK][WS][STAT]connected nodes,count=1
info|2024-03-14 20:43:31.118293|[EVENT][SUB][doLoop]event sub tasks report,working event sub count=1,suspend event sub count=0
info|2024-03-14 20:43:50.805054|[SDK][WS][STAT]connected nodes,count=1
info|2024-03-14 20:43:51.122473|[EVENT][SUB][doLoop]event sub tasks report,working event sub count=1,suspend event sub count=0
info|2024-03-14 20:44:10.812462|[SDK][WS][STAT]connected nodes,count=1
info|2024-03-14 20:44:11.122801|[EVENT][SUB][doLoop]event sub tasks report,working event sub count=1,suspend event sub count=0
info|2024-03-14 20:44:30.820067|[SDK][WS][STAT]connected nodes,count=1
info|2024-03-14 20:44:31.125567|[EVENT][SUB][doLoop]event sub tasks report,working event sub count=1,suspend event sub count=0
info|2024-03-14 20:44:50.820523|[SDK][WS][STAT]connected nodes,count=1
info|2024-03-14 20:44:51.130260|[EVENT][SUB][doLoop]event sub tasks report,working event sub count=1,suspend event sub count=0
info|2024-03-14 20:45:10.821612|[SDK][WS][STAT]connected nodes,count=1
info|2024-03-14 20:45:11.130571|[EVENT][SUB][doLoop]event sub tasks report,working event sub count=1,suspend event sub count=0
info|2024-03-14 20:45:30.832326|[SDK][WS][STAT]connected nodes,count=1
info|2024-03-14 20:45:31.139485|[EVENT][SUB][doLoop]event sub tasks report,working event sub count=1,suspend event sub count=0
info|2024-03-14 20:45:50.841644|[SDK][WS][STAT]connected nodes,count=1
info|2024-03-14 20:45:51.148525|[EVENT][SUB][doLoop]event sub tasks report,working event sub count=1,suspend event sub count=0
info|2024-03-14 20:46:10.845418|[SDK][WS][STAT]connected nodes,count=1
info|2024-03-14 20:46:11.152068|[EVENT][SUB][doLoop]event sub tasks report,working event sub count=1,suspend event sub count=0
info|2024-03-14 20:46:30.854632|[SDK][WS][STAT]connected nodes,count=1
info|2024-03-14 20:46:31.167548|[EVENT][SUB][doLoop]event sub tasks report,working event sub count=1,suspend event sub count=0
info|2024-03-14 20:46:50.864901|[SDK][WS][STAT]connected nodes,count=1
info|2024-03-14 20:46:51.177337|[EVENT][SUB][doLoop]event sub tasks report,working event sub count=1,suspend event sub count=0
info|2024-03-14 20:47:10.871365|[SDK][WS][STAT]connected nodes,count=1
info|2024-03-14 20:47:11.181503|[EVENT][SUB][doLoop]event sub tasks report,working event sub count=1,suspend event sub count=0
info|2024-03-14 20:47:30.877325|[SDK][WS][STAT]connected nodes,count=1
info|2024-03-14 20:47:31.186692|[EVENT][SUB][doLoop]event sub tasks report,working event sub count=1,suspend event sub count=0
info|2024-03-14 20:47:50.883272|[SDK][WS][STAT]connected nodes,count=1
info|2024-03-14 20:47:51.193712|[EVENT][SUB][doLoop]event sub tasks report,working event sub count=1,suspend event sub count=0
info|2024-03-14 20:48:10.890595|[SDK][WS][STAT]connected nodes,count=1
info|2024-03-14 20:48:11.200407|[EVENT][SUB][doLoop]event sub tasks report,working event sub count=1,suspend event sub count=0
info|2024-03-14 20:48:30.901388|[SDK][WS][STAT]connected nodes,count=1
info|2024-03-14 20:48:31.212419|[EVENT][SUB][doLoop]event sub tasks report,working event sub count=1,suspend event sub count=0
info|2024-03-14 20:48:50.907521|[SDK][WS][STAT]connected nodes,count=1
info|2024-03-14 20:48:51.216220|[EVENT][SUB][doLoop]event sub tasks report,working event sub count=1,suspend event sub count=0
info|2024-03-14 20:49:10.920780|[SDK][WS][STAT]connected nodes,count=1
info|2024-03-14 20:49:11.229781|[EVENT][SUB][doLoop]event sub tasks report,working event sub count=1,suspend event sub count=0
info|2024-03-14 20:49:30.927465|[SDK][WS][STAT]connected nodes,count=1
info|2024-03-14 20:49:31.235294|[EVENT][SUB][doLoop]event sub tasks report,working event sub count=1,suspend event sub count=0
info|2024-03-14 20:49:50.931507|[SDK][WS][STAT]connected nodes,count=1
info|2024-03-14 20:49:51.239798|[EVENT][SUB][doLoop]event sub tasks report,working event sub count=1,suspend event sub count=0
info|2024-03-14 20:50:04.388742|[RPC][BLOCK][NUMBER][fromJson],group=group0,node=70483ec6dbcad6ad7226cb77a208f51a97986ad5a8195492f726e8707604076487450244be6158375d20fb575d0cb62a214a227e81e7f40191c217014cc4ec38,blockNumber=394
info|2024-03-14 20:50:04.389756|[RPCWS][SERVICE][onRecvBlockNotifier]receive block number notifier,group=group0,node=70483ec6dbcad6ad7226cb77a208f51a97986ad5a8195492f726e8707604076487450244be6158375d20fb575d0cb62a214a227e81e7f40191c217014cc4ec38,blockNumber=394
info|2024-03-14 20:50:04.389756|[RPCWS][SERVICE][updateGroupBlockNumber],groupID=group0,_blockNumber=394
info|2024-03-14 20:50:04.389756|[RPCWS][SERVICE][onRecvBlockNotifier]block notifier callback,group=group0,node=70483ec6dbcad6ad7226cb77a208f51a97986ad5a8195492f726e8707604076487450244be6158375d20fb575d0cb62a214a227e81e7f40191c217014cc4ec38,blockNumber=394
info|2024-03-14 20:50:04.389756|[WS]receive block notify,endpoint=10.21.32.192:20200,blk={
	"blockNumber" : 394,
	"group" : "group0",
	"nodeName" : "70483ec6dbcad6ad7226cb77a208f51a97986ad5a8195492f726e8707604076487450244be6158375d20fb575d0cb62a214a227e81e7f40191c217014cc4ec38"
}
info|2024-03-14 20:50:10.941825|[SDK][WS][STAT]connected nodes,count=1
info|2024-03-14 20:50:11.254652|[EVENT][SUB][doLoop]event sub tasks report,working event sub count=1,suspend event sub count=0
info|2024-03-14 20:50:30.954056|[SDK][WS][STAT]connected nodes,count=1
info|2024-03-14 20:50:31.266970|[EVENT][SUB][doLoop]event sub tasks report,working event sub count=1,suspend event sub count=0
info|2024-03-14 20:50:50.963222|[SDK][WS][STAT]connected nodes,count=1
info|2024-03-14 20:50:51.272315|[EVENT][SUB][doLoop]event sub tasks report,working event sub count=1,suspend event sub count=0
info|2024-03-14 20:51:10.973728|[SDK][WS][STAT]connected nodes,count=1
info|2024-03-14 20:51:11.282881|[EVENT][SUB][doLoop]event sub tasks report,working event sub count=1,suspend event sub count=0
info|2024-03-14 20:51:17.217021|[RPC][BLOCK][NUMBER][fromJson],group=group0,node=70483ec6dbcad6ad7226cb77a208f51a97986ad5a8195492f726e8707604076487450244be6158375d20fb575d0cb62a214a227e81e7f40191c217014cc4ec38,blockNumber=395
info|2024-03-14 20:51:17.217021|[RPCWS][SERVICE][onRecvBlockNotifier]receive block number notifier,group=group0,node=70483ec6dbcad6ad7226cb77a208f51a97986ad5a8195492f726e8707604076487450244be6158375d20fb575d0cb62a214a227e81e7f40191c217014cc4ec38,blockNumber=395
info|2024-03-14 20:51:17.217021|[RPCWS][SERVICE][updateGroupBlockNumber],groupID=group0,_blockNumber=395
info|2024-03-14 20:51:17.217021|[RPCWS][SERVICE][onRecvBlockNotifier]block notifier callback,group=group0,node=70483ec6dbcad6ad7226cb77a208f51a97986ad5a8195492f726e8707604076487450244be6158375d20fb575d0cb62a214a227e81e7f40191c217014cc4ec38,blockNumber=395
info|2024-03-14 20:51:17.218012|[WS]receive block notify,endpoint=10.21.32.192:20200,blk={
	"blockNumber" : 395,
	"group" : "group0",
	"nodeName" : "70483ec6dbcad6ad7226cb77a208f51a97986ad5a8195492f726e8707604076487450244be6158375d20fb575d0cb62a214a227e81e7f40191c217014cc4ec38"
}
info|2024-03-14 20:51:17.729532|[RPC][BLOCK][NUMBER][fromJson],group=group0,node=70483ec6dbcad6ad7226cb77a208f51a97986ad5a8195492f726e8707604076487450244be6158375d20fb575d0cb62a214a227e81e7f40191c217014cc4ec38,blockNumber=396
info|2024-03-14 20:51:17.729532|[RPCWS][SERVICE][onRecvBlockNotifier]receive block number notifier,group=group0,node=70483ec6dbcad6ad7226cb77a208f51a97986ad5a8195492f726e8707604076487450244be6158375d20fb575d0cb62a214a227e81e7f40191c217014cc4ec38,blockNumber=396
info|2024-03-14 20:51:17.729532|[RPCWS][SERVICE][updateGroupBlockNumber],groupID=group0,_blockNumber=396
info|2024-03-14 20:51:17.729532|[RPCWS][SERVICE][onRecvBlockNotifier]block notifier callback,group=group0,node=70483ec6dbcad6ad7226cb77a208f51a97986ad5a8195492f726e8707604076487450244be6158375d20fb575d0cb62a214a227e81e7f40191c217014cc4ec38,blockNumber=396
info|2024-03-14 20:51:17.729532|[WS]receive block notify,endpoint=10.21.32.192:20200,blk={
	"blockNumber" : 396,
	"group" : "group0",
	"nodeName" : "70483ec6dbcad6ad7226cb77a208f51a97986ad5a8195492f726e8707604076487450244be6158375d20fb575d0cb62a214a227e81e7f40191c217014cc4ec38"
}
info|2024-03-14 20:51:18.271924|[RPC][BLOCK][NUMBER][fromJson],group=group0,node=70483ec6dbcad6ad7226cb77a208f51a97986ad5a8195492f726e8707604076487450244be6158375d20fb575d0cb62a214a227e81e7f40191c217014cc4ec38,blockNumber=397
info|2024-03-14 20:51:18.271924|[RPCWS][SERVICE][onRecvBlockNotifier]receive block number notifier,group=group0,node=70483ec6dbcad6ad7226cb77a208f51a97986ad5a8195492f726e8707604076487450244be6158375d20fb575d0cb62a214a227e81e7f40191c217014cc4ec38,blockNumber=397
info|2024-03-14 20:51:18.271924|[RPCWS][SERVICE][updateGroupBlockNumber],groupID=group0,_blockNumber=397
info|2024-03-14 20:51:18.271924|[RPCWS][SERVICE][onRecvBlockNotifier]block notifier callback,group=group0,node=70483ec6dbcad6ad7226cb77a208f51a97986ad5a8195492f726e8707604076487450244be6158375d20fb575d0cb62a214a227e81e7f40191c217014cc4ec38,blockNumber=397
info|2024-03-14 20:51:18.271924|[WS]receive block notify,endpoint=10.21.32.192:20200,blk={
	"blockNumber" : 397,
	"group" : "group0",
	"nodeName" : "70483ec6dbcad6ad7226cb77a208f51a97986ad5a8195492f726e8707604076487450244be6158375d20fb575d0cb62a214a227e81e7f40191c217014cc4ec38"
}
info|2024-03-14 20:51:30.981675|[SDK][WS][STAT]connected nodes,count=1
info|2024-03-14 20:51:31.291363|[EVENT][SUB][doLoop]event sub tasks report,working event sub count=1,suspend event sub count=0
info|2024-03-14 20:51:50.986846|[SDK][WS][STAT]connected nodes,count=1
info|2024-03-14 20:51:51.294729|[EVENT][SUB][doLoop]event sub tasks report,working event sub count=1,suspend event sub count=0
info|2024-03-14 20:52:10.987316|[SDK][WS][STAT]connected nodes,count=1
info|2024-03-14 20:52:11.295954|[EVENT][SUB][doLoop]event sub tasks report,working event sub count=1,suspend event sub count=0
info|2024-03-14 20:52:17.688447|[RPC][BLOCK][NUMBER][fromJson],group=group0,node=70483ec6dbcad6ad7226cb77a208f51a97986ad5a8195492f726e8707604076487450244be6158375d20fb575d0cb62a214a227e81e7f40191c217014cc4ec38,blockNumber=398
info|2024-03-14 20:52:17.688447|[RPCWS][SERVICE][onRecvBlockNotifier]receive block number notifier,group=group0,node=70483ec6dbcad6ad7226cb77a208f51a97986ad5a8195492f726e8707604076487450244be6158375d20fb575d0cb62a214a227e81e7f40191c217014cc4ec38,blockNumber=398
info|2024-03-14 20:52:17.688447|[RPCWS][SERVICE][updateGroupBlockNumber],groupID=group0,_blockNumber=398
info|2024-03-14 20:52:17.688447|[RPCWS][SERVICE][onRecvBlockNotifier]block notifier callback,group=group0,node=70483ec6dbcad6ad7226cb77a208f51a97986ad5a8195492f726e8707604076487450244be6158375d20fb575d0cb62a214a227e81e7f40191c217014cc4ec38,blockNumber=398
info|2024-03-14 20:52:17.688447|[WS]receive block notify,endpoint=10.21.32.192:20200,blk={
	"blockNumber" : 398,
	"group" : "group0",
	"nodeName" : "70483ec6dbcad6ad7226cb77a208f51a97986ad5a8195492f726e8707604076487450244be6158375d20fb575d0cb62a214a227e81e7f40191c217014cc4ec38"
}
info|2024-03-14 20:52:30.997587|[SDK][WS][STAT]connected nodes,count=1
info|2024-03-14 20:52:31.305892|[EVENT][SUB][doLoop]event sub tasks report,working event sub count=1,suspend event sub count=0
info|2024-03-14 20:52:47.982410|[RPC][BLOCK][NUMBER][fromJson],group=group0,node=70483ec6dbcad6ad7226cb77a208f51a97986ad5a8195492f726e8707604076487450244be6158375d20fb575d0cb62a214a227e81e7f40191c217014cc4ec38,blockNumber=399
info|2024-03-14 20:52:47.982410|[RPCWS][SERVICE][onRecvBlockNotifier]receive block number notifier,group=group0,node=70483ec6dbcad6ad7226cb77a208f51a97986ad5a8195492f726e8707604076487450244be6158375d20fb575d0cb62a214a227e81e7f40191c217014cc4ec38,blockNumber=399
info|2024-03-14 20:52:47.982410|[RPCWS][SERVICE][updateGroupBlockNumber],groupID=group0,_blockNumber=399
info|2024-03-14 20:52:47.982410|[RPCWS][SERVICE][onRecvBlockNotifier]block notifier callback,group=group0,node=70483ec6dbcad6ad7226cb77a208f51a97986ad5a8195492f726e8707604076487450244be6158375d20fb575d0cb62a214a227e81e7f40191c217014cc4ec38,blockNumber=399
info|2024-03-14 20:52:47.982410|[WS]receive block notify,endpoint=10.21.32.192:20200,blk={
	"blockNumber" : 399,
	"group" : "group0",
	"nodeName" : "70483ec6dbcad6ad7226cb77a208f51a97986ad5a8195492f726e8707604076487450244be6158375d20fb575d0cb62a214a227e81e7f40191c217014cc4ec38"
}
info|2024-03-14 20:52:48.489640|[RPC][BLOCK][NUMBER][fromJson],group=group0,node=70483ec6dbcad6ad7226cb77a208f51a97986ad5a8195492f726e8707604076487450244be6158375d20fb575d0cb62a214a227e81e7f40191c217014cc4ec38,blockNumber=400
info|2024-03-14 20:52:48.489640|[RPCWS][SERVICE][onRecvBlockNotifier]receive block number notifier,group=group0,node=70483ec6dbcad6ad7226cb77a208f51a97986ad5a8195492f726e8707604076487450244be6158375d20fb575d0cb62a214a227e81e7f40191c217014cc4ec38,blockNumber=400
info|2024-03-14 20:52:48.489640|[RPCWS][SERVICE][updateGroupBlockNumber],groupID=group0,_blockNumber=400
info|2024-03-14 20:52:48.489640|[RPCWS][SERVICE][onRecvBlockNotifier]block notifier callback,group=group0,node=70483ec6dbcad6ad7226cb77a208f51a97986ad5a8195492f726e8707604076487450244be6158375d20fb575d0cb62a214a227e81e7f40191c217014cc4ec38,blockNumber=400
info|2024-03-14 20:52:48.489640|[WS]receive block notify,endpoint=10.21.32.192:20200,blk={
	"blockNumber" : 400,
	"group" : "group0",
	"nodeName" : "70483ec6dbcad6ad7226cb77a208f51a97986ad5a8195492f726e8707604076487450244be6158375d20fb575d0cb62a214a227e81e7f40191c217014cc4ec38"
}
info|2024-03-14 20:52:49.034085|[RPC][BLOCK][NUMBER][fromJson],group=group0,node=70483ec6dbcad6ad7226cb77a208f51a97986ad5a8195492f726e8707604076487450244be6158375d20fb575d0cb62a214a227e81e7f40191c217014cc4ec38,blockNumber=401
info|2024-03-14 20:52:49.034085|[RPCWS][SERVICE][onRecvBlockNotifier]receive block number notifier,group=group0,node=70483ec6dbcad6ad7226cb77a208f51a97986ad5a8195492f726e8707604076487450244be6158375d20fb575d0cb62a214a227e81e7f40191c217014cc4ec38,blockNumber=401
info|2024-03-14 20:52:49.034085|[RPCWS][SERVICE][updateGroupBlockNumber],groupID=group0,_blockNumber=401
info|2024-03-14 20:52:49.034085|[RPCWS][SERVICE][onRecvBlockNotifier]block notifier callback,group=group0,node=70483ec6dbcad6ad7226cb77a208f51a97986ad5a8195492f726e8707604076487450244be6158375d20fb575d0cb62a214a227e81e7f40191c217014cc4ec38,blockNumber=401
info|2024-03-14 20:52:49.034085|[WS]receive block notify,endpoint=10.21.32.192:20200,blk={
	"blockNumber" : 401,
	"group" : "group0",
	"nodeName" : "70483ec6dbcad6ad7226cb77a208f51a97986ad5a8195492f726e8707604076487450244be6158375d20fb575d0cb62a214a227e81e7f40191c217014cc4ec38"
}
info|2024-03-14 20:52:51.011857|[SDK][WS][STAT]connected nodes,count=1
info|2024-03-14 20:52:51.305931|[EVENT][SUB][doLoop]event sub tasks report,working event sub count=1,suspend event sub count=0
info|2024-03-14 20:53:11.019604|[SDK][WS][STAT]connected nodes,count=1
info|2024-03-14 20:53:11.315844|[EVENT][SUB][doLoop]event sub tasks report,working event sub count=1,suspend event sub count=0
info|2024-03-14 20:53:31.031871|[SDK][WS][STAT]connected nodes,count=1
info|2024-03-14 20:53:31.322548|[EVENT][SUB][doLoop]event sub tasks report,working event sub count=1,suspend event sub count=0
info|2024-03-14 20:53:51.041925|[SDK][WS][STAT]connected nodes,count=1
info|2024-03-14 20:53:51.337027|[EVENT][SUB][doLoop]event sub tasks report,working event sub count=1,suspend event sub count=0
info|2024-03-14 20:54:11.051395|[SDK][WS][STAT]connected nodes,count=1
info|2024-03-14 20:54:11.337837|[EVENT][SUB][doLoop]event sub tasks report,working event sub count=1,suspend event sub count=0
info|2024-03-14 20:54:31.053504|[SDK][WS][STAT]connected nodes,count=1
info|2024-03-14 20:54:31.355136|[EVENT][SUB][doLoop]event sub tasks report,working event sub count=1,suspend event sub count=0
info|2024-03-14 20:54:51.055023|[SDK][WS][STAT]connected nodes,count=1
info|2024-03-14 20:54:51.366481|[EVENT][SUB][doLoop]event sub tasks report,working event sub count=1,suspend event sub count=0
