info|2024-03-12 20:16:18.622133|[SDK][WS][SERVICE],[NEWOBJ][WsService]=000001B5971F3EE0
info|2024-03-12 20:16:18.622133|[RPCWS][SERVICE]init the local protocol,minVersion=1,maxVersion=1,module=2
info|2024-03-12 20:16:18.622133|[startThread]start the timer thread
info|2024-03-12 20:16:18.622133|[startThread]the timer thread start,threadName=timerFactory
info|2024-03-12 20:16:18.624233|[DEFAULT][WS][INITIALIZER][initWsService]start websocket service as client,connected endpoints size=1
info|2024-03-12 20:16:18.625229|[DEFAULT][WS][INITIALIZER][initWsService]initializer for websocket service,listenIP=,listenPort=0,disableSsl=false,server=false,client=true,threadPoolSize=12,maxMsgSize=33554432,msgTimeOut=-1,connected peers=1
info|2024-03-12 20:16:18.625229|[buildJsonRpc]build json rpc,sendRequestToHighestBlockNode=true
info|2024-03-12 20:16:18.625229|[bcos_sdk_create][NEWOBJ],sdk=000001B5945EFD20,version=FISCO BCOS C SDK Version : 3.4.0
Build Time         : 20230612 08:01:53
Build Type         : Windows/unknown/Release
Git Branch         : HEAD
Git Commit         : 8829d018c34fe8f5c8db7422aa44144d0e2b6cf8
,peers_count=1,disable_ssl=0,message_timeout_ms=-1,reconnect_period_ms=20000,heartbeat_period_ms=20000,send_rpc_request_to_highest_block_node=1
info|2024-03-12 20:16:19.072782|[DEFAULT][WS][CONNECTOR][connectToWsServer]async_connect success,endpoint=10.21.32.192:20200
info|2024-03-12 20:16:19.072782|[DEFAULT][WS][STREAM],[NEWOBJ][WsStream]=000001B591C58540
info|2024-03-12 20:16:19.088370|[DEFAULT][BOOSTSSL][NODEINFO][NEW]SSLContext pubHex: 3082010a0282010100d62f5d0f383e2bb3a8444b58b0f0487cebaf6380048261442fb09169c29bd199f35a18ea7bca1b55969d73155b37c7949109dce129bd7ff4701356d3d89ab041fa109eb1bfa80fda18c4f49a1cb01c65aecc9bd7cb0708ecf299fd30751d122089a6dd77429ed9f2fb0205c99293ad43c0a367d71c937574efba25ce91eb149a785a3030c5cfdced543921ad0100bb6f3784d5889d329e420b473d049c8c86d278a49f764d07a97154cb35ac52c47c9c9c4352397863b2f7d222f7bb43df5717308bb4e1fc45175efa32002b2e6178903f312a90ab1c3849bdc1db68466e26b50685490b4092b16793f099f841eedfdbc5445c1d2990d039dc0621e42a2654650203010001
warning|2024-03-12 20:16:19.088370|[DEFAULT][BOOSTSSL][NODEINFO]Get ca basic failed
info|2024-03-12 20:16:19.088370|[DEFAULT][BOOSTSSL][NODEINFO][NEW]SSLContext pubHex: 3082010a0282010100d3db6eb1c285ddcf25ab4adceaa0fc145546f98eb23921a1a1bf80ad526b9f85c4536da970ef687603ce712ef78c109741d53123df3e9d0089396188af93b0d736cc2805b974d81cbba6ce5261526f3a6f098f8333bce2643d3c79786d36148fb05ebb1ef0d62ec7ea2b5e4c69a1493f2874c9b6a8d2eb05fafcae2a75ea6fde46c6abefcd9286b367f4976907868e8a9e24e36fab68191c17bafdb77e3af4dfed29589941965d50ee8247974c48a6e06f87bb01690985174096c34369c8be87180754103d2d727f1db88f10dc7cdc8a66452fb0e9799dd21092da65e9f68ef11afd5c63f0dde493233f3327509d9cc04b4152d233516b10386441b5ae770fa30203010001
info|2024-03-12 20:16:19.095856|[DEFAULT][WS][CONNECTOR][connectToWsServer]ssl async_handshake success,host=10.21.32.192,port=20200
info|2024-03-12 20:16:19.096856|[DEFAULT][WS][CONNECTOR][connectToWsServer]websocket handshake successfully,host=10.21.32.192,port=20200
info|2024-03-12 20:16:19.096856|[SDK][WS][SESSION],[NEWOBJ][WSSESSION]=000001B591DFBC00
info|2024-03-12 20:16:19.096856|[SDK][WS][SERVICE][newSession]start the session,endPoint=10.21.32.192:20200
info|2024-03-12 20:16:19.096856|[SDK][WS][SERVICE][addSession]map the session,endPoint=10.21.32.192:20200,result=true
info|2024-03-12 20:16:19.096856|[SDK][WS][SERVICE][onConnect],endpoint=10.21.32.192:20200,refCount=6
info|2024-03-12 20:16:19.096856|[RPCWS][SERVICE][startHandshake],endpoint=10.21.32.192:20200
info|2024-03-12 20:16:19.096856|[SDK][WS][SERVICE][start]start websocket service successfully,model=1,max msg size=33554432
info|2024-03-12 20:16:19.098361|[SDK][WS][SESSION][startAsClient]websocket handshake successfully,endPoint=10.21.32.192:20200,session=000001B591DFBC00
info|2024-03-12 20:16:19.100241|[RPCWS][SERVICE][fromJson] new group info,groupInfo=,group=group0,chain=chain0,nodeSize=1
info|2024-03-12 20:16:19.100241|[RPCWS][SERVICE][fromJson]parser protocol version,protocolVersion=1,groupInfoList size=1,groupBlockNumber size=1
info|2024-03-12 20:16:19.100241|[RPCWS][SERVICE][updateGroupInfoByEp],endPoint=10.21.32.192:20200,group=group0,chainID=chain0,genesisConfig={"blockTxCountLimit":1000,"consensusLeaderPeriod":1,"consensusType":"pbft","sealerList":[{"nodeID":"70483ec6dbcad6ad7226cb77a208f51a97986ad5a8195492f726e8707604076487450244be6158375d20fb575d0cb62a214a227e81e7f40191c217014cc4ec38","weight":1},{"nodeID":"d29f77478637b5d19d56d5e5a1f2bf8ba373692298cd062e7c1fcdb51de5830fb1b7453d07f1068ab6ba64c40b65c7461d75b41c641e71c64df71fd5f03bd257","weight":1}],"txGasLimit":3000000000}
,iniConfig=,nodesNum=1
info|2024-03-12 20:16:19.100241|[RPCWS][SERVICE][updateGroupInfo],endPoint=10.21.32.192:20200,group=group0,chainID=chain0,nodesNum=1
info|2024-03-12 20:16:19.100241|[RPCWS][SERVICE][clearGroupInfoByEp],endPoint=10.21.32.192:20200,group=group0
info|2024-03-12 20:16:19.100241|[RPCWS][SERVICE][printGroupInfo],total count=1
info|2024-03-12 20:16:19.100241|[RPCWS][SERVICE][printGroupInfo]group list,group=group0,count=1
info|2024-03-12 20:16:19.100241|[RPCWS][SERVICE][printGroupInfo]node list,group=group0,node=70483ec6dbcad6ad7226cb77a208f51a97986ad5a8195492f726e8707604076487450244be6158375d20fb575d0cb62a214a227e81e7f40191c217014cc4ec38,count=1
info|2024-03-12 20:16:19.100241|[RPCWS][SERVICE][updateGroupBlockNumber],groupID=group0,_blockNumber=356
info|2024-03-12 20:16:19.100241|[AMOP][CLIENT][updateTopicsToRemote]send subscribe message to server,endpoint=10.21.32.192:20200,topics={"topics":[]}
info|2024-03-12 20:16:19.100241|[RPCWS][SERVICE][startHandshake]handshake successfully,endPoint=10.21.32.192:20200,handshake version=1,groupInfoList size=1,groupBlockNumber size=1,handshake string={"groupBlockNumber":[{"group0":356}],"groupInfoList":[{"chainID":"chain0","genesisConfig":"{\"blockTxCountLimit\":1000,\"consensusLeaderPeriod\":1,\"consensusType\":\"pbft\",\"sealerList\":[{\"nodeID\":\"70483ec6dbcad6ad7226cb77a208f51a97986ad5a8195492f726e8707604076487450244be6158375d20fb575d0cb62a214a227e81e7f40191c217014cc4ec38\",\"weight\":1},{\"nodeID\":\"d29f77478637b5d19d56d5e5a1f2bf8ba373692298cd062e7c1fcdb51de5830fb1b7453d07f1068ab6ba64c40b65c7461d75b41c641e71c64df71fd5f03bd257\",\"weight\":1}],\"txGasLimit\":3000000000}\n","groupID":"group0","iniConfig":"","nodeList":[{"iniConfig":"{\"binaryInfo\":{\"buildTime\":\"20230616 16:54:30\",\"gitCommitHash\":\"e7fb7bb46343ebb563dfc937a2fb68e07e463c10\",\"platform\":\"Linux/g++\",\"version\":\"3.4.0\"},\"chainID\":\"chain0\",\"gatewayServiceName\":\"\",\"groupID\":\"group0\",\"isAuthCheck\":false,\"isSerialExecute\":true,\"isWasm\":false,\"nodeID\":\"70483ec6dbcad6ad7226cb77a208f51a97986ad5a8195492f726e8707604076487450244be6158375d20fb575d0cb62a214a227e81e7f40191c217014cc4ec38\",\"nodeName\":\"70483ec6dbcad6ad7226cb77a208f51a97986ad5a8195492f726e8707604076487450244be6158375d20fb575d0cb62a214a227e81e7f40191c217014cc4ec38\",\"rpcServiceName\":\"\",\"smCryptoType\":false}\n","microService":false,"name":"70483ec6dbcad6ad7226cb77a208f51a97986ad5a8195492f726e8707604076487450244be6158375d20fb575d0cb62a214a227e81e7f40191c217014cc4ec38","nodeID":"70483ec6dbcad6ad7226cb77a208f51a97986ad5a8195492f726e8707604076487450244be6158375d20fb575d0cb62a214a227e81e7f40191c217014cc4ec38","protocol":{"compatibilityVersion":50593792,"maxSupportedVersion":1,"minSupportedVersion":0},"serviceInfo":[{"serviceName":"LedgerServiceObj","type":2},{"serviceName":"SchedulerServiceObj","type":3},{"serviceName":"FrontServiceObj","type":4},{"serviceName":"","type":6},{"serviceName":"","type":7},{"serviceName":"TxPoolServiceObj","type":8}],"type":0}]}],"protocolVersion":1}
info|2024-03-12 20:16:19.213476|[RPCWS][SERVICE][waitForConnectionEstablish]wait for websocket connection handshake success,suc count=1
info|2024-03-12 20:16:19.213476|[RPC][IMPL][start]start rpc
info|2024-03-12 20:16:19.213476|[SDK][WS][SERVICE][start]websocket service is running
info|2024-03-12 20:16:19.321863|[RPCWS][SERVICE][waitForConnectionEstablish]wait for websocket connection handshake success,suc count=1
info|2024-03-12 20:16:19.321863|[AMOP][CLIENT][start]start amop
info|2024-03-12 20:16:19.321863|[SDK][WS][SERVICE][start]websocket service is running
info|2024-03-12 20:16:19.429954|[RPCWS][SERVICE][waitForConnectionEstablish]wait for websocket connection handshake success,suc count=1
info|2024-03-12 20:16:19.429954|[EVENT][SUB][start]start event sub successfully,sendMsgTimeout=-1,reconnectPeriod=20000
info|2024-03-12 20:16:19.429954|[SDK][WS][SERVICE][start]websocket service is running
info|2024-03-12 20:16:19.538877|[RPCWS][SERVICE][waitForConnectionEstablish]wait for websocket connection handshake success,suc count=1
info|2024-03-12 20:16:19.539869|[RPC][IMPL][getGroupInfo][get group info from cache],hitCache=true,response={"id":1,"jsonrpc":"2.0","result":{"chainID":"chain0","genesisConfig":"{\"blockTxCountLimit\":1000,\"consensusLeaderPeriod\":1,\"consensusType\":\"pbft\",\"sealerList\":[{\"nodeID\":\"70483ec6dbcad6ad7226cb77a208f51a97986ad5a8195492f726e8707604076487450244be6158375d20fb575d0cb62a214a227e81e7f40191c217014cc4ec38\",\"weight\":1},{\"nodeID\":\"d29f77478637b5d19d56d5e5a1f2bf8ba373692298cd062e7c1fcdb51de5830fb1b7453d07f1068ab6ba64c40b65c7461d75b41c641e71c64df71fd5f03bd257\",\"weight\":1}],\"txGasLimit\":3000000000}\n","groupID":"group0","iniConfig":"","nodeList":[{"iniConfig":"{\"binaryInfo\":{\"buildTime\":\"20230616 16:54:30\",\"gitCommitHash\":\"e7fb7bb46343ebb563dfc937a2fb68e07e463c10\",\"platform\":\"Linux/g++\",\"version\":\"3.4.0\"},\"chainID\":\"chain0\",\"gatewayServiceName\":\"\",\"groupID\":\"group0\",\"isAuthCheck\":false,\"isSerialExecute\":true,\"isWasm\":false,\"nodeID\":\"70483ec6dbcad6ad7226cb77a208f51a97986ad5a8195492f726e8707604076487450244be6158375d20fb575d0cb62a214a227e81e7f40191c217014cc4ec38\",\"nodeName\":\"70483ec6dbcad6ad7226cb77a208f51a97986ad5a8195492f726e8707604076487450244be6158375d20fb575d0cb62a214a227e81e7f40191c217014cc4ec38\",\"rpcServiceName\":\"\",\"smCryptoType\":false}\n","name":"70483ec6dbcad6ad7226cb77a208f51a97986ad5a8195492f726e8707604076487450244be6158375d20fb575d0cb62a214a227e81e7f40191c217014cc4ec38","protocol":{"compatibilityVersion":50593792,"maxSupportedVersion":1,"minSupportedVersion":0},"serviceInfo":[{"serviceName":"LedgerServiceObj","type":2},{"serviceName":"SchedulerServiceObj","type":3},{"serviceName":"FrontServiceObj","type":4},{"serviceName":"","type":6},{"serviceName":"","type":7},{"serviceName":"TxPoolServiceObj","type":8}],"type":0}],"smCryptoType":false,"wasm":false}}
info|2024-03-12 20:16:19.726545|[SDK][WS][SERVICE][start]websocket service is running
info|2024-03-12 20:16:19.838284|[RPCWS][SERVICE][waitForConnectionEstablish]wait for websocket connection handshake success,suc count=1
info|2024-03-12 20:16:19.838284|[RPC][IMPL][start]start rpc
info|2024-03-12 20:16:19.838284|[SDK][WS][SERVICE][start]websocket service is running
info|2024-03-12 20:16:19.947645|[RPCWS][SERVICE][waitForConnectionEstablish]wait for websocket connection handshake success,suc count=1
info|2024-03-12 20:16:19.947645|[AMOP][CLIENT][start]start amop
info|2024-03-12 20:16:19.947645|[EVENT][SUB][start]event sub is running
info|2024-03-12 20:16:19.947645|[SDK][WS][SERVICE][start]websocket service is running
info|2024-03-12 20:16:20.056514|[RPCWS][SERVICE][waitForConnectionEstablish]wait for websocket connection handshake success,suc count=1
info|2024-03-12 20:16:20.064108|[EVENT][PARAMS][fromJsonString],jsonString={"fromBlock":-1,"toBlock":-1,"addresses":[],"topics":[["LogCreateActivity(uint256,address, DataStructs.Activity,uint256)"],null,null,null]},params={fromBlock: -1toBlock: -1addresses: topics: index: 0LogCreateActivity(uint256,address, DataStructs.Activity,uint256) 0,}
info|2024-03-12 20:16:20.064108|[EVENT][SUB][subscribeEvent]subscribe event,id=4f08386078ff48a3a16053810c331801,group=group0,request={"group":"group0","id":"4f08386078ff48a3a16053810c331801","params":{"addresses":[],"fromBlock":-1,"toBlock":-1,"topics":[["LogCreateActivity(uint256,address, DataStructs.Activity,uint256)"]]}}
info|2024-03-12 20:16:20.069124|[EVENT][SUB][subscribeEvent]callback response success,id=4f08386078ff48a3a16053810c331801,response={"id":"4f08386078ff48a3a16053810c331801","status":0}
info|2024-03-12 20:16:39.442382|[EVENT][SUB][doLoop]event sub tasks report,working event sub count=1,suspend event sub count=0
info|2024-03-12 20:16:59.105391|[SDK][WS][STAT]connected nodes,count=1
info|2024-03-12 20:16:59.453963|[EVENT][SUB][doLoop]event sub tasks report,working event sub count=1,suspend event sub count=0
info|2024-03-12 20:17:19.118299|[SDK][WS][STAT]connected nodes,count=1
info|2024-03-12 20:17:19.459280|[EVENT][SUB][doLoop]event sub tasks report,working event sub count=1,suspend event sub count=0
info|2024-03-12 20:17:39.121257|[SDK][WS][STAT]connected nodes,count=1
info|2024-03-12 20:17:39.466060|[EVENT][SUB][doLoop]event sub tasks report,working event sub count=1,suspend event sub count=0
info|2024-03-12 20:17:59.136883|[SDK][WS][STAT]connected nodes,count=1
info|2024-03-12 20:17:59.478287|[EVENT][SUB][doLoop]event sub tasks report,working event sub count=1,suspend event sub count=0
info|2024-03-12 20:18:19.147098|[SDK][WS][STAT]connected nodes,count=1
info|2024-03-12 20:18:19.482048|[EVENT][SUB][doLoop]event sub tasks report,working event sub count=1,suspend event sub count=0
info|2024-03-12 20:18:39.148196|[SDK][WS][STAT]connected nodes,count=1
info|2024-03-12 20:18:39.488750|[EVENT][SUB][doLoop]event sub tasks report,working event sub count=1,suspend event sub count=0
info|2024-03-12 20:18:59.156534|[SDK][WS][STAT]connected nodes,count=1
info|2024-03-12 20:18:59.489927|[EVENT][SUB][doLoop]event sub tasks report,working event sub count=1,suspend event sub count=0
info|2024-03-12 20:19:19.168237|[SDK][WS][STAT]connected nodes,count=1
info|2024-03-12 20:19:19.504874|[EVENT][SUB][doLoop]event sub tasks report,working event sub count=1,suspend event sub count=0
info|2024-03-12 20:19:39.181020|[SDK][WS][STAT]connected nodes,count=1
info|2024-03-12 20:19:39.519681|[EVENT][SUB][doLoop]event sub tasks report,working event sub count=1,suspend event sub count=0
info|2024-03-12 20:19:59.189196|[SDK][WS][STAT]connected nodes,count=1
info|2024-03-12 20:19:59.533101|[EVENT][SUB][doLoop]event sub tasks report,working event sub count=1,suspend event sub count=0
info|2024-03-12 20:20:19.196194|[SDK][WS][STAT]connected nodes,count=1
info|2024-03-12 20:20:19.534300|[EVENT][SUB][doLoop]event sub tasks report,working event sub count=1,suspend event sub count=0
info|2024-03-12 20:20:39.206411|[SDK][WS][STAT]connected nodes,count=1
info|2024-03-12 20:20:39.539802|[EVENT][SUB][doLoop]event sub tasks report,working event sub count=1,suspend event sub count=0
info|2024-03-12 20:20:59.210304|[SDK][WS][STAT]connected nodes,count=1
info|2024-03-12 20:20:59.551810|[EVENT][SUB][doLoop]event sub tasks report,working event sub count=1,suspend event sub count=0
info|2024-03-12 20:21:19.210924|[SDK][WS][STAT]connected nodes,count=1
info|2024-03-12 20:21:19.554447|[EVENT][SUB][doLoop]event sub tasks report,working event sub count=1,suspend event sub count=0
info|2024-03-12 20:21:39.226349|[SDK][WS][STAT]connected nodes,count=1
info|2024-03-12 20:21:39.557060|[EVENT][SUB][doLoop]event sub tasks report,working event sub count=1,suspend event sub count=0
info|2024-03-12 20:21:59.237954|[SDK][WS][STAT]connected nodes,count=1
info|2024-03-12 20:21:59.559916|[EVENT][SUB][doLoop]event sub tasks report,working event sub count=1,suspend event sub count=0
info|2024-03-12 20:22:19.250378|[SDK][WS][STAT]connected nodes,count=1
info|2024-03-12 20:22:19.567382|[EVENT][SUB][doLoop]event sub tasks report,working event sub count=1,suspend event sub count=0
info|2024-03-12 20:22:39.254199|[SDK][WS][STAT]connected nodes,count=1
info|2024-03-12 20:22:39.572199|[EVENT][SUB][doLoop]event sub tasks report,working event sub count=1,suspend event sub count=0
info|2024-03-12 20:22:59.261146|[SDK][WS][STAT]connected nodes,count=1
info|2024-03-12 20:22:59.583614|[EVENT][SUB][doLoop]event sub tasks report,working event sub count=1,suspend event sub count=0
info|2024-03-12 20:23:19.273581|[SDK][WS][STAT]connected nodes,count=1
info|2024-03-12 20:23:19.598204|[EVENT][SUB][doLoop]event sub tasks report,working event sub count=1,suspend event sub count=0
info|2024-03-12 20:23:39.280675|[SDK][WS][STAT]connected nodes,count=1
info|2024-03-12 20:23:39.604295|[EVENT][SUB][doLoop]event sub tasks report,working event sub count=1,suspend event sub count=0
info|2024-03-12 20:23:59.292002|[SDK][WS][STAT]connected nodes,count=1
info|2024-03-12 20:23:59.604508|[EVENT][SUB][doLoop]event sub tasks report,working event sub count=1,suspend event sub count=0
info|2024-03-12 20:24:19.296214|[SDK][WS][STAT]connected nodes,count=1
info|2024-03-12 20:24:19.607063|[EVENT][SUB][doLoop]event sub tasks report,working event sub count=1,suspend event sub count=0
info|2024-03-12 20:24:39.303572|[SDK][WS][STAT]connected nodes,count=1
info|2024-03-12 20:24:39.613530|[EVENT][SUB][doLoop]event sub tasks report,working event sub count=1,suspend event sub count=0
info|2024-03-12 20:24:59.314689|[SDK][WS][STAT]connected nodes,count=1
info|2024-03-12 20:24:59.626228|[EVENT][SUB][doLoop]event sub tasks report,working event sub count=1,suspend event sub count=0
info|2024-03-12 20:25:19.330336|[SDK][WS][STAT]connected nodes,count=1
info|2024-03-12 20:25:19.640000|[EVENT][SUB][doLoop]event sub tasks report,working event sub count=1,suspend event sub count=0
info|2024-03-12 20:25:39.339805|[SDK][WS][STAT]connected nodes,count=1
info|2024-03-12 20:25:39.656289|[EVENT][SUB][doLoop]event sub tasks report,working event sub count=1,suspend event sub count=0
info|2024-03-12 20:25:59.339928|[SDK][WS][STAT]connected nodes,count=1
info|2024-03-12 20:25:59.671497|[EVENT][SUB][doLoop]event sub tasks report,working event sub count=1,suspend event sub count=0
info|2024-03-12 20:26:19.348235|[SDK][WS][STAT]connected nodes,count=1
info|2024-03-12 20:26:19.671735|[EVENT][SUB][doLoop]event sub tasks report,working event sub count=1,suspend event sub count=0
info|2024-03-12 20:26:39.355178|[SDK][WS][STAT]connected nodes,count=1
info|2024-03-12 20:26:39.671976|[EVENT][SUB][doLoop]event sub tasks report,working event sub count=1,suspend event sub count=0
info|2024-03-12 20:26:59.358827|[SDK][WS][STAT]connected nodes,count=1
info|2024-03-12 20:26:59.677261|[EVENT][SUB][doLoop]event sub tasks report,working event sub count=1,suspend event sub count=0
info|2024-03-12 20:27:19.363019|[SDK][WS][STAT]connected nodes,count=1
info|2024-03-12 20:27:19.688611|[EVENT][SUB][doLoop]event sub tasks report,working event sub count=1,suspend event sub count=0
