info|2024-03-20 20:00:11.229620|[SDK][WS][STAT]connected nodes,count=1
info|2024-03-20 20:00:11.492756|[EVENT][SUB][doLoop]event sub tasks report,working event sub count=1,suspend event sub count=0
info|2024-03-20 20:00:31.230502|[SDK][WS][STAT]connected nodes,count=1
info|2024-03-20 20:00:31.494781|[EVENT][SUB][doLoop]event sub tasks report,working event sub count=1,suspend event sub count=0
info|2024-03-20 20:00:51.233386|[SDK][WS][STAT]connected nodes,count=1
info|2024-03-20 20:00:51.494885|[EVENT][SUB][doLoop]event sub tasks report,working event sub count=1,suspend event sub count=0
info|2024-03-20 20:01:11.234790|[SDK][WS][STAT]connected nodes,count=1
info|2024-03-20 20:01:11.499752|[EVENT][SUB][doLoop]event sub tasks report,working event sub count=1,suspend event sub count=0
info|2024-03-20 20:01:31.242389|[SDK][WS][STAT]connected nodes,count=1
info|2024-03-20 20:01:31.504875|[EVENT][SUB][doLoop]event sub tasks report,working event sub count=1,suspend event sub count=0
info|2024-03-20 20:01:51.247152|[SDK][WS][STAT]connected nodes,count=1
info|2024-03-20 20:01:51.512298|[EVENT][SUB][doLoop]event sub tasks report,working event sub count=1,suspend event sub count=0
info|2024-03-20 20:02:11.258317|[SDK][WS][STAT]connected nodes,count=1
info|2024-03-20 20:02:11.522783|[EVENT][SUB][doLoop]event sub tasks report,working event sub count=1,suspend event sub count=0
info|2024-03-20 20:02:31.264826|[SDK][WS][STAT]connected nodes,count=1
info|2024-03-20 20:02:31.530653|[EVENT][SUB][doLoop]event sub tasks report,working event sub count=1,suspend event sub count=0
info|2024-03-20 20:02:51.271449|[SDK][WS][STAT]connected nodes,count=1
info|2024-03-20 20:02:51.536862|[EVENT][SUB][doLoop]event sub tasks report,working event sub count=1,suspend event sub count=0
info|2024-03-20 20:03:11.274534|[SDK][WS][STAT]connected nodes,count=1
info|2024-03-20 20:03:11.537071|[EVENT][SUB][doLoop]event sub tasks report,working event sub count=1,suspend event sub count=0
info|2024-03-20 20:03:31.280520|[SDK][WS][STAT]connected nodes,count=1
info|2024-03-20 20:03:31.545550|[EVENT][SUB][doLoop]event sub tasks report,working event sub count=1,suspend event sub count=0
info|2024-03-20 20:03:40.278442|[RPC][BLOCK][NUMBER][fromJson],group=group0,node=70483ec6dbcad6ad7226cb77a208f51a97986ad5a8195492f726e8707604076487450244be6158375d20fb575d0cb62a214a227e81e7f40191c217014cc4ec38,blockNumber=417
info|2024-03-20 20:03:40.278442|[RPCWS][SERVICE][onRecvBlockNotifier]receive block number notifier,group=group0,node=70483ec6dbcad6ad7226cb77a208f51a97986ad5a8195492f726e8707604076487450244be6158375d20fb575d0cb62a214a227e81e7f40191c217014cc4ec38,blockNumber=417
info|2024-03-20 20:03:40.278442|[RPCWS][SERVICE][updateGroupBlockNumber],groupID=group0,_blockNumber=417
info|2024-03-20 20:03:40.278442|[RPCWS][SERVICE][onRecvBlockNotifier]block notifier callback,group=group0,node=70483ec6dbcad6ad7226cb77a208f51a97986ad5a8195492f726e8707604076487450244be6158375d20fb575d0cb62a214a227e81e7f40191c217014cc4ec38,blockNumber=417
info|2024-03-20 20:03:40.278442|[WS]receive block notify,endpoint=10.21.32.192:20200,blk={
	"blockNumber" : 417,
	"group" : "group0",
	"nodeName" : "70483ec6dbcad6ad7226cb77a208f51a97986ad5a8195492f726e8707604076487450244be6158375d20fb575d0cb62a214a227e81e7f40191c217014cc4ec38"
}
info|2024-03-20 20:03:51.284433|[SDK][WS][STAT]connected nodes,count=1
info|2024-03-20 20:03:51.546546|[EVENT][SUB][doLoop]event sub tasks report,working event sub count=1,suspend event sub count=0
info|2024-03-20 20:04:11.285705|[SDK][WS][STAT]connected nodes,count=1
info|2024-03-20 20:04:11.550979|[EVENT][SUB][doLoop]event sub tasks report,working event sub count=1,suspend event sub count=0
info|2024-03-20 20:04:31.292473|[SDK][WS][STAT]connected nodes,count=1
info|2024-03-20 20:04:31.555362|[EVENT][SUB][doLoop]event sub tasks report,working event sub count=1,suspend event sub count=0
info|2024-03-20 20:04:51.300706|[SDK][WS][STAT]connected nodes,count=1
info|2024-03-20 20:04:51.564202|[EVENT][SUB][doLoop]event sub tasks report,working event sub count=1,suspend event sub count=0
info|2024-03-20 20:05:11.307865|[SDK][WS][STAT]connected nodes,count=1
info|2024-03-20 20:05:11.574657|[EVENT][SUB][doLoop]event sub tasks report,working event sub count=1,suspend event sub count=0
info|2024-03-20 20:05:31.322907|[SDK][WS][STAT]connected nodes,count=1
info|2024-03-20 20:05:31.585353|[EVENT][SUB][doLoop]event sub tasks report,working event sub count=1,suspend event sub count=0
info|2024-03-20 20:05:51.333521|[SDK][WS][STAT]connected nodes,count=1
info|2024-03-20 20:05:51.597895|[EVENT][SUB][doLoop]event sub tasks report,working event sub count=1,suspend event sub count=0
info|2024-03-20 20:06:11.346540|[SDK][WS][STAT]connected nodes,count=1
info|2024-03-20 20:06:11.610192|[EVENT][SUB][doLoop]event sub tasks report,working event sub count=1,suspend event sub count=0
info|2024-03-20 20:06:21.027132|[RPC][BLOCK][NUMBER][fromJson],group=group0,node=70483ec6dbcad6ad7226cb77a208f51a97986ad5a8195492f726e8707604076487450244be6158375d20fb575d0cb62a214a227e81e7f40191c217014cc4ec38,blockNumber=418
info|2024-03-20 20:06:21.027132|[RPCWS][SERVICE][onRecvBlockNotifier]receive block number notifier,group=group0,node=70483ec6dbcad6ad7226cb77a208f51a97986ad5a8195492f726e8707604076487450244be6158375d20fb575d0cb62a214a227e81e7f40191c217014cc4ec38,blockNumber=418
info|2024-03-20 20:06:21.027132|[RPCWS][SERVICE][updateGroupBlockNumber],groupID=group0,_blockNumber=418
info|2024-03-20 20:06:21.027132|[RPCWS][SERVICE][onRecvBlockNotifier]block notifier callback,group=group0,node=70483ec6dbcad6ad7226cb77a208f51a97986ad5a8195492f726e8707604076487450244be6158375d20fb575d0cb62a214a227e81e7f40191c217014cc4ec38,blockNumber=418
info|2024-03-20 20:06:21.027132|[WS]receive block notify,endpoint=10.21.32.192:20200,blk={
	"blockNumber" : 418,
	"group" : "group0",
	"nodeName" : "70483ec6dbcad6ad7226cb77a208f51a97986ad5a8195492f726e8707604076487450244be6158375d20fb575d0cb62a214a227e81e7f40191c217014cc4ec38"
}
info|2024-03-20 20:06:31.355816|[SDK][WS][STAT]connected nodes,count=1
info|2024-03-20 20:06:31.616638|[EVENT][SUB][doLoop]event sub tasks report,working event sub count=1,suspend event sub count=0
info|2024-03-20 20:06:51.363114|[SDK][WS][STAT]connected nodes,count=1
info|2024-03-20 20:06:51.627032|[EVENT][SUB][doLoop]event sub tasks report,working event sub count=1,suspend event sub count=0
info|2024-03-20 20:07:11.363178|[SDK][WS][STAT]connected nodes,count=1
info|2024-03-20 20:07:11.629688|[EVENT][SUB][doLoop]event sub tasks report,working event sub count=1,suspend event sub count=0
info|2024-03-20 20:07:31.371174|[SDK][WS][STAT]connected nodes,count=1
info|2024-03-20 20:07:31.637661|[EVENT][SUB][doLoop]event sub tasks report,working event sub count=1,suspend event sub count=0
info|2024-03-20 20:07:43.588245|[RPC][BLOCK][NUMBER][fromJson],group=group0,node=70483ec6dbcad6ad7226cb77a208f51a97986ad5a8195492f726e8707604076487450244be6158375d20fb575d0cb62a214a227e81e7f40191c217014cc4ec38,blockNumber=419
info|2024-03-20 20:07:43.588245|[RPCWS][SERVICE][onRecvBlockNotifier]receive block number notifier,group=group0,node=70483ec6dbcad6ad7226cb77a208f51a97986ad5a8195492f726e8707604076487450244be6158375d20fb575d0cb62a214a227e81e7f40191c217014cc4ec38,blockNumber=419
info|2024-03-20 20:07:43.588245|[RPCWS][SERVICE][updateGroupBlockNumber],groupID=group0,_blockNumber=419
info|2024-03-20 20:07:43.588245|[RPCWS][SERVICE][onRecvBlockNotifier]block notifier callback,group=group0,node=70483ec6dbcad6ad7226cb77a208f51a97986ad5a8195492f726e8707604076487450244be6158375d20fb575d0cb62a214a227e81e7f40191c217014cc4ec38,blockNumber=419
info|2024-03-20 20:07:43.588245|[WS]receive block notify,endpoint=10.21.32.192:20200,blk={
	"blockNumber" : 419,
	"group" : "group0",
	"nodeName" : "70483ec6dbcad6ad7226cb77a208f51a97986ad5a8195492f726e8707604076487450244be6158375d20fb575d0cb62a214a227e81e7f40191c217014cc4ec38"
}
info|2024-03-20 20:07:51.385871|[SDK][WS][STAT]connected nodes,count=1
info|2024-03-20 20:07:51.648529|[EVENT][SUB][doLoop]event sub tasks report,working event sub count=1,suspend event sub count=0
info|2024-03-20 20:08:11.386365|[SDK][WS][STAT]connected nodes,count=1
info|2024-03-20 20:08:11.663053|[EVENT][SUB][doLoop]event sub tasks report,working event sub count=1,suspend event sub count=0
info|2024-03-20 20:08:31.389025|[SDK][WS][STAT]connected nodes,count=1
info|2024-03-20 20:08:31.666627|[EVENT][SUB][doLoop]event sub tasks report,working event sub count=1,suspend event sub count=0
info|2024-03-20 20:08:51.389929|[SDK][WS][STAT]connected nodes,count=1
info|2024-03-20 20:08:51.670248|[EVENT][SUB][doLoop]event sub tasks report,working event sub count=1,suspend event sub count=0
info|2024-03-20 20:09:11.393980|[SDK][WS][STAT]connected nodes,count=1
info|2024-03-20 20:09:11.674938|[EVENT][SUB][doLoop]event sub tasks report,working event sub count=1,suspend event sub count=0
info|2024-03-20 20:09:31.400194|[SDK][WS][STAT]connected nodes,count=1
info|2024-03-20 20:09:31.682658|[EVENT][SUB][doLoop]event sub tasks report,working event sub count=1,suspend event sub count=0
info|2024-03-20 20:09:51.408084|[SDK][WS][STAT]connected nodes,count=1
info|2024-03-20 20:09:51.689881|[EVENT][SUB][doLoop]event sub tasks report,working event sub count=1,suspend event sub count=0
info|2024-03-20 20:10:11.414629|[SDK][WS][STAT]connected nodes,count=1
info|2024-03-20 20:10:11.695075|[EVENT][SUB][doLoop]event sub tasks report,working event sub count=1,suspend event sub count=0
info|2024-03-20 20:10:31.421948|[SDK][WS][STAT]connected nodes,count=1
info|2024-03-20 20:10:31.700133|[EVENT][SUB][doLoop]event sub tasks report,working event sub count=1,suspend event sub count=0
info|2024-03-20 20:10:39.818700|[RPC][BLOCK][NUMBER][fromJson],group=group0,node=70483ec6dbcad6ad7226cb77a208f51a97986ad5a8195492f726e8707604076487450244be6158375d20fb575d0cb62a214a227e81e7f40191c217014cc4ec38,blockNumber=420
info|2024-03-20 20:10:39.818700|[RPCWS][SERVICE][onRecvBlockNotifier]receive block number notifier,group=group0,node=70483ec6dbcad6ad7226cb77a208f51a97986ad5a8195492f726e8707604076487450244be6158375d20fb575d0cb62a214a227e81e7f40191c217014cc4ec38,blockNumber=420
info|2024-03-20 20:10:39.818700|[RPCWS][SERVICE][updateGroupBlockNumber],groupID=group0,_blockNumber=420
info|2024-03-20 20:10:39.818700|[RPCWS][SERVICE][onRecvBlockNotifier]block notifier callback,group=group0,node=70483ec6dbcad6ad7226cb77a208f51a97986ad5a8195492f726e8707604076487450244be6158375d20fb575d0cb62a214a227e81e7f40191c217014cc4ec38,blockNumber=420
info|2024-03-20 20:10:39.818700|[WS]receive block notify,endpoint=10.21.32.192:20200,blk={
	"blockNumber" : 420,
	"group" : "group0",
	"nodeName" : "70483ec6dbcad6ad7226cb77a208f51a97986ad5a8195492f726e8707604076487450244be6158375d20fb575d0cb62a214a227e81e7f40191c217014cc4ec38"
}
info|2024-03-20 20:10:51.431927|[SDK][WS][STAT]connected nodes,count=1
info|2024-03-20 20:10:51.712991|[EVENT][SUB][doLoop]event sub tasks report,working event sub count=1,suspend event sub count=0
info|2024-03-20 20:11:11.435944|[SDK][WS][STAT]connected nodes,count=1
info|2024-03-20 20:11:11.718911|[EVENT][SUB][doLoop]event sub tasks report,working event sub count=1,suspend event sub count=0
info|2024-03-20 20:11:31.436633|[SDK][WS][STAT]connected nodes,count=1
info|2024-03-20 20:11:31.732297|[EVENT][SUB][doLoop]event sub tasks report,working event sub count=1,suspend event sub count=0
info|2024-03-20 20:11:51.448136|[SDK][WS][STAT]connected nodes,count=1
info|2024-03-20 20:11:51.741482|[EVENT][SUB][doLoop]event sub tasks report,working event sub count=1,suspend event sub count=0
info|2024-03-20 20:12:11.456825|[SDK][WS][STAT]connected nodes,count=1
info|2024-03-20 20:12:11.753906|[EVENT][SUB][doLoop]event sub tasks report,working event sub count=1,suspend event sub count=0
info|2024-03-20 20:12:12.583980|[RPC][BLOCK][NUMBER][fromJson],group=group0,node=70483ec6dbcad6ad7226cb77a208f51a97986ad5a8195492f726e8707604076487450244be6158375d20fb575d0cb62a214a227e81e7f40191c217014cc4ec38,blockNumber=421
info|2024-03-20 20:12:12.583980|[RPCWS][SERVICE][onRecvBlockNotifier]receive block number notifier,group=group0,node=70483ec6dbcad6ad7226cb77a208f51a97986ad5a8195492f726e8707604076487450244be6158375d20fb575d0cb62a214a227e81e7f40191c217014cc4ec38,blockNumber=421
info|2024-03-20 20:12:12.583980|[RPCWS][SERVICE][updateGroupBlockNumber],groupID=group0,_blockNumber=421
info|2024-03-20 20:12:12.583980|[RPCWS][SERVICE][onRecvBlockNotifier]block notifier callback,group=group0,node=70483ec6dbcad6ad7226cb77a208f51a97986ad5a8195492f726e8707604076487450244be6158375d20fb575d0cb62a214a227e81e7f40191c217014cc4ec38,blockNumber=421
info|2024-03-20 20:12:12.583980|[WS]receive block notify,endpoint=10.21.32.192:20200,blk={
	"blockNumber" : 421,
	"group" : "group0",
	"nodeName" : "70483ec6dbcad6ad7226cb77a208f51a97986ad5a8195492f726e8707604076487450244be6158375d20fb575d0cb62a214a227e81e7f40191c217014cc4ec38"
}
info|2024-03-20 20:12:31.469961|[SDK][WS][STAT]connected nodes,count=1
info|2024-03-20 20:12:31.766087|[EVENT][SUB][doLoop]event sub tasks report,working event sub count=1,suspend event sub count=0
info|2024-03-20 20:12:51.477554|[SDK][WS][STAT]connected nodes,count=1
info|2024-03-20 20:12:51.773082|[EVENT][SUB][doLoop]event sub tasks report,working event sub count=1,suspend event sub count=0
info|2024-03-20 20:13:11.480552|[SDK][WS][STAT]connected nodes,count=1
info|2024-03-20 20:13:11.788088|[EVENT][SUB][doLoop]event sub tasks report,working event sub count=1,suspend event sub count=0
info|2024-03-20 20:13:31.492905|[SDK][WS][STAT]connected nodes,count=1
info|2024-03-20 20:13:31.801567|[EVENT][SUB][doLoop]event sub tasks report,working event sub count=1,suspend event sub count=0
info|2024-03-20 20:13:51.504196|[SDK][WS][STAT]connected nodes,count=1
info|2024-03-20 20:13:51.813645|[EVENT][SUB][doLoop]event sub tasks report,working event sub count=1,suspend event sub count=0
info|2024-03-20 20:14:11.515902|[SDK][WS][STAT]connected nodes,count=1
info|2024-03-20 20:14:11.823722|[EVENT][SUB][doLoop]event sub tasks report,working event sub count=1,suspend event sub count=0
info|2024-03-20 20:14:15.232248|[RPC][BLOCK][NUMBER][fromJson],group=group0,node=70483ec6dbcad6ad7226cb77a208f51a97986ad5a8195492f726e8707604076487450244be6158375d20fb575d0cb62a214a227e81e7f40191c217014cc4ec38,blockNumber=422
info|2024-03-20 20:14:15.232248|[RPCWS][SERVICE][onRecvBlockNotifier]receive block number notifier,group=group0,node=70483ec6dbcad6ad7226cb77a208f51a97986ad5a8195492f726e8707604076487450244be6158375d20fb575d0cb62a214a227e81e7f40191c217014cc4ec38,blockNumber=422
info|2024-03-20 20:14:15.232248|[RPCWS][SERVICE][updateGroupBlockNumber],groupID=group0,_blockNumber=422
info|2024-03-20 20:14:15.232248|[RPCWS][SERVICE][onRecvBlockNotifier]block notifier callback,group=group0,node=70483ec6dbcad6ad7226cb77a208f51a97986ad5a8195492f726e8707604076487450244be6158375d20fb575d0cb62a214a227e81e7f40191c217014cc4ec38,blockNumber=422
info|2024-03-20 20:14:15.232248|[WS]receive block notify,endpoint=10.21.32.192:20200,blk={
	"blockNumber" : 422,
	"group" : "group0",
	"nodeName" : "70483ec6dbcad6ad7226cb77a208f51a97986ad5a8195492f726e8707604076487450244be6158375d20fb575d0cb62a214a227e81e7f40191c217014cc4ec38"
}
info|2024-03-20 20:14:31.515913|[SDK][WS][STAT]connected nodes,count=1
info|2024-03-20 20:14:31.825668|[EVENT][SUB][doLoop]event sub tasks report,working event sub count=1,suspend event sub count=0
info|2024-03-20 20:14:51.523513|[SDK][WS][STAT]connected nodes,count=1
info|2024-03-20 20:14:51.831187|[EVENT][SUB][doLoop]event sub tasks report,working event sub count=1,suspend event sub count=0
info|2024-03-20 20:15:11.538301|[SDK][WS][STAT]connected nodes,count=1
info|2024-03-20 20:15:11.845906|[EVENT][SUB][doLoop]event sub tasks report,working event sub count=1,suspend event sub count=0
info|2024-03-20 20:15:31.550141|[SDK][WS][STAT]connected nodes,count=1
info|2024-03-20 20:15:31.859192|[EVENT][SUB][doLoop]event sub tasks report,working event sub count=1,suspend event sub count=0
info|2024-03-20 20:15:51.562064|[SDK][WS][STAT]connected nodes,count=1
info|2024-03-20 20:15:51.871926|[EVENT][SUB][doLoop]event sub tasks report,working event sub count=1,suspend event sub count=0
info|2024-03-20 20:16:11.577109|[SDK][WS][STAT]connected nodes,count=1
info|2024-03-20 20:16:11.885900|[EVENT][SUB][doLoop]event sub tasks report,working event sub count=1,suspend event sub count=0
info|2024-03-20 20:16:31.583684|[SDK][WS][STAT]connected nodes,count=1
info|2024-03-20 20:16:31.891886|[EVENT][SUB][doLoop]event sub tasks report,working event sub count=1,suspend event sub count=0
info|2024-03-20 20:16:51.594325|[SDK][WS][STAT]connected nodes,count=1
info|2024-03-20 20:16:51.903299|[EVENT][SUB][doLoop]event sub tasks report,working event sub count=1,suspend event sub count=0
info|2024-03-20 20:17:11.598694|[SDK][WS][STAT]connected nodes,count=1
info|2024-03-20 20:17:11.909086|[EVENT][SUB][doLoop]event sub tasks report,working event sub count=1,suspend event sub count=0
info|2024-03-20 20:17:31.610517|[SDK][WS][STAT]connected nodes,count=1
info|2024-03-20 20:17:31.923131|[EVENT][SUB][doLoop]event sub tasks report,working event sub count=1,suspend event sub count=0
info|2024-03-20 20:17:51.624912|[SDK][WS][STAT]connected nodes,count=1
info|2024-03-20 20:17:51.932929|[EVENT][SUB][doLoop]event sub tasks report,working event sub count=1,suspend event sub count=0
info|2024-03-20 20:18:11.639464|[SDK][WS][STAT]connected nodes,count=1
info|2024-03-20 20:18:11.948507|[EVENT][SUB][doLoop]event sub tasks report,working event sub count=1,suspend event sub count=0
info|2024-03-20 20:18:31.645442|[SDK][WS][STAT]connected nodes,count=1
info|2024-03-20 20:18:31.955564|[EVENT][SUB][doLoop]event sub tasks report,working event sub count=1,suspend event sub count=0
info|2024-03-20 20:18:51.650397|[SDK][WS][STAT]connected nodes,count=1
info|2024-03-20 20:18:51.960847|[EVENT][SUB][doLoop]event sub tasks report,working event sub count=1,suspend event sub count=0
info|2024-03-20 20:19:11.658704|[SDK][WS][STAT]connected nodes,count=1
info|2024-03-20 20:19:11.967698|[EVENT][SUB][doLoop]event sub tasks report,working event sub count=1,suspend event sub count=0
info|2024-03-20 20:19:31.670458|[SDK][WS][STAT]connected nodes,count=1
info|2024-03-20 20:19:31.978873|[EVENT][SUB][doLoop]event sub tasks report,working event sub count=1,suspend event sub count=0
info|2024-03-20 20:19:51.673461|[SDK][WS][STAT]connected nodes,count=1
info|2024-03-20 20:19:51.988117|[EVENT][SUB][doLoop]event sub tasks report,working event sub count=1,suspend event sub count=0
info|2024-03-20 20:20:11.686462|[SDK][WS][STAT]connected nodes,count=1
info|2024-03-20 20:20:11.996457|[EVENT][SUB][doLoop]event sub tasks report,working event sub count=1,suspend event sub count=0
info|2024-03-20 20:20:31.694198|[SDK][WS][STAT]connected nodes,count=1
info|2024-03-20 20:20:32.006911|[EVENT][SUB][doLoop]event sub tasks report,working event sub count=1,suspend event sub count=0
info|2024-03-20 20:20:51.705639|[SDK][WS][STAT]connected nodes,count=1
info|2024-03-20 20:20:52.007211|[EVENT][SUB][doLoop]event sub tasks report,working event sub count=1,suspend event sub count=0
info|2024-03-20 20:21:11.709901|[SDK][WS][STAT]connected nodes,count=1
info|2024-03-20 20:21:12.022193|[EVENT][SUB][doLoop]event sub tasks report,working event sub count=1,suspend event sub count=0
info|2024-03-20 20:21:31.725011|[SDK][WS][STAT]connected nodes,count=1
info|2024-03-20 20:21:32.037841|[EVENT][SUB][doLoop]event sub tasks report,working event sub count=1,suspend event sub count=0
info|2024-03-20 20:21:51.737667|[SDK][WS][STAT]connected nodes,count=1
info|2024-03-20 20:21:52.052788|[EVENT][SUB][doLoop]event sub tasks report,working event sub count=1,suspend event sub count=0
info|2024-03-20 20:22:11.752077|[SDK][WS][STAT]connected nodes,count=1
info|2024-03-20 20:22:12.054513|[EVENT][SUB][doLoop]event sub tasks report,working event sub count=1,suspend event sub count=0
info|2024-03-20 20:22:31.754299|[SDK][WS][STAT]connected nodes,count=1
info|2024-03-20 20:22:32.064246|[EVENT][SUB][doLoop]event sub tasks report,working event sub count=1,suspend event sub count=0
info|2024-03-20 20:22:51.757175|[SDK][WS][STAT]connected nodes,count=1
info|2024-03-20 20:22:52.066212|[EVENT][SUB][doLoop]event sub tasks report,working event sub count=1,suspend event sub count=0
info|2024-03-20 20:23:11.772314|[SDK][WS][STAT]connected nodes,count=1
info|2024-03-20 20:23:12.068735|[EVENT][SUB][doLoop]event sub tasks report,working event sub count=1,suspend event sub count=0
info|2024-03-20 20:23:31.786219|[SDK][WS][STAT]connected nodes,count=1
info|2024-03-20 20:23:32.069872|[EVENT][SUB][doLoop]event sub tasks report,working event sub count=1,suspend event sub count=0
info|2024-03-20 20:23:51.787429|[SDK][WS][STAT]connected nodes,count=1
info|2024-03-20 20:23:52.081044|[EVENT][SUB][doLoop]event sub tasks report,working event sub count=1,suspend event sub count=0
info|2024-03-20 20:24:11.802590|[SDK][WS][STAT]connected nodes,count=1
info|2024-03-20 20:24:12.087284|[EVENT][SUB][doLoop]event sub tasks report,working event sub count=1,suspend event sub count=0
info|2024-03-20 20:24:31.805045|[SDK][WS][STAT]connected nodes,count=1
info|2024-03-20 20:24:32.089768|[EVENT][SUB][doLoop]event sub tasks report,working event sub count=1,suspend event sub count=0
info|2024-03-20 20:24:51.811588|[SDK][WS][STAT]connected nodes,count=1
info|2024-03-20 20:24:52.093312|[EVENT][SUB][doLoop]event sub tasks report,working event sub count=1,suspend event sub count=0
info|2024-03-20 20:25:11.814312|[SDK][WS][STAT]connected nodes,count=1
info|2024-03-20 20:25:12.094282|[EVENT][SUB][doLoop]event sub tasks report,working event sub count=1,suspend event sub count=0
info|2024-03-20 20:25:31.819616|[SDK][WS][STAT]connected nodes,count=1
info|2024-03-20 20:25:32.106720|[EVENT][SUB][doLoop]event sub tasks report,working event sub count=1,suspend event sub count=0
info|2024-03-20 20:25:51.834374|[SDK][WS][STAT]connected nodes,count=1
info|2024-03-20 20:25:52.115252|[EVENT][SUB][doLoop]event sub tasks report,working event sub count=1,suspend event sub count=0
info|2024-03-20 20:26:11.837931|[SDK][WS][STAT]connected nodes,count=1
info|2024-03-20 20:26:12.121297|[EVENT][SUB][doLoop]event sub tasks report,working event sub count=1,suspend event sub count=0
info|2024-03-20 20:26:31.851856|[SDK][WS][STAT]connected nodes,count=1
info|2024-03-20 20:26:32.128941|[EVENT][SUB][doLoop]event sub tasks report,working event sub count=1,suspend event sub count=0
info|2024-03-20 20:26:51.866263|[SDK][WS][STAT]connected nodes,count=1
info|2024-03-20 20:26:52.142316|[EVENT][SUB][doLoop]event sub tasks report,working event sub count=1,suspend event sub count=0
info|2024-03-20 20:27:11.881101|[SDK][WS][STAT]connected nodes,count=1
info|2024-03-20 20:27:12.143895|[EVENT][SUB][doLoop]event sub tasks report,working event sub count=1,suspend event sub count=0
info|2024-03-20 20:27:31.883594|[SDK][WS][STAT]connected nodes,count=1
info|2024-03-20 20:27:32.147396|[EVENT][SUB][doLoop]event sub tasks report,working event sub count=1,suspend event sub count=0
info|2024-03-20 20:27:51.897546|[SDK][WS][STAT]connected nodes,count=1
info|2024-03-20 20:27:52.159170|[EVENT][SUB][doLoop]event sub tasks report,working event sub count=1,suspend event sub count=0
info|2024-03-20 20:28:11.908962|[SDK][WS][STAT]connected nodes,count=1
info|2024-03-20 20:28:12.171806|[EVENT][SUB][doLoop]event sub tasks report,working event sub count=1,suspend event sub count=0
info|2024-03-20 20:28:31.919429|[SDK][WS][STAT]connected nodes,count=1
info|2024-03-20 20:28:32.181207|[EVENT][SUB][doLoop]event sub tasks report,working event sub count=1,suspend event sub count=0
info|2024-03-20 20:28:51.920419|[SDK][WS][STAT]connected nodes,count=1
info|2024-03-20 20:28:52.186051|[EVENT][SUB][doLoop]event sub tasks report,working event sub count=1,suspend event sub count=0
info|2024-03-20 20:29:11.933987|[SDK][WS][STAT]connected nodes,count=1
info|2024-03-20 20:29:12.197574|[EVENT][SUB][doLoop]event sub tasks report,working event sub count=1,suspend event sub count=0
info|2024-03-20 20:29:30.813512|[RPC][BLOCK][NUMBER][fromJson],group=group0,node=70483ec6dbcad6ad7226cb77a208f51a97986ad5a8195492f726e8707604076487450244be6158375d20fb575d0cb62a214a227e81e7f40191c217014cc4ec38,blockNumber=423
info|2024-03-20 20:29:30.813512|[RPCWS][SERVICE][onRecvBlockNotifier]receive block number notifier,group=group0,node=70483ec6dbcad6ad7226cb77a208f51a97986ad5a8195492f726e8707604076487450244be6158375d20fb575d0cb62a214a227e81e7f40191c217014cc4ec38,blockNumber=423
info|2024-03-20 20:29:30.813512|[RPCWS][SERVICE][updateGroupBlockNumber],groupID=group0,_blockNumber=423
info|2024-03-20 20:29:30.813512|[RPCWS][SERVICE][onRecvBlockNotifier]block notifier callback,group=group0,node=70483ec6dbcad6ad7226cb77a208f51a97986ad5a8195492f726e8707604076487450244be6158375d20fb575d0cb62a214a227e81e7f40191c217014cc4ec38,blockNumber=423
info|2024-03-20 20:29:30.813512|[WS]receive block notify,endpoint=10.21.32.192:20200,blk={
	"blockNumber" : 423,
	"group" : "group0",
	"nodeName" : "70483ec6dbcad6ad7226cb77a208f51a97986ad5a8195492f726e8707604076487450244be6158375d20fb575d0cb62a214a227e81e7f40191c217014cc4ec38"
}
info|2024-03-20 20:29:31.946774|[SDK][WS][STAT]connected nodes,count=1
info|2024-03-20 20:29:32.212199|[EVENT][SUB][doLoop]event sub tasks report,working event sub count=1,suspend event sub count=0
info|2024-03-20 20:29:51.959016|[SDK][WS][STAT]connected nodes,count=1
info|2024-03-20 20:29:52.226183|[EVENT][SUB][doLoop]event sub tasks report,working event sub count=1,suspend event sub count=0
info|2024-03-20 20:30:11.960190|[SDK][WS][STAT]connected nodes,count=1
info|2024-03-20 20:30:12.238661|[EVENT][SUB][doLoop]event sub tasks report,working event sub count=1,suspend event sub count=0
info|2024-03-20 20:30:31.966591|[SDK][WS][STAT]connected nodes,count=1
info|2024-03-20 20:30:32.244032|[EVENT][SUB][doLoop]event sub tasks report,working event sub count=1,suspend event sub count=0
info|2024-03-20 20:30:51.968301|[SDK][WS][STAT]connected nodes,count=1
info|2024-03-20 20:30:52.246375|[EVENT][SUB][doLoop]event sub tasks report,working event sub count=1,suspend event sub count=0
info|2024-03-20 20:31:11.972939|[SDK][WS][STAT]connected nodes,count=1
info|2024-03-20 20:31:12.251151|[EVENT][SUB][doLoop]event sub tasks report,working event sub count=1,suspend event sub count=0
info|2024-03-20 20:31:31.977050|[SDK][WS][STAT]connected nodes,count=1
info|2024-03-20 20:31:32.261191|[EVENT][SUB][doLoop]event sub tasks report,working event sub count=1,suspend event sub count=0
info|2024-03-20 20:31:51.988617|[SDK][WS][STAT]connected nodes,count=1
info|2024-03-20 20:31:52.269978|[EVENT][SUB][doLoop]event sub tasks report,working event sub count=1,suspend event sub count=0
info|2024-03-20 20:32:11.999907|[SDK][WS][STAT]connected nodes,count=1
info|2024-03-20 20:32:12.274173|[EVENT][SUB][doLoop]event sub tasks report,working event sub count=1,suspend event sub count=0
info|2024-03-20 20:32:32.007891|[SDK][WS][STAT]connected nodes,count=1
info|2024-03-20 20:32:32.286697|[EVENT][SUB][doLoop]event sub tasks report,working event sub count=1,suspend event sub count=0
info|2024-03-20 20:32:52.022013|[SDK][WS][STAT]connected nodes,count=1
info|2024-03-20 20:32:52.287832|[EVENT][SUB][doLoop]event sub tasks report,working event sub count=1,suspend event sub count=0
info|2024-03-20 20:33:12.035813|[SDK][WS][STAT]connected nodes,count=1
info|2024-03-20 20:33:12.302865|[EVENT][SUB][doLoop]event sub tasks report,working event sub count=1,suspend event sub count=0
info|2024-03-20 20:33:32.043583|[SDK][WS][STAT]connected nodes,count=1
info|2024-03-20 20:33:32.309864|[EVENT][SUB][doLoop]event sub tasks report,working event sub count=1,suspend event sub count=0
info|2024-03-20 20:33:52.044398|[SDK][WS][STAT]connected nodes,count=1
info|2024-03-20 20:33:52.324624|[EVENT][SUB][doLoop]event sub tasks report,working event sub count=1,suspend event sub count=0
info|2024-03-20 20:34:12.052200|[SDK][WS][STAT]connected nodes,count=1
info|2024-03-20 20:34:12.331294|[EVENT][SUB][doLoop]event sub tasks report,working event sub count=1,suspend event sub count=0
info|2024-03-20 20:34:32.052240|[SDK][WS][STAT]connected nodes,count=1
info|2024-03-20 20:34:32.333073|[EVENT][SUB][doLoop]event sub tasks report,working event sub count=1,suspend event sub count=0
info|2024-03-20 20:34:52.052506|[SDK][WS][STAT]connected nodes,count=1
info|2024-03-20 20:34:52.335367|[EVENT][SUB][doLoop]event sub tasks report,working event sub count=1,suspend event sub count=0
info|2024-03-20 20:35:12.053750|[SDK][WS][STAT]connected nodes,count=1
info|2024-03-20 20:35:12.351062|[EVENT][SUB][doLoop]event sub tasks report,working event sub count=1,suspend event sub count=0
info|2024-03-20 20:35:32.067125|[SDK][WS][STAT]connected nodes,count=1
info|2024-03-20 20:35:32.351681|[EVENT][SUB][doLoop]event sub tasks report,working event sub count=1,suspend event sub count=0
info|2024-03-20 20:35:52.080061|[SDK][WS][STAT]connected nodes,count=1
info|2024-03-20 20:35:52.363052|[EVENT][SUB][doLoop]event sub tasks report,working event sub count=1,suspend event sub count=0
info|2024-03-20 20:36:12.080067|[SDK][WS][STAT]connected nodes,count=1
info|2024-03-20 20:36:12.373023|[EVENT][SUB][doLoop]event sub tasks report,working event sub count=1,suspend event sub count=0
info|2024-03-20 20:36:32.085097|[SDK][WS][STAT]connected nodes,count=1
info|2024-03-20 20:36:32.373877|[EVENT][SUB][doLoop]event sub tasks report,working event sub count=1,suspend event sub count=0
info|2024-03-20 20:36:52.089635|[SDK][WS][STAT]connected nodes,count=1
info|2024-03-20 20:36:52.383853|[EVENT][SUB][doLoop]event sub tasks report,working event sub count=1,suspend event sub count=0
info|2024-03-20 20:37:12.090322|[SDK][WS][STAT]connected nodes,count=1
info|2024-03-20 20:37:12.392613|[EVENT][SUB][doLoop]event sub tasks report,working event sub count=1,suspend event sub count=0
info|2024-03-20 20:37:32.093692|[SDK][WS][STAT]connected nodes,count=1
info|2024-03-20 20:37:32.393889|[EVENT][SUB][doLoop]event sub tasks report,working event sub count=1,suspend event sub count=0
info|2024-03-20 20:37:52.108963|[SDK][WS][STAT]connected nodes,count=1
info|2024-03-20 20:37:52.398839|[EVENT][SUB][doLoop]event sub tasks report,working event sub count=1,suspend event sub count=0
info|2024-03-20 20:38:12.117128|[SDK][WS][STAT]connected nodes,count=1
info|2024-03-20 20:38:12.401514|[EVENT][SUB][doLoop]event sub tasks report,working event sub count=1,suspend event sub count=0
info|2024-03-20 20:38:32.118243|[SDK][WS][STAT]connected nodes,count=1
info|2024-03-20 20:38:32.402201|[EVENT][SUB][doLoop]event sub tasks report,working event sub count=1,suspend event sub count=0
info|2024-03-20 20:38:52.120857|[SDK][WS][STAT]connected nodes,count=1
info|2024-03-20 20:38:52.417238|[EVENT][SUB][doLoop]event sub tasks report,working event sub count=1,suspend event sub count=0
info|2024-03-20 20:39:12.131154|[SDK][WS][STAT]connected nodes,count=1
info|2024-03-20 20:39:12.418985|[EVENT][SUB][doLoop]event sub tasks report,working event sub count=1,suspend event sub count=0
info|2024-03-20 20:39:32.139810|[SDK][WS][STAT]connected nodes,count=1
info|2024-03-20 20:39:32.433073|[EVENT][SUB][doLoop]event sub tasks report,working event sub count=1,suspend event sub count=0
info|2024-03-20 20:39:52.146733|[SDK][WS][STAT]connected nodes,count=1
info|2024-03-20 20:39:52.440282|[EVENT][SUB][doLoop]event sub tasks report,working event sub count=1,suspend event sub count=0
info|2024-03-20 20:40:12.156706|[SDK][WS][STAT]connected nodes,count=1
info|2024-03-20 20:40:12.450906|[EVENT][SUB][doLoop]event sub tasks report,working event sub count=1,suspend event sub count=0
info|2024-03-20 20:40:32.163531|[SDK][WS][STAT]connected nodes,count=1
info|2024-03-20 20:40:32.458800|[EVENT][SUB][doLoop]event sub tasks report,working event sub count=1,suspend event sub count=0
info|2024-03-20 20:40:52.173614|[SDK][WS][STAT]connected nodes,count=1
info|2024-03-20 20:40:52.468238|[EVENT][SUB][doLoop]event sub tasks report,working event sub count=1,suspend event sub count=0
info|2024-03-20 20:40:53.367885|[RPC][BLOCK][NUMBER][fromJson],group=group0,node=70483ec6dbcad6ad7226cb77a208f51a97986ad5a8195492f726e8707604076487450244be6158375d20fb575d0cb62a214a227e81e7f40191c217014cc4ec38,blockNumber=424
info|2024-03-20 20:40:53.367885|[RPCWS][SERVICE][onRecvBlockNotifier]receive block number notifier,group=group0,node=70483ec6dbcad6ad7226cb77a208f51a97986ad5a8195492f726e8707604076487450244be6158375d20fb575d0cb62a214a227e81e7f40191c217014cc4ec38,blockNumber=424
info|2024-03-20 20:40:53.367885|[RPCWS][SERVICE][updateGroupBlockNumber],groupID=group0,_blockNumber=424
info|2024-03-20 20:40:53.367885|[RPCWS][SERVICE][onRecvBlockNotifier]block notifier callback,group=group0,node=70483ec6dbcad6ad7226cb77a208f51a97986ad5a8195492f726e8707604076487450244be6158375d20fb575d0cb62a214a227e81e7f40191c217014cc4ec38,blockNumber=424
info|2024-03-20 20:40:53.367885|[WS]receive block notify,endpoint=10.21.32.192:20200,blk={
	"blockNumber" : 424,
	"group" : "group0",
	"nodeName" : "70483ec6dbcad6ad7226cb77a208f51a97986ad5a8195492f726e8707604076487450244be6158375d20fb575d0cb62a214a227e81e7f40191c217014cc4ec38"
}
info|2024-03-20 20:41:12.176986|[SDK][WS][STAT]connected nodes,count=1
info|2024-03-20 20:41:12.469575|[EVENT][SUB][doLoop]event sub tasks report,working event sub count=1,suspend event sub count=0
info|2024-03-20 20:41:32.186310|[SDK][WS][STAT]connected nodes,count=1
info|2024-03-20 20:41:32.480228|[EVENT][SUB][doLoop]event sub tasks report,working event sub count=1,suspend event sub count=0
info|2024-03-20 20:41:52.188198|[SDK][WS][STAT]connected nodes,count=1
info|2024-03-20 20:41:52.482572|[EVENT][SUB][doLoop]event sub tasks report,working event sub count=1,suspend event sub count=0
info|2024-03-20 20:42:12.195492|[SDK][WS][STAT]connected nodes,count=1
info|2024-03-20 20:42:12.490024|[EVENT][SUB][doLoop]event sub tasks report,working event sub count=1,suspend event sub count=0
info|2024-03-20 20:42:32.196419|[SDK][WS][STAT]connected nodes,count=1
info|2024-03-20 20:42:32.491639|[EVENT][SUB][doLoop]event sub tasks report,working event sub count=1,suspend event sub count=0
info|2024-03-20 20:42:52.210263|[SDK][WS][STAT]connected nodes,count=1
info|2024-03-20 20:42:52.506066|[EVENT][SUB][doLoop]event sub tasks report,working event sub count=1,suspend event sub count=0
info|2024-03-20 20:43:12.217572|[SDK][WS][STAT]connected nodes,count=1
info|2024-03-20 20:43:12.511598|[EVENT][SUB][doLoop]event sub tasks report,working event sub count=1,suspend event sub count=0
info|2024-03-20 20:43:32.226792|[SDK][WS][STAT]connected nodes,count=1
info|2024-03-20 20:43:32.522507|[EVENT][SUB][doLoop]event sub tasks report,working event sub count=1,suspend event sub count=0
info|2024-03-20 20:43:52.234589|[SDK][WS][STAT]connected nodes,count=1
info|2024-03-20 20:43:52.529142|[EVENT][SUB][doLoop]event sub tasks report,working event sub count=1,suspend event sub count=0
info|2024-03-20 20:44:12.248177|[SDK][WS][STAT]connected nodes,count=1
info|2024-03-20 20:44:12.543843|[EVENT][SUB][doLoop]event sub tasks report,working event sub count=1,suspend event sub count=0
info|2024-03-20 20:44:32.260342|[SDK][WS][STAT]connected nodes,count=1
info|2024-03-20 20:44:32.556497|[EVENT][SUB][doLoop]event sub tasks report,working event sub count=1,suspend event sub count=0
info|2024-03-20 20:44:52.264852|[SDK][WS][STAT]connected nodes,count=1
info|2024-03-20 20:44:52.559927|[EVENT][SUB][doLoop]event sub tasks report,working event sub count=1,suspend event sub count=0
info|2024-03-20 20:45:12.272310|[SDK][WS][STAT]connected nodes,count=1
info|2024-03-20 20:45:12.569748|[EVENT][SUB][doLoop]event sub tasks report,working event sub count=1,suspend event sub count=0
info|2024-03-20 20:45:32.277677|[SDK][WS][STAT]connected nodes,count=1
info|2024-03-20 20:45:32.571121|[EVENT][SUB][doLoop]event sub tasks report,working event sub count=1,suspend event sub count=0
info|2024-03-20 20:45:52.291306|[SDK][WS][STAT]connected nodes,count=1
info|2024-03-20 20:45:52.585567|[EVENT][SUB][doLoop]event sub tasks report,working event sub count=1,suspend event sub count=0
info|2024-03-20 20:46:12.299319|[SDK][WS][STAT]connected nodes,count=1
info|2024-03-20 20:46:12.594432|[EVENT][SUB][doLoop]event sub tasks report,working event sub count=1,suspend event sub count=0
info|2024-03-20 20:46:32.305013|[SDK][WS][STAT]connected nodes,count=1
info|2024-03-20 20:46:32.602646|[EVENT][SUB][doLoop]event sub tasks report,working event sub count=1,suspend event sub count=0
info|2024-03-20 20:46:52.319231|[SDK][WS][STAT]connected nodes,count=1
info|2024-03-20 20:46:52.612636|[EVENT][SUB][doLoop]event sub tasks report,working event sub count=1,suspend event sub count=0
info|2024-03-20 20:47:12.334438|[SDK][WS][STAT]connected nodes,count=1
info|2024-03-20 20:47:12.614314|[EVENT][SUB][doLoop]event sub tasks report,working event sub count=1,suspend event sub count=0
info|2024-03-20 20:47:32.347519|[SDK][WS][STAT]connected nodes,count=1
info|2024-03-20 20:47:32.627548|[EVENT][SUB][doLoop]event sub tasks report,working event sub count=1,suspend event sub count=0
info|2024-03-20 20:47:52.359243|[SDK][WS][STAT]connected nodes,count=1
info|2024-03-20 20:47:52.637400|[EVENT][SUB][doLoop]event sub tasks report,working event sub count=1,suspend event sub count=0
info|2024-03-20 20:48:12.363865|[SDK][WS][STAT]connected nodes,count=1
info|2024-03-20 20:48:12.643472|[EVENT][SUB][doLoop]event sub tasks report,working event sub count=1,suspend event sub count=0
info|2024-03-20 20:48:32.374541|[SDK][WS][STAT]connected nodes,count=1
info|2024-03-20 20:48:32.651051|[EVENT][SUB][doLoop]event sub tasks report,working event sub count=1,suspend event sub count=0
info|2024-03-20 20:48:38.270226|[RPC][BLOCK][NUMBER][fromJson],group=group0,node=70483ec6dbcad6ad7226cb77a208f51a97986ad5a8195492f726e8707604076487450244be6158375d20fb575d0cb62a214a227e81e7f40191c217014cc4ec38,blockNumber=425
info|2024-03-20 20:48:38.270226|[RPCWS][SERVICE][onRecvBlockNotifier]receive block number notifier,group=group0,node=70483ec6dbcad6ad7226cb77a208f51a97986ad5a8195492f726e8707604076487450244be6158375d20fb575d0cb62a214a227e81e7f40191c217014cc4ec38,blockNumber=425
info|2024-03-20 20:48:38.270226|[RPCWS][SERVICE][updateGroupBlockNumber],groupID=group0,_blockNumber=425
info|2024-03-20 20:48:38.270226|[RPCWS][SERVICE][onRecvBlockNotifier]block notifier callback,group=group0,node=70483ec6dbcad6ad7226cb77a208f51a97986ad5a8195492f726e8707604076487450244be6158375d20fb575d0cb62a214a227e81e7f40191c217014cc4ec38,blockNumber=425
info|2024-03-20 20:48:38.270226|[WS]receive block notify,endpoint=10.21.32.192:20200,blk={
	"blockNumber" : 425,
	"group" : "group0",
	"nodeName" : "70483ec6dbcad6ad7226cb77a208f51a97986ad5a8195492f726e8707604076487450244be6158375d20fb575d0cb62a214a227e81e7f40191c217014cc4ec38"
}
info|2024-03-20 20:48:52.382090|[SDK][WS][STAT]connected nodes,count=1
info|2024-03-20 20:48:52.660682|[EVENT][SUB][doLoop]event sub tasks report,working event sub count=1,suspend event sub count=0
info|2024-03-20 20:48:55.720023|[RPC][BLOCK][NUMBER][fromJson],group=group0,node=70483ec6dbcad6ad7226cb77a208f51a97986ad5a8195492f726e8707604076487450244be6158375d20fb575d0cb62a214a227e81e7f40191c217014cc4ec38,blockNumber=426
info|2024-03-20 20:48:55.720023|[RPCWS][SERVICE][onRecvBlockNotifier]receive block number notifier,group=group0,node=70483ec6dbcad6ad7226cb77a208f51a97986ad5a8195492f726e8707604076487450244be6158375d20fb575d0cb62a214a227e81e7f40191c217014cc4ec38,blockNumber=426
info|2024-03-20 20:48:55.720023|[RPCWS][SERVICE][updateGroupBlockNumber],groupID=group0,_blockNumber=426
info|2024-03-20 20:48:55.720023|[RPCWS][SERVICE][onRecvBlockNotifier]block notifier callback,group=group0,node=70483ec6dbcad6ad7226cb77a208f51a97986ad5a8195492f726e8707604076487450244be6158375d20fb575d0cb62a214a227e81e7f40191c217014cc4ec38,blockNumber=426
info|2024-03-20 20:48:55.720023|[WS]receive block notify,endpoint=10.21.32.192:20200,blk={
	"blockNumber" : 426,
	"group" : "group0",
	"nodeName" : "70483ec6dbcad6ad7226cb77a208f51a97986ad5a8195492f726e8707604076487450244be6158375d20fb575d0cb62a214a227e81e7f40191c217014cc4ec38"
}
info|2024-03-20 20:49:12.394457|[SDK][WS][STAT]connected nodes,count=1
info|2024-03-20 20:49:12.675845|[EVENT][SUB][doLoop]event sub tasks report,working event sub count=1,suspend event sub count=0
info|2024-03-20 20:49:32.409197|[SDK][WS][STAT]connected nodes,count=1
info|2024-03-20 20:49:32.686355|[EVENT][SUB][doLoop]event sub tasks report,working event sub count=1,suspend event sub count=0
info|2024-03-20 20:49:52.423060|[SDK][WS][STAT]connected nodes,count=1
info|2024-03-20 20:49:52.700999|[EVENT][SUB][doLoop]event sub tasks report,working event sub count=1,suspend event sub count=0
info|2024-03-20 20:50:12.435670|[SDK][WS][STAT]connected nodes,count=1
info|2024-03-20 20:50:12.714378|[EVENT][SUB][doLoop]event sub tasks report,working event sub count=1,suspend event sub count=0
info|2024-03-20 20:50:32.445257|[SDK][WS][STAT]connected nodes,count=1
info|2024-03-20 20:50:32.723153|[EVENT][SUB][doLoop]event sub tasks report,working event sub count=1,suspend event sub count=0
info|2024-03-20 20:50:52.455317|[SDK][WS][STAT]connected nodes,count=1
info|2024-03-20 20:50:52.734159|[EVENT][SUB][doLoop]event sub tasks report,working event sub count=1,suspend event sub count=0
info|2024-03-20 20:51:12.468836|[SDK][WS][STAT]connected nodes,count=1
info|2024-03-20 20:51:12.748150|[EVENT][SUB][doLoop]event sub tasks report,working event sub count=1,suspend event sub count=0
info|2024-03-20 20:51:32.478183|[SDK][WS][STAT]connected nodes,count=1
info|2024-03-20 20:51:32.756408|[EVENT][SUB][doLoop]event sub tasks report,working event sub count=1,suspend event sub count=0
info|2024-03-20 20:51:52.482402|[SDK][WS][STAT]connected nodes,count=1
info|2024-03-20 20:51:52.758728|[EVENT][SUB][doLoop]event sub tasks report,working event sub count=1,suspend event sub count=0
info|2024-03-20 20:52:12.485168|[SDK][WS][STAT]connected nodes,count=1
info|2024-03-20 20:52:12.766394|[EVENT][SUB][doLoop]event sub tasks report,working event sub count=1,suspend event sub count=0
info|2024-03-20 20:52:32.500322|[SDK][WS][STAT]connected nodes,count=1
info|2024-03-20 20:52:32.780212|[EVENT][SUB][doLoop]event sub tasks report,working event sub count=1,suspend event sub count=0
info|2024-03-20 20:52:52.513522|[SDK][WS][STAT]connected nodes,count=1
info|2024-03-20 20:52:52.791042|[EVENT][SUB][doLoop]event sub tasks report,working event sub count=1,suspend event sub count=0
info|2024-03-20 20:53:12.526861|[SDK][WS][STAT]connected nodes,count=1
info|2024-03-20 20:53:12.805359|[EVENT][SUB][doLoop]event sub tasks report,working event sub count=1,suspend event sub count=0
info|2024-03-20 20:53:32.540277|[SDK][WS][STAT]connected nodes,count=1
info|2024-03-20 20:53:32.818990|[EVENT][SUB][doLoop]event sub tasks report,working event sub count=1,suspend event sub count=0
info|2024-03-20 20:53:52.549295|[SDK][WS][STAT]connected nodes,count=1
info|2024-03-20 20:53:52.827199|[EVENT][SUB][doLoop]event sub tasks report,working event sub count=1,suspend event sub count=0
info|2024-03-20 20:54:12.561512|[SDK][WS][STAT]connected nodes,count=1
info|2024-03-20 20:54:12.839819|[EVENT][SUB][doLoop]event sub tasks report,working event sub count=1,suspend event sub count=0
