info|2024-03-14 21:00:17.341724|[SDK][WS][STAT]connected nodes,count=1
info|2024-03-14 21:00:17.666862|[EVENT][SUB][doLoop]event sub tasks report,working event sub count=1,suspend event sub count=0
info|2024-03-14 21:00:37.352123|[SDK][WS][STAT]connected nodes,count=1
info|2024-03-14 21:00:37.676983|[EVENT][SUB][doLoop]event sub tasks report,working event sub count=1,suspend event sub count=0
info|2024-03-14 21:00:57.354702|[SDK][WS][STAT]connected nodes,count=1
info|2024-03-14 21:00:57.680060|[EVENT][SUB][doLoop]event sub tasks report,working event sub count=1,suspend event sub count=0
info|2024-03-14 21:01:17.365208|[SDK][WS][STAT]connected nodes,count=1
info|2024-03-14 21:01:17.686445|[EVENT][SUB][doLoop]event sub tasks report,working event sub count=1,suspend event sub count=0
info|2024-03-14 21:01:37.376344|[SDK][WS][STAT]connected nodes,count=1
info|2024-03-14 21:01:37.701295|[EVENT][SUB][doLoop]event sub tasks report,working event sub count=1,suspend event sub count=0
info|2024-03-14 21:01:57.387087|[SDK][WS][STAT]connected nodes,count=1
info|2024-03-14 21:01:57.710888|[EVENT][SUB][doLoop]event sub tasks report,working event sub count=1,suspend event sub count=0
info|2024-03-14 21:02:17.395127|[SDK][WS][STAT]connected nodes,count=1
info|2024-03-14 21:02:17.718617|[EVENT][SUB][doLoop]event sub tasks report,working event sub count=1,suspend event sub count=0
info|2024-03-14 21:02:37.401828|[SDK][WS][STAT]connected nodes,count=1
info|2024-03-14 21:02:37.729069|[EVENT][SUB][doLoop]event sub tasks report,working event sub count=1,suspend event sub count=0
info|2024-03-14 21:02:57.402809|[SDK][WS][STAT]connected nodes,count=1
info|2024-03-14 21:02:57.729283|[EVENT][SUB][doLoop]event sub tasks report,working event sub count=1,suspend event sub count=0
info|2024-03-14 21:03:16.147380|[RPC][BLOCK][NUMBER][fromJson],group=group0,node=70483ec6dbcad6ad7226cb77a208f51a97986ad5a8195492f726e8707604076487450244be6158375d20fb575d0cb62a214a227e81e7f40191c217014cc4ec38,blockNumber=405
info|2024-03-14 21:03:16.147380|[RPCWS][SERVICE][onRecvBlockNotifier]receive block number notifier,group=group0,node=70483ec6dbcad6ad7226cb77a208f51a97986ad5a8195492f726e8707604076487450244be6158375d20fb575d0cb62a214a227e81e7f40191c217014cc4ec38,blockNumber=405
info|2024-03-14 21:03:16.147380|[RPCWS][SERVICE][updateGroupBlockNumber],groupID=group0,_blockNumber=405
info|2024-03-14 21:03:16.147380|[RPCWS][SERVICE][onRecvBlockNotifier]block notifier callback,group=group0,node=70483ec6dbcad6ad7226cb77a208f51a97986ad5a8195492f726e8707604076487450244be6158375d20fb575d0cb62a214a227e81e7f40191c217014cc4ec38,blockNumber=405
info|2024-03-14 21:03:16.147380|[WS]receive block notify,endpoint=10.21.32.192:20200,blk={
	"blockNumber" : 405,
	"group" : "group0",
	"nodeName" : "70483ec6dbcad6ad7226cb77a208f51a97986ad5a8195492f726e8707604076487450244be6158375d20fb575d0cb62a214a227e81e7f40191c217014cc4ec38"
}
info|2024-03-14 21:03:17.410443|[SDK][WS][STAT]connected nodes,count=1
info|2024-03-14 21:03:17.737327|[EVENT][SUB][doLoop]event sub tasks report,working event sub count=1,suspend event sub count=0
info|2024-03-14 21:03:37.413125|[SDK][WS][STAT]connected nodes,count=1
info|2024-03-14 21:03:37.749440|[EVENT][SUB][doLoop]event sub tasks report,working event sub count=1,suspend event sub count=0
info|2024-03-14 21:03:57.415006|[SDK][WS][STAT]connected nodes,count=1
info|2024-03-14 21:03:57.756021|[EVENT][SUB][doLoop]event sub tasks report,working event sub count=1,suspend event sub count=0
info|2024-03-14 21:04:17.422069|[SDK][WS][STAT]connected nodes,count=1
info|2024-03-14 21:04:17.767268|[EVENT][SUB][doLoop]event sub tasks report,working event sub count=1,suspend event sub count=0
info|2024-03-14 21:04:37.424426|[SDK][WS][STAT]connected nodes,count=1
info|2024-03-14 21:04:37.782245|[EVENT][SUB][doLoop]event sub tasks report,working event sub count=1,suspend event sub count=0
info|2024-03-14 21:04:57.439228|[SDK][WS][STAT]connected nodes,count=1
info|2024-03-14 21:04:57.797662|[EVENT][SUB][doLoop]event sub tasks report,working event sub count=1,suspend event sub count=0
info|2024-03-14 21:05:17.448177|[SDK][WS][STAT]connected nodes,count=1
info|2024-03-14 21:05:17.804381|[EVENT][SUB][doLoop]event sub tasks report,working event sub count=1,suspend event sub count=0
info|2024-03-14 21:05:29.502122|[RPC][BLOCK][NUMBER][fromJson],group=group0,node=70483ec6dbcad6ad7226cb77a208f51a97986ad5a8195492f726e8707604076487450244be6158375d20fb575d0cb62a214a227e81e7f40191c217014cc4ec38,blockNumber=406
info|2024-03-14 21:05:29.502122|[RPCWS][SERVICE][onRecvBlockNotifier]receive block number notifier,group=group0,node=70483ec6dbcad6ad7226cb77a208f51a97986ad5a8195492f726e8707604076487450244be6158375d20fb575d0cb62a214a227e81e7f40191c217014cc4ec38,blockNumber=406
info|2024-03-14 21:05:29.502122|[RPCWS][SERVICE][updateGroupBlockNumber],groupID=group0,_blockNumber=406
info|2024-03-14 21:05:29.502122|[RPCWS][SERVICE][onRecvBlockNotifier]block notifier callback,group=group0,node=70483ec6dbcad6ad7226cb77a208f51a97986ad5a8195492f726e8707604076487450244be6158375d20fb575d0cb62a214a227e81e7f40191c217014cc4ec38,blockNumber=406
info|2024-03-14 21:05:29.502122|[WS]receive block notify,endpoint=10.21.32.192:20200,blk={
	"blockNumber" : 406,
	"group" : "group0",
	"nodeName" : "70483ec6dbcad6ad7226cb77a208f51a97986ad5a8195492f726e8707604076487450244be6158375d20fb575d0cb62a214a227e81e7f40191c217014cc4ec38"
}
info|2024-03-14 21:05:37.451414|[SDK][WS][STAT]connected nodes,count=1
info|2024-03-14 21:05:37.807732|[EVENT][SUB][doLoop]event sub tasks report,working event sub count=1,suspend event sub count=0
info|2024-03-14 21:05:57.459607|[SDK][WS][STAT]connected nodes,count=1
info|2024-03-14 21:05:57.815754|[EVENT][SUB][doLoop]event sub tasks report,working event sub count=1,suspend event sub count=0
info|2024-03-14 21:06:17.462102|[SDK][WS][STAT]connected nodes,count=1
info|2024-03-14 21:06:17.818862|[EVENT][SUB][doLoop]event sub tasks report,working event sub count=1,suspend event sub count=0
info|2024-03-14 21:06:37.469507|[SDK][WS][STAT]connected nodes,count=1
info|2024-03-14 21:06:37.820070|[EVENT][SUB][doLoop]event sub tasks report,working event sub count=1,suspend event sub count=0
info|2024-03-14 21:06:57.485214|[SDK][WS][STAT]connected nodes,count=1
info|2024-03-14 21:06:57.825999|[EVENT][SUB][doLoop]event sub tasks report,working event sub count=1,suspend event sub count=0
info|2024-03-14 21:07:17.489046|[SDK][WS][STAT]connected nodes,count=1
info|2024-03-14 21:07:17.837567|[EVENT][SUB][doLoop]event sub tasks report,working event sub count=1,suspend event sub count=0
info|2024-03-14 21:07:37.497744|[SDK][WS][STAT]connected nodes,count=1
info|2024-03-14 21:07:37.840159|[EVENT][SUB][doLoop]event sub tasks report,working event sub count=1,suspend event sub count=0
info|2024-03-14 21:07:57.498377|[SDK][WS][STAT]connected nodes,count=1
info|2024-03-14 21:07:57.851864|[EVENT][SUB][doLoop]event sub tasks report,working event sub count=1,suspend event sub count=0
info|2024-03-14 21:08:17.502559|[SDK][WS][STAT]connected nodes,count=1
info|2024-03-14 21:08:17.852510|[EVENT][SUB][doLoop]event sub tasks report,working event sub count=1,suspend event sub count=0
info|2024-03-14 21:08:37.519120|[SDK][WS][STAT]connected nodes,count=1
info|2024-03-14 21:08:37.852522|[EVENT][SUB][doLoop]event sub tasks report,working event sub count=1,suspend event sub count=0
info|2024-03-14 21:08:57.529194|[SDK][WS][STAT]connected nodes,count=1
info|2024-03-14 21:08:57.862632|[EVENT][SUB][doLoop]event sub tasks report,working event sub count=1,suspend event sub count=0
info|2024-03-14 21:09:17.532645|[SDK][WS][STAT]connected nodes,count=1
info|2024-03-14 21:09:17.875670|[EVENT][SUB][doLoop]event sub tasks report,working event sub count=1,suspend event sub count=0
info|2024-03-14 21:09:37.537092|[SDK][WS][STAT]connected nodes,count=1
info|2024-03-14 21:09:37.877600|[EVENT][SUB][doLoop]event sub tasks report,working event sub count=1,suspend event sub count=0
info|2024-03-14 21:09:57.552197|[SDK][WS][STAT]connected nodes,count=1
info|2024-03-14 21:09:57.890566|[EVENT][SUB][doLoop]event sub tasks report,working event sub count=1,suspend event sub count=0
info|2024-03-14 21:10:14.804283|[RPC][BLOCK][NUMBER][fromJson],group=group0,node=70483ec6dbcad6ad7226cb77a208f51a97986ad5a8195492f726e8707604076487450244be6158375d20fb575d0cb62a214a227e81e7f40191c217014cc4ec38,blockNumber=407
info|2024-03-14 21:10:14.804283|[RPCWS][SERVICE][onRecvBlockNotifier]receive block number notifier,group=group0,node=70483ec6dbcad6ad7226cb77a208f51a97986ad5a8195492f726e8707604076487450244be6158375d20fb575d0cb62a214a227e81e7f40191c217014cc4ec38,blockNumber=407
info|2024-03-14 21:10:14.804283|[RPCWS][SERVICE][updateGroupBlockNumber],groupID=group0,_blockNumber=407
info|2024-03-14 21:10:14.804283|[RPCWS][SERVICE][onRecvBlockNotifier]block notifier callback,group=group0,node=70483ec6dbcad6ad7226cb77a208f51a97986ad5a8195492f726e8707604076487450244be6158375d20fb575d0cb62a214a227e81e7f40191c217014cc4ec38,blockNumber=407
info|2024-03-14 21:10:14.804283|[WS]receive block notify,endpoint=10.21.32.192:20200,blk={
	"blockNumber" : 407,
	"group" : "group0",
	"nodeName" : "70483ec6dbcad6ad7226cb77a208f51a97986ad5a8195492f726e8707604076487450244be6158375d20fb575d0cb62a214a227e81e7f40191c217014cc4ec38"
}
info|2024-03-14 21:10:17.565733|[SDK][WS][STAT]connected nodes,count=1
info|2024-03-14 21:10:17.892946|[EVENT][SUB][doLoop]event sub tasks report,working event sub count=1,suspend event sub count=0
info|2024-03-14 21:10:37.570300|[SDK][WS][STAT]connected nodes,count=1
info|2024-03-14 21:10:37.894997|[EVENT][SUB][doLoop]event sub tasks report,working event sub count=1,suspend event sub count=0
info|2024-03-14 21:10:57.582181|[SDK][WS][STAT]connected nodes,count=1
info|2024-03-14 21:10:57.906121|[EVENT][SUB][doLoop]event sub tasks report,working event sub count=1,suspend event sub count=0
info|2024-03-14 21:11:17.597205|[SDK][WS][STAT]connected nodes,count=1
info|2024-03-14 21:11:17.919442|[EVENT][SUB][doLoop]event sub tasks report,working event sub count=1,suspend event sub count=0
info|2024-03-14 21:11:37.611811|[SDK][WS][STAT]connected nodes,count=1
info|2024-03-14 21:11:37.921512|[EVENT][SUB][doLoop]event sub tasks report,working event sub count=1,suspend event sub count=0
info|2024-03-14 21:11:57.612926|[SDK][WS][STAT]connected nodes,count=1
info|2024-03-14 21:11:57.922559|[EVENT][SUB][doLoop]event sub tasks report,working event sub count=1,suspend event sub count=0
info|2024-03-14 21:12:17.616912|[SDK][WS][STAT]connected nodes,count=1
info|2024-03-14 21:12:17.929359|[EVENT][SUB][doLoop]event sub tasks report,working event sub count=1,suspend event sub count=0
info|2024-03-14 21:12:37.622440|[SDK][WS][STAT]connected nodes,count=1
info|2024-03-14 21:12:37.932737|[EVENT][SUB][doLoop]event sub tasks report,working event sub count=1,suspend event sub count=0
info|2024-03-14 21:12:57.629177|[SDK][WS][STAT]connected nodes,count=1
info|2024-03-14 21:12:57.936681|[EVENT][SUB][doLoop]event sub tasks report,working event sub count=1,suspend event sub count=0
info|2024-03-14 21:13:06.675500|[RPC][BLOCK][NUMBER][fromJson],group=group0,node=70483ec6dbcad6ad7226cb77a208f51a97986ad5a8195492f726e8707604076487450244be6158375d20fb575d0cb62a214a227e81e7f40191c217014cc4ec38,blockNumber=408
info|2024-03-14 21:13:06.675500|[RPCWS][SERVICE][onRecvBlockNotifier]receive block number notifier,group=group0,node=70483ec6dbcad6ad7226cb77a208f51a97986ad5a8195492f726e8707604076487450244be6158375d20fb575d0cb62a214a227e81e7f40191c217014cc4ec38,blockNumber=408
info|2024-03-14 21:13:06.675500|[RPCWS][SERVICE][updateGroupBlockNumber],groupID=group0,_blockNumber=408
info|2024-03-14 21:13:06.675500|[RPCWS][SERVICE][onRecvBlockNotifier]block notifier callback,group=group0,node=70483ec6dbcad6ad7226cb77a208f51a97986ad5a8195492f726e8707604076487450244be6158375d20fb575d0cb62a214a227e81e7f40191c217014cc4ec38,blockNumber=408
info|2024-03-14 21:13:06.675500|[WS]receive block notify,endpoint=10.21.32.192:20200,blk={
	"blockNumber" : 408,
	"group" : "group0",
	"nodeName" : "70483ec6dbcad6ad7226cb77a208f51a97986ad5a8195492f726e8707604076487450244be6158375d20fb575d0cb62a214a227e81e7f40191c217014cc4ec38"
}
info|2024-03-14 21:13:17.644447|[SDK][WS][STAT]connected nodes,count=1
info|2024-03-14 21:13:17.937419|[EVENT][SUB][doLoop]event sub tasks report,working event sub count=1,suspend event sub count=0
info|2024-03-14 21:13:37.650875|[SDK][WS][STAT]connected nodes,count=1
info|2024-03-14 21:13:37.946590|[EVENT][SUB][doLoop]event sub tasks report,working event sub count=1,suspend event sub count=0
info|2024-03-14 21:13:43.943776|[RPC][BLOCK][NUMBER][fromJson],group=group0,node=70483ec6dbcad6ad7226cb77a208f51a97986ad5a8195492f726e8707604076487450244be6158375d20fb575d0cb62a214a227e81e7f40191c217014cc4ec38,blockNumber=409
info|2024-03-14 21:13:43.943776|[RPCWS][SERVICE][onRecvBlockNotifier]receive block number notifier,group=group0,node=70483ec6dbcad6ad7226cb77a208f51a97986ad5a8195492f726e8707604076487450244be6158375d20fb575d0cb62a214a227e81e7f40191c217014cc4ec38,blockNumber=409
info|2024-03-14 21:13:43.943776|[RPCWS][SERVICE][updateGroupBlockNumber],groupID=group0,_blockNumber=409
info|2024-03-14 21:13:43.943776|[RPCWS][SERVICE][onRecvBlockNotifier]block notifier callback,group=group0,node=70483ec6dbcad6ad7226cb77a208f51a97986ad5a8195492f726e8707604076487450244be6158375d20fb575d0cb62a214a227e81e7f40191c217014cc4ec38,blockNumber=409
info|2024-03-14 21:13:43.943776|[WS]receive block notify,endpoint=10.21.32.192:20200,blk={
	"blockNumber" : 409,
	"group" : "group0",
	"nodeName" : "70483ec6dbcad6ad7226cb77a208f51a97986ad5a8195492f726e8707604076487450244be6158375d20fb575d0cb62a214a227e81e7f40191c217014cc4ec38"
}
info|2024-03-14 21:13:57.654587|[SDK][WS][STAT]connected nodes,count=1
info|2024-03-14 21:13:57.949949|[EVENT][SUB][doLoop]event sub tasks report,working event sub count=1,suspend event sub count=0
info|2024-03-14 21:14:17.660347|[SDK][WS][STAT]connected nodes,count=1
info|2024-03-14 21:14:17.955972|[EVENT][SUB][doLoop]event sub tasks report,working event sub count=1,suspend event sub count=0
info|2024-03-14 21:14:37.676298|[SDK][WS][STAT]connected nodes,count=1
info|2024-03-14 21:14:37.970584|[EVENT][SUB][doLoop]event sub tasks report,working event sub count=1,suspend event sub count=0
info|2024-03-14 21:14:57.680100|[SDK][WS][STAT]connected nodes,count=1
info|2024-03-14 21:14:57.973728|[EVENT][SUB][doLoop]event sub tasks report,working event sub count=1,suspend event sub count=0
info|2024-03-14 21:15:17.680543|[SDK][WS][STAT]connected nodes,count=1
info|2024-03-14 21:15:17.989194|[EVENT][SUB][doLoop]event sub tasks report,working event sub count=1,suspend event sub count=0
info|2024-03-14 21:15:37.682244|[SDK][WS][STAT]connected nodes,count=1
info|2024-03-14 21:15:37.992988|[EVENT][SUB][doLoop]event sub tasks report,working event sub count=1,suspend event sub count=0
info|2024-03-14 21:15:49.963672|[RPC][BLOCK][NUMBER][fromJson],group=group0,node=70483ec6dbcad6ad7226cb77a208f51a97986ad5a8195492f726e8707604076487450244be6158375d20fb575d0cb62a214a227e81e7f40191c217014cc4ec38,blockNumber=410
info|2024-03-14 21:15:49.963672|[RPCWS][SERVICE][onRecvBlockNotifier]receive block number notifier,group=group0,node=70483ec6dbcad6ad7226cb77a208f51a97986ad5a8195492f726e8707604076487450244be6158375d20fb575d0cb62a214a227e81e7f40191c217014cc4ec38,blockNumber=410
info|2024-03-14 21:15:49.963672|[RPCWS][SERVICE][updateGroupBlockNumber],groupID=group0,_blockNumber=410
info|2024-03-14 21:15:49.963672|[RPCWS][SERVICE][onRecvBlockNotifier]block notifier callback,group=group0,node=70483ec6dbcad6ad7226cb77a208f51a97986ad5a8195492f726e8707604076487450244be6158375d20fb575d0cb62a214a227e81e7f40191c217014cc4ec38,blockNumber=410
info|2024-03-14 21:15:49.963672|[WS]receive block notify,endpoint=10.21.32.192:20200,blk={
	"blockNumber" : 410,
	"group" : "group0",
	"nodeName" : "70483ec6dbcad6ad7226cb77a208f51a97986ad5a8195492f726e8707604076487450244be6158375d20fb575d0cb62a214a227e81e7f40191c217014cc4ec38"
}
info|2024-03-14 21:15:57.697527|[SDK][WS][STAT]connected nodes,count=1
info|2024-03-14 21:15:58.001799|[EVENT][SUB][doLoop]event sub tasks report,working event sub count=1,suspend event sub count=0
info|2024-03-14 21:16:17.704635|[SDK][WS][STAT]connected nodes,count=1
info|2024-03-14 21:16:18.014047|[EVENT][SUB][doLoop]event sub tasks report,working event sub count=1,suspend event sub count=0
